14:05:34,Outputs, 6
14:05:34,
header : [4, 255, 255]
data: [1500, 0, 0, 0]
data size: 32

14:05:34,
header : [4, 255, 255]
data: [1500, 0, 0, 0]
data size: 32

14:05:34,
header : [4, 255, 255]
data: [1500, 0, 0, 0]
data size: 32

14:05:34,
header : [4, 255, 255]
data: [1500, 0, 0, 0]
data size: 32

14:05:34,
header : [4, 255, 255]
data: [1500, 0, 0, 0]
data size: 32

14:05:34,
header : [4, 255, 255]
data: [1500, 0, 0, 0]
data size: 32

14:05:34,
header : [4, 255, 255]
data: [1500, 0, 0, 0]
data size: 32

14:05:34,
header : [4, 255, 255]
data: [1500, 0, 0, 0]
data size: 32

14:05:34,
header : [4, 255, 255]
data: [1500, 0, 0, 0]
data size: 32

14:05:34,
header : [4, 255, 255]
data: [1500, 0, 0, 0]
data size: 32

14:05:34,
header : [4, 255, 255]
data: [1500, 0, 0, 0]
data size: 32

14:05:34,
header : [4, 255, 255]
data: [1500, 0, 0, 0]
data size: 32

14:05:34,
header : [4, 255, 255]
data: [1500, 0, 0, 0]
data size: 32

14:05:34,
header : [4, 255, 255]
data: [1500, 0, 0, 0]
data size: 32

14:05:34,
header : [4, 255, 255]
data: [1500, 0, 0, 0]
data size: 32

14:05:34,
header : [4, 255, 255]
data: [1500, 0, 0, 0]
data size: 32

14:05:34,
header : [4, 255, 255]
data: [1500, 0, 0, 0]
data size: 32

14:05:34,
header : [4, 255, 255]
data: [1500, 0, 0, 0]
data size: 32

14:05:34,
header : [4, 255, 255]
data: [1500, 0, 0, 0]
data size: 32

14:05:34,
header : [4, 255, 255]
data: [1500, 0, 0, 0]
data size: 32

14:05:34,
header : [4, 255, 255]
data: [1500, 0, 0, 0]
data size: 32

14:05:34,
header : [4, 255, 255]
data: [1500, 0, 0, 0]
data size: 32

14:05:34,
header : [4, 255, 255]
data: [1500, 0, 0, 0]
data size: 32

14:05:34,
header : [4, 255, 255]
data: [1500, 0, 0, 0]
data size: 32

14:05:34,
header : [4, 255, 255]
data: [1500, 0, 0, 0]
data size: 32

14:05:34,
header : [4, 255, 255]
data: [1500, 0, 0, 0]
data size: 32

14:05:34,
header : [4, 255, 255]
data: [1500, 0, 0, 0]
data size: 32

14:05:34,
header : [4, 255, 255]
data: [1500, 0, 0, 0]
data size: 32

14:05:34,
header : [4, 255, 255]
data: [1500, 0, 0, 0]
data size: 32

14:05:34,
header : [4, 255, 255]
data: [1500, 0, 0, 0]
data size: 32

14:05:34,
header : [4, 255, 255]
data: [1500, 0, 0, 0]
data size: 32

14:05:34,
header : [4, 255, 255]
data: [1500, 0, 0, 0]
data size: 32

14:05:34,
header : [4, 255, 255]
data: [1500, 0, 0, 0]
data size: 32

14:05:34,
header : [4, 255, 255]
data: [1500, 0, 0, 0]
data size: 32

14:05:34,
header : [4, 255, 255]
data: [1500, 0, 0, 0]
data size: 32

14:05:34,
header : [4, 255, 255]
data: [1500, 0, 0, 0]
data size: 32

14:05:34,
header : [4, 255, 255]
data: [1500, 0, 0, 0]
data size: 32

14:05:34,
header : [4, 255, 255]
data: [1500, 0, 0, 0]
data size: 32

14:05:34,
header : [4, 255, 255]
data: [1500, 0, 0, 0]
data size: 32

14:05:35,
header : [4, 255, 255]
data: [1500, 0, 0, 0]
data size: 32

14:05:35,
header : [4, 255, 255]
data: [1500, 0, 0, 0]
data size: 32

14:05:35,
header : [4, 255, 255]
data: [1500, 0, 0, 0]
data size: 32

14:05:35,
header : [4, 255, 255]
data: [1500, 0, 0, 0]
data size: 32

14:05:35,
header : [4, 255, 255]
data: [1500, 0, 0, 0]
data size: 32

14:05:35,
header : [4, 255, 255]
data: [1500, 0, 0, 0]
data size: 32

14:05:35,
header : [4, 255, 255]
data: [1500, 0, 0, 0]
data size: 32

14:05:35,
header : [4, 255, 255]
data: [1500, 0, 0, 0]
data size: 32

14:05:35,
header : [4, 255, 255]
data: [1500, 0, 0, 0]
data size: 32

14:05:35,
header : [4, 255, 255]
data: [1500, 0, 0, 0]
data size: 32

14:05:35,
header : [4, 255, 255]
data: [1500, 0, 0, 0]
data size: 32

14:05:35,
header : [4, 255, 255]
data: [1500, 0, 0, 0]
data size: 32

14:05:35,
header : [4, 255, 255]
data: [1500, 0, 0, 0]
data size: 32

14:05:35,
header : [4, 255, 255]
data: [1500, 0, 0, 0]
data size: 32

14:05:35,
header : [4, 255, 255]
data: [1500, 0, 0, 0]
data size: 32

14:05:35,
header : [4, 255, 255]
data: [1500, 0, 0, 0]
data size: 32

14:05:35,
header : [4, 255, 255]
data: [1500, 0, 0, 0]
data size: 32

14:05:35,
header : [4, 255, 255]
data: [1500, 0, 0, 0]
data size: 32

14:05:35,
header : [4, 255, 255]
data: [1500, 0, 0, 0]
data size: 32

14:05:35,
header : [4, 255, 255]
data: [1500, 0, 0, 0]
data size: 32

14:05:35,
header : [4, 255, 255]
data: [1500, 0, 0, 0]
data size: 32

14:05:35,
header : [4, 255, 255]
data: [1500, 0, 0, 0]
data size: 32

14:05:35,
header : [4, 255, 255]
data: [1500, 0, 0, 0]
data size: 32

14:05:35,
header : [4, 255, 255]
data: [1500, 0, 0, 0]
data size: 32

14:05:35,
header : [4, 255, 255]
data: [1500, 0, 0, 0]
data size: 32

14:05:35,
header : [4, 255, 255]
data: [1500, 0, 0, 0]
data size: 32

14:05:35,
header : [4, 255, 255]
data: [1500, 0, 0, 0]
data size: 32

14:05:35,
header : [4, 255, 255]
data: [1500, 0, 0, 0]
data size: 32

14:05:35,
header : [4, 255, 255]
data: [1500, 0, 0, 0]
data size: 32

14:05:35,
header : [4, 255, 255]
data: [1500, 0, 0, 0]
data size: 32

14:05:35,
header : [4, 255, 255]
data: [1500, 0, 0, 0]
data size: 32

14:05:35,
header : [4, 255, 255]
data: [1500, 0, 0, 0]
data size: 32

14:05:35,
header : [4, 255, 255]
data: [1500, 0, 0, 0]
data size: 32

14:05:35,
header : [4, 255, 255]
data: [1500, 0, 0, 0]
data size: 32

14:05:35,
header : [4, 255, 255]
data: [1500, 0, 0, 0]
data size: 32

14:05:35,
header : [4, 255, 255]
data: [1500, 0, 0, 0]
data size: 32

14:05:35,
header : [4, 255, 255]
data: [1500, 0, 0, 0]
data size: 32

14:05:35,
header : [4, 255, 255]
data: [1500, 0, 0, 0]
data size: 32

14:05:35,
header : [4, 255, 255]
data: [1500, 0, 0, 0]
data size: 32

14:05:35,
header : [4, 255, 255]
data: [1500, 0, 0, 0]
data size: 32

14:05:35,
header : [4, 255, 255]
data: [1500, 0, 0, 0]
data size: 32

14:05:35,
header : [4, 255, 255]
data: [1500, 0, 0, 0]
data size: 32

14:05:35,
header : [4, 255, 255]
data: [1500, 0, 0, 0]
data size: 32

14:05:35,
header : [4, 255, 255]
data: [1500, 0, 0, 0]
data size: 32

14:05:35,
header : [4, 255, 255]
data: [1500, 0, 0, 0]
data size: 32

14:05:35,
header : [4, 255, 255]
data: [1500, 0, 0, 0]
data size: 32

14:05:35,
header : [4, 255, 255]
data: [1500, 0, 0, 0]
data size: 32

14:05:35,
header : [4, 255, 255]
data: [1500, 0, 0, 0]
data size: 32

14:05:35,
header : [4, 255, 255]
data: [1500, 0, 0, 0]
data size: 32

14:05:35,
header : [4, 255, 255]
data: [1500, 0, 0, 0]
data size: 32

14:05:35,
header : [4, 255, 255]
data: [1500, 0, 0, 0]
data size: 32

14:05:35,
header : [4, 255, 255]
data: [1500, 0, 0, 0]
data size: 32

14:05:35,
header : [4, 255, 255]
data: [1500, 0, 0, 0]
data size: 32

14:05:35,
header : [4, 255, 255]
data: [1500, 0, 0, 0]
data size: 32

14:05:35,
header : [4, 255, 255]
data: [1500, 0, 0, 0]
data size: 32

14:05:35,
header : [4, 255, 255]
data: [1500, 0, 0, 0]
data size: 32

14:05:35,
header : [4, 255, 255]
data: [1500, 0, 0, 0]
data size: 32

14:05:35,
header : [4, 255, 255]
data: [1500, 0, 0, 0]
data size: 32

14:05:35,
header : [4, 255, 255]
data: [1500, 0, 0, 0]
data size: 32

14:05:35,
header : [4, 255, 255]
data: [1500, 0, 0, 0]
data size: 32

14:05:35,
header : [4, 255, 255]
data: [1500, 0, 0, 0]
data size: 32

14:05:35,
header : [4, 255, 255]
data: [1500, 0, 0, 0]
data size: 32

14:05:35,
header : [4, 255, 255]
data: [1500, 0, 0, 0]
data size: 32

14:05:35,
header : [4, 255, 255]
data: [1500, 0, 0, 0]
data size: 32

14:05:35,
header : [4, 255, 255]
data: [1500, 0, 0, 0]
data size: 32

14:05:35,
header : [4, 255, 255]
data: [1500, 0, 0, 0]
data size: 32

14:05:35,
header : [4, 255, 255]
data: [1500, 0, 0, 0]
data size: 32

14:05:35,
header : [4, 255, 255]
data: [1500, 0, 0, 0]
data size: 32

14:05:35,
header : [4, 255, 255]
data: [1500, 0, 0, 0]
data size: 32

14:05:35,
header : [4, 255, 255]
data: [1500, 0, 0, 0]
data size: 32

14:05:35,
header : [4, 255, 255]
data: [1500, 0, 0, 0]
data size: 32

14:05:35,
header : [4, 255, 255]
data: [1500, 0, 0, 0]
data size: 32

14:05:35,
header : [4, 255, 255]
data: [1500, 0, 0, 0]
data size: 32

14:05:35,
header : [4, 255, 255]
data: [1500, 0, 0, 0]
data size: 32

14:05:35,
header : [4, 255, 255]
data: [1500, 0, 0, 0]
data size: 32

14:05:35,
header : [4, 255, 255]
data: [1500, 0, 0, 0]
data size: 32

14:05:35,
header : [4, 255, 255]
data: [1500, 0, 0, 0]
data size: 32

14:05:35,
header : [4, 255, 255]
data: [1500, 0, 0, 0]
data size: 32

14:05:35,
header : [4, 255, 255]
data: [1500, 0, 0, 0]
data size: 32

14:05:35,
header : [4, 255, 255]
data: [1500, 0, 0, 0]
data size: 32

14:05:35,
header : [4, 255, 255]
data: [1500, 0, 0, 0]
data size: 32

14:05:35,
header : [4, 255, 255]
data: [1500, 0, 0, 0]
data size: 32

14:05:35,
header : [4, 255, 255]
data: [1500, 0, 0, 0]
data size: 32

14:05:35,
header : [4, 255, 255]
data: [1500, 0, 0, 0]
data size: 32

14:05:35,
header : [4, 255, 255]
data: [1500, 0, 0, 0]
data size: 32

14:05:35,
header : [4, 255, 255]
data: [1500, 0, 0, 0]
data size: 32

14:05:35,
header : [4, 255, 255]
data: [1500, 0, 0, 0]
data size: 32

14:05:35,
header : [4, 255, 255]
data: [1500, 0, 0, 0]
data size: 32

14:05:35,
header : [4, 255, 255]
data: [1500, 0, 0, 0]
data size: 32

14:05:35,
header : [4, 255, 255]
data: [1500, 0, 0, 0]
data size: 32

14:05:35,
header : [4, 255, 255]
data: [1500, 0, 0, 0]
data size: 32

14:05:35,
header : [4, 255, 255]
data: [1500, 0, 0, 0]
data size: 32

14:05:35,
header : [4, 255, 255]
data: [1500, 0, 0, 0]
data size: 32

14:05:35,
header : [4, 255, 255]
data: [1500, 0, 0, 0]
data size: 32

14:05:35,
header : [4, 255, 255]
data: [1500, 0, 0, 0]
data size: 32

14:05:35,
header : [4, 255, 255]
data: [1500, 0, 0, 0]
data size: 32

14:05:35,
header : [4, 255, 255]
data: [1500, 0, 0, 0]
data size: 32

14:05:35,
header : [4, 255, 255]
data: [1500, 0, 0, 0]
data size: 32

14:05:35,
header : [4, 255, 255]
data: [1500, 0, 0, 0]
data size: 32

14:05:35,
header : [4, 255, 255]
data: [1500, 0, 0, 0]
data size: 32

14:05:35,
header : [4, 255, 255]
data: [1500, 0, 0, 0]
data size: 32

14:05:35,
header : [4, 255, 255]
data: [1500, 0, 0, 0]
data size: 32

14:05:35,
header : [4, 255, 255]
data: [1500, 0, 0, 0]
data size: 32

14:05:35,
header : [4, 255, 255]
data: [1500, 0, 0, 0]
data size: 32

14:05:35,
header : [4, 255, 255]
data: [1500, 0, 0, 0]
data size: 32

14:05:35,
header : [4, 255, 255]
data: [1500, 0, 0, 0]
data size: 32

14:05:35,
header : [4, 255, 255]
data: [1500, 0, 0, 0]
data size: 32

14:05:35,
header : [4, 255, 255]
data: [1500, 0, 0, 0]
data size: 32

14:05:35,
header : [4, 255, 255]
data: [1500, 0, 0, 0]
data size: 32

14:05:35,
header : [4, 255, 255]
data: [1500, 0, 0, 0]
data size: 32

14:05:35,
header : [4, 255, 255]
data: [1500, 0, 0, 0]
data size: 32

14:05:35,
header : [4, 255, 255]
data: [1500, 0, 0, 0]
data size: 32

14:05:35,
header : [4, 255, 255]
data: [1500, 0, 0, 0]
data size: 32

14:05:35,
header : [4, 255, 255]
data: [1500, 0, 0, 0]
data size: 32

14:05:36,
header : [4, 255, 255]
data: [1500, 0, 0, 0]
data size: 32

14:05:36,
header : [4, 255, 255]
data: [1500, 0, 0, 0]
data size: 32

14:05:36,
header : [4, 255, 255]
data: [1500, 0, 0, 0]
data size: 32

14:05:36,
header : [4, 255, 255]
data: [1500, 0, 0, 0]
data size: 32

14:05:36,
header : [4, 255, 255]
data: [1500, 0, 0, 0]
data size: 32

14:05:36,
header : [4, 255, 255]
data: [1500, 0, 0, 0]
data size: 32

14:05:36,
header : [4, 255, 255]
data: [1500, 0, 0, 0]
data size: 32

14:05:36,
header : [4, 255, 255]
data: [1500, 0, 0, 0]
data size: 32

14:05:36,
header : [4, 255, 255]
data: [1500, 0, 0, 0]
data size: 32

14:05:36,
header : [4, 255, 255]
data: [1500, 0, 0, 0]
data size: 32

14:05:36,
header : [4, 255, 255]
data: [1500, 0, 0, 0]
data size: 32

14:05:36,
header : [4, 255, 255]
data: [1500, 0, 0, 0]
data size: 32

14:05:36,
header : [4, 255, 255]
data: [1500, 0, 0, 0]
data size: 32

14:05:36,
header : [4, 255, 255]
data: [1500, 0, 0, 0]
data size: 32

14:05:36,
header : [4, 255, 255]
data: [1500, 0, 0, 0]
data size: 32

14:05:36,
header : [4, 255, 255]
data: [1500, 0, 0, 0]
data size: 32

14:05:36,
header : [4, 255, 255]
data: [1500, 0, 0, 0]
data size: 32

14:05:36,
header : [4, 255, 255]
data: [1500, 0, 0, 0]
data size: 32

14:05:36,
header : [4, 255, 255]
data: [1500, 0, 0, 0]
data size: 32

14:05:36,
header : [4, 255, 255]
data: [1500, 0, 0, 0]
data size: 32

14:05:36,
header : [4, 255, 255]
data: [1500, 0, 0, 0]
data size: 32

14:05:36,
header : [4, 255, 255]
data: [1500, 0, 0, 0]
data size: 32

14:05:36,
header : [4, 255, 255]
data: [1500, 0, 0, 0]
data size: 32

14:05:36,
header : [4, 255, 255]
data: [1500, 0, 0, 0]
data size: 32

14:05:36,
header : [4, 255, 255]
data: [1500, 0, 0, 0]
data size: 32

14:05:36,
header : [4, 255, 255]
data: [1500, 0, 0, 0]
data size: 32

14:05:36,
header : [4, 255, 255]
data: [1500, 0, 0, 0]
data size: 32

14:05:36,
header : [4, 255, 255]
data: [1500, 0, 0, 0]
data size: 32

14:05:36,
header : [4, 255, 255]
data: [1500, 0, 0, 0]
data size: 32

14:05:36,
header : [4, 255, 255]
data: [1500, 0, 0, 0]
data size: 32

14:05:36,
header : [4, 255, 255]
data: [1500, 0, 0, 0]
data size: 32

14:05:36,
header : [4, 255, 255]
data: [1500, 0, 0, 0]
data size: 32

14:05:36,
header : [4, 255, 255]
data: [1500, 0, 0, 0]
data size: 32

14:05:36,
header : [4, 255, 255]
data: [1500, 0, 0, 0]
data size: 32

14:05:36,
header : [4, 255, 255]
data: [1500, 0, 0, 0]
data size: 32

14:05:36,
header : [4, 255, 255]
data: [1500, 0, 0, 0]
data size: 32

14:05:36,
header : [4, 255, 255]
data: [1500, 0, 0, 0]
data size: 32

14:05:36,
header : [4, 255, 255]
data: [1500, 0, 0, 0]
data size: 32

14:05:36,
header : [4, 255, 255]
data: [1500, 0, 0, 0]
data size: 32

14:05:36,
header : [4, 255, 255]
data: [1500, 0, 0, 0]
data size: 32

14:05:36,
header : [4, 255, 255]
data: [1500, 0, 0, 0]
data size: 32

14:05:36,
header : [4, 255, 255]
data: [1500, 0, 0, 0]
data size: 32

14:05:36,
header : [4, 255, 255]
data: [1500, 0, 0, 0]
data size: 32

14:05:36,
header : [4, 255, 255]
data: [1500, 0, 0, 0]
data size: 32

14:05:36,
header : [4, 255, 255]
data: [1500, 0, 0, 0]
data size: 32

14:05:36,
header : [4, 255, 255]
data: [1500, 0, 0, 0]
data size: 32

14:05:36,
header : [4, 255, 255]
data: [1500, 0, 0, 0]
data size: 32

14:05:36,
header : [4, 255, 255]
data: [1500, 0, 0, 0]
data size: 32

14:05:36,
header : [4, 255, 255]
data: [1500, 0, 0, 0]
data size: 32

14:05:36,
header : [4, 255, 255]
data: [1500, 0, 0, 0]
data size: 32

14:05:36,
header : [4, 255, 255]
data: [1500, 0, 0, 0]
data size: 32

14:05:36,
header : [4, 255, 255]
data: [1500, 0, 0, 0]
data size: 32

14:05:36,
header : [4, 255, 255]
data: [1500, 0, 0, 0]
data size: 32

14:05:36,
header : [4, 255, 255]
data: [1500, 0, 0, 0]
data size: 32

14:05:36,
header : [4, 255, 255]
data: [1500, 0, 0, 0]
data size: 32

14:05:36,
header : [4, 255, 255]
data: [1500, 0, 0, 0]
data size: 32

14:05:36,
header : [4, 255, 255]
data: [1500, 0, 0, 0]
data size: 32

14:05:36,
header : [4, 255, 255]
data: [1500, 0, 0, 0]
data size: 32

14:05:36,
header : [4, 255, 255]
data: [1500, 0, 0, 0]
data size: 32

14:05:36,
header : [4, 255, 255]
data: [1500, 0, 0, 0]
data size: 32

14:05:36,
header : [4, 255, 255]
data: [1500, 0, 0, 0]
data size: 32

14:05:36,
header : [4, 255, 255]
data: [1500, 0, 0, 0]
data size: 32

14:05:36,
header : [4, 255, 255]
data: [1500, 0, 0, 0]
data size: 32

14:05:36,
header : [4, 255, 255]
data: [1500, 0, 0, 0]
data size: 32

14:05:36,
header : [4, 255, 255]
data: [1500, 0, 0, 0]
data size: 32

14:05:36,
header : [4, 255, 255]
data: [1500, 0, 0, 0]
data size: 32

14:05:36,
header : [4, 255, 255]
data: [1500, 0, 0, 0]
data size: 32

14:05:36,
header : [4, 255, 255]
data: [1500, 0, 0, 0]
data size: 32

14:05:36,
header : [4, 255, 255]
data: [1500, 0, 0, 0]
data size: 32

14:05:36,
header : [4, 255, 255]
data: [1500, 0, 0, 0]
data size: 32

14:05:36,
header : [4, 255, 255]
data: [1500, 0, 0, 0]
data size: 32

14:05:36,
header : [4, 255, 255]
data: [1500, 0, 0, 0]
data size: 32

14:05:36,
header : [4, 255, 255]
data: [1500, 0, 0, 0]
data size: 32

14:05:36,
header : [4, 255, 255]
data: [1500, 0, 0, 0]
data size: 32

14:05:36,
header : [4, 255, 255]
data: [1500, 0, 0, 0]
data size: 32

14:05:36,
header : [4, 255, 255]
data: [1500, 0, 0, 0]
data size: 32

14:05:36,
header : [4, 255, 255]
data: [1500, 0, 0, 0]
data size: 32

14:05:36,
header : [4, 255, 255]
data: [1500, 0, 0, 0]
data size: 32

14:05:36,
header : [4, 255, 255]
data: [1500, 0, 0, 0]
data size: 32

14:05:36,
header : [4, 255, 255]
data: [1500, 0, 0, 0]
data size: 32

14:05:36,
header : [4, 255, 255]
data: [1500, 0, 0, 0]
data size: 32

14:05:36,
header : [4, 255, 255]
data: [1500, 0, 0, 0]
data size: 32

14:05:36,
header : [4, 255, 255]
data: [1500, 0, 0, 0]
data size: 32

14:05:36,
header : [4, 255, 255]
data: [1500, 0, 0, 0]
data size: 32

14:05:36,
header : [4, 255, 255]
data: [1500, 0, 0, 0]
data size: 32

14:05:36,
header : [4, 255, 255]
data: [1500, 0, 0, 0]
data size: 32

14:05:36,
header : [4, 255, 255]
data: [1500, 0, 0, 0]
data size: 32

14:05:36,
header : [4, 255, 255]
data: [1500, 0, 0, 0]
data size: 32

14:05:36,
header : [4, 255, 255]
data: [1500, 0, 0, 0]
data size: 32

14:05:36,
header : [4, 255, 255]
data: [1500, 0, 0, 0]
data size: 32

14:05:36,
header : [4, 255, 255]
data: [1500, 0, 0, 0]
data size: 32

14:05:36,
header : [4, 255, 255]
data: [1500, 0, 0, 0]
data size: 32

14:05:36,
header : [4, 255, 255]
data: [1500, 0, 0, 0]
data size: 32

14:05:36,
header : [4, 255, 255]
data: [1500, 0, 0, 0]
data size: 32

14:05:36,
header : [4, 255, 255]
data: [1500, 0, 0, 0]
data size: 32

14:05:36,
header : [4, 255, 255]
data: [1500, 0, 0, 0]
data size: 32

14:05:36,
header : [4, 255, 255]
data: [1500, 0, 0, 0]
data size: 32

14:05:36,
header : [4, 255, 255]
data: [1500, 0, 0, 0]
data size: 32

14:05:36,
header : [4, 255, 255]
data: [1500, 0, 0, 0]
data size: 32

14:05:36,
header : [4, 255, 255]
data: [1500, 0, 0, 0]
data size: 32

14:05:36,
header : [4, 255, 255]
data: [1500, 0, 0, 0]
data size: 32

14:05:36,
header : [4, 255, 255]
data: [1500, 0, 0, 0]
data size: 32

14:05:36,
header : [4, 255, 255]
data: [1500, 0, 0, 0]
data size: 32

14:05:36,
header : [4, 255, 255]
data: [1500, 0, 0, 0]
data size: 32

14:05:36,
header : [4, 255, 255]
data: [1500, 0, 0, 0]
data size: 32

14:05:36,
header : [4, 255, 255]
data: [1500, 0, 0, 0]
data size: 32

14:05:36,
header : [4, 255, 255]
data: [1500, 0, 0, 0]
data size: 32

14:05:36,
header : [4, 255, 255]
data: [1500, 0, 0, 0]
data size: 32

14:05:36,
header : [4, 255, 255]
data: [1500, 0, 0, 0]
data size: 32

14:05:36,
header : [4, 255, 255]
data: [1500, 0, 0, 0]
data size: 32

14:05:37,
header : [4, 255, 255]
data: [1500, 0, 0, 0]
data size: 32

14:05:37,
header : [4, 255, 255]
data: [1500, 0, 0, 0]
data size: 32

14:05:37,
header : [4, 255, 255]
data: [1500, 0, 0, 0]
data size: 32

14:05:37,
header : [4, 255, 255]
data: [1500, 0, 0, 0]
data size: 32

14:05:37,
header : [4, 255, 255]
data: [1500, 0, 0, 0]
data size: 32

14:05:37,
header : [4, 255, 255]
data: [1500, 0, 0, 0]
data size: 32

14:05:37,
header : [4, 255, 255]
data: [1500, 0, 0, 0]
data size: 32

14:05:37,
header : [4, 255, 255]
data: [1500, 0, 0, 0]
data size: 32

14:05:37,
header : [4, 255, 255]
data: [1500, 0, 0, 0]
data size: 32

14:05:37,
header : [4, 255, 255]
data: [1500, 0, 0, 0]
data size: 32

14:05:37,
header : [4, 255, 255]
data: [1500, 0, 0, 0]
data size: 32

14:05:37,
header : [4, 255, 255]
data: [1500, 0, 0, 0]
data size: 32

14:05:37,
header : [4, 255, 255]
data: [1500, 7, 0, 0]
data size: 32

14:05:37,
header : [4, 255, 255]
data: [1500, 7, 0, 0]
data size: 32

14:05:37,
header : [4, 255, 255]
data: [1500, 63, 0, 0]
data size: 32

14:05:37,
header : [4, 255, 255]
data: [1500, 165, 0, 0]
data size: 32

14:05:37,
header : [4, 255, 255]
data: [1500, 292, 7, 0]
data size: 32

14:05:37,
header : [4, 255, 255]
data: [1500, 292, 39, 0]
data size: 32

14:05:37,
header : [4, 255, 255]
data: [1500, 418, 71, 0]
data size: 32

14:05:37,
header : [4, 255, 255]
data: [1500, 545, 71, 0]
data size: 32

14:05:37,
header : [4, 255, 255]
data: [1500, 545, 110, 0]
data size: 32

14:05:37,
header : [4, 255, 255]
data: [1500, 671, 158, 0]
data size: 32

14:05:37,
header : [4, 255, 255]
data: [1500, 790, 205, 0]
data size: 32

14:05:37,
header : [4, 255, 255]
data: [1500, 790, 205, 0]
data size: 32

14:05:37,
header : [4, 255, 255]
data: [1500, 909, 205, 0]
data size: 32

14:05:37,
header : [4, 255, 255]
data: [1500, 909, 205, 0]
data size: 32

14:05:37,
header : [4, 255, 255]
data: [1500, 909, 252, 0]
data size: 32

14:05:37,
header : [4, 255, 255]
data: [1500, 999, 339, 0]
data size: 32

14:05:37,
header : [4, 255, 255]
data: [1500, 999, 363, 0]
data size: 32

14:05:37,
header : [4, 255, 255]
data: [1500, 999, 363, 0]
data size: 32

14:05:37,
header : [4, 255, 255]
data: [1500, 999, 363, 0]
data size: 32

14:05:37,
header : [4, 255, 255]
data: [1500, 999, 387, 0]
data size: 32

14:05:37,
header : [4, 255, 255]
data: [1500, 999, 387, 0]
data size: 32

14:05:37,
header : [4, 255, 255]
data: [1500, 999, 387, 0]
data size: 32

14:05:37,
header : [4, 255, 255]
data: [1500, 999, 387, 0]
data size: 32

14:05:37,
header : [4, 255, 255]
data: [1500, 999, 403, 0]
data size: 32

14:05:37,
header : [4, 255, 255]
data: [1500, 999, 418, 0]
data size: 32

14:05:37,
header : [4, 255, 255]
data: [1500, 999, 426, 0]
data size: 32

14:05:37,
header : [4, 255, 255]
data: [1500, 999, 426, 0]
data size: 32

14:05:37,
header : [4, 255, 255]
data: [1500, 999, 426, 0]
data size: 32

14:05:37,
header : [4, 255, 255]
data: [1500, 999, 426, 0]
data size: 32

14:05:37,
header : [4, 255, 255]
data: [1500, 999, 426, 0]
data size: 32

14:05:37,
header : [4, 255, 255]
data: [1500, 999, 426, 0]
data size: 32

14:05:37,
header : [4, 255, 255]
data: [1500, 999, 426, 0]
data size: 32

14:05:37,
header : [4, 255, 255]
data: [1500, 999, 426, 0]
data size: 32

14:05:37,
header : [4, 255, 255]
data: [1500, 999, 434, 0]
data size: 32

14:05:37,
header : [4, 255, 255]
data: [1500, 999, 434, 0]
data size: 32

14:05:37,
header : [4, 255, 255]
data: [1500, 999, 434, 0]
data size: 32

14:05:37,
header : [4, 255, 255]
data: [1500, 999, 442, 0]
data size: 32

14:05:37,
header : [4, 255, 255]
data: [1500, 999, 442, 0]
data size: 32

14:05:37,
header : [4, 255, 255]
data: [1500, 999, 442, 0]
data size: 32

14:05:37,
header : [4, 255, 255]
data: [1500, 999, 442, 0]
data size: 32

14:05:37,
header : [4, 255, 255]
data: [1500, 999, 442, 0]
data size: 32

14:05:37,
header : [4, 255, 255]
data: [1500, 999, 442, 0]
data size: 32

14:05:37,
header : [4, 255, 255]
data: [1500, 999, 442, 0]
data size: 32

14:05:37,
header : [4, 255, 255]
data: [1500, 999, 442, 0]
data size: 32

14:05:37,
header : [4, 255, 255]
data: [1500, 999, 442, 0]
data size: 32

14:05:37,
header : [4, 255, 255]
data: [1500, 999, 442, 0]
data size: 32

14:05:37,
header : [4, 255, 255]
data: [1500, 999, 442, 0]
data size: 32

14:05:37,
header : [4, 255, 255]
data: [1500, 999, 450, 0]
data size: 32

14:05:37,
header : [4, 255, 255]
data: [1500, 999, 450, 0]
data size: 32

14:05:37,
header : [4, 255, 255]
data: [1500, 999, 450, 0]
data size: 32

14:05:37,
header : [4, 255, 255]
data: [1500, 999, 466, 0]
data size: 32

14:05:37,
header : [4, 255, 255]
data: [1500, 999, 474, 0]
data size: 32

14:05:37,
header : [4, 255, 255]
data: [1500, 999, 474, 0]
data size: 32

14:05:37,
header : [4, 255, 255]
data: [1500, 999, 474, 0]
data size: 32

14:05:37,
header : [4, 255, 255]
data: [1500, 999, 474, 0]
data size: 32

14:05:37,
header : [4, 255, 255]
data: [1500, 999, 497, 0]
data size: 32

14:05:37,
header : [4, 255, 255]
data: [1500, 999, 521, 0]
data size: 32

14:05:37,
header : [4, 255, 255]
data: [1500, 999, 521, 0]
data size: 32

14:05:37,
header : [4, 255, 255]
data: [1500, 999, 545, 0]
data size: 32

14:05:37,
header : [4, 255, 255]
data: [1500, 999, 545, 0]
data size: 32

14:05:37,
header : [4, 255, 255]
data: [1500, 999, 545, 0]
data size: 32

14:05:37,
header : [4, 255, 255]
data: [1500, 999, 545, 0]
data size: 32

14:05:37,
header : [4, 255, 255]
data: [1500, 999, 561, 0]
data size: 32

14:05:37,
header : [4, 255, 255]
data: [1500, 999, 561, 0]
data size: 32

14:05:37,
header : [4, 255, 255]
data: [1500, 999, 561, 0]
data size: 32

14:05:37,
header : [4, 255, 255]
data: [1500, 999, 561, 0]
data size: 32

14:05:37,
header : [4, 255, 255]
data: [1500, 999, 584, 0]
data size: 32

14:05:37,
header : [4, 255, 255]
data: [1500, 999, 600, 0]
data size: 32

14:05:37,
header : [4, 255, 255]
data: [1500, 999, 600, 0]
data size: 32

14:05:37,
header : [4, 255, 255]
data: [1500, 999, 600, 0]
data size: 32

14:05:37,
header : [4, 255, 255]
data: [1500, 999, 616, 0]
data size: 32

14:05:37,
header : [4, 255, 255]
data: [1563, 999, 616, 0]
data size: 32

14:05:37,
header : [4, 255, 255]
data: [1563, 999, 616, 0]
data size: 32

14:05:37,
header : [4, 255, 255]
data: [1634, 893, 616, 0]
data size: 32

14:05:37,
header : [4, 255, 255]
data: [1634, 893, 537, 0]
data size: 32

14:05:37,
header : [4, 255, 255]
data: [1634, 893, 537, 0]
data size: 32

14:05:37,
header : [4, 255, 255]
data: [1634, 893, 537, 0]
data size: 32

14:05:37,
header : [4, 255, 255]
data: [1721, 766, 458, 0]
data size: 32

14:05:37,
header : [4, 255, 255]
data: [1721, 766, 458, -7]
data size: 32

14:05:37,
header : [4, 255, 255]
data: [1721, 766, 458, -7]
data size: 32

14:05:37,
header : [4, 255, 255]
data: [1816, 640, 379, -7]
data size: 32

14:05:37,
header : [4, 255, 255]
data: [1816, 640, 379, -23]
data size: 32

14:05:37,
header : [4, 255, 255]
data: [2045, 395, 300, -39]
data size: 32

14:05:37,
header : [4, 255, 255]
data: [2045, 395, 300, -39]
data size: 32

14:05:37,
header : [4, 255, 255]
data: [2045, 395, 221, -39]
data size: 32

14:05:37,
header : [4, 255, 255]
data: [2171, 268, 221, -71]
data size: 32

14:05:38,
header : [4, 255, 255]
data: [2361, 15, 63, -166]
data size: 32

14:05:38,
header : [4, 255, 255]
data: [2361, 15, 0, -166]
data size: 32

14:05:38,
header : [4, 255, 255]
data: [2361, 15, 0, -166]
data size: 32

14:05:38,
header : [4, 255, 255]
data: [2361, 15, 0, -166]
data size: 32

14:05:38,
header : [4, 255, 255]
data: [2416, 0, 0, -324]
data size: 32

14:05:38,
header : [4, 255, 255]
data: [2448, 0, 0, -324]
data size: 32

