11:20:56.642,None
11:20:56.654,array('B', [0])
11:20:56.664,array('B', [0])
11:20:56.675,array('B', [0])
11:20:56.687,array('B', [0])
11:20:56.698,array('B', [0])
11:20:56.710,array('B', [0])
11:20:56.722,array('B', [0])
11:20:56.733,array('B', [0])
11:20:56.745,array('B', [0])
11:20:56.756,array('B', [0])
11:20:56.767,array('B', [0])
11:20:56.938,array('B', [0])
11:20:56.949,array('B', [0])
11:20:56.960,array('B', [0])
11:20:56.971,array('B', [0])
11:20:56.982,array('B', [0])
11:20:56.993,array('B', [0])
11:20:57.004,array('B', [0])
11:20:57.015,array('B', [0])
11:20:57.026,array('B', [0])
11:20:57.037,array('B', [0])
11:20:57.048,array('B', [0])
11:20:57.059,array('B', [0])
11:20:57.070,array('B', [0])
11:20:57.081,array('B', [0])
11:20:57.092,array('B', [0])
11:20:57.103,array('B', [0])
11:20:57.114,array('B', [0])
11:20:57.125,array('B', [0])
11:20:57.301,array('B', [0])
11:20:57.312,array('B', [0])
11:20:57.324,array('B', [0])
11:20:57.335,array('B', [0])
11:20:57.346,array('B', [0])
11:20:57.357,array('B', [0])
11:20:57.369,array('B', [0])
11:20:57.380,array('B', [0])
11:20:57.392,array('B', [0])
11:20:57.404,array('B', [0])
11:20:57.415,array('B', [0])
11:20:57.426,array('B', [0])
11:20:57.438,array('B', [0])
11:20:57.449,array('B', [0])
11:20:57.460,array('B', [0])
11:20:57.471,array('B', [0])
11:20:57.482,array('B', [0])
11:20:57.494,array('B', [0])
11:20:57.505,array('B', [0])
11:20:57.516,array('B', [0])
11:20:57.693,array('B', [0])
11:20:57.704,array('B', [0])
11:20:57.713,array('B', [33, 235, 60, 251, 90, 156, 246, 14, 46, 16, 86, 0, 0, 0, 0, 0, 0, 0, 0, 165, 165, 165, 165, 165, 165, 165, 165])
11:20:57.724,array('B', [0])
11:20:57.736,array('B', [0])
11:20:57.747,array('B', [0])
11:20:57.759,array('B', [0])
11:20:57.771,array('B', [0])
11:20:57.783,array('B', [49, 238, 55, 254, 189, 173, 14, 19, 192, 1, 62, 0, 0, 0, 0, 0, 0, 0, 0, 165, 165, 165, 165, 165, 165, 165, 165])
11:20:57.794,array('B', [0])
11:20:57.805,array('B', [0])
11:20:57.816,array('B', [0])
11:20:57.827,array('B', [0])
11:20:57.838,array('B', [49, 243, 112, 243, 112, 179, 126, 18, 114, 253, 206, 0, 0, 0, 0, 0, 0, 0, 0, 165, 165, 165, 165, 165, 165, 165, 165])
11:20:57.850,array('B', [0])
11:20:57.861,array('B', [0])
11:20:57.872,array('B', [0])
11:20:57.884,array('B', [0])
11:20:57.895,array('B', [0])
11:20:58.067,array('B', [49, 231, 28, 242, 167, 169, 31, 15, 212, 250, 168, 0, 0, 0, 0, 0, 0, 0, 0, 165, 165, 165, 165, 165, 165, 165, 165])
11:20:58.079,array('B', [0])
11:20:58.090,array('B', [0])
11:20:58.101,array('B', [0])
11:20:58.112,array('B', [0])
11:20:58.123,array('B', [0])
11:20:58.135,array('B', [0])
11:20:58.146,array('B', [49, 232, 230, 245, 216, 166, 189, 2, 141, 243, 141, 0, 0, 0, 0, 0, 0, 0, 0, 165, 165, 165, 165, 165, 165, 165, 165])
11:20:58.156,array('B', [0])
11:20:58.167,array('B', [0])
11:20:58.178,array('B', [0])
11:20:58.182,array('B', [1, 235, 140, 5, 26, 152, 160, 255, 219, 243, 249, 0, 0, 0, 0, 0, 0, 0, 0, 165, 165, 165, 165, 165, 165, 165, 165])
11:20:58.193,array('B', [0])
11:20:58.204,array('B', [0])
11:20:58.209,array('B', [1, 244, 161, 1, 220, 167, 12, 253, 212, 244, 96, 0, 0, 0, 0, 0, 0, 0, 0, 165, 165, 165, 165, 165, 165, 165, 165])
11:20:58.220,array('B', [0])
11:20:58.231,array('B', [0])
11:20:58.242,array('B', [0])
11:20:58.254,array('B', [0])
11:20:58.430,array('B', [0])
11:20:58.440,array('B', [33, 233, 127, 252, 5, 173, 155, 250, 245, 245, 95, 0, 0, 0, 0, 0, 0, 0, 0, 165, 165, 165, 165, 165, 165, 165, 165])
11:20:58.445,array('B', [1, 238, 147, 251, 225, 166, 134, 250, 105, 245, 172, 0, 0, 0, 0, 0, 0, 0, 0, 165, 165, 165, 165, 165, 165, 165, 165])
11:20:58.451,array('B', [17, 237, 79, 250, 29, 168, 61, 249, 234, 246, 6, 0, 0, 0, 0, 0, 0, 0, 0, 165, 165, 165, 165, 165, 165, 165, 165])
11:20:58.456,array('B', [1, 237, 6, 248, 138, 169, 105, 249, 99, 246, 100, 0, 0, 0, 0, 0, 0, 0, 0, 165, 165, 165, 165, 165, 165, 165, 165])
11:20:58.467,array('B', [0])
11:20:58.479,array('B', [49, 237, 244, 246, 186, 173, 75, 242, 240, 254, 209, 0, 0, 0, 0, 0, 0, 0, 0, 165, 165, 165, 165, 165, 165, 165, 165])
11:20:58.483,array('B', [1, 237, 146, 245, 113, 174, 112, 242, 219, 255, 23, 0, 0, 0, 0, 0, 0, 0, 0, 165, 165, 165, 165, 165, 165, 165, 165])
11:20:58.488,array('B', [1, 234, 97, 247, 162, 171, 191, 242, 197, 255, 107, 0, 0, 0, 0, 0, 0, 0, 0, 165, 165, 165, 165, 165, 165, 165, 165])
11:20:58.499,array('B', [0])
11:20:58.503,array('B', [1, 231, 218, 250, 157, 170, 245, 242, 153, 0, 76, 0, 0, 0, 0, 0, 0, 0, 0, 165, 165, 165, 165, 165, 165, 165, 165])
11:20:58.508,array('B', [1, 234, 23, 247, 211, 175, 101, 242, 124, 0, 233, 0, 0, 0, 0, 0, 0, 0, 0, 165, 165, 165, 165, 165, 165, 165, 165])
11:20:58.513,array('B', [1, 236, 164, 246, 34, 177, 107, 242, 112, 1, 48, 0, 0, 0, 0, 0, 0, 0, 0, 165, 165, 165, 165, 165, 165, 165, 165])
11:20:58.524,array('B', [49, 237, 250, 245, 82, 178, 156, 242, 102, 1, 103, 0, 0, 0, 0, 0, 0, 0, 0, 165, 165, 165, 165, 165, 165, 165, 165])
11:20:58.534,array('B', [33, 237, 183, 245, 161, 178, 16, 242, 78, 1, 254, 0, 0, 0, 0, 0, 0, 0, 0, 165, 165, 165, 165, 165, 165, 165, 165])
11:20:58.538,array('B', [1, 234, 36, 249, 230, 171, 130, 242, 75, 2, 68, 0, 0, 0, 0, 0, 0, 0, 0, 165, 165, 165, 165, 165, 165, 165, 165])
11:20:58.545,array('B', [17, 233, 151, 254, 122, 167, 86, 242, 75, 2, 137, 0, 0, 0, 0, 0, 0, 0, 0, 165, 165, 165, 165, 165, 165, 165, 165])
11:20:58.552,array('B', [17, 235, 73, 255, 122, 166, 158, 242, 76, 2, 193, 0, 0, 0, 0, 0, 0, 0, 0, 165, 165, 165, 165, 165, 165, 165, 165])
11:20:58.564,array('B', [0])
11:20:58.568,array('B', [1, 237, 104, 2, 19, 162, 230, 242, 88, 3, 242, 0, 0, 0, 0, 0, 0, 0, 0, 165, 165, 165, 165, 165, 165, 165, 165])
11:20:58.579,array('B', [0])
11:20:58.590,array('B', [0])
11:20:58.594,array('B', [1, 239, 68, 0, 238, 163, 121, 242, 139, 4, 230, 0, 0, 0, 0, 0, 0, 0, 0, 165, 165, 165, 165, 165, 165, 165, 165])
11:20:58.605,array('B', [49, 237, 12, 1, 152, 163, 66, 242, 182, 5, 120, 0, 0, 0, 0, 0, 0, 0, 0, 165, 165, 165, 165, 165, 165, 165, 165])
11:20:58.610,array('B', [1, 234, 182, 3, 80, 162, 145, 242, 203, 5, 184, 0, 0, 0, 0, 0, 0, 0, 0, 165, 165, 165, 165, 165, 165, 165, 165])
11:20:58.621,array('B', [0])
11:20:58.625,array('B', [1, 235, 170, 255, 165, 169, 105, 243, 63, 6, 206, 0, 0, 0, 0, 0, 0, 0, 0, 165, 165, 165, 165, 165, 165, 165, 165])
11:20:58.632,array('B', [17, 238, 153, 250, 41, 176, 235, 243, 85, 7, 2, 0, 0, 0, 0, 0, 0, 0, 0, 165, 165, 165, 165, 165, 165, 165, 165])
11:20:58.637,array('B', [1, 237, 220, 248, 254, 178, 77, 243, 151, 7, 151, 0, 0, 0, 0, 0, 0, 0, 0, 165, 165, 165, 165, 165, 165, 165, 165])
11:20:58.648,array('B', [0])
11:20:58.657,array('B', [33, 235, 30, 248, 34, 179, 108, 243, 244, 8, 80, 0, 0, 0, 0, 0, 0, 0, 0, 165, 165, 165, 165, 165, 165, 165, 165])
11:20:58.668,array('B', [0])
11:20:58.842,array('B', [0])
11:20:58.847,array('B', [1, 235, 134, 250, 200, 175, 94, 244, 85, 9, 20, 0, 0, 0, 0, 0, 0, 0, 0, 165, 165, 165, 165, 165, 165, 165, 165])
11:20:58.854,array('B', [17])
11:20:58.859,array('B', [1, 222, 190, 241, 69, 173, 173, 244, 222, 10, 18, 0, 0, 0, 0, 0, 0, 0, 0, 165, 165, 165, 165, 165, 165, 165, 165])
11:20:58.870,array('B', [0])
11:20:58.875,array('B', [1, 229, 211, 228, 76, 181, 206, 252, 139, 17, 52, 0, 0, 0, 0, 0, 0, 0, 0, 165, 165, 165, 165, 165, 165, 165, 165])
11:20:58.883,array('B', [33, 243, 173, 209, 131, 188, 20, 252, 191, 17, 89, 0, 0, 0, 0, 0, 0, 0, 0, 165, 165, 165, 165, 165, 165, 165, 165])
11:20:58.894,array('B', [0])
11:20:58.905,array('B', [0])
11:20:58.916,array('B', [0])
11:20:58.927,array('B', [0])
11:20:58.938,array('B', [0])
11:20:58.942,array('B', [1, 3, 245, 220, 177, 196, 187, 255, 15, 19, 81, 0, 0, 0, 0, 0, 0, 0, 0, 165, 165, 165, 165, 165, 165, 165, 165])
11:20:58.947,array('B', [1, 254, 226, 219, 146, 204, 239, 255, 184, 19, 131, 0, 0, 0, 0, 0, 0, 0, 0, 165, 165, 165, 165, 165, 165, 165, 165])
11:20:58.958,array('B', [49, 251, 218, 220, 196, 205, 196, 0, 109, 19, 185, 0, 0, 0, 0, 0, 0, 0, 0, 165, 165, 165, 165, 165, 165, 165, 165])
11:20:58.965,array('B', [17, 249, 41, 221, 62, 205, 56, 1, 13, 20, 3, 0, 0, 0, 0, 0, 0, 0, 0, 165, 165, 165, 165, 165, 165, 165, 165])
11:20:58.976,array('B', [0])
11:20:58.987,array('B', [0])
11:20:58.994,array('B', [17, 247, 223, 244, 39, 196, 96, 1, 237, 20, 142, 0, 0, 0, 0, 0, 0, 0, 0, 165, 165, 165, 165, 165, 165, 165, 165])
11:20:59.006,array('B', [0])
11:20:59.017,array('B', [0])
11:20:59.028,array('B', [49, 18, 97, 21, 159, 170, 148, 3, 25, 20, 241, 0, 0, 0, 0, 0, 0, 0, 0, 165, 165, 165, 165, 165, 165, 165, 165])
11:20:59.037,array('B', [33, 11, 241, 44, 241, 154, 87, 3, 179, 20, 205, 0, 0, 0, 0, 0, 0, 0, 0, 165, 165, 165, 165, 165, 165, 165, 165])
11:20:59.048,array('B', [49, 20, 92, 51, 225, 157, 76, 4, 39, 20, 168, 0, 0, 0, 0, 0, 0, 0, 0, 165, 165, 165, 165, 165, 165, 165, 165])
11:20:59.057,array('B', [33, 34, 170, 47, 138, 169, 129, 5, 17, 20, 42, 0, 0, 0, 0, 0, 0, 0, 0, 165, 165, 165, 165, 165, 165, 165, 165])
11:20:59.234,array('B', [0])
11:20:59.238,array('B', [1, 42, 39, 41, 81, 186, 37, 6, 244, 18, 105, 0, 0, 0, 0, 0, 0, 0, 0, 165, 165, 165, 165, 165, 165, 165, 165])
11:20:59.242,array('B', [1, 240, 50, 208, 149, 152, 68, 7, 197, 17, 152, 0, 0, 0, 0, 0, 0, 0, 0, 165, 165, 165, 165, 165, 165, 165, 165])
11:20:59.253,array('B', [0])
11:20:59.257,array('B', [1, 242, 197, 206, 123, 158, 107, 9, 147, 15, 237, 0, 0, 0, 0, 0, 0, 0, 0, 165, 165, 165, 165, 165, 165, 165, 165])
11:20:59.264,array('B', [17, 239, 80, 212, 58, 158, 58, 16, 63, 6, 70, 0, 0, 0, 0, 0, 0, 0, 0, 165, 165, 165, 165, 165, 165, 165, 165])
11:20:59.268,array('B', [1, 237, 183, 215, 23, 157, 45, 16, 87, 6, 36, 0, 0, 0, 0, 0, 0, 0, 0, 165, 165, 165, 165, 165, 165, 165, 165])
11:20:59.272,array('B', [1, 235, 164, 219, 73, 156, 57, 16, 116, 5, 251, 0, 0, 0, 0, 0, 0, 0, 0, 165, 165, 165, 165, 165, 165, 165, 165])
11:20:59.276,array('B', [1, 235, 42, 221, 98, 156, 51, 16, 171, 5, 156, 0, 0, 0, 0, 0, 0, 0, 0, 165, 165, 165, 165, 165, 165, 165, 165])
11:20:59.283,array('B', [17, 235, 219, 222, 178, 156, 228, 16, 187, 5, 117, 0, 0, 0, 0, 0, 0, 0, 0, 165, 165, 165, 165, 165, 165, 165, 165])
11:20:59.290,array('B', [17, 237, 73, 223, 227, 158, 143, 16, 208, 5, 53, 0, 0, 0, 0, 0, 0, 0, 0, 165, 165, 165, 165, 165, 165, 165, 165])
11:20:59.299,array('B', [33, 238, 251, 224, 221, 161, 181, 16, 219, 5, 8, 0, 0, 0, 0, 0, 0, 0, 0, 165, 165, 165, 165, 165, 165, 165, 165])
11:20:59.308,array('B', [33, 242, 38, 224, 246, 165, 207, 16, 230, 4, 219, 0, 0, 0, 0, 0, 0, 0, 0, 165, 165, 165, 165, 165, 165, 165, 165])
11:20:59.312,array('B', [1, 241, 136, 228, 3, 168, 238, 16, 240, 4, 174, 0, 0, 0, 0, 0, 0, 0, 0, 165, 165, 165, 165, 165, 165, 165, 165])
11:20:59.323,array('B', [0])
11:20:59.332,array('B', [33, 236, 177, 234, 121, 171, 233, 17, 19, 4, 26, 0, 0, 0, 0, 0, 0, 0, 0, 165, 165, 165, 165, 165, 165, 165, 165])
11:20:59.336,array('B', [1, 230, 10, 237, 189, 173, 39, 17, 39, 3, 183, 0, 0, 0, 0, 0, 0, 0, 0, 165, 165, 165, 165, 165, 165, 165, 165])
11:20:59.341,array('B', [1, 221, 1, 243, 112, 178, 41, 17, 44, 3, 91, 0, 0, 0, 0, 0, 0, 0, 0, 165, 165, 165, 165, 165, 165, 165, 165])
11:20:59.351,array('B', [0])
11:20:59.357,array('B', [17, 221, 171, 242, 75, 191, 33, 17, 25, 2, 200, 0, 0, 0, 0, 0, 0, 0, 0, 165, 165, 165, 165, 165, 165, 165, 165])
11:20:59.362,array('B', [1, 229, 223, 234, 158, 208, 161, 16, 237, 2, 103, 0, 0, 0, 0, 0, 0, 0, 0, 165, 165, 165, 165, 165, 165, 165, 165])
11:20:59.366,array('B', [1, 230, 236, 234, 158, 216, 139, 16, 204, 2, 55, 0, 0, 0, 0, 0, 0, 0, 0, 165, 165, 165, 165, 165, 165, 165, 165])
11:20:59.375,array('B', [33, 229, 199, 237, 24, 218, 207, 16, 178, 2, 23, 0, 0, 0, 0, 0, 0, 0, 0, 165, 165, 165, 165, 165, 165, 165, 165])
11:20:59.386,array('B', [0])
11:20:59.391,array('B', [1, 225, 51, 248, 40, 223, 154, 16, 87, 1, 219, 0, 0, 0, 0, 0, 0, 0, 0, 165, 165, 165, 165, 165, 165, 165, 165])
11:20:59.402,array('B', [0])
11:20:59.414,array('B', [0])
11:20:59.420,array('B', [17, 231, 236, 250, 133, 223, 62, 15, 231, 1, 177, 0, 0, 0, 0, 0, 0, 0, 0, 165, 165, 165, 165, 165, 165, 165, 165])
11:20:59.431,array('B', [0])
11:20:59.442,array('B', [0])
11:20:59.453,array('B', [0])
11:20:59.629,array('B', [0])
11:20:59.640,array('B', [0])
11:20:59.651,array('B', [0])
11:20:59.662,array('B', [0])
11:20:59.673,array('B', [0])
11:20:59.684,array('B', [0])
11:20:59.695,array('B', [0])
11:20:59.706,array('B', [0])
11:20:59.718,array('B', [0])
11:20:59.729,array('B', [0])
11:20:59.740,array('B', [0])
11:20:59.751,array('B', [0])
11:20:59.762,array('B', [0])
11:20:59.773,array('B', [0])
11:20:59.784,array('B', [0])
11:20:59.960,array('B', [0])
11:20:59.971,array('B', [0])
11:20:59.981,array('B', [0])
11:20:59.992,array('B', [0])
11:21:00.003,array('B', [0])
11:21:00.013,array('B', [0])
11:21:00.024,array('B', [0])
11:21:00.035,array('B', [0])
11:21:00.046,array('B', [0])
11:21:00.057,array('B', [0])
11:21:00.069,array('B', [0])
11:21:00.080,array('B', [0])
11:21:00.091,array('B', [0])
11:21:00.102,array('B', [0])
11:21:00.112,array('B', [0])
11:21:00.123,array('B', [0])
11:21:00.134,array('B', [0])
11:21:00.309,array('B', [0])
11:21:00.320,array('B', [0])
11:21:00.331,array('B', [0])
11:21:00.342,array('B', [0])
11:21:00.353,array('B', [0])
11:21:00.364,array('B', [0])
11:21:00.375,array('B', [0])
11:21:00.388,array('B', [0])
11:21:00.399,array('B', [0])
11:21:00.410,array('B', [0])
11:21:00.421,array('B', [0])
11:21:00.431,array('B', [0])
11:21:00.442,array('B', [0])
11:21:00.454,array('B', [0])
11:21:00.465,array('B', [0])
11:21:00.476,array('B', [0])
11:21:00.487,array('B', [0])
11:21:00.498,array('B', [0])
11:21:00.509,array('B', [0])
11:21:00.520,array('B', [0])
11:21:00.696,array('B', [0])
11:21:00.706,array('B', [0])
11:21:00.717,array('B', [0])
11:21:00.728,array('B', [0])
11:21:00.739,array('B', [0])
11:21:00.750,array('B', [0])
11:21:00.761,array('B', [0])
11:21:00.772,array('B', [0])
11:21:00.783,array('B', [0])
11:21:00.794,array('B', [0])
11:21:00.805,array('B', [0])
11:21:00.816,array('B', [0])
11:21:00.827,array('B', [0])
11:21:00.838,array('B', [0])
11:21:00.849,array('B', [0])
11:21:00.860,array('B', [0])
11:21:00.872,array('B', [0])
11:21:00.883,array('B', [0])
11:21:00.894,array('B', [0])
11:21:00.905,array('B', [0])
11:21:01.085,array('B', [0])
11:21:01.096,array('B', [0])
11:21:01.108,array('B', [0])
11:21:01.120,array('B', [0])
11:21:01.131,array('B', [0])
11:21:01.143,array('B', [0])
11:21:01.154,array('B', [0])
11:21:01.166,array('B', [0])
11:21:01.177,array('B', [0])
11:21:01.188,array('B', [0])
11:21:01.199,array('B', [0])
11:21:01.210,array('B', [0])
11:21:01.221,array('B', [0])
11:21:01.232,array('B', [0])
11:21:01.243,array('B', [0])
11:21:01.254,array('B', [0])
11:21:01.265,array('B', [0])
11:21:01.276,array('B', [0])
11:21:01.286,array('B', [0])
11:21:01.297,array('B', [0])
11:21:01.309,array('B', [0])
11:21:01.477,array('B', [0])
11:21:01.488,array('B', [0])
11:21:01.499,array('B', [0])
11:21:01.510,array('B', [0])
11:21:01.521,array('B', [0])
11:21:01.533,array('B', [0])
11:21:01.544,array('B', [0])
11:21:01.555,array('B', [0])
11:21:01.566,array('B', [0])
11:21:01.577,array('B', [0])
11:21:01.588,array('B', [0])
11:21:01.599,array('B', [0])
11:21:01.610,array('B', [0])
11:21:01.622,array('B', [0])
11:21:01.633,array('B', [0])
11:21:01.644,array('B', [0])
11:21:01.656,array('B', [0])
11:21:01.667,array('B', [0])
11:21:01.678,array('B', [0])
11:21:01.689,array('B', [0])
11:21:01.863,array('B', [0])
11:21:01.874,array('B', [0])
11:21:01.885,array('B', [0])
11:21:01.897,array('B', [0])
11:21:01.907,array('B', [0])
11:21:01.918,array('B', [0])
11:21:01.929,array('B', [0])
11:21:01.941,array('B', [0])
11:21:01.952,array('B', [0])
11:21:01.963,array('B', [0])
11:21:01.974,array('B', [0])
11:21:01.985,array('B', [0])
11:21:01.995,array('B', [0])
11:21:02.007,array('B', [0])
11:21:02.018,array('B', [0])
11:21:02.029,array('B', [0])
11:21:02.039,array('B', [0])
11:21:02.050,array('B', [0])
11:21:02.230,array('B', [0])
11:21:02.241,array('B', [0])
11:21:02.252,array('B', [0])
11:21:02.263,array('B', [0])
11:21:02.274,array('B', [0])
11:21:02.285,array('B', [0])
11:21:02.297,array('B', [0])
11:21:02.307,array('B', [0])
11:21:02.318,array('B', [0])
11:21:02.329,array('B', [0])
11:21:02.340,array('B', [0])
11:21:02.351,array('B', [0])
11:21:02.362,array('B', [0])
11:21:02.373,array('B', [0])
11:21:02.385,array('B', [0])
11:21:02.396,array('B', [0])
11:21:02.407,array('B', [0])
11:21:02.420,array('B', [0])
11:21:02.430,array('B', [0])
11:21:02.613,array('B', [0])
11:21:02.625,array('B', [0])
11:21:02.636,array('B', [0])
11:21:02.648,array('B', [0])
11:21:02.659,array('B', [0])
11:21:02.670,array('B', [0])
11:21:02.681,array('B', [0])
11:21:02.692,array('B', [0])
11:21:02.703,array('B', [0])
11:21:02.714,array('B', [0])
11:21:02.726,array('B', [0])
11:21:02.737,array('B', [0])
11:21:02.749,array('B', [0])
11:21:02.761,array('B', [0])
11:21:02.772,array('B', [0])
11:21:02.783,array('B', [0])
11:21:02.794,array('B', [0])
11:21:02.805,array('B', [0])
11:21:02.817,array('B', [0])
11:21:02.828,array('B', [0])
11:21:02.839,array('B', [0])
11:21:02.851,array('B', [0])
11:21:03.030,array('B', [0])
11:21:03.042,array('B', [0])
11:21:03.054,array('B', [0])
11:21:03.065,array('B', [0])
11:21:03.076,array('B', [0])
11:21:03.087,array('B', [0])
11:21:03.098,array('B', [0])
11:21:03.109,array('B', [0])
11:21:03.120,array('B', [0])
11:21:03.131,array('B', [0])
11:21:03.146,array('B', [0])
11:21:03.157,array('B', [0])
11:21:03.168,array('B', [0])
11:21:03.179,array('B', [0])
11:21:03.190,array('B', [0])
11:21:03.201,array('B', [0])
11:21:03.213,array('B', [0])
11:21:03.224,array('B', [0])
11:21:03.235,array('B', [0])
11:21:03.417,array('B', [0])
11:21:03.428,array('B', [0])
11:21:03.438,array('B', [0])
11:21:03.450,array('B', [0])
11:21:03.460,array('B', [0])
11:21:03.472,array('B', [0])
11:21:03.482,array('B', [0])
11:21:03.494,array('B', [0])
11:21:03.505,array('B', [0])
11:21:03.516,array('B', [0])
11:21:03.527,array('B', [0])
11:21:03.538,array('B', [0])
11:21:03.550,array('B', [0])
11:21:03.561,array('B', [0])
11:21:03.572,array('B', [0])
11:21:03.583,array('B', [0])
11:21:03.594,array('B', [0])
11:21:03.606,array('B', [0])
11:21:03.617,array('B', [0])
11:21:03.628,array('B', [0])
11:21:03.791,array('B', [0])
11:21:03.803,array('B', [0])
11:21:03.814,array('B', [0])
11:21:03.826,array('B', [0])
11:21:03.837,array('B', [0])
11:21:03.848,array('B', [0])
11:21:03.861,array('B', [0])
11:21:03.871,array('B', [0])
11:21:03.882,array('B', [0])
11:21:03.894,array('B', [0])
11:21:03.906,array('B', [0])
11:21:03.917,array('B', [0])
11:21:03.927,array('B', [0])
11:21:03.938,array('B', [0])
11:21:03.950,array('B', [0])
11:21:03.961,array('B', [0])
11:21:03.972,array('B', [0])
11:21:03.984,array('B', [0])
11:21:03.995,array('B', [0])
11:21:04.171,array('B', [0])
11:21:04.183,array('B', [0])
11:21:04.194,array('B', [0])
11:21:04.205,array('B', [0])
11:21:04.216,array('B', [0])
11:21:04.227,array('B', [0])
11:21:04.238,array('B', [0])
11:21:04.250,array('B', [0])
11:21:04.261,array('B', [0])
11:21:04.272,array('B', [0])
11:21:04.283,array('B', [0])
11:21:04.294,array('B', [0])
11:21:04.306,array('B', [0])
11:21:04.318,array('B', [0])
11:21:04.328,array('B', [0])
11:21:04.340,array('B', [0])
11:21:04.351,array('B', [0])
11:21:04.362,array('B', [0])
11:21:04.535,array('B', [0])
11:21:04.546,array('B', [0])
11:21:04.557,array('B', [0])
11:21:04.569,array('B', [0])
11:21:04.580,array('B', [0])
11:21:04.591,array('B', [0])
11:21:04.602,array('B', [0])
11:21:04.612,array('B', [0])
11:21:04.624,array('B', [0])
11:21:04.635,array('B', [0])
11:21:04.646,array('B', [0])
11:21:04.657,array('B', [0])
11:21:04.668,array('B', [0])
11:21:04.679,array('B', [0])
11:21:04.690,array('B', [0])
11:21:04.702,array('B', [0])
11:21:04.713,array('B', [0])
11:21:04.724,array('B', [0])
11:21:04.736,array('B', [0])
11:21:04.747,array('B', [0])
11:21:04.917,array('B', [0])
11:21:04.929,array('B', [0])
11:21:04.940,array('B', [0])
11:21:04.951,array('B', [0])
11:21:04.962,array('B', [0])
11:21:04.973,array('B', [0])
11:21:04.985,array('B', [0])
11:21:04.996,array('B', [0])
11:21:05.006,array('B', [0])
11:21:05.018,array('B', [0])
11:21:05.029,array('B', [0])
11:21:05.040,array('B', [0])
11:21:05.050,array('B', [0])
11:21:05.062,array('B', [0])
11:21:05.073,array('B', [0])
11:21:05.084,array('B', [0])
11:21:05.095,array('B', [0])
11:21:05.106,array('B', [0])
11:21:05.287,array('B', [0])
11:21:05.298,array('B', [0])
11:21:05.310,array('B', [0])
11:21:05.320,array('B', [0])
11:21:05.331,array('B', [0])
11:21:05.343,array('B', [0])
11:21:05.354,array('B', [0])
11:21:05.365,array('B', [0])
11:21:05.376,array('B', [0])
11:21:05.387,array('B', [0])
11:21:05.398,array('B', [0])
11:21:05.409,array('B', [0])
11:21:05.420,array('B', [0])
11:21:05.431,array('B', [0])
11:21:05.442,array('B', [0])
11:21:05.452,array('B', [0])
11:21:05.463,array('B', [0])
11:21:05.475,array('B', [0])
11:21:05.486,array('B', [0])
11:21:05.662,array('B', [0])
11:21:05.673,array('B', [0])
11:21:05.684,array('B', [0])
11:21:05.695,array('B', [0])
11:21:05.707,array('B', [0])
11:21:05.718,array('B', [0])
11:21:05.729,array('B', [0])
11:21:05.740,array('B', [0])
11:21:05.752,array('B', [0])
11:21:05.763,array('B', [0])
11:21:05.774,array('B', [0])
11:21:05.785,array('B', [0])
11:21:05.796,array('B', [0])
11:21:05.807,array('B', [0])
11:21:05.818,array('B', [0])
11:21:05.829,array('B', [0])
11:21:05.840,array('B', [0])
11:21:05.851,array('B', [0])
11:21:06.027,array('B', [0])
11:21:06.038,array('B', [0])
11:21:06.049,array('B', [0])
11:21:06.060,array('B', [0])
11:21:06.071,array('B', [0])
11:21:06.082,array('B', [0])
11:21:06.093,array('B', [0])
11:21:06.104,array('B', [0])
11:21:06.115,array('B', [0])
11:21:06.127,array('B', [0])
11:21:06.138,array('B', [0])
11:21:06.149,array('B', [0])
11:21:06.160,array('B', [0])
11:21:06.172,array('B', [0])
11:21:06.184,array('B', [0])
11:21:06.195,array('B', [0])
11:21:06.206,array('B', [0])
11:21:06.217,array('B', [0])
11:21:06.229,array('B', [0])
11:21:06.240,array('B', [0])
11:21:06.416,array('B', [0])
11:21:06.428,array('B', [0])
11:21:06.439,array('B', [0])
11:21:06.450,array('B', [0])
11:21:06.462,array('B', [0])
11:21:06.473,array('B', [0])
11:21:06.484,array('B', [0])
11:21:06.495,array('B', [0])
11:21:06.507,array('B', [0])
11:21:06.518,array('B', [0])
11:21:06.529,array('B', [0])
11:21:06.540,array('B', [0])
11:21:06.551,array('B', [0])
11:21:06.562,array('B', [0])
11:21:06.573,array('B', [0])
11:21:06.585,array('B', [0])
11:21:06.596,array('B', [0])
11:21:06.607,array('B', [0])
11:21:06.618,array('B', [0])
11:21:06.792,array('B', [0])
11:21:06.803,array('B', [0])
11:21:06.814,array('B', [0])
11:21:06.825,array('B', [0])
11:21:06.837,array('B', [0])
11:21:06.848,array('B', [0])
11:21:06.859,array('B', [0])
11:21:06.870,array('B', [0])
11:21:06.881,array('B', [0])
11:21:06.892,array('B', [0])
11:21:06.903,array('B', [0])
11:21:06.914,array('B', [0])
11:21:06.925,array('B', [0])
11:21:06.936,array('B', [0])
11:21:06.947,array('B', [0])
11:21:06.958,array('B', [0])
11:21:06.970,array('B', [0])
11:21:06.981,array('B', [0])
11:21:06.992,array('B', [0])
11:21:07.004,array('B', [0])
11:21:07.182,array('B', [0])
11:21:07.194,array('B', [0])
11:21:07.204,array('B', [0])
11:21:07.216,array('B', [0])
11:21:07.227,array('B', [0])
11:21:07.238,array('B', [0])
11:21:07.249,array('B', [0])
11:21:07.260,array('B', [0])
11:21:07.272,array('B', [0])
11:21:07.283,array('B', [0])
11:21:07.294,array('B', [0])
11:21:07.306,array('B', [0])
11:21:07.317,array('B', [0])
11:21:07.328,array('B', [0])
11:21:07.339,array('B', [0])
11:21:07.350,array('B', [0])
11:21:07.361,array('B', [0])
11:21:07.372,array('B', [0])
11:21:07.545,array('B', [0])
11:21:07.557,array('B', [0])
11:21:07.568,array('B', [0])
11:21:07.580,array('B', [0])
11:21:07.592,array('B', [0])
11:21:07.603,array('B', [0])
11:21:07.614,array('B', [0])
11:21:07.625,array('B', [0])
11:21:07.637,array('B', [0])
11:21:07.648,array('B', [0])
11:21:07.659,array('B', [0])
11:21:07.670,array('B', [0])
11:21:07.681,array('B', [0])
11:21:07.692,array('B', [0])
11:21:07.703,array('B', [0])
11:21:07.714,array('B', [0])
11:21:07.726,array('B', [0])
11:21:07.903,array('B', [0])
11:21:07.914,array('B', [0])
11:21:07.925,array('B', [0])
11:21:07.936,array('B', [0])
11:21:07.947,array('B', [0])
11:21:07.959,array('B', [0])
11:21:07.970,array('B', [0])
11:21:07.981,array('B', [0])
11:21:07.992,array('B', [0])
11:21:08.003,array('B', [0])
11:21:08.014,array('B', [0])
11:21:08.026,array('B', [0])
11:21:08.037,array('B', [0])
11:21:08.047,array('B', [0])
11:21:08.059,array('B', [0])
11:21:08.070,array('B', [0])
11:21:08.081,array('B', [0])
11:21:08.092,array('B', [0])
11:21:08.103,array('B', [0])
11:21:08.114,array('B', [0])
11:21:08.125,array('B', [0])
11:21:08.136,array('B', [0])
11:21:08.147,array('B', [0])
11:21:08.317,array('B', [0])
11:21:08.329,array('B', [0])
11:21:08.340,array('B', [0])
11:21:08.351,array('B', [0])
11:21:08.361,array('B', [0])
11:21:08.372,array('B', [0])
11:21:08.383,array('B', [0])
11:21:08.394,array('B', [0])
11:21:08.405,array('B', [0])
11:21:08.417,array('B', [0])
11:21:08.428,array('B', [0])
11:21:08.439,array('B', [0])
11:21:08.450,array('B', [0])
11:21:08.461,array('B', [0])
11:21:08.472,array('B', [0])
11:21:08.483,array('B', [0])
11:21:08.495,array('B', [0])
11:21:08.506,array('B', [0])
11:21:08.517,array('B', [0])
11:21:08.692,array('B', [0])
11:21:08.704,array('B', [0])
11:21:08.715,array('B', [0])
11:21:08.726,array('B', [0])
11:21:08.737,array('B', [0])
11:21:08.748,array('B', [0])
11:21:08.758,array('B', [0])
11:21:08.769,array('B', [0])
11:21:08.779,array('B', [0])
11:21:08.790,array('B', [0])
11:21:08.800,array('B', [0])
11:21:08.811,array('B', [0])
11:21:08.821,array('B', [0])
11:21:08.832,array('B', [0])
11:21:08.843,array('B', [0])
11:21:08.854,array('B', [0])
11:21:08.865,array('B', [0])
11:21:08.878,array('B', [0])
11:21:08.889,array('B', [0])
11:21:09.064,array('B', [0])
11:21:09.076,array('B', [0])
11:21:09.087,array('B', [0])
11:21:09.099,array('B', [0])
11:21:09.110,array('B', [0])
11:21:09.122,array('B', [0])
11:21:09.133,array('B', [0])
11:21:09.144,array('B', [0])
11:21:09.155,array('B', [0])
11:21:09.166,array('B', [0])
11:21:09.178,array('B', [0])
11:21:09.189,array('B', [0])
11:21:09.200,array('B', [0])
11:21:09.211,array('B', [0])
11:21:09.222,array('B', [0])
11:21:09.233,array('B', [0])
11:21:09.244,array('B', [0])
11:21:09.256,array('B', [0])
11:21:09.267,array('B', [0])
11:21:09.278,array('B', [0])
11:21:09.451,array('B', [0])
11:21:09.462,array('B', [0])
11:21:09.474,array('B', [0])
11:21:09.485,array('B', [0])
11:21:09.497,array('B', [0])
11:21:09.508,array('B', [0])
11:21:09.520,array('B', [0])
11:21:09.531,array('B', [0])
11:21:09.543,array('B', [0])
11:21:09.553,array('B', [0])
11:21:09.565,array('B', [0])
11:21:09.576,array('B', [0])
11:21:09.587,array('B', [0])
11:21:09.598,array('B', [0])
11:21:09.612,array('B', [0])
11:21:09.623,array('B', [0])
11:21:09.634,array('B', [0])
11:21:09.646,array('B', [0])
11:21:09.657,array('B', [0])
11:21:09.669,array('B', [0])
11:21:09.846,array('B', [0])
11:21:09.852,array('B', [1, 211, 89, 242, 142, 135, 203, 6, 166, 8, 222, 0, 0, 0, 0, 0, 0, 0, 0, 165, 165, 165, 165, 165, 165, 165, 165])
11:21:09.856,array('B', [1, 231, 47, 251, 96, 173, 167, 7, 23, 9, 42, 0, 0, 0, 0, 0, 0, 0, 0, 165, 165, 165, 165, 165, 165, 165, 165])
11:21:09.861,array('B', [1, 227, 100, 254, 104, 168, 25, 7, 91, 9, 41, 0, 0, 0, 0, 0, 0, 0, 0, 165, 165, 165, 165, 165, 165, 165, 165])
11:21:09.865,array('B', [1, 224, 191, 0, 225, 163, 66, 7, 136, 8, 238, 0, 0, 0, 0, 0, 0, 0, 0, 165, 165, 165, 165, 165, 165, 165, 165])
11:21:09.869,array('B', [1, 225, 8, 1, 12, 161, 71, 8, 212, 6, 187, 0, 0, 0, 0, 0, 0, 0, 0, 165, 165, 165, 165, 165, 165, 165, 165])
11:21:09.875,array('B', [17, 228, 70, 254, 250, 160, 217, 8, 212, 6, 161, 0, 0, 0, 0, 0, 0, 0, 0, 165, 165, 165, 165, 165, 165, 165, 165])
11:21:09.884,array('B', [33, 231, 47, 252, 237, 161, 120, 8, 209, 6, 123, 0, 0, 0, 0, 0, 0, 0, 0, 165, 165, 165, 165, 165, 165, 165, 165])
11:21:09.889,array('B', [1, 238, 43, 248, 71, 163, 139, 8, 207, 6, 92, 0, 0, 0, 0, 0, 0, 0, 0, 165, 165, 165, 165, 165, 165, 165, 165])
11:21:09.893,array('B', [1, 241, 14, 246, 70, 163, 35, 8, 207, 6, 62, 0, 0, 0, 0, 0, 0, 0, 0, 165, 165, 165, 165, 165, 165, 165, 165])
11:21:09.897,array('B', [1, 240, 117, 247, 101, 161, 126, 8, 210, 6, 34, 0, 0, 0, 0, 0, 0, 0, 0, 165, 165, 165, 165, 165, 165, 165, 165])
11:21:09.906,array('B', [33, 238, 220, 249, 163, 158, 119, 8, 222, 5, 249, 0, 0, 0, 0, 0, 0, 0, 0, 165, 165, 165, 165, 165, 165, 165, 165])
11:21:09.912,array('B', [1, 237, 61, 251, 72, 155, 130, 8, 245, 5, 203, 0, 0, 0, 0, 0, 0, 0, 0, 165, 165, 165, 165, 165, 165, 165, 165])
11:21:09.916,array('B', [1, 233, 176, 254, 158, 150, 67, 9, 0, 5, 181, 0, 0, 0, 0, 0, 0, 0, 0, 165, 165, 165, 165, 165, 165, 165, 165])
11:21:09.921,array('B', [1, 233, 139, 0, 91, 149, 79, 9, 11, 5, 150, 0, 0, 0, 0, 0, 0, 0, 0, 165, 165, 165, 165, 165, 165, 165, 165])
11:21:09.925,array('B', [1, 234, 194, 0, 6, 149, 140, 9, 20, 5, 121, 0, 0, 0, 0, 0, 0, 0, 0, 165, 165, 165, 165, 165, 165, 165, 165])
11:21:09.937,array('B', [49, 236, 225, 255, 31, 151, 98, 9, 32, 5, 48, 0, 0, 0, 0, 0, 0, 0, 0, 165, 165, 165, 165, 165, 165, 165, 165])
11:21:09.948,array('B', [49, 239, 202, 252, 115, 152, 196, 9, 37, 5, 4, 0, 0, 0, 0, 0, 0, 0, 0, 165, 165, 165, 165, 165, 165, 165, 165])
11:21:09.953,array('B', [1, 241, 142, 248, 83, 154, 185, 9, 42, 4, 215, 0, 0, 0, 0, 0, 0, 0, 0, 165, 165, 165, 165, 165, 165, 165, 165])
11:21:09.962,array('B', [33, 236, 177, 253, 225, 153, 172, 9, 47, 4, 180, 0, 0, 0, 0, 0, 0, 0, 0, 165, 165, 165, 165, 165, 165, 165, 165])
11:21:09.966,array('B', [1, 235, 121, 254, 207, 153, 209, 9, 55, 4, 140, 0, 0, 0, 0, 0, 0, 0, 0, 165, 165, 165, 165, 165, 165, 165, 165])
11:21:09.971,array('B', [1, 235, 213, 254, 61, 157, 155, 9, 79, 4, 59, 0, 0, 0, 0, 0, 0, 0, 0, 165, 165, 165, 165, 165, 165, 165, 165])
11:21:09.978,array('B', [17, 237, 128, 252, 139, 160, 4, 9, 87, 3, 231, 0, 0, 0, 0, 0, 0, 0, 0, 165, 165, 165, 165, 165, 165, 165, 165])
11:21:09.982,array('B', [1, 239, 92, 250, 78, 163, 66, 9, 86, 3, 198, 0, 0, 0, 0, 0, 0, 0, 0, 165, 165, 165, 165, 165, 165, 165, 165])
11:21:09.987,array('B', [1, 240, 111, 248, 236, 167, 43, 9, 80, 3, 126, 0, 0, 0, 0, 0, 0, 0, 0, 165, 165, 165, 165, 165, 165, 165, 165])
11:21:09.991,array('B', [1, 240, 117, 248, 181, 169, 19, 9, 77, 3, 90, 0, 0, 0, 0, 0, 0, 0, 0, 165, 165, 165, 165, 165, 165, 165, 165])
11:21:09.996,array('B', [1, 239, 135, 248, 254, 170, 221, 9, 75, 3, 59, 0, 0, 0, 0, 0, 0, 0, 0, 165, 165, 165, 165, 165, 165, 165, 165])
11:21:10.000,array('B', [1, 238, 116, 249, 126, 172, 51, 9, 73, 3, 20, 0, 0, 0, 0, 0, 0, 0, 0, 165, 165, 165, 165, 165, 165, 165, 165])
11:21:10.009,array('B', [33, 237, 31, 250, 78, 173, 228, 9, 71, 2, 255, 0, 0, 0, 0, 0, 0, 0, 0, 165, 165, 165, 165, 165, 165, 165, 165])
11:21:10.014,array('B', [1, 236, 152, 250, 175, 175, 155, 9, 67, 2, 230, 0, 0, 0, 0, 0, 0, 0, 0, 165, 165, 165, 165, 165, 165, 165, 165])
11:21:10.018,array('B', [1, 238, 196, 249, 175, 181, 78, 9, 62, 2, 211, 0, 0, 0, 0, 0, 0, 0, 0, 165, 165, 165, 165, 165, 165, 165, 165])
11:21:10.023,array('B', [1, 240, 68, 248, 175, 183, 219, 9, 53, 2, 186, 0, 0, 0, 0, 0, 0, 0, 0, 165, 165, 165, 165, 165, 165, 165, 165])
11:21:10.027,array('B', [1, 241, 111, 247, 162, 185, 147, 9, 45, 2, 167, 0, 0, 0, 0, 0, 0, 0, 0, 165, 165, 165, 165, 165, 165, 165, 165])
11:21:10.037,array('B', [33, 241, 233, 247, 199, 186, 178, 9, 26, 2, 128, 0, 0, 0, 0, 0, 0, 0, 0, 165, 165, 165, 165, 165, 165, 165, 165])
11:21:10.042,array('B', [1, 241, 38, 249, 157, 186, 251, 9, 18, 2, 111, 0, 0, 0, 0, 0, 0, 0, 0, 165, 165, 165, 165, 165, 165, 165, 165])
11:21:10.051,array('B', [33, 237, 49, 254, 171, 186, 190, 9, 12, 2, 99, 0, 0, 0, 0, 0, 0, 0, 0, 165, 165, 165, 165, 165, 165, 165, 165])
11:21:10.061,array('B', [33, 238, 6, 255, 220, 187, 221, 9, 5, 2, 85, 0, 0, 0, 0, 0, 0, 0, 0, 165, 165, 165, 165, 165, 165, 165, 165])
11:21:10.072,array('B', [49, 242, 81, 253, 201, 191, 94, 8, 255, 2, 73, 0, 0, 0, 0, 0, 0, 0, 0, 165, 165, 165, 165, 165, 165, 165, 165])
11:21:10.078,array('B', [17, 243, 234, 252, 182, 193, 229, 8, 231, 2, 33, 0, 0, 0, 0, 0, 0, 0, 0, 165, 165, 165, 165, 165, 165, 165, 165])
11:21:10.083,array('B', [1, 244, 51, 252, 109, 194, 89, 8, 218, 2, 12, 0, 0, 0, 0, 0, 0, 0, 0, 165, 165, 165, 165, 165, 165, 165, 165])
11:21:10.089,array('B', [17, 243, 57, 250, 212, 192, 167, 8, 199, 1, 232, 0, 0, 0, 0, 0, 0, 0, 0, 165, 165, 165, 165, 165, 165, 165, 165])
11:21:10.095,array('B', [1, 241, 160, 250, 249, 190, 185, 8, 184, 1, 204, 0, 0, 0, 0, 0, 0, 0, 0, 165, 165, 165, 165, 165, 165, 165, 165])
11:21:10.101,array('B', [17, 237, 31, 253, 176, 186, 68, 8, 166, 1, 169, 0, 0, 0, 0, 0, 0, 0, 0, 165, 165, 165, 165, 165, 165, 165, 165])
11:21:10.106,array('B', [1, 233, 145, 255, 244, 183, 85, 8, 155, 1, 154, 0, 0, 0, 0, 0, 0, 0, 0, 165, 165, 165, 165, 165, 165, 165, 165])
11:21:10.114,array('B', [33, 230, 236, 1, 116, 181, 103, 8, 146, 1, 143, 0, 0, 0, 0, 0, 0, 0, 0, 165, 165, 165, 165, 165, 165, 165, 165])
11:21:10.124,array('B', [33, 231, 175, 1, 128, 182, 36, 8, 124, 1, 119, 0, 0, 0, 0, 0, 0, 0, 0, 165, 165, 165, 165, 165, 165, 165, 165])
11:21:10.136,array('B', [0])
11:21:10.140,array('B', [1, 246, 156, 248, 40, 187, 245, 8, 68, 1, 63, 0, 0, 0, 0, 0, 0, 0, 0, 165, 165, 165, 165, 165, 165, 165, 165])
11:21:10.151,array('B', [0])
11:21:10.156,array('B', [1, 240, 148, 1, 55, 179, 181, 8, 12, 1, 7, 0, 0, 0, 0, 0, 0, 0, 0, 165, 165, 165, 165, 165, 165, 165, 165])
11:21:10.324,array('B', [17, 240, 32, 3, 62, 177, 199, 7, 252, 0, 246, 0, 0, 0, 0, 0, 0, 0, 0, 165, 165, 165, 165, 165, 165, 165, 165])
11:21:10.330,array('B', [1, 241, 203, 2, 232, 179, 4, 7, 229, 0, 213, 0, 0, 0, 0, 0, 0, 0, 0, 165, 165, 165, 165, 165, 165, 165, 165])
11:21:10.334,array('B', [1, 237, 110, 248, 126, 203, 165, 7, 213, 0, 191, 0, 0, 0, 0, 0, 0, 0, 0, 165, 165, 165, 165, 165, 165, 165, 165])
11:21:10.343,array('B', [33, 237, 232, 246, 205, 204, 50, 7, 175, 0, 136, 0, 0, 0, 0, 0, 0, 0, 0, 165, 165, 165, 165, 165, 165, 165, 165])
11:21:10.348,array('B', [1, 238, 208, 244, 100, 205, 74, 7, 162, 0, 116, 0, 0, 0, 0, 0, 0, 0, 0, 165, 165, 165, 165, 165, 165, 165, 165])
11:21:10.359,array('B', [49, 240, 245, 241, 81, 206, 215, 5, 208, 255, 74, 0, 0, 0, 0, 0, 0, 0, 0, 165, 165, 165, 165, 165, 165, 165, 165])
11:21:10.363,array('B', [1, 241, 246, 240, 202, 206, 178, 5, 186, 255, 79, 0, 0, 0, 0, 0, 0, 0, 0, 165, 165, 165, 165, 165, 165, 165, 165])
11:21:10.375,array('B', [0])
11:21:10.379,array('B', [1, 242, 124, 243, 185, 204, 7, 5, 119, 255, 114, 0, 0, 0, 0, 0, 0, 0, 0, 165, 165, 165, 165, 165, 165, 165, 165])
11:21:10.388,array('B', [33, 245, 223, 243, 142, 201, 232, 5, 97, 255, 129, 0, 0, 0, 0, 0, 0, 0, 0, 165, 165, 165, 165, 165, 165, 165, 165])
11:21:10.395,array('B', [17, 246, 137, 242, 69, 200, 60, 5, 52, 255, 161, 0, 0, 0, 0, 0, 0, 0, 0, 165, 165, 165, 165, 165, 165, 165, 165])
11:21:10.404,array('B', [33, 242, 142, 244, 167, 196, 10, 5, 35, 255, 171, 0, 0, 0, 0, 0, 0, 0, 0, 165, 165, 165, 165, 165, 165, 165, 165])
11:21:10.411,array('B', [17, 239, 7, 248, 77, 192, 210, 4, 253, 255, 197, 0, 0, 0, 0, 0, 0, 0, 0, 165, 165, 165, 165, 165, 165, 165, 165])
11:21:10.415,array('B', [1, 238, 104, 247, 83, 191, 2, 4, 237, 255, 210, 0, 0, 0, 0, 0, 0, 0, 0, 165, 165, 165, 165, 165, 165, 165, 165])
11:21:10.419,array('B', [1, 239, 68, 243, 191, 190, 252, 4, 205, 255, 231, 0, 0, 0, 0, 0, 0, 0, 0, 165, 165, 165, 165, 165, 165, 165, 165])
11:21:10.429,array('B', [33, 239, 31, 242, 154, 191, 45, 4, 173, 255, 239, 0, 0, 0, 0, 0, 0, 0, 0, 165, 165, 165, 165, 165, 165, 165, 165])
11:21:10.436,array('B', [17, 238, 171, 242, 105, 191, 106, 4, 127, 255, 248, 0, 0, 0, 0, 0, 0, 0, 0, 165, 165, 165, 165, 165, 165, 165, 165])
11:21:10.447,array('B', [0])
11:21:10.451,array('B', [1, 240, 190, 240, 38, 190, 167, 4, 73, 0, 14, 0, 0, 0, 0, 0, 0, 0, 0, 165, 165, 165, 165, 165, 165, 165, 165])
11:21:10.463,array('B', [0])
11:21:10.468,array('B', [1, 238, 80, 245, 3, 189, 57, 4, 6, 0, 54, 0, 0, 0, 0, 0, 0, 0, 0, 165, 165, 165, 165, 165, 165, 165, 165])
11:21:10.472,array('B', [1, 246, 125, 240, 251, 190, 142, 3, 232, 0, 78, 0, 0, 0, 0, 0, 0, 0, 0, 165, 165, 165, 165, 165, 165, 165, 165])
11:21:10.476,array('B', [1, 247, 34, 240, 68, 190, 39, 3, 180, 0, 111, 0, 0, 0, 0, 0, 0, 0, 0, 165, 165, 165, 165, 165, 165, 165, 165])
11:21:10.481,array('B', [1, 245, 198, 241, 221, 188, 111, 3, 161, 0, 120, 0, 0, 0, 0, 0, 0, 0, 0, 165, 165, 165, 165, 165, 165, 165, 165])
11:21:10.491,array('B', [0])
11:21:10.500,array('B', [33, 240, 196, 250, 17, 184, 98, 3, 111, 0, 172, 0, 0, 0, 0, 0, 0, 0, 0, 165, 165, 165, 165, 165, 165, 165, 165])
11:21:10.509,array('B', [33, 241, 81, 1, 43, 183, 0, 3, 98, 0, 189, 0, 0, 0, 0, 0, 0, 0, 0, 165, 165, 165, 165, 165, 165, 165, 165])
11:21:10.513,array('B', [1, 247, 95, 253, 225, 186, 159, 3, 88, 0, 197, 0, 0, 0, 0, 0, 0, 0, 0, 165, 165, 165, 165, 165, 165, 165, 165])
11:21:10.517,array('B', [1, 250, 114, 254, 134, 189, 221, 3, 70, 0, 204, 0, 0, 0, 0, 0, 0, 0, 0, 165, 165, 165, 165, 165, 165, 165, 165])
11:21:10.528,array('B', [49, 250, 90, 255, 128, 190, 167, 3, 26, 0, 202, 0, 0, 0, 0, 0, 0, 0, 0, 165, 165, 165, 165, 165, 165, 165, 165])
11:21:10.535,array('B', [17, 249, 242, 0, 24, 191, 27, 3, 2, 0, 204, 0, 0, 0, 0, 0, 0, 0, 0, 165, 165, 165, 165, 165, 165, 165, 165])
11:21:10.540,array('B', [1, 248, 59, 0, 164, 192, 106, 2, 244, 0, 209, 0, 0, 0, 0, 0, 0, 0, 0, 165, 165, 165, 165, 165, 165, 165, 165])
11:21:10.549,array('B', [33, 247, 211, 0, 109, 193, 229, 2, 240, 0, 210, 0, 0, 0, 0, 0, 0, 0, 0, 165, 165, 165, 165, 165, 165, 165, 165])
11:21:10.560,array('B', [0])
11:21:10.565,array('B', [1, 248, 77, 250, 120, 196, 59, 2, 212, 0, 213, 0, 0, 0, 0, 0, 0, 0, 0, 165, 165, 165, 165, 165, 165, 165, 165])
11:21:10.569,array('B', [1, 242, 252, 249, 193, 193, 137, 2, 197, 0, 214, 0, 0, 0, 0, 0, 0, 0, 0, 165, 165, 165, 165, 165, 165, 165, 165])
11:21:10.574,array('B', [1, 239, 220, 252, 11, 191, 149, 2, 189, 0, 216, 0, 0, 0, 0, 0, 0, 0, 0, 165, 165, 165, 165, 165, 165, 165, 165])
11:21:10.579,array('B', [1, 238, 74, 253, 103, 190, 63, 2, 168, 0, 230, 0, 0, 0, 0, 0, 0, 0, 0, 165, 165, 165, 165, 165, 165, 165, 165])
11:21:10.753,array('B', [0])
11:21:10.760,array('B', [17, 238, 110, 251, 121, 188, 166, 2, 118, 1, 7, 0, 0, 0, 0, 0, 0, 0, 0, 165, 165, 165, 165, 165, 165, 165, 165])
11:21:10.771,array('B', [0])
11:21:10.777,array('B', [17, 235, 176, 1, 12, 167, 220, 2, 82, 1, 16, 0, 0, 0, 0, 0, 0, 0, 0, 165, 165, 165, 165, 165, 165, 165, 165])
11:21:10.781,array('B', [1, 239, 227, 251, 170, 173, 63, 2, 59, 1, 23, 0, 0, 0, 0, 0, 0, 0, 0, 165, 165, 165, 165, 165, 165, 165, 165])
11:21:10.790,array('B', [33, 240, 233, 249, 120, 174, 253, 0, 60, 2, 106, 0, 0, 0, 0, 0, 0, 0, 0, 165, 165, 165, 165, 165, 165, 165, 165])
11:21:10.801,array('B', [49, 240, 56, 249, 90, 175, 70, 0, 36, 2, 116, 0, 0, 0, 0, 0, 0, 0, 0, 165, 165, 165, 165, 165, 165, 165, 165])
11:21:10.812,array('B', [0])
11:21:10.824,array('B', [0])
11:21:10.830,array('B', [17, 250, 90, 243, 20, 188, 148, 255, 241, 2, 185, 0, 0, 0, 0, 0, 0, 0, 0, 165, 165, 165, 165, 165, 165, 165, 165])
11:21:10.837,array('B', [17, 243, 124, 248, 144, 183, 195, 255, 220, 2, 214, 0, 0, 0, 0, 0, 0, 0, 0, 165, 165, 165, 165, 165, 165, 165, 165])
11:21:10.848,array('B', [49, 237, 98, 254, 36, 178, 224, 255, 194, 3, 0, 0, 0, 0, 0, 0, 0, 0, 0, 165, 165, 165, 165, 165, 165, 165, 165])
11:21:10.859,array('B', [0])
11:21:10.864,array('B', [1, 231, 4, 3, 159, 172, 240, 255, 189, 3, 114, 0, 0, 0, 0, 0, 0, 0, 0, 165, 165, 165, 165, 165, 165, 165, 165])
11:21:10.871,array('B', [17, 236, 18, 4, 245, 176, 113, 255, 174, 3, 137, 0, 0, 0, 0, 0, 0, 0, 0, 165, 165, 165, 165, 165, 165, 165, 165])
11:21:10.875,array('B', [1, 241, 93, 2, 98, 179, 200, 255, 154, 3, 155, 0, 0, 0, 0, 0, 0, 0, 0, 165, 165, 165, 165, 165, 165, 165, 165])
11:21:10.887,array('B', [0])
11:21:10.893,array('B', [17, 248, 193, 252, 66, 183, 183, 255, 83, 3, 194, 0, 0, 0, 0, 0, 0, 0, 0, 165, 165, 165, 165, 165, 165, 165, 165])
11:21:10.903,array('B', [33, 243, 63, 4, 92, 177, 248, 255, 76, 3, 204, 0, 0, 0, 0, 0, 0, 0, 0, 165, 165, 165, 165, 165, 165, 165, 165])
11:21:10.909,array('B', [17, 240, 196, 5, 148, 174, 137, 255, 75, 3, 226, 0, 0, 0, 0, 0, 0, 0, 0, 165, 165, 165, 165, 165, 165, 165, 165])
11:21:10.914,array('B', [1, 240, 32, 4, 215, 171, 56, 255, 77, 3, 241, 0, 0, 0, 0, 0, 0, 0, 0, 165, 165, 165, 165, 165, 165, 165, 165])
11:21:10.925,array('B', [0])
11:21:10.935,array('B', [0])
11:21:10.942,array('B', [17, 245, 76, 4, 105, 172, 32, 255, 65, 4, 39, 0, 0, 0, 0, 0, 0, 0, 0, 165, 165, 165, 165, 165, 165, 165, 165])
11:21:10.952,array('B', [0])
11:21:11.121,array('B', [1, 250, 127, 2, 214, 176, 162, 255, 60, 4, 58, 0, 0, 0, 0, 0, 0, 0, 0, 165, 165, 165, 165, 165, 165, 165, 165])
11:21:11.126,array('B', [1, 251, 60, 1, 73, 178, 34, 255, 65, 4, 79, 0, 0, 0, 0, 0, 0, 0, 0, 165, 165, 165, 165, 165, 165, 165, 165])
11:21:11.131,array('B', [1, 4, 172, 20, 208, 150, 19, 255, 78, 4, 104, 0, 0, 0, 0, 0, 0, 0, 0, 165, 165, 165, 165, 165, 165, 165, 165])
11:21:11.136,array('B', [1, 2, 86, 21, 202, 152, 31, 255, 89, 4, 117, 0, 0, 0, 0, 0, 0, 0, 0, 165, 165, 165, 165, 165, 165, 165, 165])
11:21:11.141,array('B', [1, 0, 183, 22, 123, 154, 136, 255, 111, 4, 141, 0, 0, 0, 0, 0, 0, 0, 0, 165, 165, 165, 165, 165, 165, 165, 165])
11:21:11.145,array('B', [1, 0, 79, 22, 245, 157, 64, 1, 49, 4, 40, 0, 0, 0, 0, 0, 0, 0, 0, 165, 165, 165, 165, 165, 165, 165, 165])
11:21:11.149,array('B', [1, 1, 30, 21, 159, 161, 254, 1, 74, 4, 15, 0, 0, 0, 0, 0, 0, 0, 0, 165, 165, 165, 165, 165, 165, 165, 165])
11:21:11.154,array('B', [1, 2, 61, 19, 18, 165, 128, 1, 95, 3, 245, 0, 0, 0, 0, 0, 0, 0, 0, 165, 165, 165, 165, 165, 165, 165, 165])
11:21:11.165,array('B', [0])
11:21:11.169,array('B', [1, 2, 232, 13, 59, 173, 88, 1, 133, 3, 192, 0, 0, 0, 0, 0, 0, 0, 0, 165, 165, 165, 165, 165, 165, 165, 165])
11:21:11.178,array('B', [33, 254, 73, 9, 70, 178, 199, 1, 149, 3, 174, 0, 0, 0, 0, 0, 0, 0, 0, 165, 165, 165, 165, 165, 165, 165, 165])
11:21:11.182,array('B', [1, 250, 224, 10, 95, 180, 11, 1, 164, 3, 158, 0, 0, 0, 0, 0, 0, 0, 0, 165, 165, 165, 165, 165, 165, 165, 165])
11:21:11.189,array('B', [17, 246, 101, 12, 16, 184, 0, 1, 178, 3, 146, 0, 0, 0, 0, 0, 0, 0, 0, 165, 165, 165, 165, 165, 165, 165, 165])
11:21:11.194,array('B', [1, 246, 211, 11, 119, 186, 239, 1, 212, 3, 119, 0, 0, 0, 0, 0, 0, 0, 0, 165, 165, 165, 165, 165, 165, 165, 165])
11:21:11.205,array('B', [0])
11:21:11.216,array('B', [0])
11:21:11.228,array('B', [0])
11:21:11.238,array('B', [0])
11:21:11.249,array('B', [0])
11:21:11.261,array('B', [0])
11:21:11.272,array('B', [49, 0, 201, 0, 213, 216, 84, 1, 234, 3, 51, 0, 0, 0, 0, 0, 0, 0, 0, 165, 165, 165, 165, 165, 165, 165, 165])
11:21:11.283,array('B', [0])
11:21:11.295,array('B', [49, 241, 246, 2, 104, 214, 16, 1, 196, 2, 242, 0, 0, 0, 0, 0, 0, 0, 0, 165, 165, 165, 165, 165, 165, 165, 165])
11:21:11.306,array('B', [0])
11:21:11.317,array('B', [0])
11:21:11.324,array('B', [17, 246, 192, 243, 14, 216, 225, 1, 171, 3, 7, 0, 0, 0, 0, 0, 0, 0, 0, 165, 165, 165, 165, 165, 165, 165, 165])
11:21:11.335,array('B', [49, 242, 240, 247, 211, 208, 155, 1, 135, 3, 18, 0, 0, 0, 0, 0, 0, 0, 0, 165, 165, 165, 165, 165, 165, 165, 165])
11:21:11.516,array('B', [0])
11:21:11.528,array('B', [0])
11:21:11.539,array('B', [0])
11:21:11.550,array('B', [0])
11:21:11.561,array('B', [0])
11:21:11.573,array('B', [0])
11:21:11.584,array('B', [0])
11:21:11.595,array('B', [0])
11:21:11.607,array('B', [0])
11:21:11.618,array('B', [0])
11:21:11.629,array('B', [0])
11:21:11.640,array('B', [0])
11:21:11.651,array('B', [0])
11:21:11.661,array('B', [0])
11:21:11.672,array('B', [0])
11:21:11.684,array('B', [0])
11:21:11.695,array('B', [0])
11:21:11.706,array('B', [0])
11:21:11.718,array('B', [0])
11:21:11.729,array('B', [0])
11:21:11.907,array('B', [0])
11:21:11.918,array('B', [0])
11:21:11.929,array('B', [0])
11:21:11.940,array('B', [0])
11:21:11.951,array('B', [0])
11:21:11.963,array('B', [0])
11:21:11.974,array('B', [0])
11:21:11.985,array('B', [0])
11:21:11.996,array('B', [0])
11:21:12.008,array('B', [0])
11:21:12.019,array('B', [0])
11:21:12.030,array('B', [0])
11:21:12.041,array('B', [0])
11:21:12.052,array('B', [0])
11:21:12.063,array('B', [0])
11:21:12.074,array('B', [0])
11:21:12.083,array('B', [33, 244, 192, 10, 180, 104, 216, 1, 195, 7, 237, 0, 0, 0, 0, 0, 0, 0, 0, 165, 165, 165, 165, 165, 165, 165, 165])
11:21:12.095,array('B', [0])
11:21:12.099,array('B', [1, 246, 174, 7, 148, 150, 251, 2, 214, 7, 131, 0, 0, 0, 0, 0, 0, 0, 0, 165, 165, 165, 165, 165, 165, 165, 165])
11:21:12.278,array('B', [0])
11:21:12.289,array('B', [0])
11:21:12.300,array('B', [0])
11:21:12.312,array('B', [0])
11:21:12.323,array('B', [0])
11:21:12.334,array('B', [0])
11:21:12.339,array('B', [1, 219, 220, 230, 181, 67, 179, 0, 132, 5, 81, 0, 0, 0, 0, 0, 0, 0, 0, 165, 165, 165, 165, 165, 165, 165, 165])
11:21:12.350,array('B', [0])
11:21:12.360,array('B', [0])
11:21:12.372,array('B', [49, 221, 208, 236, 146, 49, 8, 0, 113, 5, 198, 0, 0, 0, 0, 0, 0, 0, 0, 165, 165, 165, 165, 165, 165, 165, 165])
11:21:12.381,array('B', [33, 227, 51, 239, 165, 51, 82, 0, 138, 6, 5, 0, 0, 0, 0, 0, 0, 0, 0, 165, 165, 165, 165, 165, 165, 165, 165])
11:21:12.392,array('B', [0])
11:21:12.403,array('B', [0])
11:21:12.414,array('B', [0])
11:21:12.425,array('B', [0])
11:21:12.436,array('B', [0])
11:21:12.444,array('B', [17, 234, 42, 248, 89, 151, 31, 1, 251, 6, 152, 0, 0, 0, 0, 0, 0, 0, 0, 165, 165, 165, 165, 165, 165, 165, 165])
11:21:12.455,array('B', [0])
11:21:12.462,array('B', [17, 242, 209, 246, 89, 198, 145, 2, 100, 6, 141, 0, 0, 0, 0, 0, 0, 0, 0, 165, 165, 165, 165, 165, 165, 165, 165])
11:21:12.472,array('B', [33, 247, 95, 248, 101, 223, 87, 2, 129, 6, 146, 0, 0, 0, 0, 0, 0, 0, 0, 165, 165, 165, 165, 165, 165, 165, 165])
11:21:12.483,array('B', [0])
11:21:12.494,array('B', [0])
11:21:12.501,array('B', [17, 246, 82, 18, 171, 7, 228, 2, 155, 6, 215, 0, 0, 0, 0, 0, 0, 0, 0, 165, 165, 165, 165, 165, 165, 165, 165])
11:21:12.512,array('B', [0])
11:21:12.523,array('B', [0])
11:21:12.694,array('B', [0])
11:21:12.698,array('B', [1, 247, 71, 28, 137, 39, 31, 2, 55, 6, 176, 0, 0, 0, 0, 0, 0, 0, 0, 165, 165, 165, 165, 165, 165, 165, 165])
11:21:12.706,array('B', [17, 232, 181, 242, 130, 31, 124, 2, 16, 6, 136, 0, 0, 0, 0, 0, 0, 0, 0, 165, 165, 165, 165, 165, 165, 165, 165])
11:21:12.717,array('B', [0])
11:21:12.729,array('B', [49, 248, 236, 243, 2, 58, 127, 1, 146, 6, 14, 0, 0, 0, 0, 0, 0, 0, 0, 165, 165, 165, 165, 165, 165, 165, 165])
11:21:12.736,array('B', [17, 0, 231, 246, 150, 87, 161, 1, 175, 8, 228, 0, 0, 0, 0, 0, 0, 0, 0, 165, 165, 165, 165, 165, 165, 165, 165])
11:21:12.743,array('B', [17, 255, 153, 1, 49, 119, 57, 1, 242, 8, 230, 0, 0, 0, 0, 0, 0, 0, 0, 165, 165, 165, 165, 165, 165, 165, 165])
11:21:12.754,array('B', [0])
11:21:12.759,array('B', [1, 248, 156, 10, 143, 158, 113, 3, 55, 8, 212, 0, 0, 0, 0, 0, 0, 0, 0, 165, 165, 165, 165, 165, 165, 165, 165])
11:21:12.763,array('B', [1, 249, 102, 9, 155, 195, 95, 3, 230, 8, 167, 0, 0, 0, 0, 0, 0, 0, 0, 165, 165, 165, 165, 165, 165, 165, 165])
11:21:12.768,array('B', [1, 253, 60, 6, 99, 212, 235, 4, 51, 8, 129, 0, 0, 0, 0, 0, 0, 0, 0, 165, 165, 165, 165, 165, 165, 165, 165])
11:21:12.775,array('B', [17, 255, 171, 4, 50, 226, 76, 4, 108, 8, 87, 0, 0, 0, 0, 0, 0, 0, 0, 165, 165, 165, 165, 165, 165, 165, 165])
11:21:12.786,array('B', [0])
11:21:12.794,array('B', [17, 251, 41, 8, 33, 1, 220, 4, 176, 8, 22, 0, 0, 0, 0, 0, 0, 0, 0, 165, 165, 165, 165, 165, 165, 165, 165])
11:21:12.806,array('B', [49, 245, 143, 13, 163, 18, 128, 4, 186, 8, 18, 0, 0, 0, 0, 0, 0, 0, 0, 165, 165, 165, 165, 165, 165, 165, 165])
11:21:12.817,array('B', [0])
11:21:12.824,array('B', [17, 230, 10, 17, 146, 28, 217, 4, 187, 8, 20, 0, 0, 0, 0, 0, 0, 0, 0, 165, 165, 165, 165, 165, 165, 165, 165])
11:21:12.835,array('B', [0])
11:21:12.846,array('B', [0])
11:21:12.857,array('B', [0])
11:21:12.868,array('B', [0])
11:21:12.879,array('B', [0])
11:21:12.889,array('B', [33, 226, 100, 250, 11, 234, 91, 2, 243, 8, 14, 0, 0, 0, 0, 0, 0, 0, 0, 165, 165, 165, 165, 165, 165, 165, 165])
11:21:12.900,array('B', [0])
11:21:12.911,array('B', [0])
11:21:12.922,array('B', [0])
11:21:12.929,array('B', [17, 204, 172, 6, 160, 96, 201, 1, 172, 8, 107, 0, 0, 0, 0, 0, 0, 0, 0, 165, 165, 165, 165, 165, 165, 165, 165])
11:21:13.104,array('B', [0])
11:21:13.116,array('B', [0])
11:21:13.126,array('B', [0])
11:21:13.138,array('B', [0])
11:21:13.149,array('B', [0])
11:21:13.160,array('B', [0])
11:21:13.172,array('B', [0])
11:21:13.183,array('B', [0])
11:21:13.188,array('B', [1, 204, 172, 8, 198, 40, 218, 2, 45, 7, 83, 0, 0, 0, 0, 0, 0, 0, 0, 165, 165, 165, 165, 165, 165, 165, 165])
11:21:13.199,array('B', [0])
11:21:13.207,array('B', [1, 226, 179, 249, 193, 21, 206, 2, 59, 7, 46, 0, 0, 0, 0, 0, 0, 0, 0, 165, 165, 165, 165, 165, 165, 165, 165])
11:21:13.217,array('B', [33, 241, 123, 245, 216, 16, 94, 2, 74, 6, 227, 0, 0, 0, 0, 0, 0, 0, 0, 165, 165, 165, 165, 165, 165, 165, 165])
11:21:13.226,array('B', [33, 245, 143, 248, 211, 14, 32, 2, 132, 6, 153, 0, 0, 0, 0, 0, 0, 0, 0, 165, 165, 165, 165, 165, 165, 165, 165])
11:21:13.231,array('B', [1, 247, 34, 253, 48, 14, 51, 2, 164, 6, 134, 0, 0, 0, 0, 0, 0, 0, 0, 165, 165, 165, 165, 165, 165, 165, 165])
11:21:13.235,array('B', [1, 247, 174, 0, 244, 20, 163, 3, 26, 6, 87, 0, 0, 0, 0, 0, 0, 0, 0, 165, 165, 165, 165, 165, 165, 165, 165])
11:21:13.246,array('B', [0])
11:21:13.252,array('B', [17, 250, 127, 4, 135, 35, 101, 4, 16, 5, 210, 0, 0, 0, 0, 0, 0, 0, 0, 165, 165, 165, 165, 165, 165, 165, 165])
11:21:13.256,array('B', [1, 255, 208, 3, 251, 64, 86, 4, 128, 5, 121, 0, 0, 0, 0, 0, 0, 0, 0, 165, 165, 165, 165, 165, 165, 165, 165])
11:21:13.260,array('B', [1, 1, 98, 1, 244, 83, 160, 4, 174, 5, 77, 0, 0, 0, 0, 0, 0, 0, 0, 165, 165, 165, 165, 165, 165, 165, 165])
11:21:13.264,array('B', [1, 1, 85, 0, 250, 97, 49, 4, 231, 5, 20, 0, 0, 0, 0, 0, 0, 0, 0, 165, 165, 165, 165, 165, 165, 165, 165])
11:21:13.275,array('B', [49, 0, 122, 0, 122, 111, 42, 5, 89, 4, 154, 0, 0, 0, 0, 0, 0, 0, 0, 165, 165, 165, 165, 165, 165, 165, 165])
11:21:13.279,array('B', [1, 254, 165, 0, 128, 125, 53, 5, 144, 4, 96, 0, 0, 0, 0, 0, 0, 0, 0, 165, 165, 165, 165, 165, 165, 165, 165])
11:21:13.283,array('B', [1, 247, 40, 1, 110, 164, 164, 5, 177, 4, 62, 0, 0, 0, 0, 0, 0, 0, 0, 165, 165, 165, 165, 165, 165, 165, 165])
11:21:13.287,array('B', [1, 244, 210, 0, 54, 179, 90, 5, 205, 4, 31, 0, 0, 0, 0, 0, 0, 0, 0, 165, 165, 165, 165, 165, 165, 165, 165])
11:21:13.299,array('B', [49, 243, 216, 253, 54, 194, 28, 5, 227, 4, 3, 0, 0, 0, 0, 0, 0, 0, 0, 165, 165, 165, 165, 165, 165, 165, 165])
11:21:13.310,array('B', [49, 244, 70, 249, 102, 209, 100, 6, 5, 3, 200, 0, 0, 0, 0, 0, 0, 0, 0, 165, 165, 165, 165, 165, 165, 165, 165])
11:21:13.315,array('B', [1, 245, 241, 242, 167, 254, 244, 6, 6, 3, 187, 0, 0, 0, 0, 0, 0, 0, 0, 165, 165, 165, 165, 165, 165, 165, 165])
11:21:13.326,array('B', [0])
11:21:13.491,array('B', [1, 242, 234, 241, 20, 43, 118, 5, 255, 3, 181, 0, 0, 0, 0, 0, 0, 0, 0, 165, 165, 165, 165, 165, 165, 165, 165])
11:21:13.496,array('B', [1, 235, 146, 244, 137, 61, 2, 5, 232, 3, 220, 0, 0, 0, 0, 0, 0, 0, 0, 165, 165, 165, 165, 165, 165, 165, 165])
11:21:13.501,array('B', [1, 22, 123, 27, 39, 152, 199, 5, 182, 4, 49, 0, 0, 0, 0, 0, 0, 0, 0, 165, 165, 165, 165, 165, 165, 165, 165])
11:21:13.505,array('B', [1, 28, 168, 29, 46, 152, 119, 5, 154, 4, 91, 0, 0, 0, 0, 0, 0, 0, 0, 165, 165, 165, 165, 165, 165, 165, 165])
11:21:13.517,array('B', [0])
11:21:13.527,array('B', [0])
11:21:13.532,array('B', [1, 55, 43, 29, 168, 178, 98, 4, 223, 2, 36, 0, 0, 0, 0, 0, 0, 0, 0, 165, 165, 165, 165, 165, 165, 165, 165])
11:21:13.543,array('B', [0])
11:21:13.554,array('B', [49, 55, 0, 27, 229, 228, 91, 5, 116, 1, 55, 0, 0, 0, 0, 0, 0, 0, 0, 165, 165, 165, 165, 165, 165, 165, 165])
11:21:13.565,array('B', [0])
11:21:13.576,array('B', [0])
11:21:13.587,array('B', [0])
11:21:13.591,array('B', [1, 230, 181, 232, 206, 204, 135, 7, 50, 253, 82, 0, 0, 0, 0, 0, 0, 0, 0, 165, 165, 165, 165, 165, 165, 165, 165])
11:21:13.598,array('B', [17, 216, 54, 214, 163, 16, 176, 7, 60, 252, 110, 0, 0, 0, 0, 0, 0, 0, 0, 165, 165, 165, 165, 165, 165, 165, 165])
11:21:13.609,array('B', [0])
11:21:13.619,array('B', [0])
11:21:13.625,array('B', [17, 194, 144, 198, 17, 128, 68, 6, 113, 252, 122, 0, 0, 0, 0, 0, 0, 0, 0, 165, 165, 165, 165, 165, 165, 165, 165])
11:21:13.636,array('B', [0])
11:21:13.644,array('B', [33, 196, 163, 213, 28, 171, 22, 6, 9, 253, 70, 0, 0, 0, 0, 0, 0, 0, 0, 165, 165, 165, 165, 165, 165, 165, 165])
11:21:13.651,array('B', [17, 190, 252, 236, 152, 177, 226, 5, 149, 254, 51, 0, 0, 0, 0, 0, 0, 0, 0, 165, 165, 165, 165, 165, 165, 165, 165])
11:21:13.657,array('B', [17, 195, 83, 244, 234, 177, 214, 5, 9, 255, 72, 0, 0, 0, 0, 0, 0, 0, 0, 165, 165, 165, 165, 165, 165, 165, 165])
11:21:13.666,array('B', [33, 204, 220, 247, 254, 176, 146, 4, 184, 255, 209, 0, 0, 0, 0, 0, 0, 0, 0, 165, 165, 165, 165, 165, 165, 165, 165])
11:21:13.677,array('B', [0])
11:21:13.684,array('B', [17, 231, 169, 253, 213, 161, 153, 3, 129, 0, 252, 0, 0, 0, 0, 0, 0, 0, 0, 165, 165, 165, 165, 165, 165, 165, 165])
11:21:13.691,array('B', [17, 241, 209, 6, 215, 140, 91, 3, 36, 1, 63, 0, 0, 0, 0, 0, 0, 0, 0, 165, 165, 165, 165, 165, 165, 165, 165])
11:21:13.701,array('B', [0])
11:21:13.712,array('B', [0])
11:21:13.716,array('B', [1, 11, 3, 18, 183, 57, 50, 2, 17, 1, 253, 0, 0, 0, 0, 0, 0, 0, 0, 165, 165, 165, 165, 165, 165, 165, 165])
11:21:13.728,array('B', [0])
11:21:13.897,array('B', [0])
11:21:13.908,array('B', [0])
11:21:13.919,array('B', [0])
11:21:13.930,array('B', [0])
11:21:13.941,array('B', [0])
11:21:13.952,array('B', [0])
11:21:13.964,array('B', [49, 171, 246, 208, 130, 151, 58, 0, 168, 252, 171, 0, 0, 0, 0, 0, 0, 0, 0, 165, 165, 165, 165, 165, 165, 165, 165])
11:21:13.975,array('B', [0])
11:21:13.982,array('B', [17, 189, 75, 220, 19, 162, 62, 255, 45, 254, 33, 0, 0, 0, 0, 0, 0, 0, 0, 165, 165, 165, 165, 165, 165, 165, 165])
11:21:13.989,array('B', [17, 198, 127, 227, 253, 152, 107, 254, 98, 254, 171, 0, 0, 0, 0, 0, 0, 0, 0, 165, 165, 165, 165, 165, 165, 165, 165])
11:21:14.001,array('B', [0])
11:21:14.010,array('B', [33, 211, 150, 235, 213, 128, 7, 252, 227, 255, 99, 0, 0, 0, 0, 0, 0, 0, 0, 165, 165, 165, 165, 165, 165, 165, 165])
11:21:14.015,array('B', [1, 218, 48, 243, 136, 95, 252, 252, 70, 255, 141, 0, 0, 0, 0, 0, 0, 0, 0, 165, 165, 165, 165, 165, 165, 165, 165])
11:21:14.019,array('B', [1, 218, 54, 253, 54, 67, 59, 251, 235, 255, 153, 0, 0, 0, 0, 0, 0, 0, 0, 165, 165, 165, 165, 165, 165, 165, 165])
11:21:14.030,array('B', [0])
11:21:14.041,array('B', [0])
11:21:14.052,array('B', [0])
11:21:14.061,array('B', [33, 230, 181, 242, 81, 182, 103, 250, 142, 255, 128, 0, 0, 0, 0, 0, 0, 0, 0, 165, 165, 165, 165, 165, 165, 165, 165])
11:21:14.072,array('B', [0])
11:21:14.084,array('B', [0])
11:21:14.090,array('B', [17, 194, 156, 16, 84, 255, 143, 249, 196, 255, 236, 0, 0, 0, 0, 0, 0, 0, 0, 165, 165, 165, 165, 165, 165, 165, 165])
11:21:14.094,array('B', [1, 207, 51, 10, 9, 216, 178, 249, 80, 0, 101, 0, 0, 0, 0, 0, 0, 0, 0, 165, 165, 165, 165, 165, 165, 165, 165])
11:21:14.104,array('B', [33, 220, 19, 6, 38, 200, 45, 248, 211, 0, 218, 0, 0, 0, 0, 0, 0, 0, 0, 165, 165, 165, 165, 165, 165, 165, 165])
11:21:14.108,array('B', [1, 229, 46, 7, 69, 192, 97, 248, 58, 1, 146, 0, 0, 0, 0, 0, 0, 0, 0, 165, 165, 165, 165, 165, 165, 165, 165])
11:21:14.113,array('B', [1, 246, 52, 15, 182, 183, 124, 247, 223, 2, 143, 0, 0, 0, 0, 0, 0, 0, 0, 165, 165, 165, 165, 165, 165, 165, 165])
11:21:14.117,array('B', [1, 253, 213, 18, 232, 180, 190, 247, 219, 3, 79, 0, 0, 0, 0, 0, 0, 0, 0, 165, 165, 165, 165, 165, 165, 165, 165])
11:21:14.294,array('B', [0])
11:21:14.299,array('B', [1, 11, 229, 24, 215, 179, 19, 248, 98, 4, 210, 0, 0, 0, 0, 0, 0, 0, 0, 165, 165, 165, 165, 165, 165, 165, 165])
11:21:14.310,array('B', [0])
11:21:14.322,array('B', [0])
11:21:14.333,array('B', [0])
11:21:14.344,array('B', [0])
11:21:14.355,array('B', [0])
11:21:14.367,array('B', [0])
11:21:14.378,array('B', [0])
11:21:14.389,array('B', [0])
11:21:14.400,array('B', [0])
11:21:14.411,array('B', [0])
11:21:14.422,array('B', [0])
11:21:14.427,array('B', [1, 199, 255, 244, 76, 234, 179, 247, 116, 5, 255, 0, 0, 0, 0, 0, 0, 0, 0, 165, 165, 165, 165, 165, 165, 165, 165])
11:21:14.438,array('B', [0])
11:21:14.447,array('B', [33, 204, 129, 238, 196, 180, 202, 247, 166, 7, 107, 0, 0, 0, 0, 0, 0, 0, 0, 165, 165, 165, 165, 165, 165, 165, 165])
11:21:14.454,array('B', [17, 218, 134, 240, 172, 164, 99, 248, 18, 8, 139, 0, 0, 0, 0, 0, 0, 0, 0, 165, 165, 165, 165, 165, 165, 165, 165])
11:21:14.458,array('B', [1, 238, 220, 240, 38, 164, 50, 248, 222, 9, 233, 0, 0, 0, 0, 0, 0, 0, 0, 165, 165, 165, 165, 165, 165, 165, 165])
11:21:14.470,array('B', [49, 255, 104, 236, 238, 170, 10, 249, 94, 10, 139, 0, 0, 0, 0, 0, 0, 0, 0, 165, 165, 165, 165, 165, 165, 165, 165])
11:21:14.474,array('B', [1, 7, 179, 234, 91, 175, 18, 250, 198, 11, 218, 0, 0, 0, 0, 0, 0, 0, 0, 165, 165, 165, 165, 165, 165, 165, 165])
11:21:14.483,array('B', [33, 22, 105, 228, 33, 193, 219, 252, 54, 12, 189, 0, 0, 0, 0, 0, 0, 0, 0, 165, 165, 165, 165, 165, 165, 165, 165])
11:21:14.653,array('B', [1, 23, 32, 227, 180, 200, 106, 253, 77, 13, 57, 0, 0, 0, 0, 0, 0, 0, 0, 165, 165, 165, 165, 165, 165, 165, 165])
11:21:14.664,array('B', [49, 17, 146, 234, 182, 217, 112, 254, 68, 13, 141, 0, 0, 0, 0, 0, 0, 0, 0, 165, 165, 165, 165, 165, 165, 165, 165])
11:21:14.671,array('B', [17, 231, 28, 23, 38, 76, 246, 0, 124, 14, 5, 0, 0, 0, 0, 0, 0, 0, 0, 165, 165, 165, 165, 165, 165, 165, 165])
11:21:14.682,array('B', [0])
11:21:14.689,array('B', [17, 229, 119, 12, 101, 38, 110, 3, 65, 14, 4, 0, 0, 0, 0, 0, 0, 0, 0, 165, 165, 165, 165, 165, 165, 165, 165])
11:21:14.698,array('B', [33, 218, 158, 5, 32, 10, 88, 3, 98, 12, 135, 0, 0, 0, 0, 0, 0, 0, 0, 165, 165, 165, 165, 165, 165, 165, 165])
11:21:14.710,array('B', [0])
11:21:14.722,array('B', [0])
11:21:14.733,array('B', [0])
11:21:14.744,array('B', [0])
11:21:14.753,array('B', [33, 187, 135, 231, 224, 81, 25, 1, 114, 12, 132, 0, 0, 0, 0, 0, 0, 0, 0, 165, 165, 165, 165, 165, 165, 165, 165])
11:21:14.761,array('B', [33, 188, 252, 232, 181, 55, 83, 1, 101, 12, 198, 0, 0, 0, 0, 0, 0, 0, 0, 165, 165, 165, 165, 165, 165, 165, 165])
11:21:14.772,array('B', [0])
11:21:14.778,array('B', [17, 215, 47, 227, 161, 39, 4, 1, 209, 13, 41, 0, 0, 0, 0, 0, 0, 0, 0, 165, 165, 165, 165, 165, 165, 165, 165])
11:21:14.782,array('B', [1, 225, 142, 233, 29, 36, 150, 2, 71, 13, 53, 0, 0, 0, 0, 0, 0, 0, 0, 165, 165, 165, 165, 165, 165, 165, 165])
11:21:14.793,array('B', [49, 228, 149, 241, 20, 36, 28, 2, 211, 13, 52, 0, 0, 0, 0, 0, 0, 0, 0, 165, 165, 165, 165, 165, 165, 165, 165])
11:21:14.802,array('B', [33, 229, 9, 246, 21, 36, 193, 3, 131, 13, 40, 0, 0, 0, 0, 0, 0, 0, 0, 165, 165, 165, 165, 165, 165, 165, 165])
11:21:14.814,array('B', [49, 231, 108, 2, 37, 43, 219, 4, 98, 12, 254, 0, 0, 0, 0, 0, 0, 0, 0, 165, 165, 165, 165, 165, 165, 165, 165])
11:21:14.818,array('B', [1, 237, 43, 7, 124, 57, 84, 5, 7, 12, 196, 0, 0, 0, 0, 0, 0, 0, 0, 165, 165, 165, 165, 165, 165, 165, 165])
11:21:14.822,array('B', [1, 246, 137, 6, 136, 82, 117, 5, 100, 12, 151, 0, 0, 0, 0, 0, 0, 0, 0, 165, 165, 165, 165, 165, 165, 165, 165])
11:21:14.827,array('B', [1, 248, 95, 6, 8, 91, 132, 6, 94, 11, 246, 0, 0, 0, 0, 0, 0, 0, 0, 165, 165, 165, 165, 165, 165, 165, 165])
11:21:14.839,array('B', [49, 249, 193, 5, 227, 100, 99, 7, 29, 11, 89, 0, 0, 0, 0, 0, 0, 0, 0, 165, 165, 165, 165, 165, 165, 165, 165])
11:21:14.845,array('B', [17, 250, 163, 6, 240, 110, 249, 8, 4, 10, 135, 0, 0, 0, 0, 0, 0, 0, 0, 165, 165, 165, 165, 165, 165, 165, 165])
11:21:14.850,array('B', [1, 249, 181, 9, 112, 134, 105, 8, 73, 10, 70, 0, 0, 0, 0, 0, 0, 0, 0, 165, 165, 165, 165, 165, 165, 165, 165])
11:21:14.857,array('B', [17, 248, 71, 9, 204, 145, 169, 8, 139, 10, 7, 0, 0, 0, 0, 0, 0, 0, 0, 165, 165, 165, 165, 165, 165, 165, 165])
11:21:14.868,array('B', [0])
11:21:14.872,array('B', [1, 248, 187, 6, 81, 167, 165, 9, 107, 9, 12, 0, 0, 0, 0, 0, 0, 0, 0, 165, 165, 165, 165, 165, 165, 165, 165])
11:21:14.879,array('B', [17, 246, 235, 2, 238, 183, 146, 9, 164, 8, 189, 0, 0, 0, 0, 0, 0, 0, 0, 165, 165, 165, 165, 165, 165, 165, 165])
11:21:15.055,array('B', [17, 244, 70, 4, 117, 188, 56, 9, 204, 8, 129, 0, 0, 0, 0, 0, 0, 0, 0, 165, 165, 165, 165, 165, 165, 165, 165])
11:21:15.060,array('B', [1, 241, 14, 6, 215, 196, 212, 9, 245, 8, 65, 0, 0, 0, 0, 0, 0, 0, 0, 165, 165, 165, 165, 165, 165, 165, 165])
11:21:15.071,array('B', [49, 236, 189, 248, 150, 137, 57, 10, 50, 7, 223, 0, 0, 0, 0, 0, 0, 0, 0, 165, 165, 165, 165, 165, 165, 165, 165])
11:21:15.076,array('B', [1, 235, 91, 249, 29, 138, 21, 10, 62, 7, 194, 0, 0, 0, 0, 0, 0, 0, 0, 165, 165, 165, 165, 165, 165, 165, 165])
11:21:15.082,array('B', [17, 231, 175, 251, 5, 143, 47, 10, 73, 7, 146, 0, 0, 0, 0, 0, 0, 0, 0, 165, 165, 165, 165, 165, 165, 165, 165])
11:21:15.087,array('B', [1, 231, 144, 250, 163, 146, 188, 9, 128, 3, 175, 0, 0, 0, 0, 0, 0, 0, 0, 165, 165, 165, 165, 165, 165, 165, 165])
11:21:15.091,array('B', [1, 232, 133, 249, 151, 152, 44, 9, 123, 3, 140, 0, 0, 0, 0, 0, 0, 0, 0, 165, 165, 165, 165, 165, 165, 165, 165])
11:21:15.100,array('B', [33, 234, 42, 247, 229, 157, 27, 9, 96, 3, 33, 0, 0, 0, 0, 0, 0, 0, 0, 165, 165, 165, 165, 165, 165, 165, 165])
11:21:15.105,array('B', [1, 235, 195, 246, 162, 161, 4, 9, 84, 3, 0, 0, 0, 0, 0, 0, 0, 0, 0, 165, 165, 165, 165, 165, 165, 165, 165])
11:21:15.114,array('B', [33, 237, 226, 246, 144, 169, 68, 9, 61, 2, 204, 0, 0, 0, 0, 0, 0, 0, 0, 165, 165, 165, 165, 165, 165, 165, 165])
11:21:15.119,array('B', [1, 238, 116, 247, 132, 172, 215, 9, 44, 2, 173, 0, 0, 0, 0, 0, 0, 0, 0, 165, 165, 165, 165, 165, 165, 165, 165])
11:21:15.130,array('B', [0])
11:21:15.141,array('B', [0])
11:21:15.146,array('B', [1, 241, 7, 251, 176, 187, 62, 8, 249, 2, 93, 0, 0, 0, 0, 0, 0, 0, 0, 165, 165, 165, 165, 165, 165, 165, 165])
11:21:15.155,array('B', [33, 244, 76, 252, 85, 191, 161, 8, 217, 2, 52, 0, 0, 0, 0, 0, 0, 0, 0, 165, 165, 165, 165, 165, 165, 165, 165])
11:21:15.160,array('B', [1, 244, 210, 252, 133, 191, 253, 8, 200, 2, 33, 0, 0, 0, 0, 0, 0, 0, 0, 165, 165, 165, 165, 165, 165, 165, 165])
11:21:15.165,array('B', [1, 242, 57, 255, 37, 189, 203, 8, 164, 1, 250, 0, 0, 0, 0, 0, 0, 0, 0, 165, 165, 165, 165, 165, 165, 165, 165])
11:21:15.176,array('B', [49, 239, 190, 1, 30, 188, 1, 8, 134, 1, 214, 0, 0, 0, 0, 0, 0, 0, 0, 165, 165, 165, 165, 165, 165, 165, 165])
11:21:15.181,array('B', [1, 237, 159, 2, 110, 186, 117, 8, 122, 1, 199, 0, 0, 0, 0, 0, 0, 0, 0, 165, 165, 165, 165, 165, 165, 165, 165])
11:21:15.186,array('B', [1, 237, 73, 1, 6, 185, 238, 8, 96, 1, 167, 0, 0, 0, 0, 0, 0, 0, 0, 165, 165, 165, 165, 165, 165, 165, 165])
11:21:15.190,array('B', [1, 238, 165, 255, 18, 186, 98, 8, 77, 1, 145, 0, 0, 0, 0, 0, 0, 0, 0, 165, 165, 165, 165, 165, 165, 165, 165])
11:21:15.202,array('B', [0])
11:21:15.209,array('B', [17, 240, 129, 253, 73, 186, 43, 8, 2, 1, 69, 0, 0, 0, 0, 0, 0, 0, 0, 165, 165, 165, 165, 165, 165, 165, 165])
11:21:15.216,array('B', [17, 237, 122, 251, 139, 180, 206, 7, 235, 1, 49, 0, 0, 0, 0, 0, 0, 0, 0, 165, 165, 165, 165, 165, 165, 165, 165])
11:21:15.227,array('B', [0])
11:21:15.239,array('B', [49, 231, 187, 253, 115, 173, 167, 7, 196, 1, 18, 0, 0, 0, 0, 0, 0, 0, 0, 165, 165, 165, 165, 165, 165, 165, 165])
11:21:15.243,array('B', [1, 235, 189, 247, 58, 172, 252, 7, 141, 0, 235, 0, 0, 0, 0, 0, 0, 0, 0, 165, 165, 165, 165, 165, 165, 165, 165])
11:21:15.248,array('B', [1, 234, 115, 245, 46, 168, 129, 7, 100, 0, 210, 0, 0, 0, 0, 0, 0, 0, 0, 165, 165, 165, 165, 165, 165, 165, 165])
11:21:15.252,array('B', [1, 232, 29, 248, 22, 165, 219, 7, 54, 0, 181, 0, 0, 0, 0, 0, 0, 0, 0, 165, 165, 165, 165, 165, 165, 165, 165])
11:21:15.257,array('B', [1, 230, 89, 251, 48, 163, 5, 6, 241, 0, 147, 0, 0, 0, 0, 0, 0, 0, 0, 165, 165, 165, 165, 165, 165, 165, 165])
11:21:15.264,array('B', [17, 230, 95, 251, 243, 161, 248, 6, 172, 0, 127, 0, 0, 0, 0, 0, 0, 0, 0, 165, 165, 165, 165, 165, 165, 165, 165])
11:21:15.273,array('B', [33, 232, 200, 250, 212, 161, 163, 6, 145, 0, 117, 0, 0, 0, 0, 0, 0, 0, 0, 165, 165, 165, 165, 165, 165, 165, 165])
11:21:15.282,array('B', [33, 237, 79, 248, 156, 161, 132, 6, 116, 0, 104, 0, 0, 0, 0, 0, 0, 0, 0, 165, 165, 165, 165, 165, 165, 165, 165])
11:21:15.287,array('B', [1, 237, 201, 252, 11, 158, 223, 6, 80, 0, 85, 0, 0, 0, 0, 0, 0, 0, 0, 165, 165, 165, 165, 165, 165, 165, 165])
11:21:15.292,array('B', [1, 236, 195, 254, 67, 156, 76, 6, 45, 0, 69, 0, 0, 0, 0, 0, 0, 0, 0, 165, 165, 165, 165, 165, 165, 165, 165])
11:21:15.303,array('B', [0])
11:21:15.308,array('B', [1, 237, 220, 252, 170, 154, 136, 5, 209, 0, 23, 0, 0, 0, 0, 0, 0, 0, 0, 165, 165, 165, 165, 165, 165, 165, 165])
11:21:15.312,array('B', [1, 236, 146, 251, 188, 151, 214, 5, 155, 255, 246, 0, 0, 0, 0, 0, 0, 0, 0, 165, 165, 165, 165, 165, 165, 165, 165])
11:21:15.317,array('B', [1, 234, 255, 250, 145, 150, 226, 5, 125, 255, 228, 0, 0, 0, 0, 0, 0, 0, 0, 165, 165, 165, 165, 165, 165, 165, 165])
11:21:15.488,array('B', [49, 233, 194, 249, 16, 150, 43, 5, 96, 255, 212, 0, 0, 0, 0, 0, 0, 0, 0, 165, 165, 165, 165, 165, 165, 165, 165])
11:21:15.495,array('B', [17, 232, 65, 247, 58, 149, 116, 5, 29, 255, 179, 0, 0, 0, 0, 0, 0, 0, 0, 165, 165, 165, 165, 165, 165, 165, 165])
11:21:15.507,array('B', [49, 247, 22, 0, 73, 190, 81, 5, 3, 255, 168, 0, 0, 0, 0, 0, 0, 0, 0, 165, 165, 165, 165, 165, 165, 165, 165])
11:21:15.514,array('B', [17, 243, 149, 5, 26, 187, 1, 4, 223, 255, 157, 0, 0, 0, 0, 0, 0, 0, 0, 165, 165, 165, 165, 165, 165, 165, 165])
11:21:15.523,array('B', [33, 240, 99, 10, 131, 182, 79, 4, 186, 255, 150, 0, 0, 0, 0, 0, 0, 0, 0, 165, 165, 165, 165, 165, 165, 165, 165])
11:21:15.528,array('B', [1, 241, 105, 8, 155, 180, 194, 0, 94, 0, 64, 0, 0, 0, 0, 0, 0, 0, 0, 165, 165, 165, 165, 165, 165, 165, 165])
11:21:15.539,array('B', [0])
11:21:15.551,array('B', [0])
11:21:15.562,array('B', [0])
11:21:15.573,array('B', [0])
11:21:15.582,array('B', [33, 232, 126, 250, 175, 163, 48, 255, 190, 0, 83, 0, 0, 0, 0, 0, 0, 0, 0, 165, 165, 165, 165, 165, 165, 165, 165])
11:21:15.594,array('B', [49, 235, 207, 243, 222, 166, 91, 255, 130, 0, 116, 0, 0, 0, 0, 0, 0, 0, 0, 165, 165, 165, 165, 165, 165, 165, 165])
11:21:15.605,array('B', [0])
11:21:15.616,array('B', [0])
11:21:15.627,array('B', [0])
11:21:15.638,array('B', [0])
11:21:15.649,array('B', [49, 236, 55, 236, 177, 168, 13, 254, 69, 1, 132, 0, 0, 0, 0, 0, 0, 0, 0, 165, 165, 165, 165, 165, 165, 165, 165])
11:21:15.661,array('B', [0])
11:21:15.672,array('B', [0])
11:21:15.683,array('B', [0])
11:21:15.688,array('B', [1, 241, 93, 235, 176, 170, 68, 253, 134, 3, 0, 0, 0, 0, 0, 0, 0, 0, 0, 165, 165, 165, 165, 165, 165, 165, 165])
11:21:15.868,array('B', [49, 225, 26, 253, 48, 161, 248, 253, 114, 3, 105, 0, 0, 0, 0, 0, 0, 0, 0, 165, 165, 165, 165, 165, 165, 165, 165])
11:21:15.873,array('B', [1, 226, 63, 254, 207, 164, 23, 253, 108, 3, 223, 0, 0, 0, 0, 0, 0, 0, 0, 165, 165, 165, 165, 165, 165, 165, 165])
11:21:15.884,array('B', [0])
11:21:15.889,array('B', [1, 240, 68, 4, 25, 176, 223, 253, 84, 4, 155, 0, 0, 0, 0, 0, 0, 0, 0, 165, 165, 165, 165, 165, 165, 165, 165])
11:21:15.893,array('B', [1, 239, 172, 2, 98, 174, 33, 253, 68, 4, 182, 0, 0, 0, 0, 0, 0, 0, 0, 165, 165, 165, 165, 165, 165, 165, 165])
11:21:15.897,array('B', [1, 239, 74, 2, 43, 173, 118, 253, 243, 7, 169, 0, 0, 0, 0, 0, 0, 0, 0, 165, 165, 165, 165, 165, 165, 165, 165])
11:21:15.908,array('B', [0])
11:21:15.920,array('B', [49, 238, 159, 0, 238, 172, 69, 254, 24, 7, 213, 0, 0, 0, 0, 0, 0, 0, 0, 165, 165, 165, 165, 165, 165, 165, 165])
11:21:15.924,array('B', [1, 238, 165, 254, 79, 171, 8, 254, 33, 7, 225, 0, 0, 0, 0, 0, 0, 0, 0, 165, 165, 165, 165, 165, 165, 165, 165])
11:21:15.935,array('B', [0])
11:21:15.947,array('B', [0])
11:21:15.951,array('B', [1, 234, 219, 254, 122, 162, 218, 254, 84, 8, 37, 0, 0, 0, 0, 0, 0, 0, 0, 165, 165, 165, 165, 165, 165, 165, 165])
11:21:15.963,array('B', [49, 236, 250, 253, 36, 162, 114, 254, 116, 8, 82, 0, 0, 0, 0, 0, 0, 0, 0, 165, 165, 165, 165, 165, 165, 165, 165])
11:21:15.974,array('B', [0])
11:21:15.981,array('B', [17, 239, 178, 251, 121, 161, 187, 254, 163, 8, 144, 0, 0, 0, 0, 0, 0, 0, 0, 165, 165, 165, 165, 165, 165, 165, 165])
11:21:15.992,array('B', [0])
11:21:16.004,array('B', [49, 233, 194, 4, 172, 156, 2, 254, 219, 8, 203, 0, 0, 0, 0, 0, 0, 0, 0, 165, 165, 165, 165, 165, 165, 165, 165])
11:21:16.013,array('B', [33, 241, 69, 1, 220, 161, 254, 255, 12, 8, 247, 0, 0, 0, 0, 0, 0, 0, 0, 165, 165, 165, 165, 165, 165, 165, 165])
11:21:16.019,array('B', [17, 248, 211, 253, 73, 168, 0, 255, 65, 9, 29, 0, 0, 0, 0, 0, 0, 0, 0, 165, 165, 165, 165, 165, 165, 165, 165])
11:21:16.031,array('B', [0])
11:21:16.035,array('B', [1, 235, 127, 6, 81, 159, 125, 255, 146, 9, 56, 0, 0, 0, 0, 0, 0, 0, 0, 165, 165, 165, 165, 165, 165, 165, 165])
11:21:16.044,array('B', [33, 234, 42, 9, 149, 160, 156, 255, 214, 9, 82, 0, 0, 0, 0, 0, 0, 0, 0, 165, 165, 165, 165, 165, 165, 165, 165])
11:21:16.048,array('B', [1, 239, 19, 5, 154, 164, 213, 0, 14, 9, 104, 0, 0, 0, 0, 0, 0, 0, 0, 165, 165, 165, 165, 165, 165, 165, 165])
11:21:16.059,array('B', [0])
11:21:16.071,array('B', [49, 250, 230, 250, 200, 176, 113, 0, 92, 9, 94, 0, 0, 0, 0, 0, 0, 0, 0, 165, 165, 165, 165, 165, 165, 165, 165])
11:21:16.078,array('B', [17, 245, 58, 253, 79, 174, 149, 0, 114, 9, 92, 0, 0, 0, 0, 0, 0, 0, 0, 165, 165, 165, 165, 165, 165, 165, 165])
11:21:16.085,array('B', [17, 235, 73, 1, 207, 169, 202, 0, 166, 9, 104, 0, 0, 0, 0, 0, 0, 0, 0, 165, 165, 165, 165, 165, 165, 165, 165])
11:21:16.096,array('B', [49, 237, 67, 254, 0, 172, 99, 0, 191, 9, 113, 0, 0, 0, 0, 0, 0, 0, 0, 165, 165, 165, 165, 165, 165, 165, 165])
11:21:16.268,array('B', [17, 243, 155, 246, 241, 178, 34, 0, 255, 9, 133, 0, 0, 0, 0, 0, 0, 0, 0, 165, 165, 165, 165, 165, 165, 165, 165])
11:21:16.279,array('B', [0])
11:21:16.290,array('B', [0])
11:21:16.301,array('B', [0])
11:21:16.310,array('B', [33, 236, 67, 0, 152, 170, 148, 1, 157, 9, 196, 0, 0, 0, 0, 0, 0, 0, 0, 165, 165, 165, 165, 165, 165, 165, 165])
11:21:16.318,array('B', [33, 243, 130, 248, 22, 178, 156, 4, 250, 8, 251, 0, 0, 0, 0, 0, 0, 0, 0, 165, 165, 165, 165, 165, 165, 165, 165])
11:21:16.325,array('B', [17, 244, 112, 246, 21, 180, 188, 5, 43, 8, 207, 0, 0, 0, 0, 0, 0, 0, 0, 165, 165, 165, 165, 165, 165, 165, 165])
11:21:16.337,array('B', [0])
11:21:16.348,array('B', [0])
11:21:16.359,array('B', [0])
11:21:16.370,array('B', [0])
11:21:16.375,array('B', [1, 241, 154, 247, 132, 175, 88, 5, 181, 8, 99, 0, 0, 0, 0, 0, 0, 0, 0, 165, 165, 165, 165, 165, 165, 165, 165])
11:21:16.387,array('B', [0])
11:21:16.398,array('B', [0])
11:21:16.409,array('B', [0])
11:21:16.413,array('B', [1, 239, 165, 249, 10, 170, 44, 6, 28, 7, 245, 0, 0, 0, 0, 0, 0, 0, 0, 165, 165, 165, 165, 165, 165, 165, 165])
11:21:16.424,array('B', [0])
11:21:16.431,array('B', [17, 240, 202, 249, 218, 170, 184, 6, 48, 7, 174, 0, 0, 0, 0, 0, 0, 0, 0, 165, 165, 165, 165, 165, 165, 165, 165])
11:21:16.437,array('B', [17, 235, 24, 254, 189, 165, 115, 6, 70, 7, 137, 0, 0, 0, 0, 0, 0, 0, 0, 165, 165, 165, 165, 165, 165, 165, 165])
11:21:16.448,array('B', [0])
11:21:16.460,array('B', [0])
11:21:16.464,array('B', [1, 244, 125, 254, 43, 172, 57, 6, 133, 7, 54, 0, 0, 0, 0, 0, 0, 0, 0, 165, 165, 165, 165, 165, 165, 165, 165])
11:21:16.468,array('B', [1, 244, 149, 255, 55, 171, 160, 6, 142, 7, 8, 0, 0, 0, 0, 0, 0, 0, 0, 165, 165, 165, 165, 165, 165, 165, 165])
11:21:16.473,array('B', [1, 242, 87, 255, 189, 169, 80, 6, 150, 6, 229, 0, 0, 0, 0, 0, 0, 0, 0, 165, 165, 165, 165, 165, 165, 165, 165])
11:21:16.484,array('B', [0])
11:21:16.495,array('B', [49, 232, 218, 3, 1, 163, 5, 6, 205, 6, 130, 0, 0, 0, 0, 0, 0, 0, 0, 165, 165, 165, 165, 165, 165, 165, 165])
11:21:16.504,array('B', [33, 228, 125, 2, 244, 160, 181, 6, 217, 6, 105, 0, 0, 0, 0, 0, 0, 0, 0, 165, 165, 165, 165, 165, 165, 165, 165])
11:21:16.514,array('B', [0])
11:21:16.692,array('B', [0])
11:21:16.703,array('B', [0])
11:21:16.715,array('B', [0])
11:21:16.719,array('B', [1, 233, 41, 247, 58, 169, 80, 6, 209, 5, 173, 0, 0, 0, 0, 0, 0, 0, 0, 165, 165, 165, 165, 165, 165, 165, 165])
11:21:16.731,array('B', [0])
11:21:16.742,array('B', [0])
11:21:16.752,array('B', [33, 229, 138, 251, 231, 167, 61, 5, 186, 3, 155, 0, 0, 0, 0, 0, 0, 0, 0, 165, 165, 165, 165, 165, 165, 165, 165])
11:21:16.764,array('B', [0])
11:21:16.775,array('B', [0])
11:21:16.780,array('B', [1, 229, 46, 1, 183, 167, 140, 5, 73, 3, 100, 0, 0, 0, 0, 0, 0, 0, 0, 165, 165, 165, 165, 165, 165, 165, 165])
11:21:16.791,array('B', [0])
11:21:16.800,array('B', [33, 241, 178, 251, 194, 177, 34, 5, 26, 3, 92, 0, 0, 0, 0, 0, 0, 0, 0, 165, 165, 165, 165, 165, 165, 165, 165])
11:21:16.811,array('B', [49, 242, 148, 254, 6, 178, 163, 4, 232, 3, 60, 0, 0, 0, 0, 0, 0, 0, 0, 165, 165, 165, 165, 165, 165, 165, 165])
11:21:16.822,array('B', [0])
11:21:16.829,array('B', [17, 238, 202, 254, 43, 175, 223, 4, 187, 3, 29, 0, 0, 0, 0, 0, 0, 0, 0, 165, 165, 165, 165, 165, 165, 165, 165])
11:21:16.840,array('B', [0])
11:21:16.851,array('B', [0])
11:21:16.855,array('B', [1, 231, 199, 253, 30, 170, 105, 4, 124, 2, 233, 0, 0, 0, 0, 0, 0, 0, 0, 165, 165, 165, 165, 165, 165, 165, 165])
11:21:16.866,array('B', [0])
11:21:16.876,array('B', [33, 236, 91, 246, 21, 172, 161, 4, 63, 2, 208, 0, 0, 0, 0, 0, 0, 0, 0, 165, 165, 165, 165, 165, 165, 165, 165])
11:21:16.886,array('B', [0])
11:21:16.898,array('B', [49, 230, 205, 249, 132, 166, 73, 3, 233, 2, 192, 0, 0, 0, 0, 0, 0, 0, 0, 165, 165, 165, 165, 165, 165, 165, 165])
11:21:16.909,array('B', [0])
11:21:16.920,array('B', [0])
11:21:16.924,array('B', [1, 231, 16, 248, 132, 162, 90, 3, 135, 2, 202, 0, 0, 0, 0, 0, 0, 0, 0, 165, 165, 165, 165, 165, 165, 165, 165])
11:21:16.935,array('B', [0])
11:21:17.106,array('B', [0])
11:21:17.117,array('B', [49, 229, 101, 253, 54, 160, 193, 3, 5, 2, 225, 0, 0, 0, 0, 0, 0, 0, 0, 165, 165, 165, 165, 165, 165, 165, 165])
11:21:17.129,array('B', [0])
11:21:17.140,array('B', [0])
11:21:17.151,array('B', [0])
11:21:17.162,array('B', [0])
11:21:17.174,array('B', [0])
11:21:17.185,array('B', [0])
11:21:17.197,array('B', [0])
11:21:17.208,array('B', [0])
11:21:17.219,array('B', [0])
11:21:17.230,array('B', [0])
11:21:17.242,array('B', [0])
11:21:17.253,array('B', [0])
11:21:17.265,array('B', [0])
11:21:17.276,array('B', [0])
11:21:17.287,array('B', [0])
11:21:17.292,array('B', [1, 239, 111, 255, 159, 170, 93, 255, 222, 6, 74, 0, 0, 0, 0, 0, 0, 0, 0, 165, 165, 165, 165, 165, 165, 165, 165])
11:21:17.299,array('B', [17, 234, 231, 4, 160, 168, 153, 255, 224, 6, 97, 0, 0, 0, 0, 0, 0, 0, 0, 165, 165, 165, 165, 165, 165, 165, 165])
11:21:17.312,array('B', [0])
11:21:17.323,array('B', [0])
11:21:17.334,array('B', [0])
11:21:17.346,array('B', [0])
11:21:17.520,array('B', [0])
11:21:17.532,array('B', [0])
11:21:17.543,array('B', [0])
11:21:17.554,array('B', [0])
11:21:17.565,array('B', [0])
11:21:17.572,array('B', [17, 238, 116, 248, 71, 173, 33, 1, 156, 8, 123, 0, 0, 0, 0, 0, 0, 0, 0, 165, 165, 165, 165, 165, 165, 165, 165])
11:21:17.586,array('B', [0])
11:21:17.595,array('B', [33, 231, 163, 254, 128, 166, 152, 1, 198, 8, 142, 0, 0, 0, 0, 0, 0, 0, 0, 165, 165, 165, 165, 165, 165, 165, 165])
11:21:17.606,array('B', [0])
11:21:17.617,array('B', [0])
11:21:17.628,array('B', [0])
11:21:17.640,array('B', [0])
11:21:17.651,array('B', [0])
11:21:17.662,array('B', [0])
11:21:17.669,array('B', [17, 235, 237, 251, 164, 170, 44, 2, 143, 8, 177, 0, 0, 0, 0, 0, 0, 0, 0, 165, 165, 165, 165, 165, 165, 165, 165])
11:21:17.680,array('B', [0])
11:21:17.691,array('B', [0])
11:21:17.698,array('B', [17, 241, 117, 245, 216, 173, 57, 2, 250, 8, 178, 0, 0, 0, 0, 0, 0, 0, 0, 165, 165, 165, 165, 165, 165, 165, 165])
11:21:17.710,array('B', [0])
11:21:17.720,array('B', [0])
11:21:17.732,array('B', [0])
11:21:17.744,array('B', [0])
11:21:17.922,array('B', [0])
