11:21:33.010,None
11:21:33.021,array('B', [0])
11:21:33.032,array('B', [0])
11:21:33.043,array('B', [0])
11:21:33.054,array('B', [0])
11:21:33.224,array('B', [0])
11:21:33.233,array('B', [33, 231, 187, 186, 68, 187, 196, 16, 157, 11, 141, 0, 0, 0, 0, 0, 0, 0, 0, 165, 165, 165, 165, 165, 165, 165, 165])
11:21:33.239,array('B', [1, 241, 56, 234, 42, 185, 98, 17, 98, 10, 202, 0, 0, 0, 0, 0, 0, 0, 0, 165, 165, 165, 165, 165, 165, 165, 165])
11:21:33.243,array('B', [1, 239, 62, 244, 222, 180, 182, 18, 36, 9, 242, 0, 0, 0, 0, 0, 0, 0, 0, 165, 165, 165, 165, 165, 165, 165, 165])
11:21:33.250,array('B', [17, 236, 91, 252, 103, 176, 247, 18, 204, 9, 3, 0, 0, 0, 0, 0, 0, 0, 0, 165, 165, 165, 165, 165, 165, 165, 165])
11:21:33.255,array('B', [1, 234, 115, 2, 153, 174, 76, 25, 46, 250, 70, 0, 0, 0, 0, 0, 0, 0, 0, 165, 165, 165, 165, 165, 165, 165, 165])
11:21:33.259,array('B', [1, 234, 23, 11, 174, 170, 26, 24, 220, 249, 154, 0, 0, 0, 0, 0, 0, 0, 0, 165, 165, 165, 165, 165, 165, 165, 165])
11:21:33.264,array('B', [1, 236, 0, 16, 182, 169, 13, 24, 174, 249, 66, 0, 0, 0, 0, 0, 0, 0, 0, 165, 165, 165, 165, 165, 165, 165, 165])
11:21:33.268,array('B', [1, 240, 93, 18, 244, 169, 56, 24, 136, 248, 251, 0, 0, 0, 0, 0, 0, 0, 0, 165, 165, 165, 165, 165, 165, 165, 165])
11:21:33.272,array('B', [1, 245, 131, 19, 18, 170, 117, 24, 61, 248, 126, 0, 0, 0, 0, 0, 0, 0, 0, 165, 165, 165, 165, 165, 165, 165, 165])
11:21:33.276,array('B', [1, 251, 84, 18, 91, 171, 148, 24, 2, 248, 38, 0, 0, 0, 0, 0, 0, 0, 0, 165, 165, 165, 165, 165, 165, 165, 165])
11:21:33.281,array('B', [1, 0, 146, 17, 170, 172, 136, 23, 193, 247, 206, 0, 0, 0, 0, 0, 0, 0, 0, 165, 165, 165, 165, 165, 165, 165, 165])
11:21:33.287,array('B', [17, 4, 233, 17, 73, 172, 197, 23, 151, 247, 154, 0, 0, 0, 0, 0, 0, 0, 0, 165, 165, 165, 165, 165, 165, 165, 165])
11:21:33.296,array('B', [33, 7, 100, 16, 249, 171, 69, 23, 76, 247, 69, 0, 0, 0, 0, 0, 0, 0, 0, 165, 165, 165, 165, 165, 165, 165, 165])
11:21:33.301,array('B', [1, 6, 142, 17, 97, 166, 201, 23, 13, 247, 2, 0, 0, 0, 0, 0, 0, 0, 0, 165, 165, 165, 165, 165, 165, 165, 165])
11:21:33.305,array('B', [1, 255, 6, 24, 99, 156, 2, 22, 202, 246, 191, 0, 0, 0, 0, 0, 0, 0, 0, 165, 165, 165, 165, 165, 165, 165, 165])
11:21:33.310,array('B', [1, 250, 243, 29, 113, 150, 37, 22, 132, 246, 123, 0, 0, 0, 0, 0, 0, 0, 0, 165, 165, 165, 165, 165, 165, 165, 165])
11:21:33.315,array('B', [1, 249, 29, 32, 145, 146, 133, 22, 5, 246, 0, 0, 0, 0, 0, 0, 0, 0, 0, 165, 165, 165, 165, 165, 165, 165, 165])
11:21:33.319,array('B', [1, 250, 23, 33, 35, 143, 138, 21, 87, 245, 84, 0, 0, 0, 0, 0, 0, 0, 0, 165, 165, 165, 165, 165, 165, 165, 165])
11:21:33.323,array('B', [1, 254, 91, 29, 162, 142, 181, 20, 241, 244, 239, 0, 0, 0, 0, 0, 0, 0, 0, 165, 165, 165, 165, 165, 165, 165, 165])
11:21:33.328,array('B', [1, 2, 189, 24, 142, 143, 47, 20, 158, 244, 156, 0, 0, 0, 0, 0, 0, 0, 0, 165, 165, 165, 165, 165, 165, 165, 165])
11:21:33.332,array('B', [1, 7, 118, 18, 24, 144, 84, 20, 49, 244, 50, 0, 0, 0, 0, 0, 0, 0, 0, 165, 165, 165, 165, 165, 165, 165, 165])
11:21:33.337,array('B', [1, 11, 247, 11, 174, 145, 157, 19, 191, 243, 199, 0, 0, 0, 0, 0, 0, 0, 0, 165, 165, 165, 165, 165, 165, 165, 165])
11:21:33.341,array('B', [1, 16, 23, 4, 62, 146, 66, 19, 96, 243, 111, 0, 0, 0, 0, 0, 0, 0, 0, 165, 165, 165, 165, 165, 165, 165, 165])
11:21:33.345,array('B', [1, 16, 60, 1, 134, 145, 41, 19, 0, 243, 22, 0, 0, 0, 0, 0, 0, 0, 0, 165, 165, 165, 165, 165, 165, 165, 165])
11:21:33.349,array('B', [1, 13, 144, 1, 55, 143, 16, 18, 158, 242, 188, 0, 0, 0, 0, 0, 0, 0, 0, 165, 165, 165, 165, 165, 165, 165, 165])
11:21:33.353,array('B', [1, 8, 179, 2, 244, 140, 107, 18, 7, 242, 51, 0, 0, 0, 0, 0, 0, 0, 0, 165, 165, 165, 165, 165, 165, 165, 165])
11:21:33.358,array('B', [1, 3, 31, 5, 38, 137, 100, 17, 161, 241, 213, 0, 0, 0, 0, 0, 0, 0, 0, 165, 165, 165, 165, 165, 165, 165, 165])
11:21:33.362,array('B', [1, 254, 30, 7, 51, 134, 214, 17, 59, 241, 118, 0, 0, 0, 0, 0, 0, 0, 0, 165, 165, 165, 165, 165, 165, 165, 165])
11:21:33.366,array('B', [1, 250, 102, 7, 228, 133, 135, 16, 212, 241, 22, 0, 0, 0, 0, 0, 0, 0, 0, 165, 165, 165, 165, 165, 165, 165, 165])
11:21:33.370,array('B', [1, 248, 248, 6, 118, 133, 141, 16, 110, 240, 181, 0, 0, 0, 0, 0, 0, 0, 0, 165, 165, 165, 165, 165, 165, 165, 165])
11:21:33.374,array('B', [1, 250, 84, 1, 189, 135, 239, 16, 8, 240, 83, 0, 0, 0, 0, 0, 0, 0, 0, 165, 165, 165, 165, 165, 165, 165, 165])
11:21:33.378,array('B', [1, 252, 91, 253, 109, 138, 69, 15, 162, 239, 241, 0, 0, 0, 0, 0, 0, 0, 0, 165, 165, 165, 165, 165, 165, 165, 165])
11:21:33.381,array('B', [1, 0, 12, 244, 131, 142, 174, 15, 60, 239, 144, 0, 0, 0, 0, 0, 0, 0, 0, 165, 165, 165, 165, 165, 165, 165, 165])
11:21:33.385,array('B', [1, 1, 226, 238, 177, 145, 5, 14, 215, 239, 46, 0, 0, 0, 0, 0, 0, 0, 0, 165, 165, 165, 165, 165, 165, 165, 165])
11:21:33.389,array('B', [1, 2, 98, 231, 169, 147, 121, 14, 115, 238, 205, 0, 0, 0, 0, 0, 0, 0, 0, 165, 165, 165, 165, 165, 165, 165, 165])
11:21:33.393,array('B', [1, 0, 158, 226, 234, 148, 116, 14, 16, 238, 107, 0, 0, 0, 0, 0, 0, 0, 0, 165, 165, 165, 165, 165, 165, 165, 165])
11:21:33.398,array('B', [1, 252, 237, 225, 203, 147, 225, 13, 174, 238, 8, 0, 0, 0, 0, 0, 0, 0, 0, 165, 165, 165, 165, 165, 165, 165, 165])
11:21:33.402,array('B', [1, 245, 198, 229, 83, 145, 182, 13, 77, 237, 164, 0, 0, 0, 0, 0, 0, 0, 0, 165, 165, 165, 165, 165, 165, 165, 165])
11:21:33.407,array('B', [1, 238, 202, 234, 91, 143, 150, 12, 238, 237, 61, 0, 0, 0, 0, 0, 0, 0, 0, 165, 165, 165, 165, 165, 165, 165, 165])
11:21:33.411,array('B', [1, 231, 53, 240, 160, 142, 138, 12, 143, 236, 214, 0, 0, 0, 0, 0, 0, 0, 0, 165, 165, 165, 165, 165, 165, 165, 165])
11:21:33.418,array('B', [17, 228, 88, 243, 2, 143, 77, 12, 49, 236, 111, 0, 0, 0, 0, 0, 0, 0, 0, 165, 165, 165, 165, 165, 165, 165, 165])
11:21:33.427,array('B', [33, 229, 16, 242, 8, 145, 243, 11, 189, 235, 241, 0, 0, 0, 0, 0, 0, 0, 0, 165, 165, 165, 165, 165, 165, 165, 165])
11:21:33.431,array('B', [1, 236, 97, 233, 47, 154, 130, 11, 97, 235, 142, 0, 0, 0, 0, 0, 0, 0, 0, 165, 165, 165, 165, 165, 165, 165, 165])
11:21:33.435,array('B', [1, 247, 113, 219, 201, 167, 79, 10, 239, 235, 23, 0, 0, 0, 0, 0, 0, 0, 0, 165, 165, 165, 165, 165, 165, 165, 165])
11:21:33.440,array('B', [1, 249, 187, 216, 164, 171, 130, 10, 150, 234, 186, 0, 0, 0, 0, 0, 0, 0, 0, 165, 165, 165, 165, 165, 165, 165, 165])
11:21:33.445,array('B', [1, 248, 156, 215, 206, 174, 39, 10, 0, 234, 26, 0, 0, 0, 0, 0, 0, 0, 0, 165, 165, 165, 165, 165, 165, 165, 165])
11:21:33.449,array('B', [1, 244, 15, 218, 6, 174, 70, 9, 74, 233, 80, 0, 0, 0, 0, 0, 0, 0, 0, 165, 165, 165, 165, 165, 165, 165, 165])
11:21:33.460,array('B', [0])
11:21:33.467,array('B', [17, 228, 76, 230, 217, 170, 190, 8, 162, 232, 140, 0, 0, 0, 0, 0, 0, 0, 0, 165, 165, 165, 165, 165, 165, 165, 165])
11:21:33.474,array('B', [17, 219, 79, 247, 193, 170, 227, 8, 89, 232, 56, 0, 0, 0, 0, 0, 0, 0, 0, 165, 165, 165, 165, 165, 165, 165, 165])
11:21:33.486,array('B', [0])
11:21:33.495,array('B', [33, 241, 20, 236, 152, 186, 117, 7, 185, 231, 130, 0, 0, 0, 0, 0, 0, 0, 0, 165, 165, 165, 165, 165, 165, 165, 165])
11:21:33.506,array('B', [0])
11:21:33.518,array('B', [0])
11:21:33.687,array('B', [0])
11:21:33.699,array('B', [0])
11:21:33.710,array('B', [0])
11:21:33.721,array('B', [0])
11:21:33.732,array('B', [0])
11:21:33.743,array('B', [0])
11:21:33.754,array('B', [0])
11:21:33.766,array('B', [0])
11:21:33.777,array('B', [0])
11:21:33.788,array('B', [0])
11:21:33.799,array('B', [0])
11:21:33.810,array('B', [0])
11:21:33.819,array('B', [33, 247, 3, 7, 75, 175, 143, 236, 232, 242, 55, 0, 0, 0, 0, 0, 0, 0, 0, 165, 165, 165, 165, 165, 165, 165, 165])
11:21:33.830,array('B', [0])
11:21:33.839,array('B', [33, 240, 1, 12, 107, 168, 147, 235, 91, 244, 25, 0, 0, 0, 0, 0, 0, 0, 0, 165, 165, 165, 165, 165, 165, 165, 165])
11:21:33.851,array('B', [0])
11:21:33.855,array('B', [1, 249, 126, 8, 21, 166, 30, 233, 238, 245, 253, 0, 0, 0, 0, 0, 0, 0, 0, 165, 165, 165, 165, 165, 165, 165, 165])
11:21:33.862,array('B', [17, 246, 156, 13, 181, 161, 83, 233, 99, 246, 211, 0, 0, 0, 0, 0, 0, 0, 0, 165, 165, 165, 165, 165, 165, 165, 165])
11:21:33.869,array('B', [17, 245, 52, 14, 29, 159, 241, 232, 186, 247, 214, 0, 0, 0, 0, 0, 0, 0, 0, 165, 165, 165, 165, 165, 165, 165, 165])
11:21:33.880,array('B', [0])
11:21:33.885,array('B', [1, 240, 25, 14, 163, 157, 3, 231, 133, 249, 216, 0, 0, 0, 0, 0, 0, 0, 0, 165, 165, 165, 165, 165, 165, 165, 165])
11:21:33.889,array('B', [1, 237, 55, 18, 85, 157, 64, 231, 82, 250, 64, 0, 0, 0, 0, 0, 0, 0, 0, 165, 165, 165, 165, 165, 165, 165, 165])
11:21:34.060,array('B', [0])
11:21:34.064,array('B', [1, 239, 178, 14, 108, 161, 187, 230, 192, 251, 180, 0, 0, 0, 0, 0, 0, 0, 0, 165, 165, 165, 165, 165, 165, 165, 165])
11:21:34.069,array('B', [1, 242, 44, 233, 23, 176, 174, 230, 125, 252, 223, 0, 0, 0, 0, 0, 0, 0, 0, 165, 165, 165, 165, 165, 165, 165, 165])
11:21:34.073,array('B', [1, 240, 99, 234, 48, 175, 113, 230, 107, 253, 100, 0, 0, 0, 0, 0, 0, 0, 0, 165, 165, 165, 165, 165, 165, 165, 165])
11:21:34.080,array('B', [17, 236, 91, 237, 79, 172, 209, 230, 97, 253, 203, 0, 0, 0, 0, 0, 0, 0, 0, 165, 165, 165, 165, 165, 165, 165, 165])
11:21:34.092,array('B', [49, 231, 120, 241, 50, 169, 159, 237, 239, 10, 91, 0, 0, 0, 0, 0, 0, 0, 0, 165, 165, 165, 165, 165, 165, 165, 165])
11:21:34.101,array('B', [33, 225, 216, 244, 51, 166, 73, 238, 51, 10, 149, 0, 0, 0, 0, 0, 0, 0, 0, 165, 165, 165, 165, 165, 165, 165, 165])
11:21:34.108,array('B', [17, 220, 12, 243, 155, 163, 102, 238, 143, 10, 225, 0, 0, 0, 0, 0, 0, 0, 0, 165, 165, 165, 165, 165, 165, 165, 165])
11:21:34.119,array('B', [0])
11:21:34.126,array('B', [17, 225, 87, 245, 58, 168, 202, 239, 116, 11, 154, 0, 0, 0, 0, 0, 0, 0, 0, 165, 165, 165, 165, 165, 165, 165, 165])
11:21:34.133,array('B', [17, 232, 255, 240, 184, 174, 228, 240, 139, 12, 105, 0, 0, 0, 0, 0, 0, 0, 0, 165, 165, 165, 165, 165, 165, 165, 165])
11:21:34.144,array('B', [49, 232, 206, 241, 26, 175, 149, 241, 95, 12, 254, 0, 0, 0, 0, 0, 0, 0, 0, 165, 165, 165, 165, 165, 165, 165, 165])
11:21:34.153,array('B', [33, 229, 16, 245, 119, 174, 27, 241, 251, 13, 106, 0, 0, 0, 0, 0, 0, 0, 0, 165, 165, 165, 165, 165, 165, 165, 165])
11:21:34.158,array('B', [1, 223, 117, 251, 170, 171, 124, 242, 217, 13, 254, 0, 0, 0, 0, 0, 0, 0, 0, 165, 165, 165, 165, 165, 165, 165, 165])
11:21:34.167,array('B', [33, 222, 129, 249, 236, 171, 38, 243, 97, 14, 82, 0, 0, 0, 0, 0, 0, 0, 0, 165, 165, 165, 165, 165, 165, 165, 165])
11:21:34.172,array('B', [1, 222, 202, 249, 10, 171, 26, 243, 217, 14, 156, 0, 0, 0, 0, 0, 0, 0, 0, 165, 165, 165, 165, 165, 165, 165, 165])
11:21:34.176,array('B', [1, 223, 166, 251, 35, 171, 99, 244, 216, 15, 59, 0, 0, 0, 0, 0, 0, 0, 0, 165, 165, 165, 165, 165, 165, 165, 165])
11:21:34.188,array('B', [49, 224, 81, 253, 122, 172, 20, 245, 158, 15, 174, 0, 0, 0, 0, 0, 0, 0, 0, 165, 165, 165, 165, 165, 165, 165, 165])
11:21:34.192,array('B', [1, 226, 76, 254, 238, 173, 51, 246, 13, 15, 234, 0, 0, 0, 0, 0, 0, 0, 0, 165, 165, 165, 165, 165, 165, 165, 165])
11:21:34.204,array('B', [49, 238, 122, 255, 37, 179, 108, 246, 210, 16, 81, 0, 0, 0, 0, 0, 0, 0, 0, 165, 165, 165, 165, 165, 165, 165, 165])
11:21:34.215,array('B', [0])
11:21:34.221,array('B', [17, 246, 235, 1, 183, 183, 109, 247, 146, 16, 183, 0, 0, 0, 0, 0, 0, 0, 0, 165, 165, 165, 165, 165, 165, 165, 165])
11:21:34.232,array('B', [0])
11:21:34.244,array('B', [0])
11:21:34.253,array('B', [33, 246, 76, 15, 157, 183, 134, 249, 103, 17, 178, 0, 0, 0, 0, 0, 0, 0, 0, 165, 165, 165, 165, 165, 165, 165, 165])
11:21:34.262,array('B', [33, 252, 225, 13, 163, 186, 98, 250, 36, 18, 35, 0, 0, 0, 0, 0, 0, 0, 0, 165, 165, 165, 165, 165, 165, 165, 165])
11:21:34.273,array('B', [0])
11:21:34.442,array('B', [17, 0, 115, 13, 53, 185, 128, 251, 55, 18, 215, 0, 0, 0, 0, 0, 0, 0, 0, 165, 165, 165, 165, 165, 165, 165, 165])
11:21:34.453,array('B', [0])
11:21:34.460,array('B', [17, 238, 135, 231, 83, 176, 46, 252, 83, 19, 139, 0, 0, 0, 0, 0, 0, 0, 0, 165, 165, 165, 165, 165, 165, 165, 165])
11:21:34.465,array('B', [1, 231, 218, 237, 250, 176, 247, 252, 219, 19, 220, 0, 0, 0, 0, 0, 0, 0, 0, 165, 165, 165, 165, 165, 165, 165, 165])
11:21:34.471,array('B', [17, 226, 57, 246, 198, 176, 186, 253, 118, 20, 46, 0, 0, 0, 0, 0, 0, 0, 0, 165, 165, 165, 165, 165, 165, 165, 165])
11:21:34.475,array('B', [1, 224, 221, 250, 249, 177, 229, 9, 154, 17, 159, 0, 0, 0, 0, 0, 0, 0, 0, 165, 165, 165, 165, 165, 165, 165, 165])
11:21:34.480,array('B', [1, 227, 94, 251, 157, 181, 66, 10, 91, 16, 248, 0, 0, 0, 0, 0, 0, 0, 0, 165, 165, 165, 165, 165, 165, 165, 165])
11:21:34.484,array('B', [1, 231, 65, 250, 78, 184, 146, 10, 222, 16, 153, 0, 0, 0, 0, 0, 0, 0, 0, 165, 165, 165, 165, 165, 165, 165, 165])
11:21:34.491,array('B', [17, 237, 79, 248, 28, 189, 75, 11, 42, 16, 103, 0, 0, 0, 0, 0, 0, 0, 0, 165, 165, 165, 165, 165, 165, 165, 165])
11:21:34.496,array('B', [1, 242, 44, 246, 119, 192, 235, 11, 169, 16, 19, 0, 0, 0, 0, 0, 0, 0, 0, 165, 165, 165, 165, 165, 165, 165, 165])
11:21:34.500,array('B', [1, 247, 168, 244, 149, 196, 83, 11, 235, 15, 228, 0, 0, 0, 0, 0, 0, 0, 0, 165, 165, 165, 165, 165, 165, 165, 165])
11:21:34.509,array('B', [33, 247, 242, 246, 95, 196, 175, 12, 52, 15, 170, 0, 0, 0, 0, 0, 0, 0, 0, 165, 165, 165, 165, 165, 165, 165, 165])
11:21:34.520,array('B', [0])
11:21:34.524,array('B', [1, 240, 19, 1, 55, 189, 197, 12, 184, 15, 47, 0, 0, 0, 0, 0, 0, 0, 0, 165, 165, 165, 165, 165, 165, 165, 165])
11:21:34.528,array('B', [1, 235, 79, 9, 210, 183, 250, 12, 228, 15, 4, 0, 0, 0, 0, 0, 0, 0, 0, 165, 165, 165, 165, 165, 165, 165, 165])
11:21:34.533,array('B', [1, 235, 152, 11, 9, 183, 18, 13, 28, 14, 207, 0, 0, 0, 0, 0, 0, 0, 0, 165, 165, 165, 165, 165, 165, 165, 165])
11:21:34.537,array('B', [1, 236, 213, 10, 168, 182, 146, 13, 142, 14, 115, 0, 0, 0, 0, 0, 0, 0, 0, 165, 165, 165, 165, 165, 165, 165, 165])
11:21:34.541,array('B', [1, 239, 86, 8, 149, 182, 115, 14, 47, 14, 5, 0, 0, 0, 0, 0, 0, 0, 0, 165, 165, 165, 165, 165, 165, 165, 165])
11:21:34.548,array('B', [17, 241, 93, 6, 215, 182, 66, 14, 109, 13, 221, 0, 0, 0, 0, 0, 0, 0, 0, 165, 165, 165, 165, 165, 165, 165, 165])
11:21:34.557,array('B', [33, 242, 75, 6, 38, 181, 158, 14, 169, 13, 180, 0, 0, 0, 0, 0, 0, 0, 0, 165, 165, 165, 165, 165, 165, 165, 165])
11:21:34.561,array('B', [1, 240, 154, 7, 167, 178, 169, 14, 228, 13, 137, 0, 0, 0, 0, 0, 0, 0, 0, 165, 165, 165, 165, 165, 165, 165, 165])
11:21:34.565,array('B', [1, 235, 140, 13, 108, 172, 203, 15, 44, 13, 81, 0, 0, 0, 0, 0, 0, 0, 0, 165, 165, 165, 165, 165, 165, 165, 165])
11:21:34.571,array('B', [17, 233, 243, 15, 182, 170, 111, 15, 101, 13, 35, 0, 0, 0, 0, 0, 0, 0, 0, 165, 165, 165, 165, 165, 165, 165, 165])
11:21:34.576,array('B', [1, 233, 108, 16, 133, 168, 171, 15, 204, 12, 207, 0, 0, 0, 0, 0, 0, 0, 0, 165, 165, 165, 165, 165, 165, 165, 165])
11:21:34.583,array('B', [17, 235, 134, 14, 133, 167, 140, 16, 76, 12, 108, 0, 0, 0, 0, 0, 0, 0, 0, 165, 165, 165, 165, 165, 165, 165, 165])
11:21:34.588,array('B', [1, 238, 55, 11, 199, 167, 165, 16, 145, 12, 56, 0, 0, 0, 0, 0, 0, 0, 0, 165, 165, 165, 165, 165, 165, 165, 165])
11:21:34.592,array('B', [1, 242, 2, 7, 203, 167, 31, 16, 234, 11, 247, 0, 0, 0, 0, 0, 0, 0, 0, 165, 165, 165, 165, 165, 165, 165, 165])
11:21:34.599,array('B', [17, 242, 93, 6, 221, 165, 207, 17, 85, 11, 164, 0, 0, 0, 0, 0, 0, 0, 0, 165, 165, 165, 165, 165, 165, 165, 165])
11:21:34.610,array('B', [0])
11:21:34.614,array('B', [1, 239, 129, 11, 9, 161, 41, 18, 29, 10, 241, 0, 0, 0, 0, 0, 0, 0, 0, 165, 165, 165, 165, 165, 165, 165, 165])
11:21:34.619,array('B', [1, 240, 80, 10, 131, 159, 64, 18, 110, 10, 162, 0, 0, 0, 0, 0, 0, 0, 0, 165, 165, 165, 165, 165, 165, 165, 165])
11:21:34.628,array('B', [33, 241, 130, 7, 173, 159, 156, 18, 176, 10, 97, 0, 0, 0, 0, 0, 0, 0, 0, 165, 165, 165, 165, 165, 165, 165, 165])
11:21:34.640,array('B', [49, 242, 118, 3, 251, 160, 46, 19, 22, 9, 254, 0, 0, 0, 0, 0, 0, 0, 0, 165, 165, 165, 165, 165, 165, 165, 165])
11:21:34.644,array('B', [1, 240, 190, 2, 25, 159, 46, 19, 230, 9, 49, 0, 0, 0, 0, 0, 0, 0, 0, 165, 165, 165, 165, 165, 165, 165, 165])
11:21:34.656,array('B', [49, 233, 139, 8, 240, 156, 240, 20, 40, 8, 235, 0, 0, 0, 0, 0, 0, 0, 0, 165, 165, 165, 165, 165, 165, 165, 165])
11:21:34.663,array('B', [17, 233, 66, 10, 70, 157, 167, 20, 121, 8, 144, 0, 0, 0, 0, 0, 0, 0, 0, 165, 165, 165, 165, 165, 165, 165, 165])
11:21:34.667,array('B', [1, 242, 136, 0, 152, 166, 61, 21, 9, 7, 231, 0, 0, 0, 0, 0, 0, 0, 0, 165, 165, 165, 165, 165, 165, 165, 165])
11:21:34.676,array('B', [33, 245, 58, 247, 58, 170, 13, 21, 212, 7, 5, 0, 0, 0, 0, 0, 0, 0, 0, 165, 165, 165, 165, 165, 165, 165, 165])
11:21:34.685,array('B', [33, 242, 87, 244, 70, 170, 203, 22, 24, 6, 187, 0, 0, 0, 0, 0, 0, 0, 0, 165, 165, 165, 165, 165, 165, 165, 165])
11:21:34.689,array('B', [1, 228, 107, 251, 255, 165, 250, 22, 200, 5, 226, 0, 0, 0, 0, 0, 0, 0, 0, 165, 165, 165, 165, 165, 165, 165, 165])
11:21:34.700,array('B', [0])
11:21:34.707,array('B', [17, 217, 78, 2, 189, 163, 72, 23, 72, 5, 25, 0, 0, 0, 0, 0, 0, 0, 0, 165, 165, 165, 165, 165, 165, 165, 165])
11:21:34.714,array('B', [17, 234, 29, 241, 184, 175, 33, 23, 178, 4, 132, 0, 0, 0, 0, 0, 0, 0, 0, 165, 165, 165, 165, 165, 165, 165, 165])
11:21:34.721,array('B', [17, 241, 7, 234, 133, 179, 254, 24, 86, 3, 199, 0, 0, 0, 0, 0, 0, 0, 0, 165, 165, 165, 165, 165, 165, 165, 165])
11:21:34.732,array('B', [0])
11:21:34.902,array('B', [33, 231, 224, 242, 51, 176, 58, 25, 38, 2, 177, 0, 0, 0, 0, 0, 0, 0, 0, 165, 165, 165, 165, 165, 165, 165, 165])
11:21:34.907,array('B', [1, 221, 226, 254, 152, 171, 50, 25, 95, 2, 52, 0, 0, 0, 0, 0, 0, 0, 0, 165, 165, 165, 165, 165, 165, 165, 165])
11:21:34.912,array('B', [1, 234, 188, 250, 224, 171, 20, 25, 142, 1, 183, 0, 0, 0, 0, 0, 0, 0, 0, 165, 165, 165, 165, 165, 165, 165, 165])
11:21:34.920,array('B', [33, 234, 91, 250, 255, 172, 2, 25, 195, 1, 58, 0, 0, 0, 0, 0, 0, 0, 0, 165, 165, 165, 165, 165, 165, 165, 165])
11:21:34.925,array('B', [1, 235, 91, 249, 199, 173, 167, 26, 41, 0, 116, 0, 0, 0, 0, 0, 0, 0, 0, 165, 165, 165, 165, 165, 165, 165, 165])
11:21:34.934,array('B', [33, 237, 226, 246, 186, 176, 70, 20, 155, 243, 180, 0, 0, 0, 0, 0, 0, 0, 0, 165, 165, 165, 165, 165, 165, 165, 165])
11:21:34.942,array('B', [17, 237, 220, 246, 52, 176, 150, 20, 96, 243, 104, 0, 0, 0, 0, 0, 0, 0, 0, 165, 165, 165, 165, 165, 165, 165, 165])
11:21:34.949,array('B', [17, 234, 54, 248, 254, 174, 125, 20, 22, 243, 11, 0, 0, 0, 0, 0, 0, 0, 0, 165, 165, 165, 165, 165, 165, 165, 165])
11:21:34.956,array('B', [17, 231, 114, 251, 90, 172, 252, 19, 145, 242, 100, 0, 0, 0, 0, 0, 0, 0, 0, 165, 165, 165, 165, 165, 165, 165, 165])
11:21:34.967,array('B', [49, 231, 126, 251, 231, 172, 99, 19, 85, 242, 26, 0, 0, 0, 0, 0, 0, 0, 0, 165, 165, 165, 165, 165, 165, 165, 165])
11:21:34.978,array('B', [0])
11:21:34.982,array('B', [1, 239, 202, 247, 193, 175, 52, 18, 77, 240, 220, 0, 0, 0, 0, 0, 0, 0, 0, 165, 165, 165, 165, 165, 165, 165, 165])
11:21:34.991,array('B', [33, 241, 38, 248, 28, 174, 167, 17, 219, 240, 87, 0, 0, 0, 0, 0, 0, 0, 0, 165, 165, 165, 165, 165, 165, 165, 165])
11:21:34.998,array('B', [17, 240, 105, 249, 132, 173, 130, 17, 104, 239, 209, 0, 0, 0, 0, 0, 0, 0, 0, 165, 165, 165, 165, 165, 165, 165, 165])
11:21:35.009,array('B', [0])
11:21:35.013,array('B', [1, 238, 196, 255, 134, 169, 50, 15, 238, 238, 47, 0, 0, 0, 0, 0, 0, 0, 0, 165, 165, 165, 165, 165, 165, 165, 165])
11:21:35.023,array('B', [33, 242, 173, 253, 36, 168, 129, 15, 166, 237, 226, 0, 0, 0, 0, 0, 0, 0, 0, 165, 165, 165, 165, 165, 165, 165, 165])
11:21:35.029,array('B', [17, 244, 33, 252, 11, 167, 214, 15, 0, 237, 50, 0, 0, 0, 0, 0, 0, 0, 0, 165, 165, 165, 165, 165, 165, 165, 165])
11:21:35.041,array('B', [0])
11:21:35.048,array('B', [17, 238, 135, 255, 61, 160, 181, 13, 163, 235, 204, 0, 0, 0, 0, 0, 0, 0, 0, 165, 165, 165, 165, 165, 165, 165, 165])
11:21:35.055,array('B', [17, 233, 170, 1, 220, 156, 198, 13, 82, 235, 123, 0, 0, 0, 0, 0, 0, 0, 0, 165, 165, 165, 165, 165, 165, 165, 165])
11:21:35.066,array('B', [0])
11:21:35.077,array('B', [49, 237, 214, 247, 193, 159, 168, 12, 1, 234, 41, 0, 0, 0, 0, 0, 0, 0, 0, 165, 165, 165, 165, 165, 165, 165, 165])
11:21:35.088,array('B', [0])
11:21:35.093,array('B', [1, 231, 163, 248, 126, 158, 253, 10, 85, 232, 134, 0, 0, 0, 0, 0, 0, 0, 0, 165, 165, 165, 165, 165, 165, 165, 165])
11:21:35.104,array('B', [0])
11:21:35.115,array('B', [49, 234, 164, 242, 2, 164, 17, 8, 193, 230, 244, 0, 0, 0, 0, 0, 0, 0, 0, 165, 165, 165, 165, 165, 165, 165, 165])
11:21:35.126,array('B', [0])
11:21:35.136,array('B', [0])
11:21:35.141,array('B', [1, 233, 194, 244, 240, 170, 135, 6, 102, 228, 172, 0, 0, 0, 0, 0, 0, 0, 0, 165, 165, 165, 165, 165, 165, 165, 165])
11:21:35.315,array('B', [33, 244, 100, 240, 86, 177, 22, 5, 123, 227, 201, 0, 0, 0, 0, 0, 0, 0, 0, 165, 165, 165, 165, 165, 165, 165, 165])
11:21:35.326,array('B', [0])
11:21:35.338,array('B', [49, 234, 23, 250, 53, 171, 240, 3, 195, 226, 64, 0, 0, 0, 0, 0, 0, 0, 0, 165, 165, 165, 165, 165, 165, 165, 165])
11:21:35.347,array('B', [33, 232, 224, 255, 61, 170, 178, 2, 211, 225, 128, 0, 0, 0, 0, 0, 0, 0, 0, 165, 165, 165, 165, 165, 165, 165, 165])
11:21:35.352,array('B', [1, 242, 148, 247, 205, 175, 33, 2, 133, 225, 66, 0, 0, 0, 0, 0, 0, 0, 0, 165, 165, 165, 165, 165, 165, 165, 165])
11:21:35.361,array('B', [33, 244, 57, 245, 235, 173, 118, 244, 24, 233, 77, 0, 0, 0, 0, 0, 0, 0, 0, 165, 165, 165, 165, 165, 165, 165, 165])
11:21:35.368,array('B', [17, 241, 203, 247, 162, 170, 178, 243, 38, 234, 70, 0, 0, 0, 0, 0, 0, 0, 0, 165, 165, 165, 165, 165, 165, 165, 165])
11:21:35.372,array('B', [1, 233, 66, 254, 134, 162, 102, 242, 35, 235, 76, 0, 0, 0, 0, 0, 0, 0, 0, 165, 165, 165, 165, 165, 165, 165, 165])
11:21:35.380,array('B', [17, 229, 119, 1, 12, 157, 222, 241, 98, 236, 11, 0, 0, 0, 0, 0, 0, 0, 0, 165, 165, 165, 165, 165, 165, 165, 165])
11:21:35.384,array('B', [1, 229, 241, 0, 54, 156, 192, 240, 243, 236, 122, 0, 0, 0, 0, 0, 0, 0, 0, 165, 165, 165, 165, 165, 165, 165, 165])
11:21:35.393,array('B', [33, 234, 11, 251, 78, 157, 21, 240, 33, 237, 83, 0, 0, 0, 0, 0, 0, 0, 0, 165, 165, 165, 165, 165, 165, 165, 165])
11:21:35.398,array('B', [1, 235, 237, 249, 4, 157, 131, 239, 117, 238, 9, 0, 0, 0, 0, 0, 0, 0, 0, 165, 165, 165, 165, 165, 165, 165, 165])
11:21:35.409,array('B', [49, 237, 85, 247, 150, 157, 192, 239, 18, 238, 115, 0, 0, 0, 0, 0, 0, 0, 0, 165, 165, 165, 165, 165, 165, 165, 165])
11:21:35.415,array('B', [17, 236, 244, 248, 120, 157, 131, 238, 75, 239, 70, 0, 0, 0, 0, 0, 0, 0, 0, 165, 165, 165, 165, 165, 165, 165, 165])
11:21:35.419,array('B', [1, 233, 206, 249, 102, 156, 253, 237, 232, 239, 174, 0, 0, 0, 0, 0, 0, 0, 0, 165, 165, 165, 165, 165, 165, 165, 165])
11:21:35.423,array('B', [1, 231, 218, 249, 151, 157, 3, 237, 10, 240, 151, 0, 0, 0, 0, 0, 0, 0, 0, 165, 165, 165, 165, 165, 165, 165, 165])
11:21:35.435,array('B', [0])
11:21:35.446,array('B', [49, 229, 70, 251, 194, 157, 52, 235, 133, 242, 56, 0, 0, 0, 0, 0, 0, 0, 0, 165, 165, 165, 165, 165, 165, 165, 165])
11:21:35.450,array('B', [1, 228, 21, 255, 147, 160, 4, 234, 246, 242, 213, 0, 0, 0, 0, 0, 0, 0, 0, 165, 165, 165, 165, 165, 165, 165, 165])
11:21:35.459,array('B', [33, 234, 255, 251, 249, 167, 171, 234, 153, 243, 62, 0, 0, 0, 0, 0, 0, 0, 0, 165, 165, 165, 165, 165, 165, 165, 165])
11:21:35.464,array('B', [1, 238, 80, 249, 108, 170, 154, 234, 62, 243, 167, 0, 0, 0, 0, 0, 0, 0, 0, 165, 165, 165, 165, 165, 165, 165, 165])
11:21:35.475,array('B', [49, 242, 57, 246, 21, 175, 64, 233, 56, 244, 224, 0, 0, 0, 0, 0, 0, 0, 0, 165, 165, 165, 165, 165, 165, 165, 165])
11:21:35.482,array('B', [17, 241, 50, 246, 229, 175, 198, 232, 93, 245, 238, 0, 0, 0, 0, 0, 0, 0, 0, 165, 165, 165, 165, 165, 165, 165, 165])
11:21:35.487,array('B', [1, 234, 158, 253, 219, 173, 179, 232, 18, 246, 74, 0, 0, 0, 0, 0, 0, 0, 0, 165, 165, 165, 165, 165, 165, 165, 165])
11:21:35.496,array('B', [33, 233, 182, 255, 183, 173, 191, 231, 113, 247, 13, 0, 0, 0, 0, 0, 0, 0, 0, 165, 165, 165, 165, 165, 165, 165, 165])
11:21:35.502,array('B', [17, 235, 79, 254, 49, 174, 222, 231, 29, 247, 120, 0, 0, 0, 0, 0, 0, 0, 0, 165, 165, 165, 165, 165, 165, 165, 165])
11:21:35.507,array('B', [1, 241, 87, 247, 52, 178, 169, 230, 95, 248, 126, 0, 0, 0, 0, 0, 0, 0, 0, 165, 165, 165, 165, 165, 165, 165, 165])
11:21:35.511,array('B', [1, 243, 118, 243, 149, 179, 218, 229, 251, 249, 27, 0, 0, 0, 0, 0, 0, 0, 0, 165, 165, 165, 165, 165, 165, 165, 165])
11:21:35.520,array('B', [33, 242, 167, 243, 8, 179, 90, 229, 197, 249, 115, 0, 0, 0, 0, 0, 0, 0, 0, 165, 165, 165, 165, 165, 165, 165, 165])
11:21:35.525,array('B', [1, 240, 74, 242, 167, 177, 229, 229, 82, 250, 48, 0, 0, 0, 0, 0, 0, 0, 0, 165, 165, 165, 165, 165, 165, 165, 165])
11:21:35.532,array('B', [17, 231, 108, 245, 119, 171, 221, 229, 10, 250, 168, 0, 0, 0, 0, 0, 0, 0, 0, 165, 165, 165, 165, 165, 165, 165, 165])
11:21:35.703,array('B', [0])
11:21:35.710,array('B', [17, 223, 197, 250, 78, 166, 183, 228, 170, 251, 93, 0, 0, 0, 0, 0, 0, 0, 0, 165, 165, 165, 165, 165, 165, 165, 165])
11:21:35.719,array('B', [33, 222, 80, 249, 254, 164, 176, 228, 95, 252, 28, 0, 0, 0, 0, 0, 0, 0, 0, 165, 165, 165, 165, 165, 165, 165, 165])
11:21:35.730,array('B', [49, 217, 249, 252, 121, 163, 163, 228, 67, 252, 141, 0, 0, 0, 0, 0, 0, 0, 0, 165, 165, 165, 165, 165, 165, 165, 165])
11:21:35.741,array('B', [0])
11:21:35.748,array('B', [17, 238, 171, 232, 23, 179, 35, 237, 54, 11, 147, 0, 0, 0, 0, 0, 0, 0, 0, 165, 165, 165, 165, 165, 165, 165, 165])
11:21:35.752,array('B', [1, 238, 226, 231, 163, 180, 11, 237, 228, 12, 37, 0, 0, 0, 0, 0, 0, 0, 0, 165, 165, 165, 165, 165, 165, 165, 165])
11:21:35.757,array('B', [1, 233, 224, 237, 201, 176, 131, 238, 188, 12, 210, 0, 0, 0, 0, 0, 0, 0, 0, 165, 165, 165, 165, 165, 165, 165, 165])
11:21:35.762,array('B', [1, 231, 22, 241, 105, 174, 27, 239, 153, 13, 119, 0, 0, 0, 0, 0, 0, 0, 0, 165, 165, 165, 165, 165, 165, 165, 165])
11:21:35.768,array('B', [17, 228, 180, 244, 149, 171, 215, 240, 97, 14, 1, 0, 0, 0, 0, 0, 0, 0, 0, 165, 165, 165, 165, 165, 165, 165, 165])
11:21:35.774,array('B', [1, 227, 143, 245, 137, 170, 117, 240, 234, 14, 95, 0, 0, 0, 0, 0, 0, 0, 0, 165, 165, 165, 165, 165, 165, 165, 165])
11:21:35.786,array('B', [0])
11:21:35.790,array('B', [1, 230, 40, 245, 52, 169, 202, 241, 169, 14, 230, 0, 0, 0, 0, 0, 0, 0, 0, 165, 165, 165, 165, 165, 165, 165, 165])
11:21:35.794,array('B', [1, 234, 243, 245, 33, 170, 135, 242, 24, 15, 52, 0, 0, 0, 0, 0, 0, 0, 0, 165, 165, 165, 165, 165, 165, 165, 165])
11:21:35.806,array('B', [49, 236, 73, 245, 113, 170, 80, 242, 179, 15, 159, 0, 0, 0, 0, 0, 0, 0, 0, 165, 165, 165, 165, 165, 165, 165, 165])
11:21:35.810,array('B', [1, 236, 232, 246, 9, 169, 159, 243, 32, 15, 232, 0, 0, 0, 0, 0, 0, 0, 0, 165, 165, 165, 165, 165, 165, 165, 165])
11:21:35.817,array('B', [17, 233, 224, 250, 66, 166, 0, 244, 31, 16, 145, 0, 0, 0, 0, 0, 0, 0, 0, 165, 165, 165, 165, 165, 165, 165, 165])
11:21:35.822,array('B', [1, 231, 132, 253, 250, 164, 84, 244, 114, 16, 199, 0, 0, 0, 0, 0, 0, 0, 0, 165, 165, 165, 165, 165, 165, 165, 165])
11:21:35.829,array('B', [17, 229, 150, 2, 110, 162, 249, 244, 218, 17, 9, 0, 0, 0, 0, 0, 0, 0, 0, 165, 165, 165, 165, 165, 165, 165, 165])
11:21:35.840,array('B', [0])
11:21:35.848,array('B', [17, 234, 182, 2, 43, 165, 207, 246, 54, 17, 229, 0, 0, 0, 0, 0, 0, 0, 0, 165, 165, 165, 165, 165, 165, 165, 165])
11:21:35.859,array('B', [0])
11:21:35.864,array('B', [1, 241, 246, 254, 24, 169, 178, 247, 53, 18, 136, 0, 0, 0, 0, 0, 0, 0, 0, 165, 165, 165, 165, 165, 165, 165, 165])
11:21:35.872,array('B', [33, 234, 36, 6, 75, 165, 189, 247, 208, 18, 233, 0, 0, 0, 0, 0, 0, 0, 0, 165, 165, 165, 165, 165, 165, 165, 165])
11:21:35.876,array('B', [1, 232, 4, 8, 155, 164, 225, 248, 177, 19, 104, 0, 0, 0, 0, 0, 0, 0, 0, 165, 165, 165, 165, 165, 165, 165, 165])
11:21:35.887,array('B', [0])
11:21:35.891,array('B', [1, 235, 79, 5, 239, 168, 80, 250, 56, 20, 51, 0, 0, 0, 0, 0, 0, 0, 0, 165, 165, 165, 165, 165, 165, 165, 165])
11:21:35.899,array('B', [17, 243, 69, 252, 194, 175, 15, 250, 146, 20, 98, 0, 0, 0, 0, 0, 0, 0, 0, 165, 165, 165, 165, 165, 165, 165, 165])
11:21:35.906,array('B', [17, 244, 112, 249, 242, 176, 229, 251, 91, 20, 197, 0, 0, 0, 0, 0, 0, 0, 0, 165, 165, 165, 165, 165, 165, 165, 165])
11:21:35.917,array('B', [0])
11:21:35.922,array('B', [1, 236, 0, 251, 145, 174, 241, 252, 135, 21, 51, 0, 0, 0, 0, 0, 0, 0, 0, 165, 165, 165, 165, 165, 165, 165, 165])
11:21:35.931,array('B', [33, 229, 16, 254, 134, 172, 197, 252, 225, 21, 72, 0, 0, 0, 0, 0, 0, 0, 0, 165, 165, 165, 165, 165, 165, 165, 165])
11:21:36.108,array('B', [0])
11:21:36.118,array('B', [33, 234, 231, 247, 199, 176, 125, 253, 231, 21, 113, 0, 0, 0, 0, 0, 0, 0, 0, 165, 165, 165, 165, 165, 165, 165, 165])
11:21:36.122,array('B', [1, 234, 42, 3, 92, 169, 184, 254, 202, 21, 141, 0, 0, 0, 0, 0, 0, 0, 0, 165, 165, 165, 165, 165, 165, 165, 165])
11:21:36.129,array('B', [17, 235, 189, 3, 86, 169, 153, 255, 49, 21, 148, 0, 0, 0, 0, 0, 0, 0, 0, 165, 165, 165, 165, 165, 165, 165, 165])
11:21:36.136,array('B', [17, 236, 250, 2, 37, 169, 233, 255, 226, 21, 144, 0, 0, 0, 0, 0, 0, 0, 0, 165, 165, 165, 165, 165, 165, 165, 165])
11:21:36.147,array('B', [0])
11:21:36.158,array('B', [0])
11:21:36.163,array('B', [1, 233, 249, 1, 43, 166, 116, 14, 53, 14, 121, 0, 0, 0, 0, 0, 0, 0, 0, 165, 165, 165, 165, 165, 165, 165, 165])
11:21:36.174,array('B', [0])
11:21:36.178,array('B', [1, 237, 67, 249, 230, 166, 140, 15, 44, 13, 166, 0, 0, 0, 0, 0, 0, 0, 0, 165, 165, 165, 165, 165, 165, 165, 165])
11:21:36.182,array('B', [1, 236, 103, 248, 4, 164, 243, 15, 247, 12, 249, 0, 0, 0, 0, 0, 0, 0, 0, 165, 165, 165, 165, 165, 165, 165, 165])
11:21:36.193,array('B', [49, 233, 218, 248, 230, 163, 48, 16, 193, 12, 67, 0, 0, 0, 0, 0, 0, 0, 0, 165, 165, 165, 165, 165, 165, 165, 165])
11:21:36.197,array('B', [1, 231, 35, 250, 169, 161, 41, 17, 26, 11, 236, 0, 0, 0, 0, 0, 0, 0, 0, 165, 165, 165, 165, 165, 165, 165, 165])
11:21:36.206,array('B', [33, 226, 210, 255, 208, 157, 222, 17, 201, 11, 56, 0, 0, 0, 0, 0, 0, 0, 0, 165, 165, 165, 165, 165, 165, 165, 165])
11:21:36.211,array('B', [1, 227, 143, 0, 18, 158, 21, 18, 37, 10, 219, 0, 0, 0, 0, 0, 0, 0, 0, 165, 165, 165, 165, 165, 165, 165, 165])
11:21:36.218,array('B', [17, 232, 230, 252, 30, 161, 254, 18, 94, 10, 163, 0, 0, 0, 0, 0, 0, 0, 0, 165, 165, 165, 165, 165, 165, 165, 165])
11:21:36.222,array('B', [1, 236, 55, 249, 126, 164, 194, 19, 57, 9, 209, 0, 0, 0, 0, 0, 0, 0, 0, 165, 165, 165, 165, 165, 165, 165, 165])
11:21:36.227,array('B', [1, 238, 147, 248, 71, 167, 177, 19, 157, 9, 113, 0, 0, 0, 0, 0, 0, 0, 0, 165, 165, 165, 165, 165, 165, 165, 165])
11:21:36.234,array('B', [17, 238, 74, 249, 41, 168, 129, 20, 68, 8, 197, 0, 0, 0, 0, 0, 0, 0, 0, 165, 165, 165, 165, 165, 165, 165, 165])
11:21:36.238,array('B', [1, 236, 158, 251, 164, 168, 226, 20, 151, 8, 103, 0, 0, 0, 0, 0, 0, 0, 0, 165, 165, 165, 165, 165, 165, 165, 165])
11:21:36.243,array('B', [1, 234, 48, 255, 55, 169, 74, 21, 3, 7, 229, 0, 0, 0, 0, 0, 0, 0, 0, 165, 165, 165, 165, 165, 165, 165, 165])
11:21:36.254,array('B', [49, 234, 5, 255, 232, 170, 44, 21, 62, 7, 156, 0, 0, 0, 0, 0, 0, 0, 0, 165, 165, 165, 165, 165, 165, 165, 165])
11:21:36.259,array('B', [1, 235, 24, 255, 6, 171, 117, 21, 136, 7, 66, 0, 0, 0, 0, 0, 0, 0, 0, 165, 165, 165, 165, 165, 165, 165, 165])
11:21:36.270,array('B', [49, 239, 141, 250, 41, 175, 186, 21, 241, 6, 199, 0, 0, 0, 0, 0, 0, 0, 0, 165, 165, 165, 165, 165, 165, 165, 165])
11:21:36.275,array('B', [1, 239, 135, 249, 206, 176, 52, 22, 44, 6, 130, 0, 0, 0, 0, 0, 0, 0, 0, 165, 165, 165, 165, 165, 165, 165, 165])
11:21:36.286,array('B', [49, 235, 219, 251, 194, 175, 192, 22, 114, 6, 45, 0, 0, 0, 0, 0, 0, 0, 0, 165, 165, 165, 165, 165, 165, 165, 165])
11:21:36.297,array('B', [0])
11:21:36.302,array('B', [1, 234, 219, 249, 199, 177, 46, 23, 42, 5, 49, 0, 0, 0, 0, 0, 0, 0, 0, 165, 165, 165, 165, 165, 165, 165, 165])
11:21:36.306,array('B', [1, 236, 250, 245, 46, 179, 139, 23, 179, 4, 105, 0, 0, 0, 0, 0, 0, 0, 0, 165, 165, 165, 165, 165, 165, 165, 165])
11:21:36.313,array('B', [17, 237, 49, 243, 222, 179, 254, 23, 236, 4, 22, 0, 0, 0, 0, 0, 0, 0, 0, 165, 165, 165, 165, 165, 165, 165, 165])
11:21:36.318,array('B', [1, 236, 140, 243, 179, 179, 175, 24, 100, 3, 94, 0, 0, 0, 0, 0, 0, 0, 0, 165, 165, 165, 165, 165, 165, 165, 165])
11:21:36.328,array('B', [0])
11:21:36.333,array('B', [1, 231, 199, 246, 119, 177, 40, 24, 242, 2, 83, 0, 0, 0, 0, 0, 0, 0, 0, 165, 165, 165, 165, 165, 165, 165, 165])
11:21:36.337,array('B', [1, 227, 94, 251, 5, 175, 21, 25, 17, 2, 15, 0, 0, 0, 0, 0, 0, 0, 0, 165, 165, 165, 165, 165, 165, 165, 165])
11:21:36.342,array('B', [1, 227, 198, 251, 54, 175, 155, 25, 72, 1, 152, 0, 0, 0, 0, 0, 0, 0, 0, 165, 165, 165, 165, 165, 165, 165, 165])
11:21:36.346,array('B', [1, 229, 125, 250, 59, 176, 144, 25, 104, 1, 83, 0, 0, 0, 0, 0, 0, 0, 0, 165, 165, 165, 165, 165, 165, 165, 165])
11:21:36.524,array('B', [0])
11:21:36.528,array('B', [1, 234, 84, 246, 34, 179, 41, 25, 227, 0, 62, 0, 0, 0, 0, 0, 0, 0, 0, 165, 165, 165, 165, 165, 165, 165, 165])
11:21:36.540,array('B', [0])
11:21:36.547,array('B', [17, 235, 250, 24, 75, 149, 226, 26, 20, 255, 165, 0, 0, 0, 0, 0, 0, 0, 0, 165, 165, 165, 165, 165, 165, 165, 165])
11:21:36.558,array('B', [0])
11:21:36.569,array('B', [0])
11:21:36.573,array('B', [1, 234, 48, 36, 171, 146, 97, 18, 100, 240, 128, 0, 0, 0, 0, 0, 0, 0, 0, 165, 165, 165, 165, 165, 165, 165, 165])
11:21:36.585,array('B', [0])
11:21:36.589,array('B', [1, 240, 178, 31, 35, 151, 251, 16, 193, 238, 239, 0, 0, 0, 0, 0, 0, 0, 0, 165, 165, 165, 165, 165, 165, 165, 165])
11:21:36.600,array('B', [0])
11:21:36.605,array('B', [1, 237, 43, 28, 192, 154, 227, 14, 190, 237, 32, 0, 0, 0, 0, 0, 0, 0, 0, 165, 165, 165, 165, 165, 165, 165, 165])
11:21:36.616,array('B', [0])
11:21:36.620,array('B', [1, 230, 132, 24, 2, 158, 52, 13, 87, 235, 236, 0, 0, 0, 0, 0, 0, 0, 0, 165, 165, 165, 165, 165, 165, 165, 165])
11:21:36.632,array('B', [49, 231, 218, 15, 5, 164, 54, 13, 0, 235, 162, 0, 0, 0, 0, 0, 0, 0, 0, 165, 165, 165, 165, 165, 165, 165, 165])
11:21:36.643,array('B', [0])
11:21:36.650,array('B', [17, 227, 3, 5, 251, 171, 252, 11, 177, 234, 135, 0, 0, 0, 0, 0, 0, 0, 0, 165, 165, 165, 165, 165, 165, 165, 165])
11:21:36.661,array('B', [0])
11:21:36.672,array('B', [0])
11:21:36.676,array('B', [1, 228, 247, 249, 145, 189, 26, 9, 188, 232, 202, 0, 0, 0, 0, 0, 0, 0, 0, 165, 165, 165, 165, 165, 165, 165, 165])
11:21:36.681,array('B', [1, 227, 235, 244, 192, 191, 222, 9, 9, 232, 39, 0, 0, 0, 0, 0, 0, 0, 0, 165, 165, 165, 165, 165, 165, 165, 165])
11:21:36.685,array('B', [1, 224, 185, 245, 119, 190, 216, 8, 159, 231, 197, 0, 0, 0, 0, 0, 0, 0, 0, 165, 165, 165, 165, 165, 165, 165, 165])
11:21:36.695,array('B', [33, 221, 110, 247, 10, 189, 136, 8, 5, 231, 48, 0, 0, 0, 0, 0, 0, 0, 0, 165, 165, 165, 165, 165, 165, 165, 165])
11:21:36.704,array('B', [33, 217, 249, 248, 187, 188, 20, 7, 117, 230, 156, 0, 0, 0, 0, 0, 0, 0, 0, 165, 165, 165, 165, 165, 165, 165, 165])
11:21:36.882,array('B', [0])
11:21:36.893,array('B', [0])
11:21:36.904,array('B', [0])
11:21:36.916,array('B', [0])
11:21:36.925,array('B', [33, 235, 146, 4, 172, 178, 10, 5, 199, 228, 234, 0, 0, 0, 0, 0, 0, 0, 0, 165, 165, 165, 165, 165, 165, 165, 165])
11:21:36.936,array('B', [0])
11:21:36.945,array('B', [33, 217, 115, 22, 38, 169, 196, 247, 209, 231, 4, 0, 0, 0, 0, 0, 0, 0, 0, 165, 165, 165, 165, 165, 165, 165, 165])
11:21:36.950,array('B', [1, 220, 134, 19, 85, 172, 63, 246, 238, 231, 231, 0, 0, 0, 0, 0, 0, 0, 0, 165, 165, 165, 165, 165, 165, 165, 165])
11:21:36.961,array('B', [0])
11:21:36.973,array('B', [0])
11:21:36.984,array('B', [0])
11:21:36.991,array('B', [17, 224, 50, 9, 94, 174, 76, 243, 255, 235, 83, 0, 0, 0, 0, 0, 0, 0, 0, 165, 165, 165, 165, 165, 165, 165, 165])
11:21:37.001,array('B', [33, 218, 122, 8, 57, 170, 215, 243, 187, 235, 158, 0, 0, 0, 0, 0, 0, 0, 0, 165, 165, 165, 165, 165, 165, 165, 165])
11:21:37.011,array('B', [0])
11:21:37.016,array('B', [1, 213, 211, 16, 5, 170, 117, 242, 56, 237, 95, 0, 0, 0, 0, 0, 0, 0, 0, 165, 165, 165, 165, 165, 165, 165, 165])
11:21:37.027,array('B', [0])
11:21:37.038,array('B', [0])
11:21:37.047,array('B', [33, 242, 228, 3, 135, 190, 14, 240, 134, 239, 175, 0, 0, 0, 0, 0, 0, 0, 0, 165, 165, 165, 165, 165, 165, 165, 165])
11:21:37.058,array('B', [0])
11:21:37.070,array('B', [0])
11:21:37.077,array('B', [17, 221, 220, 27, 161, 168, 49, 239, 23, 241, 186, 0, 0, 0, 0, 0, 0, 0, 0, 165, 165, 165, 165, 165, 165, 165, 165])
11:21:37.088,array('B', [0])
11:21:37.267,array('B', [33, 239, 104, 10, 113, 172, 215, 238, 21, 243, 75, 0, 0, 0, 0, 0, 0, 0, 0, 165, 165, 165, 165, 165, 165, 165, 165])
11:21:37.279,array('B', [0])
11:21:37.290,array('B', [0])
11:21:37.301,array('B', [0])
11:21:37.310,array('B', [33, 242, 99, 23, 56, 179, 90, 236, 34, 247, 18, 0, 0, 0, 0, 0, 0, 0, 0, 165, 165, 165, 165, 165, 165, 165, 165])
11:21:37.321,array('B', [49, 247, 107, 23, 154, 180, 47, 238, 80, 4, 100, 0, 0, 0, 0, 0, 0, 0, 0, 165, 165, 165, 165, 165, 165, 165, 165])
11:21:37.333,array('B', [0])
11:21:37.339,array('B', [17])
11:21:37.344,array('B', [1, 230, 229, 30, 28, 166, 116, 239, 160, 6, 224, 0, 0, 0, 0, 0, 0, 0, 0, 165, 165, 165, 165, 165, 165, 165, 165])
11:21:37.348,array('B', [1, 230, 107, 29, 10, 167, 49, 239, 251, 7, 141, 0, 0, 0, 0, 0, 0, 0, 0, 165, 165, 165, 165, 165, 165, 165, 165])
11:21:37.352,array('B', [1, 233, 121, 24, 252, 169, 233, 240, 126, 8, 103, 0, 0, 0, 0, 0, 0, 0, 0, 165, 165, 165, 165, 165, 165, 165, 165])
11:21:37.357,array('B', [1, 237, 134, 20, 92, 172, 240, 241, 64, 9, 113, 0, 0, 0, 0, 0, 0, 0, 0, 165, 165, 165, 165, 165, 165, 165, 165])
11:21:37.368,array('B', [49, 241, 252, 15, 84, 176, 64, 241, 171, 9, 248, 0, 0, 0, 0, 0, 0, 0, 0, 165, 165, 165, 165, 165, 165, 165, 165])
11:21:37.379,array('B', [0])
11:21:37.390,array('B', [0])
11:21:37.400,array('B', [33, 240, 196, 9, 88, 179, 90, 242, 126, 10, 247, 0, 0, 0, 0, 0, 0, 0, 0, 165, 165, 165, 165, 165, 165, 165, 165])
11:21:37.406,array('B', [17])
11:21:37.417,array('B', [0])
11:21:37.424,array('B', [17, 238, 147, 7, 75, 176, 95, 243, 232, 12, 135, 0, 0, 0, 0, 0, 0, 0, 0, 165, 165, 165, 165, 165, 165, 165, 165])
11:21:37.436,array('B', [0])
11:21:37.440,array('B', [1, 235, 54, 2, 116, 173, 88, 245, 87, 13, 218, 0, 0, 0, 0, 0, 0, 0, 0, 165, 165, 165, 165, 165, 165, 165, 165])
11:21:37.449,array('B', [33, 227, 149, 2, 238, 168, 190, 245, 188, 14, 50, 0, 0, 0, 0, 0, 0, 0, 0, 165, 165, 165, 165, 165, 165, 165, 165])
11:21:37.460,array('B', [0])
11:21:37.466,array('B', [17, 226, 161, 252, 188, 166, 226, 246, 254, 15, 34, 0, 0, 0, 0, 0, 0, 0, 0, 165, 165, 165, 165, 165, 165, 165, 165])
11:21:37.478,array('B', [0])
11:21:37.489,array('B', [0])
11:21:37.496,array('B', [17, 231, 150, 247, 174, 165, 219, 248, 231, 16, 63, 0, 0, 0, 0, 0, 0, 0, 0, 165, 165, 165, 165, 165, 165, 165, 165])
11:21:37.506,array('B', [33, 231, 157, 248, 132, 164, 207, 249, 204, 16, 162, 0, 0, 0, 0, 0, 0, 0, 0, 165, 165, 165, 165, 165, 165, 165, 165])
11:21:37.517,array('B', [0])
11:21:37.529,array('B', [0])
11:21:37.707,array('B', [33, 232, 78, 250, 47, 161, 22, 252, 28, 17, 94, 0, 0, 0, 0, 0, 0, 0, 0, 165, 165, 165, 165, 165, 165, 165, 165])
11:21:37.714,array('B', [17, 230, 175, 252, 60, 158, 58, 252, 172, 17, 127, 0, 0, 0, 0, 0, 0, 0, 0, 165, 165, 165, 165, 165, 165, 165, 165])
11:21:37.722,array('B', [17, 199, 249, 80, 143, 148, 225, 253, 122, 17, 164, 0, 0, 0, 0, 0, 0, 0, 0, 165, 165, 165, 165, 165, 165, 165, 165])
11:21:37.729,array('B', [17, 209, 179, 75, 56, 152, 80, 254, 94, 17, 193, 0, 0, 0, 0, 0, 0, 0, 0, 165, 165, 165, 165, 165, 165, 165, 165])
11:21:37.740,array('B', [0])
11:21:37.749,array('B', [33, 214, 248, 79, 210, 153, 81, 13, 212, 14, 121, 0, 0, 0, 0, 0, 0, 0, 0, 165, 165, 165, 165, 165, 165, 165, 165])
11:21:37.761,array('B', [0])
11:21:37.768,array('B', [17, 227, 204, 98, 253, 138, 33, 15, 64, 14, 49, 0, 0, 0, 0, 0, 0, 0, 0, 165, 165, 165, 165, 165, 165, 165, 165])
11:21:37.777,array('B', [33, 249, 175, 101, 199, 132, 250, 15, 241, 14, 4, 0, 0, 0, 0, 0, 0, 0, 0, 165, 165, 165, 165, 165, 165, 165, 165])
11:21:37.789,array('B', [0])
11:21:37.800,array('B', [0])
11:21:37.806,array('B', [17, 245, 52, 109, 227, 93, 11, 19, 79, 12, 160, 0, 0, 0, 0, 0, 0, 0, 0, 165, 165, 165, 165, 165, 165, 165, 165])
11:21:37.813,array('B', [17, 211, 229, 133, 168, 65, 215, 19, 226, 12, 66, 0, 0, 0, 0, 0, 0, 0, 0, 165, 165, 165, 165, 165, 165, 165, 165])
11:21:37.824,array('B', [0])
11:21:37.835,array('B', [0])
11:21:37.846,array('B', [0])
11:21:37.857,array('B', [0])
11:21:37.868,array('B', [0])
11:21:37.879,array('B', [0])
11:21:37.890,array('B', [0])
11:21:37.901,array('B', [0])
11:21:37.912,array('B', [0])
11:21:37.923,array('B', [49, 2, 67, 252, 255, 104, 143, 31, 175, 254, 102, 0, 0, 0, 0, 0, 0, 0, 0, 165, 165, 165, 165, 165, 165, 165, 165])
11:21:37.935,array('B', [0])
11:21:37.946,array('B', [0])
11:21:37.958,array('B', [0])
11:21:38.141,array('B', [0])
11:21:38.152,array('B', [0])
11:21:38.164,array('B', [0])
11:21:38.174,array('B', [0])
11:21:38.185,array('B', [0])
11:21:38.196,array('B', [0])
11:21:38.207,array('B', [0])
11:21:38.218,array('B', [0])
11:21:38.229,array('B', [0])
11:21:38.240,array('B', [0])
11:21:38.251,array('B', [0])
11:21:38.262,array('B', [0])
11:21:38.273,array('B', [0])
11:21:38.285,array('B', [0])
11:21:38.296,array('B', [0])
11:21:38.307,array('B', [0])
11:21:38.318,array('B', [0])
11:21:38.329,array('B', [0])
11:21:38.340,array('B', [0])
11:21:38.508,array('B', [0])
11:21:38.519,array('B', [0])
11:21:38.531,array('B', [0])
11:21:38.542,array('B', [0])
11:21:38.554,array('B', [0])
11:21:38.565,array('B', [0])
11:21:38.576,array('B', [0])
11:21:38.587,array('B', [0])
11:21:38.598,array('B', [0])
11:21:38.609,array('B', [0])
11:21:38.619,array('B', [0])
11:21:38.631,array('B', [0])
11:21:38.642,array('B', [0])
11:21:38.654,array('B', [0])
11:21:38.665,array('B', [0])
11:21:38.677,array('B', [0])
11:21:38.689,array('B', [0])
11:21:38.700,array('B', [0])
11:21:38.711,array('B', [0])
11:21:38.722,array('B', [0])
11:21:38.733,array('B', [0])
11:21:38.906,array('B', [0])
11:21:38.917,array('B', [0])
11:21:38.929,array('B', [0])
11:21:38.940,array('B', [0])
11:21:38.951,array('B', [0])
11:21:38.962,array('B', [0])
11:21:38.972,array('B', [0])
11:21:38.984,array('B', [0])
11:21:38.995,array('B', [0])
11:21:39.006,array('B', [0])
11:21:39.017,array('B', [0])
11:21:39.028,array('B', [0])
11:21:39.038,array('B', [0])
11:21:39.049,array('B', [0])
11:21:39.061,array('B', [0])
11:21:39.072,array('B', [0])
11:21:39.083,array('B', [0])
11:21:39.094,array('B', [0])
11:21:39.274,array('B', [0])
11:21:39.286,array('B', [0])
11:21:39.297,array('B', [0])
11:21:39.308,array('B', [0])
11:21:39.319,array('B', [0])
11:21:39.331,array('B', [0])
11:21:39.341,array('B', [0])
11:21:39.353,array('B', [0])
11:21:39.364,array('B', [0])
11:21:39.375,array('B', [0])
11:21:39.386,array('B', [0])
11:21:39.397,array('B', [0])
11:21:39.408,array('B', [0])
11:21:39.420,array('B', [0])
11:21:39.431,array('B', [0])
11:21:39.442,array('B', [0])
11:21:39.453,array('B', [0])
11:21:39.464,array('B', [0])
11:21:39.631,array('B', [0])
11:21:39.642,array('B', [0])
11:21:39.653,array('B', [0])
11:21:39.664,array('B', [0])
11:21:39.675,array('B', [0])
11:21:39.687,array('B', [0])
11:21:39.698,array('B', [0])
11:21:39.709,array('B', [0])
11:21:39.720,array('B', [0])
11:21:39.732,array('B', [0])
11:21:39.743,array('B', [0])
11:21:39.754,array('B', [0])
11:21:39.765,array('B', [0])
11:21:39.776,array('B', [0])
11:21:39.788,array('B', [0])
11:21:39.799,array('B', [0])
11:21:39.810,array('B', [0])
11:21:39.976,array('B', [0])
11:21:39.988,array('B', [0])
11:21:39.999,array('B', [0])
11:21:40.010,array('B', [0])
11:21:40.022,array('B', [0])
11:21:40.033,array('B', [0])
11:21:40.044,array('B', [0])
11:21:40.055,array('B', [0])
11:21:40.066,array('B', [0])
11:21:40.077,array('B', [0])
11:21:40.089,array('B', [0])
11:21:40.100,array('B', [0])
11:21:40.111,array('B', [0])
11:21:40.122,array('B', [0])
11:21:40.133,array('B', [0])
11:21:40.144,array('B', [0])
11:21:40.155,array('B', [0])
11:21:40.166,array('B', [0])
11:21:40.344,array('B', [0])
11:21:40.355,array('B', [0])
11:21:40.367,array('B', [0])
11:21:40.378,array('B', [0])
11:21:40.390,array('B', [0])
11:21:40.401,array('B', [0])
11:21:40.412,array('B', [0])
11:21:40.423,array('B', [0])
11:21:40.434,array('B', [0])
11:21:40.446,array('B', [0])
11:21:40.458,array('B', [0])
11:21:40.469,array('B', [0])
11:21:40.480,array('B', [0])
11:21:40.491,array('B', [0])
11:21:40.502,array('B', [0])
11:21:40.513,array('B', [0])
11:21:40.524,array('B', [0])
11:21:40.535,array('B', [0])
11:21:40.546,array('B', [0])
11:21:40.717,array('B', [0])
11:21:40.728,array('B', [0])
11:21:40.738,array('B', [0])
11:21:40.749,array('B', [0])
11:21:40.760,array('B', [0])
11:21:40.771,array('B', [0])
11:21:40.782,array('B', [0])
11:21:40.794,array('B', [0])
11:21:40.805,array('B', [0])
11:21:40.816,array('B', [0])
11:21:40.827,array('B', [0])
11:21:40.839,array('B', [0])
11:21:40.849,array('B', [0])
11:21:40.860,array('B', [0])
11:21:40.872,array('B', [0])
11:21:40.884,array('B', [0])
11:21:40.895,array('B', [0])
11:21:40.905,array('B', [0])
11:21:40.916,array('B', [0])
11:21:41.097,array('B', [0])
11:21:41.109,array('B', [0])
11:21:41.120,array('B', [0])
11:21:41.131,array('B', [0])
11:21:41.142,array('B', [0])
11:21:41.154,array('B', [0])
11:21:41.165,array('B', [0])
11:21:41.176,array('B', [0])
11:21:41.188,array('B', [0])
11:21:41.199,array('B', [0])
11:21:41.210,array('B', [0])
11:21:41.221,array('B', [0])
11:21:41.232,array('B', [0])
11:21:41.243,array('B', [0])
11:21:41.254,array('B', [0])
11:21:41.265,array('B', [0])
11:21:41.276,array('B', [0])
11:21:41.288,array('B', [0])
11:21:41.299,array('B', [0])
11:21:41.480,array('B', [0])
11:21:41.493,array('B', [0])
11:21:41.505,array('B', [0])
11:21:41.516,array('B', [0])
11:21:41.527,array('B', [0])
11:21:41.538,array('B', [0])
11:21:41.549,array('B', [0])
11:21:41.560,array('B', [0])
11:21:41.571,array('B', [0])
11:21:41.581,array('B', [0])
11:21:41.592,array('B', [0])
11:21:41.604,array('B', [0])
11:21:41.615,array('B', [0])
11:21:41.626,array('B', [0])
11:21:41.642,array('B', [0])
11:21:41.653,array('B', [0])
11:21:41.664,array('B', [0])
11:21:41.676,array('B', [0])
11:21:41.687,array('B', [0])
11:21:41.698,array('B', [0])
11:21:41.710,array('B', [0])
11:21:41.721,array('B', [0])
11:21:41.894,array('B', [0])
11:21:41.906,array('B', [0])
11:21:41.917,array('B', [0])
11:21:41.928,array('B', [0])
11:21:41.938,array('B', [0])
11:21:41.950,array('B', [0])
11:21:41.961,array('B', [0])
11:21:41.972,array('B', [0])
11:21:41.984,array('B', [0])
11:21:41.995,array('B', [0])
11:21:42.007,array('B', [0])
11:21:42.019,array('B', [0])
11:21:42.030,array('B', [0])
11:21:42.041,array('B', [0])
11:21:42.052,array('B', [0])
11:21:42.064,array('B', [0])
11:21:42.075,array('B', [0])
11:21:42.086,array('B', [0])
11:21:42.097,array('B', [0])
11:21:42.108,array('B', [0])
11:21:42.281,array('B', [0])
11:21:42.292,array('B', [0])
11:21:42.303,array('B', [0])
11:21:42.315,array('B', [0])
11:21:42.326,array('B', [0])
11:21:42.337,array('B', [0])
11:21:42.349,array('B', [0])
11:21:42.360,array('B', [0])
11:21:42.371,array('B', [0])
11:21:42.382,array('B', [0])
11:21:42.394,array('B', [0])
11:21:42.405,array('B', [0])
11:21:42.416,array('B', [0])
11:21:42.427,array('B', [0])
11:21:42.437,array('B', [0])
11:21:42.448,array('B', [0])
11:21:42.459,array('B', [0])
11:21:42.633,array('B', [0])
11:21:42.644,array('B', [33, 1, 0, 216, 54, 197, 23, 12, 9, 12, 155, 0, 0, 0, 0, 0, 0, 0, 0, 165, 165, 165, 165, 165, 165, 165, 165])
11:21:42.655,array('B', [49, 240, 178, 231, 175, 201, 6, 12, 99, 12, 91, 0, 0, 0, 0, 0, 0, 0, 0, 165, 165, 165, 165, 165, 165, 165, 165])
11:21:42.665,array('B', [33, 238, 0, 234, 194, 209, 241, 12, 199, 12, 38, 0, 0, 0, 0, 0, 0, 0, 0, 165, 165, 165, 165, 165, 165, 165, 165])
11:21:42.669,array('B', [1, 250, 23, 224, 8, 225, 39, 13, 46, 12, 8, 0, 0, 0, 0, 0, 0, 0, 0, 165, 165, 165, 165, 165, 165, 165, 165])
11:21:42.678,array('B', [33, 251, 170, 222, 233, 232, 53, 17, 87, 10, 55, 0, 0, 0, 0, 0, 0, 0, 0, 165, 165, 165, 165, 165, 165, 165, 165])
11:21:42.687,array('B', [33, 250, 212, 225, 118, 234, 5, 17, 124, 9, 250, 0, 0, 0, 0, 0, 0, 0, 0, 165, 165, 165, 165, 165, 165, 165, 165])
11:21:42.698,array('B', [0])
11:21:42.702,array('B', [1, 254, 30, 237, 250, 240, 196, 17, 181, 9, 242, 0, 0, 0, 0, 0, 0, 0, 0, 165, 165, 165, 165, 165, 165, 165, 165])
11:21:42.709,array('B', [17, 247, 138, 244, 70, 238, 92, 17, 188, 9, 248, 0, 0, 0, 0, 0, 0, 0, 0, 165, 165, 165, 165, 165, 165, 165, 165])
11:21:42.718,array('B', [33, 243, 161, 247, 248, 236, 97, 17, 200, 10, 3, 0, 0, 0, 0, 0, 0, 0, 0, 165, 165, 165, 165, 165, 165, 165, 165])
11:21:42.723,array('B', [1, 239, 178, 252, 11, 234, 139, 17, 210, 10, 10, 0, 0, 0, 0, 0, 0, 0, 0, 165, 165, 165, 165, 165, 165, 165, 165])
11:21:42.728,array('B', [1, 242, 75, 246, 113, 238, 122, 17, 219, 10, 13, 0, 0, 0, 0, 0, 0, 0, 0, 165, 165, 165, 165, 165, 165, 165, 165])
11:21:42.732,array('B', [1, 245, 168, 239, 98, 242, 173, 17, 218, 10, 7, 0, 0, 0, 0, 0, 0, 0, 0, 165, 165, 165, 165, 165, 165, 165, 165])
11:21:42.737,array('B', [1, 248, 138, 233, 11, 245, 216, 17, 214, 9, 247, 0, 0, 0, 0, 0, 0, 0, 0, 165, 165, 165, 165, 165, 165, 165, 165])
11:21:42.748,array('B', [0])
11:21:42.752,array('B', [1, 251, 212, 221, 104, 250, 163, 17, 202, 9, 233, 0, 0, 0, 0, 0, 0, 0, 0, 165, 165, 165, 165, 165, 165, 165, 165])
11:21:42.759,array('B', [17, 244, 125, 216, 90, 249, 151, 17, 197, 9, 245, 0, 0, 0, 0, 0, 0, 0, 0, 165, 165, 165, 165, 165, 165, 165, 165])
11:21:42.764,array('B', [1, 238, 232, 215, 249, 247, 199, 17, 193, 10, 11, 0, 0, 0, 0, 0, 0, 0, 0, 165, 165, 165, 165, 165, 165, 165, 165])
11:21:42.768,array('B', [1, 233, 17, 215, 53, 245, 235, 17, 189, 10, 33, 0, 0, 0, 0, 0, 0, 0, 0, 165, 165, 165, 165, 165, 165, 165, 165])
11:21:42.777,array('B', [33, 230, 101, 214, 53, 245, 137, 17, 169, 10, 102, 0, 0, 0, 0, 0, 0, 0, 0, 165, 165, 165, 165, 165, 165, 165, 165])
11:21:42.782,array('B', [1, 230, 126, 213, 53, 245, 216, 17, 154, 10, 132, 0, 0, 0, 0, 0, 0, 0, 0, 165, 165, 165, 165, 165, 165, 165, 165])
11:21:42.793,array('B', [49, 236, 238, 211, 64, 249, 10, 17, 131, 10, 166, 0, 0, 0, 0, 0, 0, 0, 0, 165, 165, 165, 165, 165, 165, 165, 165])
11:21:42.804,array('B', [0])
11:21:42.808,array('B', [1, 0, 18, 201, 232, 5, 251, 17, 91, 10, 219, 0, 0, 0, 0, 0, 0, 0, 0, 165, 165, 165, 165, 165, 165, 165, 165])
11:21:42.819,array('B', [49, 7, 2, 189, 99, 8, 179, 17, 55, 11, 24, 0, 0, 0, 0, 0, 0, 0, 0, 165, 165, 165, 165, 165, 165, 165, 165])
11:21:42.826,array('B', [17, 4, 178, 187, 215, 5, 178, 17, 38, 11, 62, 0, 0, 0, 0, 0, 0, 0, 0, 165, 165, 165, 165, 165, 165, 165, 165])
11:21:42.837,array('B', [0])
11:21:42.842,array('B', [1, 216, 121, 206, 44, 218, 6, 16, 242, 12, 57, 0, 0, 0, 0, 0, 0, 0, 0, 165, 165, 165, 165, 165, 165, 165, 165])
11:21:42.846,array('B', [1, 181, 90, 222, 233, 183, 225, 16, 235, 12, 110, 0, 0, 0, 0, 0, 0, 0, 0, 165, 165, 165, 165, 165, 165, 165, 165])
11:21:42.851,array('B', [1, 173, 143, 224, 32, 172, 142, 16, 217, 12, 224, 0, 0, 0, 0, 0, 0, 0, 0, 165, 165, 165, 165, 165, 165, 165, 165])
11:21:43.023,array('B', [1, 172, 173, 220, 244, 165, 250, 16, 210, 12, 238, 0, 0, 0, 0, 0, 0, 0, 0, 165, 165, 165, 165, 165, 165, 165, 165])
11:21:43.034,array('B', [0])
11:21:43.045,array('B', [0])
11:21:43.056,array('B', [0])
11:21:43.067,array('B', [0])
11:21:43.078,array('B', [0])
11:21:43.089,array('B', [0])
11:21:43.100,array('B', [0])
11:21:43.111,array('B', [0])
11:21:43.122,array('B', [0])
11:21:43.133,array('B', [49, 210, 204, 22, 154, 126, 236, 24, 46, 5, 103, 0, 0, 0, 0, 0, 0, 0, 0, 165, 165, 165, 165, 165, 165, 165, 165])
11:21:43.144,array('B', [0])
11:21:43.155,array('B', [0])
11:21:43.166,array('B', [0])
11:21:43.177,array('B', [0])
11:21:43.187,array('B', [0])
11:21:43.198,array('B', [0])
11:21:43.209,array('B', [0])
11:21:43.221,array('B', [49, 6, 209, 236, 244, 221, 251, 23, 102, 253, 201, 0, 0, 0, 0, 0, 0, 0, 0, 165, 165, 165, 165, 165, 165, 165, 165])
11:21:43.392,array('B', [0])
11:21:43.403,array('B', [0])
11:21:43.414,array('B', [0])
11:21:43.425,array('B', [0])
11:21:43.437,array('B', [0])
11:21:43.448,array('B', [0])
11:21:43.459,array('B', [0])
11:21:43.470,array('B', [0])
11:21:43.482,array('B', [0])
11:21:43.492,array('B', [0])
11:21:43.503,array('B', [0])
11:21:43.514,array('B', [0])
11:21:43.525,array('B', [0])
11:21:43.536,array('B', [0])
11:21:43.547,array('B', [0])
11:21:43.557,array('B', [0])
11:21:43.568,array('B', [0])
11:21:43.579,array('B', [0])
11:21:43.590,array('B', [0])
11:21:43.602,array('B', [0])
11:21:43.613,array('B', [0])
11:21:43.624,array('B', [0])
11:21:43.635,array('B', [0])
11:21:43.806,array('B', [0])
11:21:43.818,array('B', [0])
11:21:43.828,array('B', [0])
11:21:43.838,array('B', [0])
11:21:43.849,array('B', [0])
11:21:43.860,array('B', [0])
11:21:43.870,array('B', [0])
11:21:43.881,array('B', [0])
11:21:43.893,array('B', [0])
11:21:43.904,array('B', [0])
11:21:43.915,array('B', [0])
11:21:43.926,array('B', [0])
11:21:43.937,array('B', [0])
11:21:43.949,array('B', [0])
11:21:43.959,array('B', [0])
11:21:43.970,array('B', [0])
11:21:43.982,array('B', [0])
11:21:43.993,array('B', [0])
11:21:44.009,array('B', [0])
11:21:44.021,array('B', [0])
11:21:44.202,array('B', [0])
11:21:44.214,array('B', [0])
11:21:44.225,array('B', [0])
11:21:44.236,array('B', [0])
11:21:44.248,array('B', [0])
11:21:44.259,array('B', [0])
11:21:44.270,array('B', [0])
11:21:44.281,array('B', [0])
11:21:44.293,array('B', [0])
11:21:44.304,array('B', [0])
11:21:44.315,array('B', [0])
11:21:44.327,array('B', [0])
11:21:44.338,array('B', [0])
11:21:44.349,array('B', [0])
11:21:44.361,array('B', [0])
11:21:44.373,array('B', [0])
11:21:44.384,array('B', [0])
11:21:44.395,array('B', [0])
11:21:44.406,array('B', [0])
11:21:44.417,array('B', [0])
11:21:44.428,array('B', [0])
11:21:44.591,array('B', [0])
11:21:44.602,array('B', [0])
11:21:44.613,array('B', [0])
11:21:44.625,array('B', [0])
11:21:44.636,array('B', [0])
11:21:44.647,array('B', [0])
11:21:44.658,array('B', [0])
11:21:44.670,array('B', [0])
11:21:44.681,array('B', [0])
11:21:44.692,array('B', [0])
11:21:44.703,array('B', [0])
11:21:44.714,array('B', [0])
11:21:44.725,array('B', [0])
11:21:44.736,array('B', [0])
11:21:44.747,array('B', [0])
11:21:44.758,array('B', [0])
11:21:44.932,array('B', [0])
11:21:44.944,array('B', [0])
11:21:44.956,array('B', [0])
11:21:44.967,array('B', [0])
11:21:44.978,array('B', [0])
11:21:44.989,array('B', [0])
11:21:45.005,array('B', [0])
11:21:45.017,array('B', [0])
11:21:45.028,array('B', [0])
11:21:45.039,array('B', [0])
11:21:45.051,array('B', [0])
11:21:45.062,array('B', [0])
11:21:45.073,array('B', [0])
11:21:45.084,array('B', [0])
11:21:45.096,array('B', [0])
11:21:45.107,array('B', [0])
11:21:45.118,array('B', [0])
11:21:45.129,array('B', [0])
11:21:45.140,array('B', [0])
11:21:45.151,array('B', [0])
11:21:45.332,array('B', [0])
11:21:45.343,array('B', [0])
11:21:45.354,array('B', [0])
11:21:45.365,array('B', [0])
11:21:45.376,array('B', [0])
11:21:45.388,array('B', [0])
11:21:45.399,array('B', [0])
11:21:45.410,array('B', [0])
11:21:45.421,array('B', [0])
11:21:45.432,array('B', [0])
11:21:45.444,array('B', [0])
11:21:45.455,array('B', [0])
11:21:45.466,array('B', [0])
11:21:45.478,array('B', [0])
11:21:45.489,array('B', [0])
11:21:45.500,array('B', [0])
11:21:45.511,array('B', [0])
11:21:45.523,array('B', [0])
11:21:45.534,array('B', [0])
11:21:45.711,array('B', [0])
11:21:45.722,array('B', [0])
11:21:45.733,array('B', [0])
11:21:45.745,array('B', [0])
11:21:45.756,array('B', [0])
11:21:45.767,array('B', [0])
11:21:45.778,array('B', [0])
11:21:45.789,array('B', [0])
11:21:45.800,array('B', [0])
11:21:45.811,array('B', [0])
11:21:45.822,array('B', [0])
11:21:45.833,array('B', [0])
11:21:45.844,array('B', [0])
11:21:45.855,array('B', [0])
11:21:45.867,array('B', [0])
11:21:45.877,array('B', [0])
11:21:45.888,array('B', [0])
11:21:46.077,array('B', [0])
11:21:46.088,array('B', [0])
11:21:46.100,array('B', [0])
11:21:46.111,array('B', [0])
11:21:46.122,array('B', [0])
11:21:46.133,array('B', [0])
11:21:46.144,array('B', [0])
11:21:46.155,array('B', [0])
11:21:46.166,array('B', [0])
11:21:46.178,array('B', [0])
11:21:46.189,array('B', [0])
11:21:46.200,array('B', [0])
11:21:46.211,array('B', [0])
11:21:46.222,array('B', [0])
11:21:46.234,array('B', [0])
11:21:46.245,array('B', [0])
11:21:46.256,array('B', [0])
11:21:46.267,array('B', [0])
11:21:46.447,array('B', [0])
11:21:46.459,array('B', [0])
11:21:46.470,array('B', [0])
11:21:46.481,array('B', [0])
11:21:46.492,array('B', [0])
11:21:46.503,array('B', [0])
11:21:46.514,array('B', [0])
11:21:46.525,array('B', [0])
11:21:46.537,array('B', [0])
11:21:46.548,array('B', [0])
11:21:46.559,array('B', [0])
11:21:46.570,array('B', [0])
11:21:46.581,array('B', [0])
11:21:46.592,array('B', [0])
11:21:46.604,array('B', [0])
11:21:46.610,array('B', [17, 230, 59, 252, 121, 167, 116, 14, 198, 240, 39, 0, 0, 0, 0, 0, 0, 0, 0, 165, 165, 165, 165, 165, 165, 165, 165])
11:21:46.621,array('B', [0])
11:21:46.797,array('B', [0])
11:21:46.809,array('B', [0])
11:21:46.820,array('B', [0])
11:21:46.831,array('B', [0])
11:21:46.843,array('B', [0])
11:21:46.854,array('B', [0])
11:21:46.865,array('B', [0])
11:21:46.876,array('B', [0])
11:21:46.887,array('B', [0])
11:21:46.899,array('B', [0])
11:21:46.910,array('B', [0])
11:21:46.922,array('B', [0])
11:21:46.933,array('B', [0])
11:21:46.945,array('B', [0])
11:21:46.956,array('B', [0])
11:21:46.967,array('B', [0])
11:21:46.978,array('B', [0])
11:21:46.989,array('B', [0])
11:21:47.159,array('B', [0])
11:21:47.169,array('B', [0])
11:21:47.180,array('B', [0])
11:21:47.191,array('B', [0])
11:21:47.202,array('B', [0])
11:21:47.213,array('B', [0])
11:21:47.225,array('B', [0])
11:21:47.235,array('B', [0])
11:21:47.247,array('B', [0])
11:21:47.258,array('B', [0])
11:21:47.269,array('B', [0])
11:21:47.280,array('B', [0])
11:21:47.291,array('B', [0])
11:21:47.303,array('B', [0])
11:21:47.314,array('B', [0])
11:21:47.319,array('B', [1, 234, 231, 255, 18, 166, 103, 237, 239, 16, 112, 0, 0, 0, 0, 0, 0, 0, 0, 165, 165, 165, 165, 165, 165, 165, 165])
11:21:47.330,array('B', [0])
11:21:47.341,array('B', [0])
11:21:47.353,array('B', [0])
11:21:47.364,array('B', [0])
11:21:47.375,array('B', [0])
11:21:47.553,array('B', [0])
11:21:47.565,array('B', [0])
11:21:47.570,array('B', [1, 235, 115, 249, 22, 171, 87, 245, 38, 24, 18, 0, 0, 0, 0, 0, 0, 0, 0, 165, 165, 165, 165, 165, 165, 165, 165])
11:21:47.581,array('B', [0])
11:21:47.592,array('B', [0])
11:21:47.603,array('B', [0])
11:21:47.615,array('B', [0])
11:21:47.626,array('B', [0])
11:21:47.637,array('B', [0])
11:21:47.648,array('B', [0])
11:21:47.653,array('B', [1, 235, 48, 250, 59, 161, 193, 10, 134, 24, 152, 0, 0, 0, 0, 0, 0, 0, 0, 165, 165, 165, 165, 165, 165, 165, 165])
11:21:47.662,array('B', [33, 235, 36, 250, 133, 162, 194, 11, 128, 23, 158, 0, 0, 0, 0, 0, 0, 0, 0, 165, 165, 165, 165, 165, 165, 165, 165])
11:21:47.669,array('B', [17, 235, 91, 250, 59, 163, 151, 12, 126, 22, 159, 0, 0, 0, 0, 0, 0, 0, 0, 165, 165, 165, 165, 165, 165, 165, 165])
11:21:47.680,array('B', [0])
11:21:47.689,array('B', [33, 235, 85, 250, 139, 164, 176, 14, 124, 20, 162, 0, 0, 0, 0, 0, 0, 0, 0, 165, 165, 165, 165, 165, 165, 165, 165])
11:21:47.701,array('B', [49, 232, 133, 253, 36, 163, 133, 14, 238, 20, 49, 0, 0, 0, 0, 0, 0, 0, 0, 165, 165, 165, 165, 165, 165, 165, 165])
11:21:47.710,array('B', [33, 229, 217, 0, 207, 164, 30, 15, 207, 19, 80, 0, 0, 0, 0, 0, 0, 0, 0, 165, 165, 165, 165, 165, 165, 165, 165])
11:21:47.721,array('B', [0])
11:21:47.733,array('B', [0])
11:21:47.744,array('B', [0])
11:21:47.755,array('B', [0])
11:21:47.767,array('B', [0])
11:21:47.940,array('B', [0])
11:21:47.951,array('B', [0])
11:21:47.962,array('B', [0])
11:21:47.973,array('B', [0])
11:21:47.984,array('B', [0])
11:21:47.995,array('B', [0])
11:21:48.006,array('B', [0])
11:21:48.017,array('B', [0])
11:21:48.029,array('B', [0])
11:21:48.040,array('B', [0])
11:21:48.051,array('B', [0])
11:21:48.062,array('B', [0])
11:21:48.073,array('B', [0])
11:21:48.085,array('B', [0])
11:21:48.096,array('B', [0])
11:21:48.107,array('B', [0])
11:21:48.118,array('B', [0])
11:21:48.129,array('B', [0])
11:21:48.307,array('B', [0])
11:21:48.319,array('B', [0])
11:21:48.330,array('B', [0])
11:21:48.341,array('B', [0])
11:21:48.352,array('B', [0])
11:21:48.363,array('B', [0])
11:21:48.374,array('B', [0])
11:21:48.385,array('B', [0])
11:21:48.396,array('B', [0])
11:21:48.407,array('B', [0])
11:21:48.418,array('B', [0])
11:21:48.429,array('B', [0])
11:21:48.440,array('B', [0])
11:21:48.452,array('B', [0])
11:21:48.463,array('B', [0])
11:21:48.474,array('B', [0])
11:21:48.485,array('B', [0])
11:21:48.496,array('B', [0])
11:21:48.507,array('B', [0])
11:21:48.518,array('B', [0])
11:21:48.530,array('B', [0])
11:21:48.700,array('B', [0])
11:21:48.711,array('B', [0])
11:21:48.722,array('B', [0])
11:21:48.734,array('B', [0])
11:21:48.745,array('B', [0])
11:21:48.756,array('B', [0])
11:21:48.767,array('B', [0])
11:21:48.778,array('B', [0])
11:21:48.789,array('B', [0])
11:21:48.800,array('B', [0])
11:21:48.811,array('B', [0])
11:21:48.821,array('B', [0])
11:21:48.832,array('B', [0])
11:21:48.843,array('B', [0])
11:21:48.854,array('B', [0])
11:21:48.865,array('B', [0])
11:21:48.876,array('B', [0])
11:21:48.887,array('B', [0])
11:21:48.898,array('B', [0])
11:21:49.071,array('B', [0])
11:21:49.082,array('B', [0])
11:21:49.093,array('B', [0])
11:21:49.104,array('B', [0])
11:21:49.116,array('B', [0])
11:21:49.127,array('B', [0])
11:21:49.138,array('B', [0])
11:21:49.149,array('B', [0])
11:21:49.160,array('B', [0])
11:21:49.170,array('B', [0])
11:21:49.182,array('B', [0])
11:21:49.193,array('B', [0])
11:21:49.204,array('B', [0])
11:21:49.215,array('B', [0])
11:21:49.226,array('B', [0])
11:21:49.237,array('B', [0])
11:21:49.248,array('B', [0])
11:21:49.259,array('B', [0])
11:21:49.270,array('B', [0])
11:21:49.281,array('B', [0])
11:21:49.292,array('B', [0])
11:21:49.303,array('B', [0])
11:21:49.475,array('B', [0])
11:21:49.487,array('B', [0])
11:21:49.492,array('B', [1, 229, 64, 10, 125, 166, 91, 16, 111, 16, 40, 0, 0, 0, 0, 0, 0, 0, 0, 165, 165, 165, 165, 165, 165, 165, 165])
11:21:49.499,array('B', [17, 238, 202, 0, 61, 173, 149, 17, 78, 15, 80, 0, 0, 0, 0, 0, 0, 0, 0, 165, 165, 165, 165, 165, 165, 165, 165])
11:21:49.510,array('B', [0])
11:21:49.521,array('B', [0])
11:21:49.533,array('B', [0])
11:21:49.544,array('B', [0])
11:21:49.548,array('B', [1, 235, 97, 249, 77, 173, 51, 29, 224, 255, 7, 0, 0, 0, 0, 0, 0, 0, 0, 165, 165, 165, 165, 165, 165, 165, 165])
11:21:49.552,array('B', [1, 238, 153, 245, 131, 173, 20, 29, 195, 254, 59, 0, 0, 0, 0, 0, 0, 0, 0, 165, 165, 165, 165, 165, 165, 165, 165])
11:21:49.564,array('B', [0])
11:21:49.574,array('B', [0])
11:21:49.585,array('B', [0])
11:21:49.597,array('B', [0])
11:21:49.606,array('B', [33, 236, 97, 250, 17, 168, 141, 28, 107, 250, 234, 0, 0, 0, 0, 0, 0, 0, 0, 165, 165, 165, 165, 165, 165, 165, 165])
11:21:49.616,array('B', [33, 237, 146, 250, 243, 169, 98, 27, 211, 249, 251, 0, 0, 0, 0, 0, 0, 0, 0, 165, 165, 165, 165, 165, 165, 165, 165])
11:21:49.622,array('B', [17, 233, 23, 2, 0, 167, 177, 27, 54, 249, 32, 0, 0, 0, 0, 0, 0, 0, 0, 165, 165, 165, 165, 165, 165, 165, 165])
11:21:49.633,array('B', [0])
11:21:49.644,array('B', [0])
11:21:49.649,array('B', [1, 241, 233, 252, 78, 174, 167, 24, 245, 246, 118, 0, 0, 0, 0, 0, 0, 0, 0, 165, 165, 165, 165, 165, 165, 165, 165])
11:21:49.660,array('B', [0])
11:21:49.672,array('B', [49, 232, 249, 6, 136, 170, 123, 23, 226, 245, 70, 0, 0, 0, 0, 0, 0, 0, 0, 165, 165, 165, 165, 165, 165, 165, 165])
11:21:49.682,array('B', [0])
11:21:49.694,array('B', [0])
11:21:49.703,array('B', [33, 240, 99, 255, 55, 180, 206, 21, 247, 243, 61, 0, 0, 0, 0, 0, 0, 0, 0, 165, 165, 165, 165, 165, 165, 165, 165])
11:21:49.708,array('B', [1, 235, 231, 3, 129, 178, 242, 21, 42, 242, 101, 0, 0, 0, 0, 0, 0, 0, 0, 165, 165, 165, 165, 165, 165, 165, 165])
11:21:49.713,array('B', [1, 233, 90, 4, 99, 176, 235, 20, 99, 241, 150, 0, 0, 0, 0, 0, 0, 0, 0, 165, 165, 165, 165, 165, 165, 165, 165])
11:21:49.720,array('B', [17, 233, 170, 2, 202, 176, 83, 19, 167, 240, 212, 0, 0, 0, 0, 0, 0, 0, 0, 165, 165, 165, 165, 165, 165, 165, 165])
11:21:49.892,array('B', [0])
11:21:49.904,array('B', [0])
11:21:49.915,array('B', [0])
11:21:49.926,array('B', [0])
11:21:49.938,array('B', [0])
11:21:49.949,array('B', [0])
11:21:49.960,array('B', [0])
11:21:49.971,array('B', [0])
11:21:49.982,array('B', [0])
11:21:49.993,array('B', [0])
11:21:50.005,array('B', [0])
11:21:50.016,array('B', [0])
11:21:50.027,array('B', [0])
11:21:50.039,array('B', [0])
11:21:50.050,array('B', [0])
11:21:50.061,array('B', [0])
11:21:50.072,array('B', [0])
11:21:50.083,array('B', [0])
11:21:50.093,array('B', [0])
11:21:50.265,array('B', [0])
11:21:50.277,array('B', [0])
11:21:50.288,array('B', [0])
11:21:50.299,array('B', [0])
11:21:50.311,array('B', [0])
11:21:50.322,array('B', [0])
11:21:50.334,array('B', [0])
11:21:50.345,array('B', [0])
11:21:50.356,array('B', [0])
11:21:50.368,array('B', [0])
11:21:50.379,array('B', [0])
11:21:50.390,array('B', [0])
11:21:50.401,array('B', [0])
11:21:50.412,array('B', [0])
11:21:50.423,array('B', [0])
11:21:50.434,array('B', [0])
11:21:50.446,array('B', [0])
11:21:50.457,array('B', [0])
11:21:50.468,array('B', [0])
11:21:50.479,array('B', [0])
11:21:50.490,array('B', [0])
11:21:50.657,array('B', [0])
11:21:50.668,array('B', [0])
11:21:50.679,array('B', [0])
11:21:50.690,array('B', [0])
11:21:50.701,array('B', [0])
11:21:50.712,array('B', [0])
11:21:50.723,array('B', [0])
11:21:50.735,array('B', [0])
11:21:50.746,array('B', [0])
11:21:50.757,array('B', [0])
11:21:50.768,array('B', [0])
11:21:50.780,array('B', [0])
11:21:50.791,array('B', [0])
11:21:50.802,array('B', [0])
11:21:50.814,array('B', [0])
11:21:50.825,array('B', [0])
11:21:50.836,array('B', [0])
11:21:50.847,array('B', [0])
11:21:50.858,array('B', [0])
11:21:51.030,array('B', [0])
11:21:51.042,array('B', [0])
11:21:51.053,array('B', [0])
11:21:51.064,array('B', [0])
11:21:51.075,array('B', [0])
11:21:51.086,array('B', [0])
11:21:51.097,array('B', [0])
11:21:51.108,array('B', [0])
11:21:51.119,array('B', [0])
11:21:51.130,array('B', [0])
11:21:51.141,array('B', [0])
11:21:51.153,array('B', [0])
11:21:51.163,array('B', [0])
11:21:51.175,array('B', [0])
11:21:51.186,array('B', [0])
11:21:51.197,array('B', [0])
11:21:51.208,array('B', [0])
11:21:51.383,array('B', [0])
11:21:51.395,array('B', [0])
11:21:51.405,array('B', [0])
11:21:51.416,array('B', [0])
11:21:51.427,array('B', [0])
11:21:51.439,array('B', [0])
11:21:51.450,array('B', [0])
11:21:51.461,array('B', [0])
11:21:51.472,array('B', [0])
11:21:51.483,array('B', [0])
11:21:51.494,array('B', [0])
11:21:51.505,array('B', [0])
11:21:51.516,array('B', [0])
11:21:51.527,array('B', [0])
11:21:51.538,array('B', [0])
11:21:51.549,array('B', [0])
11:21:51.560,array('B', [0])
11:21:51.571,array('B', [0])
11:21:51.585,array('B', [0])
11:21:51.763,array('B', [0])
11:21:51.775,array('B', [0])
11:21:51.786,array('B', [0])
11:21:51.797,array('B', [0])
11:21:51.808,array('B', [0])
11:21:51.819,array('B', [0])
11:21:51.830,array('B', [0])
11:21:51.841,array('B', [0])
11:21:51.852,array('B', [0])
11:21:51.864,array('B', [0])
11:21:51.875,array('B', [0])
11:21:51.887,array('B', [0])
11:21:51.899,array('B', [0])
11:21:51.910,array('B', [0])
11:21:51.922,array('B', [0])
11:21:51.933,array('B', [0])
11:21:51.944,array('B', [0])
11:21:52.118,array('B', [0])
11:21:52.129,array('B', [0])
11:21:52.140,array('B', [0])
11:21:52.152,array('B', [0])
11:21:52.163,array('B', [0])
11:21:52.175,array('B', [0])
11:21:52.186,array('B', [0])
11:21:52.197,array('B', [0])
11:21:52.208,array('B', [0])
11:21:52.219,array('B', [0])
11:21:52.230,array('B', [0])
11:21:52.241,array('B', [0])
11:21:52.252,array('B', [0])
11:21:52.263,array('B', [0])
11:21:52.274,array('B', [0])
11:21:52.285,array('B', [0])
11:21:52.297,array('B', [0])
11:21:52.308,array('B', [0])
11:21:52.319,array('B', [0])
11:21:52.491,array('B', [0])
11:21:52.504,array('B', [0])
11:21:52.515,array('B', [0])
11:21:52.526,array('B', [0])
11:21:52.537,array('B', [0])
11:21:52.547,array('B', [0])
11:21:52.558,array('B', [0])
11:21:52.569,array('B', [0])
11:21:52.580,array('B', [0])
11:21:52.591,array('B', [0])
11:21:52.602,array('B', [0])
11:21:52.613,array('B', [0])
11:21:52.624,array('B', [0])
11:21:52.635,array('B', [0])
11:21:52.646,array('B', [0])
11:21:52.657,array('B', [0])
11:21:52.669,array('B', [0])
11:21:52.842,array('B', [0])
11:21:52.854,array('B', [0])
11:21:52.865,array('B', [0])
11:21:52.877,array('B', [0])
11:21:52.888,array('B', [0])
11:21:52.899,array('B', [0])
11:21:52.910,array('B', [0])
11:21:52.920,array('B', [0])
11:21:52.932,array('B', [0])
11:21:52.943,array('B', [0])
11:21:52.954,array('B', [0])
11:21:52.966,array('B', [0])
11:21:52.976,array('B', [0])
11:21:52.988,array('B', [0])
11:21:52.999,array('B', [0])
11:21:53.011,array('B', [0])
11:21:53.022,array('B', [0])
11:21:53.032,array('B', [0])
11:21:53.043,array('B', [0])
11:21:53.220,array('B', [0])
11:21:53.231,array('B', [0])
11:21:53.243,array('B', [0])
11:21:53.254,array('B', [0])
11:21:53.265,array('B', [0])
11:21:53.276,array('B', [0])
11:21:53.287,array('B', [0])
11:21:53.299,array('B', [0])
11:21:53.310,array('B', [0])
11:21:53.321,array('B', [0])
11:21:53.332,array('B', [0])
11:21:53.343,array('B', [0])
11:21:53.354,array('B', [0])
11:21:53.365,array('B', [0])
11:21:53.376,array('B', [0])
11:21:53.388,array('B', [0])
11:21:53.399,array('B', [0])
11:21:53.410,array('B', [0])
11:21:53.422,array('B', [0])
11:21:53.599,array('B', [0])
11:21:53.610,array('B', [0])
11:21:53.621,array('B', [0])
11:21:53.632,array('B', [0])
11:21:53.643,array('B', [0])
11:21:53.654,array('B', [0])
11:21:53.665,array('B', [0])
11:21:53.676,array('B', [0])
11:21:53.687,array('B', [0])
11:21:53.698,array('B', [0])
11:21:53.709,array('B', [0])
11:21:53.720,array('B', [0])
11:21:53.732,array('B', [0])
11:21:53.743,array('B', [0])
11:21:53.754,array('B', [0])
11:21:53.765,array('B', [0])
11:21:53.776,array('B', [0])
11:21:53.949,array('B', [0])
11:21:53.960,array('B', [0])
11:21:53.971,array('B', [0])
11:21:53.983,array('B', [0])
11:21:53.994,array('B', [0])
11:21:54.005,array('B', [0])
11:21:54.016,array('B', [0])
11:21:54.027,array('B', [0])
11:21:54.039,array('B', [0])
11:21:54.050,array('B', [0])
11:21:54.061,array('B', [0])
11:21:54.072,array('B', [0])
11:21:54.083,array('B', [0])
11:21:54.094,array('B', [0])
11:21:54.105,array('B', [0])
11:21:54.116,array('B', [0])
11:21:54.127,array('B', [0])
11:21:54.139,array('B', [0])
11:21:54.150,array('B', [0])
11:21:54.321,array('B', [0])
11:21:54.333,array('B', [0])
11:21:54.344,array('B', [0])
11:21:54.355,array('B', [0])
11:21:54.366,array('B', [0])
11:21:54.377,array('B', [0])
11:21:54.388,array('B', [0])
11:21:54.399,array('B', [0])
11:21:54.410,array('B', [0])
11:21:54.421,array('B', [0])
11:21:54.433,array('B', [0])
11:21:54.444,array('B', [0])
11:21:54.455,array('B', [0])
11:21:54.465,array('B', [0])
11:21:54.476,array('B', [0])
11:21:54.487,array('B', [0])
11:21:54.498,array('B', [0])
11:21:54.509,array('B', [0])
11:21:54.520,array('B', [0])
11:21:54.694,array('B', [0])
11:21:54.705,array('B', [0])
11:21:54.717,array('B', [0])
11:21:54.728,array('B', [0])
11:21:54.739,array('B', [0])
11:21:54.749,array('B', [0])
11:21:54.760,array('B', [0])
11:21:54.770,array('B', [0])
11:21:54.781,array('B', [0])
11:21:54.791,array('B', [0])
11:21:54.802,array('B', [0])
11:21:54.812,array('B', [0])
11:21:54.825,array('B', [0])
11:21:54.836,array('B', [0])
11:21:54.846,array('B', [0])
11:21:54.857,array('B', [0])
11:21:54.868,array('B', [0])
11:21:54.879,array('B', [0])
11:21:54.890,array('B', [0])
11:21:54.901,array('B', [0])
11:21:55.071,array('B', [0])
11:21:55.082,array('B', [0])
11:21:55.093,array('B', [0])
11:21:55.104,array('B', [0])
11:21:55.115,array('B', [0])
11:21:55.126,array('B', [0])
11:21:55.137,array('B', [0])
11:21:55.148,array('B', [0])
11:21:55.159,array('B', [0])
11:21:55.170,array('B', [0])
11:21:55.181,array('B', [0])
11:21:55.193,array('B', [0])
11:21:55.204,array('B', [0])
11:21:55.215,array('B', [0])
11:21:55.227,array('B', [0])
11:21:55.238,array('B', [0])
11:21:55.249,array('B', [0])
11:21:55.260,array('B', [0])
11:21:55.268,array('B', [33, 235, 176, 255, 61, 168, 165, 2, 158, 4, 166, 0, 0, 0, 0, 0, 0, 0, 0, 165, 165, 165, 165, 165, 165, 165, 165])
11:21:55.440,array('B', [0])
11:21:55.452,array('B', [49, 237, 250, 251, 11, 169, 13, 3, 170, 4, 104, 0, 0, 0, 0, 0, 0, 0, 0, 165, 165, 165, 165, 165, 165, 165, 165])
11:21:55.463,array('B', [0])
11:21:55.474,array('B', [0])
11:21:55.485,array('B', [49, 230, 150, 248, 193, 161, 90, 4, 217, 3, 223, 0, 0, 0, 0, 0, 0, 0, 0, 165, 165, 165, 165, 165, 165, 165, 165])
11:21:55.490,array('B', [1, 232, 187, 248, 156, 161, 29, 10, 62, 254, 157, 0, 0, 0, 0, 0, 0, 0, 0, 165, 165, 165, 165, 165, 165, 165, 165])
11:21:55.501,array('B', [0])
11:21:55.512,array('B', [0])
11:21:55.523,array('B', [0])
11:21:55.534,array('B', [0])
11:21:55.545,array('B', [0])
11:21:55.557,array('B', [0])
11:21:55.568,array('B', [0])
11:21:55.579,array('B', [0])
11:21:55.590,array('B', [0])
11:21:55.602,array('B', [0])
11:21:55.612,array('B', [0])
11:21:55.623,array('B', [0])
11:21:55.634,array('B', [0])
11:21:55.645,array('B', [0])
11:21:55.657,array('B', [0])
11:21:55.669,array('B', [0])
11:21:55.680,array('B', [0])
11:21:55.853,array('B', [0])
11:21:55.864,array('B', [0])
11:21:55.875,array('B', [0])
11:21:55.886,array('B', [0])
11:21:55.895,array('B', [33, 236, 85, 251, 54, 168, 245, 9, 28, 243, 18, 0, 0, 0, 0, 0, 0, 0, 0, 165, 165, 165, 165, 165, 165, 165, 165])
11:21:55.900,array('B', [1, 235, 225, 251, 96, 167, 110, 2, 171, 236, 170, 0, 0, 0, 0, 0, 0, 0, 0, 165, 165, 165, 165, 165, 165, 165, 165])
11:21:55.911,array('B', [0])
11:21:55.923,array('B', [0])
11:21:55.928,array('B', [1, 238, 129, 250, 84, 168, 122, 0, 255, 235, 239, 0, 0, 0, 0, 0, 0, 0, 0, 165, 165, 165, 165, 165, 165, 165, 165])
11:21:55.937,array('B', [33, 235, 201, 252, 237, 166, 97, 0, 136, 235, 205, 0, 0, 0, 0, 0, 0, 0, 0, 165, 165, 165, 165, 165, 165, 165, 165])
11:21:55.942,array('B', [1, 235, 115, 252, 213, 166, 110, 0, 83, 235, 192, 0, 0, 0, 0, 0, 0, 0, 0, 165, 165, 165, 165, 165, 165, 165, 165])
11:21:55.946,array('B', [1, 236, 79, 250, 206, 168, 25, 255, 177, 235, 157, 0, 0, 0, 0, 0, 0, 0, 0, 165, 165, 165, 165, 165, 165, 165, 165])
11:21:55.958,array('B', [0])
11:21:55.962,array('B', [1, 236, 97, 248, 77, 169, 178, 254, 213, 235, 135, 0, 0, 0, 0, 0, 0, 0, 0, 165, 165, 165, 165, 165, 165, 165, 165])
11:21:55.974,array('B', [49, 234, 145, 250, 5, 170, 50, 254, 76, 235, 131, 0, 0, 0, 0, 0, 0, 0, 0, 165, 165, 165, 165, 165, 165, 165, 165])
11:21:55.983,array('B', [33, 234, 109, 250, 243, 170, 203, 254, 22, 235, 129, 0, 0, 0, 0, 0, 0, 0, 0, 165, 165, 165, 165, 165, 165, 165, 165])
11:21:55.988,array('B', [1, 237, 220, 250, 127, 174, 88, 253, 211, 235, 128, 0, 0, 0, 0, 0, 0, 0, 0, 165, 165, 165, 165, 165, 165, 165, 165])
11:21:55.999,array('B', [49, 239, 165, 249, 254, 175, 3, 253, 66, 235, 134, 0, 0, 0, 0, 0, 0, 0, 0, 165, 165, 165, 165, 165, 165, 165, 165])
11:21:56.007,array('B', [1, 238, 19, 251, 157, 173, 69, 253, 1, 235, 141, 0, 0, 0, 0, 0, 0, 0, 0, 165, 165, 165, 165, 165, 165, 165, 165])
11:21:56.018,array('B', [0])
11:21:56.022,array('B', [1, 237, 159, 254, 6, 171, 233, 251, 242, 235, 188, 0, 0, 0, 0, 0, 0, 0, 0, 165, 165, 165, 165, 165, 165, 165, 165])
11:21:56.033,array('B', [0])
11:21:56.045,array('B', [0])
11:21:56.056,array('B', [0])
11:21:56.066,array('B', [0])
11:21:56.078,array('B', [0])
11:21:56.089,array('B', [0])
11:21:56.262,array('B', [0])
11:21:56.274,array('B', [0])
11:21:56.285,array('B', [0])
11:21:56.296,array('B', [0])
11:21:56.308,array('B', [0])
11:21:56.319,array('B', [0])
11:21:56.330,array('B', [0])
11:21:56.341,array('B', [0])
11:21:56.352,array('B', [0])
11:21:56.363,array('B', [0])
11:21:56.374,array('B', [0])
11:21:56.385,array('B', [0])
11:21:56.396,array('B', [0])
11:21:56.407,array('B', [0])
11:21:56.418,array('B', [0])
11:21:56.429,array('B', [0])
11:21:56.440,array('B', [0])
11:21:56.452,array('B', [0])
11:21:56.463,array('B', [0])
11:21:56.639,array('B', [0])
11:21:56.651,array('B', [0])
11:21:56.662,array('B', [0])
11:21:56.673,array('B', [0])
11:21:56.685,array('B', [0])
11:21:56.696,array('B', [0])
11:21:56.708,array('B', [0])
11:21:56.719,array('B', [0])
11:21:56.731,array('B', [0])
11:21:56.742,array('B', [0])
11:21:56.754,array('B', [0])
11:21:56.765,array('B', [0])
11:21:56.776,array('B', [0])
11:21:56.788,array('B', [0])
11:21:56.799,array('B', [0])
11:21:56.810,array('B', [0])
11:21:56.821,array('B', [0])
11:21:56.832,array('B', [0])
11:21:56.843,array('B', [0])
11:21:57.023,array('B', [0])
11:21:57.034,array('B', [0])
11:21:57.045,array('B', [0])
11:21:57.056,array('B', [0])
11:21:57.067,array('B', [0])
11:21:57.078,array('B', [0])
11:21:57.090,array('B', [0])
11:21:57.101,array('B', [0])
11:21:57.112,array('B', [0])
11:21:57.124,array('B', [0])
11:21:57.135,array('B', [0])
11:21:57.146,array('B', [0])
11:21:57.157,array('B', [0])
11:21:57.167,array('B', [0])
11:21:57.178,array('B', [0])
11:21:57.189,array('B', [0])
11:21:57.200,array('B', [0])
11:21:57.212,array('B', [0])
11:21:57.223,array('B', [0])
11:21:57.235,array('B', [0])
11:21:57.407,array('B', [0])
11:21:57.419,array('B', [0])
11:21:57.429,array('B', [0])
11:21:57.440,array('B', [0])
11:21:57.451,array('B', [0])
11:21:57.463,array('B', [0])
11:21:57.474,array('B', [0])
11:21:57.484,array('B', [0])
11:21:57.495,array('B', [0])
11:21:57.506,array('B', [0])
11:21:57.517,array('B', [0])
11:21:57.528,array('B', [0])
11:21:57.540,array('B', [0])
11:21:57.551,array('B', [0])
11:21:57.563,array('B', [0])
11:21:57.574,array('B', [0])
11:21:57.584,array('B', [0])
11:21:57.595,array('B', [0])
11:21:57.606,array('B', [0])
11:21:57.618,array('B', [0])
11:21:57.786,array('B', [0])
11:21:57.798,array('B', [0])
11:21:57.809,array('B', [0])
11:21:57.820,array('B', [0])
11:21:57.831,array('B', [0])
11:21:57.842,array('B', [0])
11:21:57.852,array('B', [0])
11:21:57.863,array('B', [0])
11:21:57.875,array('B', [0])
11:21:57.886,array('B', [0])
11:21:57.897,array('B', [0])
11:21:57.909,array('B', [0])
11:21:57.920,array('B', [0])
11:21:57.931,array('B', [0])
11:21:57.942,array('B', [0])
11:21:57.954,array('B', [0])
11:21:57.965,array('B', [0])
11:21:57.977,array('B', [0])
11:21:57.988,array('B', [0])
11:21:58.000,array('B', [0])
11:21:58.012,array('B', [0])
11:21:58.184,array('B', [0])
11:21:58.195,array('B', [0])
11:21:58.206,array('B', [0])
11:21:58.218,array('B', [0])
11:21:58.229,array('B', [0])
11:21:58.240,array('B', [0])
11:21:58.251,array('B', [0])
11:21:58.263,array('B', [0])
11:21:58.274,array('B', [0])
11:21:58.285,array('B', [0])
11:21:58.296,array('B', [0])
11:21:58.307,array('B', [0])
11:21:58.319,array('B', [0])
11:21:58.331,array('B', [0])
11:21:58.342,array('B', [0])
11:21:58.353,array('B', [0])
11:21:58.364,array('B', [0])
11:21:58.375,array('B', [0])
11:21:58.550,array('B', [0])
11:21:58.562,array('B', [0])
11:21:58.573,array('B', [0])
11:21:58.584,array('B', [0])
11:21:58.596,array('B', [0])
11:21:58.607,array('B', [0])
11:21:58.618,array('B', [0])
11:21:58.629,array('B', [0])
11:21:58.641,array('B', [0])
11:21:58.652,array('B', [0])
11:21:58.663,array('B', [0])
11:21:58.674,array('B', [0])
11:21:58.686,array('B', [0])
11:21:58.696,array('B', [0])
11:21:58.708,array('B', [0])
11:21:58.718,array('B', [0])
11:21:58.729,array('B', [0])
11:21:58.740,array('B', [0])
11:21:58.752,array('B', [0])
11:21:58.926,array('B', [0])
11:21:58.937,array('B', [0])
11:21:58.948,array('B', [0])
11:21:58.959,array('B', [0])
11:21:58.971,array('B', [0])
11:21:58.981,array('B', [0])
11:21:58.993,array('B', [0])
11:21:59.004,array('B', [0])
11:21:59.015,array('B', [0])
11:21:59.026,array('B', [0])
11:21:59.037,array('B', [0])
11:21:59.048,array('B', [0])
11:21:59.059,array('B', [0])
11:21:59.070,array('B', [0])
11:21:59.082,array('B', [0])
11:21:59.093,array('B', [0])
11:21:59.104,array('B', [0])
11:21:59.273,array('B', [0])
11:21:59.285,array('B', [0])
11:21:59.296,array('B', [0])
11:21:59.307,array('B', [0])
11:21:59.318,array('B', [0])
11:21:59.330,array('B', [0])
11:21:59.341,array('B', [0])
11:21:59.352,array('B', [0])
11:21:59.363,array('B', [0])
11:21:59.374,array('B', [0])
11:21:59.385,array('B', [0])
11:21:59.396,array('B', [0])
11:21:59.407,array('B', [0])
11:21:59.418,array('B', [0])
11:21:59.429,array('B', [0])
11:21:59.440,array('B', [0])
11:21:59.451,array('B', [0])
11:21:59.462,array('B', [0])
11:21:59.636,array('B', [0])
11:21:59.647,array('B', [0])
11:21:59.658,array('B', [0])
11:21:59.669,array('B', [0])
11:21:59.680,array('B', [0])
11:21:59.691,array('B', [0])
11:21:59.702,array('B', [0])
11:21:59.713,array('B', [0])
11:21:59.725,array('B', [0])
11:21:59.736,array('B', [0])
11:21:59.747,array('B', [0])
11:21:59.758,array('B', [0])
11:21:59.769,array('B', [0])
11:21:59.780,array('B', [0])
11:21:59.792,array('B', [0])
11:21:59.803,array('B', [0])
11:21:59.814,array('B', [0])
11:21:59.825,array('B', [0])
11:21:59.836,array('B', [0])
11:22:00.008,array('B', [0])
11:22:00.018,array('B', [0])
11:22:00.029,array('B', [0])
11:22:00.040,array('B', [0])
11:22:00.051,array('B', [0])
11:22:00.062,array('B', [0])
11:22:00.073,array('B', [0])
11:22:00.085,array('B', [0])
11:22:00.096,array('B', [0])
11:22:00.106,array('B', [0])
11:22:00.118,array('B', [0])
11:22:00.129,array('B', [0])
11:22:00.140,array('B', [0])
11:22:00.151,array('B', [0])
11:22:00.162,array('B', [0])
11:22:00.173,array('B', [0])
11:22:00.354,array('B', [0])
11:22:00.366,array('B', [0])
11:22:00.378,array('B', [0])
11:22:00.389,array('B', [0])
11:22:00.400,array('B', [0])
11:22:00.411,array('B', [0])
11:22:00.422,array('B', [0])
11:22:00.433,array('B', [0])
11:22:00.445,array('B', [0])
11:22:00.455,array('B', [0])
11:22:00.467,array('B', [0])
11:22:00.478,array('B', [0])
11:22:00.490,array('B', [0])
11:22:00.501,array('B', [0])
11:22:00.512,array('B', [0])
11:22:00.523,array('B', [0])
11:22:00.534,array('B', [0])
11:22:00.545,array('B', [0])
11:22:00.556,array('B', [0])
11:22:00.568,array('B', [0])
11:22:00.743,array('B', [0])
11:22:00.755,array('B', [0])
11:22:00.766,array('B', [0])
11:22:00.777,array('B', [0])
11:22:00.789,array('B', [0])
11:22:00.801,array('B', [0])
11:22:00.811,array('B', [0])
11:22:00.822,array('B', [0])
11:22:00.833,array('B', [0])
11:22:00.844,array('B', [0])
11:22:00.855,array('B', [0])
11:22:00.866,array('B', [0])
11:22:00.878,array('B', [0])
11:22:00.888,array('B', [0])
11:22:00.900,array('B', [0])
11:22:00.911,array('B', [0])
11:22:00.922,array('B', [0])
11:22:00.933,array('B', [0])
11:22:01.108,array('B', [0])
11:22:01.119,array('B', [0])
11:22:01.130,array('B', [0])
11:22:01.141,array('B', [0])
11:22:01.152,array('B', [0])
11:22:01.164,array('B', [0])
11:22:01.175,array('B', [0])
11:22:01.186,array('B', [0])
11:22:01.198,array('B', [0])
11:22:01.209,array('B', [0])
11:22:01.220,array('B', [0])
11:22:01.231,array('B', [0])
11:22:01.242,array('B', [0])
11:22:01.254,array('B', [0])
11:22:01.265,array('B', [0])
11:22:01.276,array('B', [0])
11:22:01.287,array('B', [0])
11:22:01.298,array('B', [0])
11:22:01.309,array('B', [0])
11:22:01.486,array('B', [0])
11:22:01.498,array('B', [0])
11:22:01.510,array('B', [0])
11:22:01.522,array('B', [0])
11:22:01.533,array('B', [0])
11:22:01.544,array('B', [0])
11:22:01.555,array('B', [0])
11:22:01.566,array('B', [0])
11:22:01.577,array('B', [0])
11:22:01.588,array('B', [0])
11:22:01.599,array('B', [0])
11:22:01.611,array('B', [0])
11:22:01.624,array('B', [0])
11:22:01.634,array('B', [0])
11:22:01.646,array('B', [0])
11:22:01.657,array('B', [0])
11:22:01.668,array('B', [0])
11:22:01.679,array('B', [0])
11:22:01.691,array('B', [0])
11:22:01.866,array('B', [0])
11:22:01.877,array('B', [0])
11:22:01.889,array('B', [0])
11:22:01.900,array('B', [0])
11:22:01.911,array('B', [0])
11:22:01.922,array('B', [0])
11:22:01.933,array('B', [0])
11:22:01.944,array('B', [0])
11:22:01.955,array('B', [0])
11:22:01.966,array('B', [0])
11:22:01.977,array('B', [0])
11:22:01.989,array('B', [0])
11:22:01.999,array('B', [0])
11:22:02.010,array('B', [0])
11:22:02.021,array('B', [0])
11:22:02.032,array('B', [0])
11:22:02.043,array('B', [0])
11:22:02.054,array('B', [0])
11:22:02.065,array('B', [0])
11:22:02.242,array('B', [0])
11:22:02.253,array('B', [0])
11:22:02.264,array('B', [0])
11:22:02.276,array('B', [0])
11:22:02.287,array('B', [0])
11:22:02.298,array('B', [0])
11:22:02.309,array('B', [0])
11:22:02.321,array('B', [0])
11:22:02.332,array('B', [0])
11:22:02.342,array('B', [0])
11:22:02.354,array('B', [0])
11:22:02.365,array('B', [0])
11:22:02.376,array('B', [0])
11:22:02.387,array('B', [0])
11:22:02.398,array('B', [0])
11:22:02.410,array('B', [0])
11:22:02.421,array('B', [0])
11:22:02.432,array('B', [0])
11:22:02.443,array('B', [0])
11:22:02.617,array('B', [0])
11:22:02.629,array('B', [0])
11:22:02.640,array('B', [0])
11:22:02.651,array('B', [0])
11:22:02.662,array('B', [0])
11:22:02.673,array('B', [0])
11:22:02.684,array('B', [0])
11:22:02.695,array('B', [0])
11:22:02.707,array('B', [0])
11:22:02.718,array('B', [0])
11:22:02.729,array('B', [0])
11:22:02.740,array('B', [0])
11:22:02.750,array('B', [0])
11:22:02.761,array('B', [0])
11:22:02.771,array('B', [0])
11:22:02.782,array('B', [0])
11:22:02.793,array('B', [0])
11:22:02.800,None
