12:36:54.970,[15, 5, 255, 255, 0, 1, 0, 1, 0, 1, 0, 1, 0, 1, 0, 1]
12:36:55.080,[11, 4, 255, 255, 5, 220, 0, 0, 0, 0, 0, 0]
12:36:55.084,[11, 4, 255, 255, 5, 220, 0, 0, 0, 0, 0, 0]
12:36:55.088,[11, 4, 255, 255, 5, 220, 0, 0, 0, 0, 0, 0]
12:36:55.092,[11, 4, 255, 255, 5, 220, 0, 0, 0, 0, 0, 0]
12:36:55.102,[11, 4, 255, 255, 5, 220, 0, 0, 0, 0, 0, 0]
12:36:55.107,[11, 4, 255, 255, 5, 220, 0, 0, 0, 0, 0, 0]
12:36:55.111,[11, 4, 255, 255, 5, 220, 0, 0, 0, 0, 0, 0]
12:36:55.116,[11, 4, 255, 255, 5, 220, 0, 0, 0, 0, 0, 0]
12:36:55.120,[11, 4, 255, 255, 5, 220, 0, 0, 0, 0, 0, 0]
12:36:55.139,[11, 4, 255, 255, 5, 220, 0, 0, 0, 0, 0, 0]
12:36:55.143,[11, 4, 255, 255, 5, 220, 0, 0, 0, 0, 0, 0]
12:36:55.148,[11, 4, 255, 255, 5, 220, 0, 0, 0, 0, 0, 0]
12:36:55.152,[11, 4, 255, 255, 5, 220, 0, 0, 0, 0, 0, 0]
12:36:55.164,[11, 4, 255, 255, 5, 220, 0, 0, 0, 0, 0, 0]
12:36:55.168,[11, 4, 255, 255, 5, 220, 0, 0, 0, 0, 0, 0]
12:36:55.172,[11, 4, 255, 255, 5, 220, 0, 0, 0, 0, 0, 0]
12:36:55.177,[11, 4, 255, 255, 5, 220, 0, 0, 0, 0, 0, 0]
12:36:55.181,[11, 4, 255, 255, 5, 220, 0, 0, 0, 0, 0, 0]
12:36:55.195,[11, 4, 255, 255, 5, 220, 0, 0, 0, 0, 0, 0]
12:36:55.199,[11, 4, 255, 255, 5, 220, 0, 0, 0, 0, 0, 0]
12:36:55.204,[11, 4, 255, 255, 5, 220, 0, 0, 0, 0, 0, 0]
12:36:55.210,[11, 4, 255, 255, 5, 220, 0, 0, 0, 0, 0, 0]
12:36:55.225,[11, 4, 255, 255, 5, 220, 0, 0, 0, 0, 0, 0]
12:36:55.229,[11, 4, 255, 255, 5, 220, 0, 0, 0, 0, 0, 0]
12:36:55.235,[11, 4, 255, 255, 5, 220, 0, 0, 0, 0, 0, 0]
12:36:55.241,[11, 4, 255, 255, 5, 220, 0, 0, 0, 0, 0, 0]
12:36:55.255,[11, 4, 255, 255, 5, 220, 0, 0, 0, 0, 0, 0]
12:36:55.259,[11, 4, 255, 255, 5, 220, 0, 0, 0, 0, 0, 0]
12:36:55.263,[11, 4, 255, 255, 5, 220, 0, 0, 0, 0, 0, 0]
12:36:55.267,[11, 4, 255, 255, 5, 220, 0, 0, 0, 0, 0, 0]
12:36:55.287,[11, 4, 255, 255, 5, 220, 0, 0, 0, 0, 0, 0]
12:36:55.291,[11, 4, 255, 255, 5, 220, 0, 0, 0, 0, 0, 0]
12:36:55.296,[11, 4, 255, 255, 5, 220, 0, 0, 0, 0, 0, 0]
12:36:55.300,[11, 4, 255, 255, 5, 220, 0, 0, 0, 0, 0, 0]
12:36:55.304,[11, 4, 255, 255, 5, 220, 0, 0, 0, 0, 0, 0]
12:36:55.323,[11, 4, 255, 255, 5, 220, 0, 0, 0, 0, 0, 0]
12:36:55.327,[11, 4, 255, 255, 5, 220, 0, 0, 0, 0, 0, 0]
12:36:55.331,[11, 4, 255, 255, 5, 220, 0, 0, 0, 0, 0, 0]
12:36:55.335,[11, 4, 255, 255, 5, 220, 0, 0, 0, 0, 0, 0]
12:36:55.351,[11, 4, 255, 255, 5, 220, 0, 0, 0, 0, 0, 0]
12:36:55.357,[11, 4, 255, 255, 5, 220, 0, 0, 0, 0, 0, 0]
12:36:55.361,[11, 4, 255, 255, 5, 220, 0, 0, 0, 0, 0, 0]
12:36:55.383,[11, 4, 255, 255, 5, 220, 0, 0, 0, 0, 0, 0]
12:36:55.387,[11, 4, 255, 255, 5, 220, 0, 0, 0, 0, 0, 0]
12:36:55.392,[11, 4, 255, 255, 5, 220, 0, 0, 0, 0, 0, 0]
12:36:55.396,[11, 4, 255, 255, 5, 220, 0, 0, 0, 0, 0, 0]
12:36:55.400,[11, 4, 255, 255, 5, 220, 0, 0, 0, 0, 0, 0]
12:36:55.415,[11, 4, 255, 255, 5, 220, 0, 0, 0, 0, 0, 0]
12:36:55.419,[11, 4, 255, 255, 5, 220, 0, 0, 0, 0, 0, 0]
12:36:55.424,[11, 4, 255, 255, 5, 220, 0, 0, 0, 0, 0, 0]
12:36:55.428,[11, 4, 255, 255, 5, 220, 0, 0, 0, 0, 0, 0]
12:36:55.443,[11, 4, 255, 255, 5, 220, 0, 0, 0, 0, 0, 0]
12:36:55.447,[11, 4, 255, 255, 5, 220, 0, 0, 0, 0, 0, 0]
12:36:55.452,[11, 4, 255, 255, 5, 220, 0, 0, 0, 0, 0, 0]
12:36:55.456,[11, 4, 255, 255, 5, 220, 0, 0, 0, 0, 0, 0]
12:36:55.471,[11, 4, 255, 255, 5, 220, 0, 0, 0, 0, 0, 0]
12:36:55.475,[11, 4, 255, 255, 5, 220, 0, 0, 0, 0, 0, 0]
12:36:55.480,[11, 4, 255, 255, 5, 220, 0, 0, 0, 0, 0, 0]
12:36:55.484,[11, 4, 255, 255, 5, 220, 0, 0, 0, 0, 0, 0]
12:36:55.500,[11, 4, 255, 255, 5, 220, 0, 0, 0, 0, 0, 0]
12:36:55.504,[11, 4, 255, 255, 5, 220, 0, 0, 0, 0, 0, 0]
12:36:55.508,[11, 4, 255, 255, 5, 220, 0, 0, 0, 0, 0, 0]
12:36:55.513,[11, 4, 255, 255, 5, 220, 0, 0, 0, 0, 0, 0]
12:36:55.517,[11, 4, 255, 255, 5, 220, 0, 0, 0, 0, 0, 0]
12:36:55.531,[11, 4, 255, 255, 5, 220, 0, 0, 0, 0, 0, 0]
12:36:55.536,[11, 4, 255, 255, 5, 220, 0, 0, 0, 0, 0, 0]
12:36:55.542,[11, 4, 255, 255, 5, 220, 0, 0, 0, 0, 0, 0]
12:36:55.562,[11, 4, 255, 255, 5, 220, 0, 0, 0, 0, 0, 0]
12:36:55.568,[11, 4, 255, 255, 5, 220, 0, 0, 0, 0, 0, 0]
12:36:55.572,[11, 4, 255, 255, 5, 220, 0, 0, 0, 0, 0, 0]
12:36:55.598,[11, 4, 255, 255, 5, 220, 0, 0, 0, 0, 0, 0]
12:36:55.604,[11, 4, 255, 255, 5, 220, 0, 0, 0, 0, 0, 0]
12:36:55.609,[11, 4, 255, 255, 5, 220, 0, 0, 0, 0, 0, 0]
12:36:55.613,[11, 4, 255, 255, 5, 220, 0, 0, 0, 0, 0, 0]
12:36:55.624,[11, 4, 255, 255, 5, 220, 0, 0, 0, 0, 0, 0]
12:36:55.628,[11, 4, 255, 255, 5, 220, 0, 0, 0, 0, 0, 0]
12:36:55.632,[11, 4, 255, 255, 5, 220, 0, 0, 0, 0, 0, 0]
12:36:55.636,[11, 4, 255, 255, 5, 220, 0, 0, 0, 0, 0, 0]
12:36:55.662,[11, 4, 255, 255, 5, 220, 0, 0, 0, 0, 0, 0]
12:36:55.667,[11, 4, 255, 255, 5, 220, 0, 0, 0, 0, 0, 0]
12:36:55.671,[11, 4, 255, 255, 5, 220, 0, 0, 0, 0, 0, 0]
12:36:55.675,[11, 4, 255, 255, 5, 220, 0, 0, 0, 0, 0, 0]
12:36:55.688,[11, 4, 255, 255, 5, 220, 0, 0, 0, 0, 0, 0]
12:36:55.692,[11, 4, 255, 255, 5, 220, 0, 0, 0, 0, 0, 0]
12:36:55.697,[11, 4, 255, 255, 5, 220, 0, 0, 0, 0, 0, 0]
12:36:55.701,[11, 4, 255, 255, 5, 220, 0, 0, 0, 0, 0, 0]
12:36:55.715,[11, 4, 255, 255, 5, 220, 0, 0, 0, 0, 0, 0]
12:36:55.718,[11, 4, 255, 255, 5, 220, 0, 0, 0, 0, 0, 0]
12:36:55.723,[11, 4, 255, 255, 5, 220, 0, 0, 0, 0, 0, 0]
12:36:55.727,[11, 4, 255, 255, 5, 220, 0, 0, 0, 0, 0, 0]
12:36:55.746,[11, 4, 255, 255, 5, 220, 0, 0, 0, 0, 0, 0]
12:36:55.750,[11, 4, 255, 255, 5, 220, 0, 0, 0, 0, 0, 0]
12:36:55.757,[11, 4, 255, 255, 5, 220, 0, 0, 0, 0, 0, 0]
12:36:55.761,[11, 4, 255, 255, 5, 220, 0, 0, 0, 0, 0, 0]
12:36:55.765,[11, 4, 255, 255, 5, 220, 0, 0, 0, 0, 0, 0]
12:36:55.782,[11, 4, 255, 255, 5, 220, 0, 0, 0, 0, 0, 0]
12:36:55.786,[11, 4, 255, 255, 5, 220, 0, 0, 0, 0, 0, 0]
12:36:55.790,[11, 4, 255, 255, 5, 220, 0, 0, 0, 0, 0, 0]
12:36:55.794,[11, 4, 255, 255, 5, 220, 0, 0, 0, 0, 0, 0]
12:36:55.813,[11, 4, 255, 255, 5, 220, 0, 0, 0, 0, 0, 0]
12:36:55.817,[11, 4, 255, 255, 5, 220, 0, 0, 0, 0, 0, 0]
12:36:55.821,[11, 4, 255, 255, 5, 220, 0, 0, 0, 0, 0, 0]
12:36:55.825,[11, 4, 255, 255, 5, 220, 0, 0, 0, 0, 0, 0]
12:36:55.829,[11, 4, 255, 255, 5, 220, 0, 0, 0, 0, 0, 0]
12:36:55.843,[11, 4, 255, 255, 5, 220, 0, 0, 0, 0, 0, 0]
12:36:55.847,[11, 4, 255, 255, 5, 220, 0, 0, 0, 0, 0, 0]
12:36:55.851,[11, 4, 255, 255, 5, 220, 0, 0, 0, 0, 0, 0]
12:36:55.855,[11, 4, 255, 255, 5, 220, 0, 0, 0, 0, 0, 0]
12:36:55.873,[11, 4, 255, 255, 5, 220, 0, 0, 0, 0, 0, 0]
12:36:55.878,[11, 4, 255, 255, 5, 220, 0, 0, 0, 0, 0, 0]
12:36:55.882,[11, 4, 255, 255, 5, 220, 0, 0, 0, 0, 0, 0]
12:36:55.886,[11, 4, 255, 255, 5, 220, 0, 0, 0, 0, 0, 0]
12:36:55.899,[11, 4, 255, 255, 5, 220, 0, 0, 0, 0, 0, 0]
12:36:55.905,[11, 4, 255, 255, 5, 220, 0, 0, 0, 0, 0, 0]
12:36:55.909,[11, 4, 255, 255, 5, 220, 0, 0, 0, 0, 0, 0]
12:36:55.913,[11, 4, 255, 255, 5, 220, 0, 0, 0, 0, 0, 0]
12:36:55.933,[11, 4, 255, 255, 5, 220, 0, 0, 0, 0, 0, 0]
12:36:55.937,[11, 4, 255, 255, 5, 220, 0, 0, 0, 0, 0, 0]
12:36:55.940,[11, 4, 255, 255, 5, 220, 0, 0, 0, 0, 0, 0]
12:36:55.945,[11, 4, 255, 255, 5, 220, 0, 0, 0, 0, 0, 0]
12:36:55.960,[11, 4, 255, 255, 5, 220, 0, 0, 0, 0, 0, 0]
12:36:55.966,[11, 4, 255, 255, 5, 220, 0, 0, 0, 0, 0, 0]
12:36:55.971,[11, 4, 255, 255, 5, 220, 0, 0, 0, 0, 0, 0]
12:36:55.975,[11, 4, 255, 255, 5, 220, 0, 0, 0, 0, 0, 0]
12:36:55.992,[11, 4, 255, 255, 5, 220, 0, 0, 0, 0, 0, 0]
12:36:55.996,[11, 4, 255, 255, 5, 220, 0, 0, 0, 0, 0, 0]
12:36:56.000,[11, 4, 255, 255, 5, 220, 0, 0, 0, 0, 0, 0]
12:36:56.009,[11, 4, 255, 255, 5, 220, 0, 0, 0, 0, 0, 0]
12:36:56.021,[11, 4, 255, 255, 5, 220, 0, 0, 0, 0, 0, 0]
12:36:56.025,[11, 4, 255, 255, 5, 220, 0, 0, 0, 0, 0, 0]
12:36:56.033,[11, 4, 255, 255, 5, 220, 0, 0, 0, 0, 0, 0]
12:36:56.037,[11, 4, 255, 255, 5, 220, 0, 0, 0, 0, 0, 0]
12:36:56.042,[11, 4, 255, 255, 5, 220, 0, 0, 0, 0, 0, 0]
12:36:56.058,[11, 4, 255, 255, 5, 220, 0, 0, 0, 0, 0, 0]
12:36:56.062,[11, 4, 255, 255, 5, 220, 0, 0, 0, 0, 0, 0]
12:36:56.083,[11, 4, 255, 255, 5, 220, 0, 0, 0, 0, 0, 0]
12:36:56.087,[11, 4, 255, 255, 5, 220, 0, 0, 0, 0, 0, 0]
12:36:56.091,[11, 4, 255, 255, 5, 220, 0, 0, 0, 0, 0, 0]
12:36:56.095,[11, 4, 255, 255, 5, 220, 0, 0, 0, 0, 0, 0]
12:36:56.118,[11, 4, 255, 255, 5, 220, 0, 0, 0, 0, 0, 0]
12:36:56.122,[11, 4, 255, 255, 5, 220, 0, 0, 0, 0, 0, 0]
12:36:56.127,[11, 4, 255, 255, 5, 220, 0, 0, 0, 0, 0, 0]
12:36:56.131,[11, 4, 255, 255, 5, 220, 0, 0, 0, 0, 0, 0]
12:36:56.145,[11, 4, 255, 255, 5, 220, 0, 0, 0, 0, 0, 0]
12:36:56.151,[11, 4, 255, 255, 5, 220, 0, 0, 0, 0, 0, 0]
12:36:56.155,[11, 4, 255, 255, 5, 220, 0, 0, 0, 0, 0, 0]
12:36:56.177,[11, 4, 255, 255, 5, 220, 0, 0, 0, 0, 0, 0]
12:36:56.183,[11, 4, 255, 255, 5, 220, 0, 0, 0, 0, 0, 0]
12:36:56.187,[11, 4, 255, 255, 5, 220, 0, 0, 0, 0, 0, 0]
12:36:56.206,[11, 4, 255, 255, 5, 220, 0, 0, 0, 0, 0, 0]
12:36:56.210,[11, 4, 255, 255, 5, 220, 0, 0, 0, 0, 0, 0]
12:36:56.215,[11, 4, 255, 255, 5, 220, 0, 0, 0, 0, 0, 0]
12:36:56.220,[11, 4, 255, 255, 5, 220, 0, 0, 0, 0, 0, 0]
12:36:56.224,[11, 4, 255, 255, 5, 220, 0, 0, 0, 0, 0, 0]
12:36:56.236,[11, 4, 255, 255, 5, 220, 0, 0, 0, 0, 0, 0]
12:36:56.242,[11, 4, 255, 255, 5, 220, 0, 0, 0, 0, 0, 0]
12:36:56.246,[11, 4, 255, 255, 5, 220, 0, 0, 0, 0, 0, 0]
12:36:56.250,[11, 4, 255, 255, 5, 220, 0, 0, 0, 0, 0, 0]
12:36:56.270,[11, 4, 255, 255, 5, 220, 0, 0, 0, 0, 0, 0]
12:36:56.274,[11, 4, 255, 255, 5, 220, 0, 0, 0, 0, 0, 0]
12:36:56.278,[11, 4, 255, 255, 5, 220, 0, 0, 0, 0, 0, 0]
12:36:56.282,[11, 4, 255, 255, 5, 220, 0, 0, 0, 0, 0, 0]
12:36:56.297,[11, 4, 255, 255, 5, 220, 0, 0, 0, 0, 0, 0]
12:36:56.301,[11, 4, 255, 255, 5, 220, 0, 0, 0, 0, 0, 0]
12:36:56.306,[11, 4, 255, 255, 5, 220, 0, 0, 0, 0, 0, 0]
12:36:56.311,[11, 4, 255, 255, 5, 220, 0, 0, 0, 0, 0, 0]
12:36:56.315,[11, 4, 255, 255, 5, 220, 0, 0, 0, 0, 0, 0]
12:36:56.319,[11, 4, 255, 255, 5, 220, 0, 0, 0, 0, 0, 0]
12:36:56.328,[11, 4, 255, 255, 5, 220, 0, 0, 0, 0, 0, 0]
12:36:56.334,[11, 4, 255, 255, 5, 220, 0, 0, 0, 0, 0, 0]
12:36:56.338,[11, 4, 255, 255, 5, 220, 0, 0, 0, 0, 0, 0]
12:36:56.343,[11, 4, 255, 255, 5, 220, 0, 0, 0, 0, 0, 0]
12:36:56.364,[11, 4, 255, 255, 5, 220, 0, 0, 0, 0, 0, 0]
12:36:56.369,[11, 4, 255, 255, 5, 220, 0, 0, 0, 0, 0, 0]
12:36:56.374,[11, 4, 255, 255, 5, 220, 0, 0, 0, 0, 0, 0]
12:36:56.378,[11, 4, 255, 255, 5, 220, 0, 0, 0, 0, 0, 0]
12:36:56.394,[11, 4, 255, 255, 5, 220, 0, 0, 0, 0, 0, 0]
12:36:56.398,[11, 4, 255, 255, 5, 220, 0, 0, 0, 0, 0, 0]
12:36:56.403,[11, 4, 255, 255, 5, 220, 0, 0, 0, 0, 0, 0]
12:36:56.407,[11, 4, 255, 255, 5, 220, 0, 0, 0, 0, 0, 0]
12:36:56.420,[11, 4, 255, 255, 5, 220, 0, 0, 0, 0, 0, 0]
12:36:56.424,[11, 4, 255, 255, 5, 220, 0, 0, 0, 0, 0, 0]
12:36:56.428,[11, 4, 255, 255, 5, 220, 0, 0, 0, 0, 0, 0]
12:36:56.432,[11, 4, 255, 255, 5, 220, 0, 0, 0, 0, 0, 0]
12:36:56.451,[11, 4, 255, 255, 5, 220, 0, 0, 0, 0, 0, 0]
12:36:56.455,[11, 4, 255, 255, 5, 220, 0, 0, 0, 0, 0, 0]
12:36:56.460,[11, 4, 255, 255, 5, 220, 0, 0, 0, 0, 0, 0]
12:36:56.465,[11, 4, 255, 255, 5, 220, 0, 0, 0, 0, 0, 0]
12:36:56.469,[11, 4, 255, 255, 5, 220, 0, 0, 0, 0, 0, 0]
12:36:56.486,[11, 4, 255, 255, 5, 220, 0, 0, 0, 0, 0, 0]
12:36:56.498,[11, 4, 255, 255, 5, 220, 0, 0, 0, 0, 0, 0]
12:36:56.502,[11, 4, 255, 255, 5, 220, 0, 0, 0, 0, 0, 0]
12:36:56.512,[11, 4, 255, 255, 5, 220, 0, 0, 0, 0, 0, 0]
12:36:56.518,[11, 4, 255, 255, 5, 220, 0, 0, 0, 0, 0, 0]
12:36:56.543,[11, 4, 255, 255, 5, 220, 0, 0, 0, 0, 0, 0]
12:36:56.547,[11, 4, 255, 255, 5, 220, 0, 0, 0, 0, 0, 0]
12:36:56.552,[11, 4, 255, 255, 5, 220, 0, 0, 0, 0, 0, 0]
12:36:56.556,[11, 4, 255, 255, 5, 220, 0, 0, 0, 0, 0, 0]
12:36:56.580,[11, 4, 255, 255, 5, 220, 0, 0, 0, 0, 0, 0]
12:36:56.584,[11, 4, 255, 255, 5, 220, 0, 0, 0, 0, 0, 0]
12:36:56.588,[11, 4, 255, 255, 5, 220, 0, 0, 0, 0, 0, 0]
12:36:56.592,[11, 4, 255, 255, 5, 220, 0, 0, 0, 0, 0, 0]
12:36:56.596,[11, 4, 255, 255, 5, 220, 0, 0, 0, 0, 0, 0]
12:36:56.608,[11, 4, 255, 255, 5, 220, 0, 0, 0, 0, 0, 0]
12:36:56.612,[11, 4, 255, 255, 5, 220, 0, 0, 0, 0, 0, 0]
12:36:56.616,[11, 4, 255, 255, 5, 220, 0, 0, 0, 0, 0, 0]
12:36:56.623,[11, 4, 255, 255, 5, 220, 0, 0, 0, 0, 0, 0]
12:36:56.634,[11, 4, 255, 255, 5, 220, 0, 0, 0, 0, 0, 0]
12:36:56.639,[11, 4, 255, 255, 5, 220, 0, 0, 0, 0, 0, 0]
12:36:56.643,[11, 4, 255, 255, 5, 220, 0, 0, 0, 0, 0, 0]
12:36:56.670,[11, 4, 255, 255, 5, 220, 0, 0, 0, 0, 0, 0]
12:36:56.675,[11, 4, 255, 255, 5, 220, 0, 0, 0, 0, 0, 0]
12:36:56.679,[11, 4, 255, 255, 5, 220, 0, 0, 0, 0, 0, 0]
12:36:56.683,[11, 4, 255, 255, 5, 220, 0, 0, 0, 0, 0, 0]
12:36:56.701,[11, 4, 255, 255, 5, 220, 0, 0, 0, 0, 0, 0]
12:36:56.705,[11, 4, 255, 255, 5, 220, 0, 0, 0, 0, 0, 0]
12:36:56.709,[11, 4, 255, 255, 5, 220, 0, 0, 0, 0, 0, 0]
12:36:56.714,[11, 4, 255, 255, 5, 220, 0, 0, 0, 0, 0, 0]
12:36:56.718,[11, 4, 255, 255, 5, 220, 0, 0, 0, 0, 0, 0]
12:36:56.727,[11, 4, 255, 255, 5, 220, 0, 0, 0, 0, 0, 0]
12:36:56.731,[11, 4, 255, 255, 5, 220, 0, 0, 0, 0, 0, 0]
12:36:56.736,[11, 4, 255, 255, 5, 220, 0, 0, 0, 0, 0, 0]
12:36:56.740,[11, 4, 255, 255, 5, 220, 0, 0, 0, 0, 0, 0]
12:36:56.744,[11, 4, 255, 255, 5, 220, 0, 0, 0, 0, 0, 0]
12:36:56.757,[11, 4, 255, 255, 5, 220, 0, 0, 0, 0, 0, 0]
12:36:56.761,[11, 4, 255, 255, 5, 220, 0, 0, 0, 0, 0, 0]
12:36:56.765,[11, 4, 255, 255, 5, 220, 0, 0, 0, 0, 0, 0]
12:36:56.769,[11, 4, 255, 255, 5, 220, 0, 0, 0, 0, 0, 0]
12:36:56.773,[11, 4, 255, 255, 5, 220, 0, 0, 0, 0, 0, 0]
12:36:56.777,[11, 4, 255, 255, 5, 220, 0, 0, 0, 0, 0, 0]
12:36:56.791,[11, 4, 255, 255, 5, 220, 0, 0, 0, 0, 0, 0]
12:36:56.796,[11, 4, 255, 255, 5, 220, 0, 0, 0, 0, 0, 0]
12:36:56.802,[11, 4, 255, 255, 5, 220, 0, 0, 0, 0, 0, 0]
12:36:56.819,[11, 4, 255, 255, 5, 220, 0, 0, 0, 0, 0, 0]
12:36:56.824,[11, 4, 255, 255, 5, 220, 0, 0, 0, 0, 0, 0]
12:36:56.828,[11, 4, 255, 255, 5, 220, 0, 0, 0, 0, 0, 0]
12:36:56.832,[11, 4, 255, 255, 5, 220, 0, 0, 0, 0, 0, 0]
12:36:56.836,[11, 4, 255, 255, 5, 220, 0, 0, 0, 0, 0, 0]
12:36:56.855,[11, 4, 255, 255, 5, 220, 0, 0, 0, 0, 0, 0]
12:36:56.859,[11, 4, 255, 255, 5, 220, 0, 0, 0, 0, 0, 0]
12:36:56.863,[11, 4, 255, 255, 5, 220, 0, 0, 0, 0, 0, 0]
12:36:56.867,[11, 4, 255, 255, 5, 220, 0, 0, 0, 0, 0, 0]
12:36:56.872,[11, 4, 255, 255, 5, 220, 0, 0, 0, 0, 0, 0]
12:36:56.876,[11, 4, 255, 255, 5, 220, 0, 0, 0, 0, 0, 0]
12:36:56.880,[11, 4, 255, 255, 5, 220, 0, 0, 0, 0, 0, 0]
12:36:56.887,[11, 4, 255, 255, 5, 220, 0, 0, 0, 0, 0, 0]
12:36:56.891,[11, 4, 255, 255, 5, 220, 0, 0, 0, 0, 0, 0]
12:36:56.895,[11, 4, 255, 255, 5, 220, 0, 0, 0, 0, 0, 0]
12:36:56.917,[11, 4, 255, 255, 5, 220, 0, 0, 0, 0, 0, 0]
12:36:56.922,[11, 4, 255, 255, 5, 220, 0, 0, 0, 0, 0, 0]
12:36:56.925,[11, 4, 255, 255, 5, 220, 0, 0, 0, 0, 0, 0]
12:36:56.930,[11, 4, 255, 255, 5, 220, 0, 0, 0, 0, 0, 0]
12:36:56.933,[11, 4, 255, 255, 5, 220, 0, 0, 0, 0, 0, 0]
12:36:56.940,[11, 4, 255, 255, 5, 220, 0, 0, 0, 0, 0, 0]
12:36:56.945,[11, 4, 255, 255, 5, 220, 0, 0, 0, 0, 0, 0]
12:36:56.953,[11, 4, 255, 255, 5, 220, 0, 0, 0, 0, 0, 0]
12:36:56.957,[11, 4, 255, 255, 5, 220, 0, 0, 0, 0, 0, 0]
12:36:56.977,[11, 4, 255, 255, 5, 220, 0, 0, 0, 0, 0, 0]
12:36:56.982,[11, 4, 255, 255, 5, 220, 0, 0, 0, 0, 0, 0]
12:36:56.986,[11, 4, 255, 255, 5, 220, 0, 0, 0, 0, 0, 0]
12:36:56.990,[11, 4, 255, 255, 5, 220, 0, 0, 0, 0, 0, 0]
12:36:56.993,[11, 4, 255, 255, 5, 220, 0, 0, 0, 0, 0, 0]
12:36:57.001,[11, 4, 255, 255, 5, 220, 0, 0, 0, 0, 0, 0]
12:36:57.005,[11, 4, 255, 255, 5, 220, 0, 0, 0, 0, 0, 0]
12:36:57.010,[11, 4, 255, 255, 5, 220, 0, 0, 0, 0, 0, 0]
12:36:57.014,[11, 4, 255, 255, 5, 220, 0, 0, 0, 0, 0, 0]
12:36:57.018,[11, 4, 255, 255, 5, 220, 0, 0, 0, 0, 0, 0]
12:36:57.031,[11, 4, 255, 255, 5, 220, 0, 0, 0, 0, 0, 0]
12:36:57.035,[11, 4, 255, 255, 5, 220, 0, 0, 0, 0, 0, 0]
12:36:57.042,[11, 4, 255, 255, 5, 220, 0, 0, 0, 0, 0, 0]
12:36:57.068,[11, 4, 255, 255, 5, 220, 0, 0, 0, 0, 0, 0]
12:36:57.072,[11, 4, 255, 255, 5, 220, 0, 0, 0, 0, 0, 0]
12:36:57.076,[11, 4, 255, 255, 5, 220, 0, 0, 0, 0, 0, 0]
12:36:57.080,[11, 4, 255, 255, 5, 220, 0, 0, 0, 0, 0, 0]
12:36:57.084,[11, 4, 255, 255, 5, 220, 0, 0, 0, 0, 0, 0]
12:36:57.097,[11, 4, 255, 255, 5, 220, 0, 0, 0, 0, 0, 0]
12:36:57.101,[11, 4, 255, 255, 5, 220, 0, 0, 0, 0, 0, 0]
12:36:57.105,[11, 4, 255, 255, 5, 220, 0, 0, 0, 0, 0, 0]
12:36:57.108,[11, 4, 255, 255, 5, 220, 0, 0, 0, 0, 0, 0]
12:36:57.124,[11, 4, 255, 255, 5, 220, 0, 0, 0, 0, 0, 0]
12:36:57.128,[11, 4, 255, 255, 5, 220, 0, 0, 0, 0, 0, 0]
12:36:57.133,[11, 4, 255, 255, 5, 220, 0, 0, 0, 0, 0, 0]
12:36:57.137,[11, 4, 255, 255, 5, 220, 0, 0, 0, 0, 0, 0]
12:36:57.141,[11, 4, 255, 255, 5, 220, 0, 0, 0, 0, 0, 0]
12:36:57.154,[11, 4, 255, 255, 5, 220, 0, 0, 0, 0, 0, 0]
12:36:57.159,[11, 4, 255, 255, 5, 220, 0, 0, 0, 0, 0, 0]
12:36:57.163,[11, 4, 255, 255, 5, 220, 0, 0, 0, 0, 0, 0]
12:36:57.167,[11, 4, 255, 255, 5, 220, 0, 0, 0, 0, 0, 0]
12:36:57.171,[11, 4, 255, 255, 5, 220, 0, 0, 0, 0, 0, 0]
12:36:57.175,[11, 4, 255, 255, 5, 220, 0, 0, 0, 0, 0, 0]
12:36:57.190,[11, 4, 255, 255, 5, 220, 0, 0, 0, 0, 0, 0]
12:36:57.199,[11, 4, 255, 255, 5, 220, 0, 0, 0, 0, 0, 0]
12:36:57.203,[11, 4, 255, 255, 5, 220, 0, 0, 0, 0, 0, 0]
12:36:57.216,[11, 4, 255, 255, 5, 220, 0, 0, 0, 0, 0, 0]
12:36:57.220,[11, 4, 255, 255, 5, 220, 0, 0, 0, 0, 0, 0]
12:36:57.224,[11, 4, 255, 255, 5, 220, 0, 0, 0, 0, 0, 0]
12:36:57.228,[11, 4, 255, 255, 5, 220, 0, 0, 0, 0, 0, 0]
12:36:57.233,[11, 4, 255, 255, 5, 220, 0, 0, 0, 0, 0, 0]
12:36:57.246,[11, 4, 255, 255, 5, 220, 0, 0, 0, 0, 0, 0]
12:36:57.250,[11, 4, 255, 255, 5, 220, 0, 0, 0, 0, 0, 0]
12:36:57.254,[11, 4, 255, 255, 5, 220, 0, 0, 0, 0, 0, 0]
12:36:57.258,[11, 4, 255, 255, 5, 220, 0, 0, 0, 0, 0, 0]
12:36:57.263,[11, 4, 255, 255, 5, 220, 0, 0, 0, 0, 0, 0]
12:36:57.277,[11, 4, 255, 255, 5, 220, 0, 0, 0, 0, 0, 0]
12:36:57.281,[11, 4, 255, 255, 5, 220, 0, 0, 0, 0, 0, 0]
12:36:57.286,[11, 4, 255, 255, 5, 220, 0, 0, 0, 0, 0, 0]
12:36:57.291,[11, 4, 255, 255, 5, 220, 0, 0, 0, 0, 0, 0]
12:36:57.295,[11, 4, 255, 255, 5, 220, 0, 0, 0, 0, 0, 0]
12:36:57.308,[11, 4, 255, 255, 5, 220, 0, 0, 0, 0, 0, 0]
12:36:57.311,[11, 4, 255, 255, 5, 220, 0, 0, 0, 0, 0, 0]
12:36:57.318,[11, 4, 255, 255, 5, 220, 0, 0, 0, 0, 0, 0]
12:36:57.338,[11, 4, 255, 255, 5, 220, 0, 0, 0, 0, 0, 0]
12:36:57.342,[11, 4, 255, 255, 5, 220, 0, 0, 0, 0, 0, 0]
12:36:57.348,[11, 4, 255, 255, 5, 220, 0, 0, 0, 0, 0, 0]
12:36:57.375,[11, 4, 255, 255, 5, 220, 0, 0, 0, 0, 0, 0]
12:36:57.379,[11, 4, 255, 255, 5, 220, 0, 0, 0, 0, 0, 0]
12:36:57.384,[11, 4, 255, 255, 5, 220, 0, 0, 0, 0, 0, 0]
12:36:57.388,[11, 4, 255, 255, 5, 220, 0, 0, 0, 0, 0, 0]
12:36:57.404,[11, 4, 255, 255, 5, 220, 0, 0, 0, 0, 0, 0]
12:36:57.408,[11, 4, 255, 255, 5, 220, 0, 0, 0, 0, 0, 0]
12:36:57.413,[11, 4, 255, 255, 5, 220, 0, 0, 0, 0, 0, 0]
12:36:57.417,[11, 4, 255, 255, 5, 220, 0, 0, 0, 0, 0, 0]
12:36:57.438,[11, 4, 255, 255, 5, 220, 0, 0, 0, 0, 0, 0]
12:36:57.443,[11, 4, 255, 255, 5, 220, 0, 0, 0, 0, 0, 0]
12:36:57.450,[11, 4, 255, 255, 5, 220, 0, 0, 0, 0, 0, 0]
12:36:57.467,[11, 4, 255, 255, 5, 220, 0, 0, 0, 0, 0, 0]
12:36:57.471,[11, 4, 255, 255, 5, 220, 0, 0, 0, 0, 0, 0]
12:36:57.475,[11, 4, 255, 255, 5, 220, 0, 0, 0, 0, 0, 0]
12:36:57.479,[11, 4, 255, 255, 5, 220, 0, 0, 0, 0, 0, 0]
12:36:57.484,[11, 4, 255, 255, 5, 220, 0, 0, 0, 0, 0, 0]
12:36:57.492,[11, 4, 255, 255, 5, 220, 0, 0, 0, 0, 0, 0]
12:36:57.496,[11, 4, 255, 255, 5, 220, 0, 0, 0, 0, 0, 0]
12:36:57.505,[11, 4, 255, 255, 5, 220, 0, 0, 0, 0, 0, 0]
12:36:57.509,[11, 4, 255, 255, 5, 220, 0, 0, 0, 0, 0, 0]
12:36:57.523,[11, 4, 255, 255, 5, 220, 0, 0, 0, 0, 0, 0]
12:36:57.527,[11, 4, 255, 255, 5, 220, 0, 0, 0, 0, 0, 0]
12:36:57.532,[11, 4, 255, 255, 5, 220, 0, 0, 0, 0, 0, 0]
12:36:57.535,[11, 4, 255, 255, 5, 220, 0, 0, 0, 0, 0, 0]
12:36:57.553,[11, 4, 255, 255, 5, 220, 0, 0, 0, 0, 0, 0]
12:36:57.564,[11, 4, 255, 255, 5, 220, 0, 0, 0, 0, 0, 0]
12:36:57.569,[11, 4, 255, 255, 5, 220, 0, 0, 0, 0, 0, 0]
12:36:57.583,[11, 4, 255, 255, 5, 220, 0, 0, 0, 0, 0, 0]
12:36:57.587,[11, 4, 255, 255, 5, 220, 0, 0, 0, 0, 0, 0]
12:36:57.592,[11, 4, 255, 255, 5, 220, 0, 0, 0, 0, 0, 0]
12:36:57.595,[11, 4, 255, 255, 5, 220, 0, 0, 0, 0, 0, 0]
12:36:57.614,[11, 4, 255, 255, 5, 220, 0, 0, 0, 0, 0, 0]
12:36:57.618,[11, 4, 255, 255, 5, 220, 0, 0, 0, 0, 0, 0]
12:36:57.622,[11, 4, 255, 255, 5, 220, 0, 0, 0, 0, 0, 0]
12:36:57.629,[11, 4, 255, 255, 5, 220, 0, 0, 0, 0, 0, 0]
12:36:57.633,[11, 4, 255, 255, 5, 220, 0, 0, 0, 0, 0, 0]
12:36:57.644,[11, 4, 255, 255, 5, 220, 0, 0, 0, 0, 0, 0]
12:36:57.650,[11, 4, 255, 255, 5, 220, 0, 0, 0, 0, 0, 0]
12:36:57.653,[11, 4, 255, 255, 5, 220, 0, 0, 0, 0, 0, 0]
12:36:57.657,[11, 4, 255, 255, 5, 220, 0, 0, 0, 0, 0, 0]
12:36:57.675,[11, 4, 255, 255, 5, 220, 0, 0, 0, 0, 0, 0]
12:36:57.679,[11, 4, 255, 255, 5, 220, 0, 0, 0, 0, 0, 0]
12:36:57.683,[11, 4, 255, 255, 5, 220, 0, 0, 0, 0, 0, 0]
12:36:57.688,[11, 4, 255, 255, 5, 220, 0, 0, 0, 0, 0, 0]
12:36:57.706,[11, 4, 255, 255, 5, 220, 0, 0, 0, 0, 0, 0]
12:36:57.713,[11, 4, 255, 255, 5, 220, 0, 0, 0, 0, 0, 0]
12:36:57.720,[11, 4, 255, 255, 5, 220, 0, 0, 0, 0, 0, 0]
12:36:57.737,[11, 4, 255, 255, 5, 220, 0, 0, 0, 0, 0, 0]
12:36:57.742,[11, 4, 255, 255, 5, 220, 0, 0, 0, 0, 0, 0]
12:36:57.747,[11, 4, 255, 255, 5, 220, 0, 0, 0, 0, 0, 0]
12:36:57.752,[11, 4, 255, 255, 5, 220, 0, 0, 0, 0, 0, 0]
12:36:57.768,[11, 4, 255, 255, 5, 220, 0, 0, 0, 0, 0, 0]
12:36:57.772,[11, 4, 255, 255, 5, 220, 0, 0, 0, 0, 0, 0]
12:36:57.777,[11, 4, 255, 255, 5, 220, 0, 0, 0, 0, 0, 0]
12:36:57.782,[11, 4, 255, 255, 5, 220, 0, 0, 0, 0, 0, 0]
12:36:57.786,[11, 4, 255, 255, 5, 220, 0, 0, 0, 0, 0, 0]
12:36:57.790,[11, 4, 255, 255, 5, 220, 0, 0, 0, 0, 0, 0]
12:36:57.798,[11, 4, 255, 255, 5, 220, 0, 0, 0, 0, 0, 0]
12:36:57.803,[11, 4, 255, 255, 5, 220, 0, 0, 0, 0, 0, 0]
12:36:57.807,[11, 4, 255, 255, 5, 220, 0, 0, 0, 0, 0, 0]
12:36:57.811,[11, 4, 255, 255, 5, 220, 0, 0, 0, 0, 0, 0]
12:36:57.815,[11, 4, 255, 255, 5, 220, 0, 0, 0, 0, 0, 0]
12:36:57.829,[11, 4, 255, 255, 5, 220, 0, 0, 0, 0, 0, 0]
12:36:57.833,[11, 4, 255, 255, 5, 220, 0, 0, 0, 0, 0, 0]
12:36:57.837,[11, 4, 255, 255, 5, 220, 0, 0, 0, 0, 0, 0]
12:36:57.841,[11, 4, 255, 255, 5, 220, 0, 0, 0, 0, 0, 0]
12:36:57.845,[11, 4, 255, 255, 5, 220, 0, 0, 0, 0, 0, 0]
12:36:57.859,[11, 4, 255, 255, 5, 220, 0, 0, 0, 0, 0, 0]
12:36:57.863,[11, 4, 255, 255, 5, 220, 0, 0, 0, 0, 0, 0]
12:36:57.867,[11, 4, 255, 255, 5, 220, 0, 0, 0, 0, 0, 0]
12:36:57.871,[11, 4, 255, 255, 5, 220, 0, 0, 0, 0, 0, 0]
12:36:57.890,[11, 4, 255, 255, 5, 220, 0, 0, 0, 0, 0, 0]
12:36:57.894,[11, 4, 255, 255, 5, 220, 0, 0, 0, 0, 0, 0]
12:36:57.898,[11, 4, 255, 255, 5, 220, 0, 0, 0, 0, 0, 0]
12:36:57.902,[11, 4, 255, 255, 5, 220, 0, 0, 0, 0, 0, 0]
12:36:57.921,[11, 4, 255, 255, 5, 220, 0, 0, 0, 0, 0, 0]
12:36:57.926,[11, 4, 255, 255, 5, 220, 0, 0, 0, 0, 0, 0]
12:36:57.930,[11, 4, 255, 255, 5, 220, 0, 0, 0, 0, 0, 0]
12:36:57.934,[11, 4, 255, 255, 5, 220, 0, 0, 0, 0, 0, 0]
12:36:57.951,[11, 4, 255, 255, 5, 220, 0, 0, 0, 0, 0, 0]
12:36:57.955,[11, 4, 255, 255, 5, 220, 0, 0, 0, 0, 0, 0]
12:36:57.959,[11, 4, 255, 255, 5, 220, 0, 0, 0, 0, 0, 0]
12:36:57.964,[11, 4, 255, 255, 5, 220, 0, 0, 0, 0, 0, 0]
12:36:57.986,[11, 4, 255, 255, 5, 220, 0, 0, 0, 0, 0, 0]
12:36:57.990,[11, 4, 255, 255, 5, 220, 0, 0, 0, 0, 0, 0]
12:36:57.995,[11, 4, 255, 255, 5, 220, 0, 0, 0, 0, 0, 0]
12:36:57.999,[11, 4, 255, 255, 5, 220, 0, 0, 0, 0, 0, 0]
12:36:58.003,[11, 4, 255, 255, 5, 220, 0, 0, 0, 0, 0, 0]
12:36:58.017,[11, 4, 255, 255, 5, 220, 0, 0, 0, 0, 0, 0]
12:36:58.022,[11, 4, 255, 255, 5, 220, 0, 0, 0, 0, 0, 0]
12:36:58.025,[11, 4, 255, 255, 5, 220, 0, 0, 0, 0, 0, 0]
12:36:58.029,[11, 4, 255, 255, 5, 220, 0, 0, 0, 0, 0, 0]
12:36:58.042,[11, 4, 255, 255, 5, 220, 0, 0, 0, 0, 0, 0]
12:36:58.046,[11, 4, 255, 255, 5, 220, 0, 0, 0, 0, 0, 0]
12:36:58.050,[11, 4, 255, 255, 5, 220, 0, 0, 0, 0, 0, 0]
12:36:58.055,[11, 4, 255, 255, 5, 220, 0, 0, 0, 0, 0, 0]
12:36:58.059,[11, 4, 255, 255, 5, 220, 0, 0, 0, 0, 0, 0]
12:36:58.079,[11, 4, 255, 255, 5, 220, 0, 0, 0, 0, 0, 0]
12:36:58.083,[11, 4, 255, 255, 5, 220, 0, 0, 0, 0, 0, 0]
12:36:58.087,[11, 4, 255, 255, 5, 220, 0, 0, 0, 0, 0, 0]
12:36:58.091,[11, 4, 255, 255, 5, 220, 0, 0, 0, 0, 0, 0]
12:36:58.096,[11, 4, 255, 255, 5, 220, 0, 0, 0, 0, 0, 0]
12:36:58.104,[11, 4, 255, 255, 5, 220, 0, 0, 0, 0, 0, 0]
12:36:58.108,[11, 4, 255, 255, 5, 220, 0, 0, 0, 0, 0, 0]
12:36:58.111,[11, 4, 255, 255, 5, 220, 0, 0, 0, 0, 0, 0]
12:36:58.115,[11, 4, 255, 255, 5, 220, 0, 0, 0, 0, 0, 0]
12:36:58.120,[11, 4, 255, 255, 5, 220, 0, 0, 0, 0, 0, 0]
12:36:58.142,[11, 4, 255, 255, 5, 220, 0, 0, 0, 0, 0, 0]
12:36:58.147,[11, 4, 255, 255, 5, 220, 0, 0, 0, 0, 0, 0]
12:36:58.153,[11, 4, 255, 255, 5, 220, 0, 0, 0, 0, 0, 0]
12:36:58.160,[11, 4, 255, 255, 5, 220, 0, 0, 0, 0, 0, 0]
12:36:58.165,[11, 4, 255, 255, 5, 220, 0, 0, 0, 0, 0, 0]
12:36:58.171,[11, 4, 255, 255, 5, 220, 0, 0, 0, 0, 0, 0]
12:36:58.176,[11, 4, 255, 255, 5, 220, 0, 0, 0, 0, 0, 0]
12:36:58.180,[11, 4, 255, 255, 5, 220, 0, 0, 0, 0, 0, 0]
12:36:58.196,[11, 4, 255, 255, 5, 220, 0, 0, 0, 0, 0, 0]
12:36:58.200,[11, 4, 255, 255, 5, 220, 0, 0, 0, 0, 0, 0]
12:36:58.205,[11, 4, 255, 255, 5, 220, 0, 0, 0, 0, 0, 0]
12:36:58.209,[11, 4, 255, 255, 5, 220, 0, 0, 0, 0, 0, 0]
12:36:58.232,[11, 4, 255, 255, 5, 220, 0, 0, 0, 0, 0, 0]
12:36:58.240,[11, 4, 255, 255, 5, 220, 0, 0, 0, 0, 0, 0]
12:36:58.243,[11, 4, 255, 255, 5, 220, 0, 0, 0, 0, 0, 0]
12:36:58.247,[11, 4, 255, 255, 5, 220, 0, 0, 0, 0, 0, 0]
12:36:58.263,[11, 4, 255, 255, 5, 220, 0, 0, 0, 0, 0, 0]
12:36:58.268,[11, 4, 255, 255, 5, 220, 0, 0, 0, 0, 0, 0]
12:36:58.272,[11, 4, 255, 255, 5, 220, 0, 0, 0, 0, 0, 0]
12:36:58.288,[11, 4, 255, 255, 5, 220, 0, 0, 0, 0, 0, 0]
12:36:58.295,[11, 4, 255, 255, 5, 220, 0, 0, 0, 0, 0, 0]
12:36:58.299,[11, 4, 255, 255, 5, 220, 0, 0, 0, 0, 0, 0]
12:36:58.319,[11, 4, 255, 255, 5, 220, 0, 0, 0, 0, 0, 0]
12:36:58.326,[11, 4, 255, 255, 5, 220, 0, 0, 0, 0, 0, 0]
12:36:58.332,[11, 4, 255, 255, 5, 220, 0, 0, 0, 0, 0, 0]
12:36:58.336,[11, 4, 255, 255, 5, 220, 0, 0, 0, 0, 0, 0]
12:36:58.356,[11, 4, 255, 255, 5, 220, 0, 0, 0, 0, 0, 0]
12:36:58.360,[11, 4, 255, 255, 5, 220, 0, 0, 0, 0, 0, 0]
12:36:58.369,[11, 4, 255, 255, 5, 220, 0, 0, 0, 0, 0, 0]
12:36:58.373,[11, 4, 255, 255, 5, 220, 0, 0, 0, 0, 0, 0]
12:36:58.380,[11, 4, 255, 255, 5, 220, 0, 0, 0, 0, 0, 0]
12:36:58.384,[11, 4, 255, 255, 5, 220, 0, 0, 0, 0, 0, 0]
12:36:58.389,[11, 4, 255, 255, 5, 220, 0, 0, 0, 0, 0, 0]
12:36:58.393,[11, 4, 255, 255, 5, 220, 0, 0, 0, 0, 0, 0]
12:36:58.398,[11, 4, 255, 255, 5, 220, 0, 0, 0, 0, 0, 0]
12:36:58.418,[11, 4, 255, 255, 5, 220, 0, 0, 0, 0, 0, 0]
12:36:58.425,[11, 4, 255, 255, 5, 220, 0, 0, 0, 0, 0, 0]
12:36:58.429,[11, 4, 255, 255, 5, 220, 0, 0, 0, 0, 0, 0]
12:36:58.445,[11, 4, 255, 255, 5, 220, 0, 0, 0, 0, 0, 0]
12:36:58.450,[11, 4, 255, 255, 5, 220, 0, 0, 0, 0, 0, 0]
12:36:58.454,[11, 4, 255, 255, 5, 220, 0, 0, 0, 0, 0, 0]
12:36:58.458,[11, 4, 255, 255, 5, 220, 0, 0, 0, 0, 0, 0]
12:36:58.462,[11, 4, 255, 255, 5, 220, 0, 0, 0, 0, 0, 0]
12:36:58.478,[11, 4, 255, 255, 5, 220, 0, 0, 0, 0, 0, 0]
12:36:58.484,[11, 4, 255, 255, 5, 220, 0, 0, 0, 0, 0, 0]
12:36:58.502,[11, 4, 255, 255, 5, 220, 0, 0, 0, 0, 0, 0]
12:36:58.506,[11, 4, 255, 255, 5, 220, 0, 0, 0, 0, 0, 0]
12:36:58.538,[11, 4, 255, 255, 5, 220, 0, 0, 0, 0, 0, 0]
12:36:58.542,[11, 4, 255, 255, 5, 220, 0, 0, 0, 0, 0, 0]
12:36:58.549,[11, 4, 255, 255, 5, 220, 0, 0, 0, 0, 0, 0]
12:36:58.553,[11, 4, 255, 255, 5, 220, 0, 0, 0, 0, 0, 0]
12:36:58.563,[11, 4, 255, 255, 5, 220, 0, 0, 0, 0, 0, 0]
12:36:58.567,[11, 4, 255, 255, 5, 220, 0, 0, 0, 0, 0, 0]
12:36:58.572,[11, 4, 255, 255, 5, 220, 0, 0, 0, 0, 0, 0]
12:36:58.576,[11, 4, 255, 255, 5, 220, 0, 0, 0, 0, 0, 0]
12:36:58.594,[11, 4, 255, 255, 5, 220, 0, 0, 0, 0, 0, 0]
12:36:58.598,[11, 4, 255, 255, 5, 220, 0, 0, 0, 0, 0, 0]
12:36:58.602,[11, 4, 255, 255, 5, 220, 0, 0, 0, 0, 0, 0]
12:36:58.608,[11, 4, 255, 255, 5, 220, 0, 0, 0, 0, 0, 0]
12:36:58.624,[11, 4, 255, 255, 5, 220, 0, 0, 0, 0, 0, 0]
12:36:58.628,[11, 4, 255, 255, 5, 220, 0, 0, 0, 0, 0, 0]
12:36:58.633,[11, 4, 255, 255, 5, 220, 0, 0, 0, 0, 0, 0]
12:36:58.637,[11, 4, 255, 255, 5, 220, 0, 0, 0, 0, 0, 0]
12:36:58.655,[11, 4, 255, 255, 5, 220, 0, 0, 0, 0, 0, 0]
12:36:58.659,[11, 4, 255, 255, 5, 220, 0, 0, 0, 0, 0, 0]
12:36:58.664,[11, 4, 255, 255, 5, 220, 0, 0, 0, 0, 0, 0]
12:36:58.668,[11, 4, 255, 255, 5, 220, 0, 0, 0, 0, 0, 0]
12:36:58.673,[11, 4, 255, 255, 5, 220, 0, 0, 0, 0, 0, 0]
12:36:58.685,[11, 4, 255, 255, 5, 220, 0, 0, 0, 0, 0, 0]
12:36:58.689,[11, 4, 255, 255, 5, 220, 0, 0, 0, 0, 0, 0]
12:36:58.693,[11, 4, 255, 255, 5, 220, 0, 0, 0, 0, 0, 0]
12:36:58.697,[11, 4, 255, 255, 5, 220, 0, 0, 0, 0, 0, 0]
12:36:58.700,[11, 4, 255, 255, 5, 220, 0, 0, 0, 0, 0, 0]
12:36:58.715,[11, 4, 255, 255, 5, 220, 0, 0, 0, 0, 0, 0]
12:36:58.720,[11, 4, 255, 255, 5, 220, 0, 0, 0, 0, 0, 0]
12:36:58.724,[11, 4, 255, 255, 5, 220, 0, 0, 0, 0, 0, 0]
12:36:58.728,[11, 4, 255, 255, 5, 220, 0, 0, 0, 0, 0, 0]
12:36:58.733,[11, 4, 255, 255, 5, 220, 0, 0, 0, 0, 0, 0]
12:36:58.752,[11, 4, 255, 255, 5, 220, 0, 0, 0, 0, 0, 0]
12:36:58.761,[11, 4, 255, 255, 5, 220, 0, 0, 0, 0, 0, 0]
12:36:58.783,[11, 4, 255, 255, 5, 220, 0, 0, 0, 0, 0, 0]
12:36:58.787,[11, 4, 255, 255, 5, 220, 0, 0, 0, 0, 0, 0]
12:36:58.791,[11, 4, 255, 255, 5, 220, 0, 0, 0, 0, 0, 0]
12:36:58.795,[11, 4, 255, 255, 5, 220, 0, 0, 0, 0, 0, 0]
12:36:58.814,[11, 4, 255, 255, 5, 220, 0, 0, 0, 0, 0, 0]
12:36:58.818,[11, 4, 255, 255, 5, 220, 0, 0, 0, 0, 0, 0]
12:36:58.823,[11, 4, 255, 255, 5, 220, 0, 0, 0, 0, 0, 0]
12:36:58.830,[11, 4, 255, 255, 5, 220, 0, 0, 0, 0, 0, 0]
12:36:58.842,[11, 4, 255, 255, 5, 220, 0, 0, 0, 0, 0, 0]
12:36:58.846,[11, 4, 255, 255, 5, 220, 0, 0, 0, 0, 0, 0]
12:36:58.850,[11, 4, 255, 255, 5, 220, 0, 0, 0, 0, 0, 0]
12:36:58.869,[11, 4, 255, 255, 5, 220, 0, 0, 0, 0, 0, 0]
12:36:58.873,[11, 4, 255, 255, 5, 220, 0, 0, 0, 0, 0, 0]
12:36:58.879,[11, 4, 255, 255, 5, 220, 0, 0, 0, 0, 0, 0]
12:36:58.899,[11, 4, 255, 255, 5, 220, 0, 0, 0, 0, 0, 0]
12:36:58.904,[11, 4, 255, 255, 5, 220, 0, 0, 0, 0, 0, 0]
12:36:58.908,[11, 4, 255, 255, 5, 220, 0, 0, 0, 0, 0, 0]
12:36:58.913,[11, 4, 255, 255, 5, 220, 0, 0, 0, 0, 0, 0]
12:36:58.917,[11, 4, 255, 255, 5, 220, 0, 0, 0, 0, 0, 0]
12:36:58.935,[11, 4, 255, 255, 5, 220, 0, 0, 0, 0, 0, 0]
12:36:58.939,[11, 4, 255, 255, 5, 220, 0, 0, 0, 0, 0, 0]
12:36:58.946,[11, 4, 255, 255, 5, 220, 0, 0, 0, 0, 0, 0]
12:36:58.950,[11, 4, 255, 255, 5, 220, 0, 0, 0, 0, 0, 0]
12:36:58.960,[11, 4, 255, 255, 5, 220, 0, 0, 0, 0, 0, 0]
12:36:58.964,[11, 4, 255, 255, 5, 220, 0, 0, 0, 0, 0, 0]
12:36:58.971,[11, 4, 255, 255, 5, 220, 0, 0, 0, 0, 0, 0]
12:36:58.975,[11, 4, 255, 255, 5, 220, 0, 0, 0, 0, 0, 0]
12:36:58.997,[11, 4, 255, 255, 5, 220, 0, 0, 0, 0, 0, 0]
12:36:59.003,[11, 4, 255, 255, 5, 220, 0, 0, 0, 0, 0, 0]
12:36:59.008,[11, 4, 255, 255, 5, 220, 0, 0, 0, 0, 0, 0]
12:36:59.012,[11, 4, 255, 255, 5, 220, 0, 0, 0, 0, 0, 0]
12:36:59.028,[11, 4, 255, 255, 5, 220, 0, 0, 0, 0, 0, 0]
12:36:59.032,[11, 4, 255, 255, 5, 220, 0, 0, 0, 0, 0, 0]
12:36:59.036,[11, 4, 255, 255, 5, 220, 0, 0, 0, 0, 0, 0]
12:36:59.040,[11, 4, 255, 255, 5, 220, 0, 0, 0, 0, 0, 0]
12:36:59.052,[11, 4, 255, 255, 5, 220, 0, 0, 0, 0, 0, 0]
12:36:59.057,[11, 4, 255, 255, 5, 220, 0, 0, 0, 0, 0, 0]
12:36:59.061,[11, 4, 255, 255, 5, 220, 0, 0, 0, 0, 0, 0]
12:36:59.065,[11, 4, 255, 255, 5, 220, 0, 0, 0, 0, 0, 0]
12:36:59.083,[11, 4, 255, 255, 5, 220, 0, 0, 0, 0, 0, 0]
12:36:59.087,[11, 4, 255, 255, 5, 220, 0, 0, 0, 0, 0, 0]
12:36:59.091,[11, 4, 255, 255, 5, 220, 0, 0, 0, 0, 0, 0]
12:36:59.095,[11, 4, 255, 255, 5, 220, 0, 0, 0, 0, 0, 0]
12:36:59.113,[11, 4, 255, 255, 5, 220, 0, 0, 0, 0, 0, 0]
12:36:59.118,[11, 4, 255, 255, 5, 220, 0, 0, 0, 0, 0, 0]
12:36:59.122,[11, 4, 255, 255, 5, 220, 0, 0, 0, 0, 0, 0]
12:36:59.127,[11, 4, 255, 255, 5, 220, 0, 0, 0, 0, 0, 0]
12:36:59.131,[11, 4, 255, 255, 5, 220, 0, 0, 0, 0, 0, 0]
12:36:59.144,[11, 4, 255, 255, 5, 220, 0, 0, 0, 0, 0, 0]
12:36:59.148,[11, 4, 255, 255, 5, 220, 0, 0, 0, 0, 0, 0]
12:36:59.155,[11, 4, 255, 255, 5, 220, 0, 0, 0, 0, 0, 0]
12:36:59.161,[11, 4, 255, 255, 5, 220, 0, 0, 0, 0, 0, 0]
12:36:59.175,[11, 4, 255, 255, 5, 220, 0, 0, 0, 0, 0, 0]
12:36:59.178,[11, 4, 255, 255, 5, 220, 0, 0, 0, 0, 0, 0]
12:36:59.185,[11, 4, 255, 255, 5, 220, 0, 0, 0, 0, 0, 0]
12:36:59.189,[11, 4, 255, 255, 5, 220, 0, 0, 0, 0, 0, 0]
12:36:59.205,[11, 4, 255, 255, 5, 220, 0, 0, 0, 0, 0, 0]
12:36:59.209,[11, 4, 255, 255, 5, 220, 0, 0, 0, 0, 0, 0]
12:36:59.213,[11, 4, 255, 255, 5, 220, 0, 0, 0, 0, 0, 0]
12:36:59.217,[11, 4, 255, 255, 5, 220, 0, 0, 0, 0, 0, 0]
12:36:59.236,[11, 4, 255, 255, 5, 220, 0, 0, 0, 0, 0, 0]
12:36:59.240,[11, 4, 255, 255, 5, 220, 0, 0, 0, 0, 0, 0]
12:36:59.244,[11, 4, 255, 255, 5, 220, 0, 0, 0, 0, 0, 0]
12:36:59.248,[11, 4, 255, 255, 5, 220, 0, 0, 0, 0, 0, 0]
12:36:59.252,[11, 4, 255, 255, 5, 220, 0, 0, 0, 0, 0, 0]
12:36:59.267,[11, 4, 255, 255, 5, 220, 0, 0, 0, 0, 0, 0]
12:36:59.271,[11, 4, 255, 255, 5, 220, 0, 0, 0, 0, 0, 0]
12:36:59.276,[11, 4, 255, 255, 5, 220, 0, 0, 0, 0, 0, 0]
12:36:59.283,[11, 4, 255, 255, 5, 220, 0, 0, 0, 0, 0, 0]
12:36:59.303,[11, 4, 255, 255, 5, 220, 0, 0, 0, 0, 0, 0]
12:36:59.308,[11, 4, 255, 255, 5, 220, 0, 0, 0, 0, 0, 0]
12:36:59.314,[11, 4, 255, 255, 5, 220, 0, 0, 0, 0, 0, 0]
12:36:59.318,[11, 4, 255, 255, 5, 220, 0, 0, 0, 0, 0, 0]
12:36:59.328,[11, 4, 255, 255, 5, 220, 0, 0, 0, 0, 0, 0]
12:36:59.332,[11, 4, 255, 255, 5, 220, 0, 0, 0, 0, 0, 0]
12:36:59.341,[11, 4, 255, 255, 5, 220, 0, 0, 0, 0, 0, 0]
12:36:59.359,[11, 4, 255, 255, 5, 220, 0, 0, 0, 0, 0, 0]
12:36:59.363,[11, 4, 255, 255, 5, 220, 0, 0, 0, 0, 0, 0]
12:36:59.367,[11, 4, 255, 255, 5, 220, 0, 0, 0, 0, 0, 0]
12:36:59.372,[11, 4, 255, 255, 5, 220, 0, 0, 0, 0, 0, 0]
12:36:59.390,[11, 4, 255, 255, 5, 220, 0, 0, 0, 0, 0, 0]
12:36:59.394,[11, 4, 255, 255, 5, 220, 0, 0, 0, 0, 0, 0]
12:36:59.399,[11, 4, 255, 255, 5, 220, 0, 0, 0, 0, 0, 0]
12:36:59.403,[11, 4, 255, 255, 5, 220, 0, 0, 0, 0, 0, 0]
12:36:59.407,[11, 4, 255, 255, 5, 220, 0, 0, 0, 0, 0, 0]
12:36:59.421,[11, 4, 255, 255, 5, 220, 0, 0, 0, 0, 0, 0]
12:36:59.425,[11, 4, 255, 255, 5, 220, 0, 0, 0, 0, 0, 0]
12:36:59.429,[11, 4, 255, 255, 5, 220, 0, 0, 0, 0, 0, 0]
12:36:59.433,[11, 4, 255, 255, 5, 220, 0, 0, 0, 0, 0, 0]
12:36:59.451,[11, 4, 255, 255, 5, 220, 0, 0, 0, 0, 0, 0]
12:36:59.455,[11, 4, 255, 255, 5, 220, 0, 0, 0, 0, 0, 0]
12:36:59.459,[11, 4, 255, 255, 5, 220, 0, 0, 0, 0, 0, 0]
12:36:59.463,[11, 4, 255, 255, 5, 220, 0, 0, 0, 0, 0, 0]
12:36:59.467,[11, 4, 255, 255, 5, 220, 0, 0, 0, 0, 0, 0]
12:36:59.488,[11, 4, 255, 255, 5, 220, 0, 0, 0, 0, 0, 0]
12:36:59.493,[11, 4, 255, 255, 5, 220, 0, 0, 0, 0, 0, 0]
12:36:59.497,[11, 4, 255, 255, 5, 220, 0, 0, 0, 0, 0, 0]
12:36:59.501,[11, 4, 255, 255, 5, 220, 0, 0, 0, 0, 0, 0]
12:36:59.505,[11, 4, 255, 255, 5, 220, 0, 0, 0, 0, 0, 0]
12:36:59.518,[11, 4, 255, 255, 5, 220, 0, 0, 0, 0, 0, 0]
12:36:59.522,[11, 4, 255, 255, 5, 220, 0, 0, 0, 0, 0, 0]
12:36:59.527,[11, 4, 255, 255, 5, 220, 0, 0, 0, 0, 0, 0]
12:36:59.531,[11, 4, 255, 255, 5, 220, 0, 0, 0, 0, 0, 0]
12:36:59.535,[11, 4, 255, 255, 5, 220, 0, 0, 0, 0, 0, 0]
12:36:59.549,[11, 4, 255, 255, 5, 220, 0, 0, 0, 0, 0, 0]
12:36:59.553,[11, 4, 255, 255, 5, 220, 0, 0, 0, 0, 0, 0]
12:36:59.557,[11, 4, 255, 255, 5, 220, 0, 0, 0, 0, 0, 0]
12:36:59.561,[11, 4, 255, 255, 5, 220, 0, 0, 0, 0, 0, 0]
12:36:59.565,[11, 4, 255, 255, 5, 220, 0, 0, 0, 0, 0, 0]
12:36:59.569,[11, 4, 255, 255, 5, 220, 0, 0, 0, 0, 0, 0]
12:36:59.574,[11, 4, 255, 255, 5, 220, 0, 0, 0, 0, 0, 0]
12:36:59.578,[11, 4, 255, 255, 5, 220, 0, 0, 0, 0, 0, 0]
12:36:59.582,[11, 4, 255, 255, 5, 220, 0, 0, 0, 0, 0, 0]
12:36:59.586,[11, 4, 255, 255, 5, 220, 0, 0, 0, 0, 0, 0]
12:36:59.605,[11, 4, 255, 255, 5, 220, 0, 0, 0, 0, 0, 0]
12:36:59.609,[11, 4, 255, 255, 5, 220, 0, 0, 0, 0, 0, 0]
12:36:59.614,[11, 4, 255, 255, 5, 220, 0, 0, 0, 0, 0, 0]
12:36:59.618,[11, 4, 255, 255, 5, 220, 0, 0, 0, 0, 0, 0]
12:36:59.622,[11, 4, 255, 255, 5, 220, 0, 0, 0, 0, 0, 0]
12:36:59.635,[11, 4, 255, 255, 5, 220, 0, 0, 0, 0, 0, 0]
12:36:59.639,[11, 4, 255, 255, 5, 220, 0, 0, 0, 0, 0, 0]
12:36:59.644,[11, 4, 255, 255, 5, 220, 0, 0, 0, 0, 0, 0]
12:36:59.648,[11, 4, 255, 255, 5, 220, 0, 0, 0, 0, 0, 0]
12:36:59.666,[11, 4, 255, 255, 5, 220, 0, 0, 0, 0, 0, 0]
12:36:59.670,[11, 4, 255, 255, 5, 220, 0, 0, 0, 0, 0, 0]
12:36:59.675,[11, 4, 255, 255, 5, 220, 0, 0, 0, 0, 0, 0]
12:36:59.678,[11, 4, 255, 255, 5, 220, 0, 0, 0, 0, 0, 0]
12:36:59.682,[11, 4, 255, 255, 5, 220, 0, 0, 0, 0, 0, 0]
12:36:59.703,[11, 4, 255, 255, 5, 220, 0, 0, 0, 0, 0, 0]
12:36:59.708,[11, 4, 255, 255, 5, 220, 0, 0, 0, 0, 0, 0]
12:36:59.712,[11, 4, 255, 255, 5, 220, 0, 0, 0, 0, 0, 0]
12:36:59.716,[11, 4, 255, 255, 5, 220, 0, 0, 0, 0, 0, 0]
12:36:59.727,[11, 4, 255, 255, 5, 220, 0, 0, 0, 0, 0, 0]
12:36:59.731,[11, 4, 255, 255, 5, 220, 0, 0, 0, 0, 0, 0]
12:36:59.735,[11, 4, 255, 255, 5, 220, 0, 0, 0, 0, 0, 0]
12:36:59.740,[11, 4, 255, 255, 5, 220, 0, 0, 0, 0, 0, 0]
12:36:59.744,[11, 4, 255, 255, 5, 220, 0, 0, 0, 0, 0, 0]
12:36:59.758,[11, 4, 255, 255, 5, 220, 0, 0, 0, 0, 0, 0]
12:36:59.762,[11, 4, 255, 255, 5, 220, 0, 0, 0, 0, 0, 0]
12:36:59.766,[11, 4, 255, 255, 5, 220, 0, 0, 0, 0, 0, 0]
12:36:59.770,[11, 4, 255, 255, 5, 220, 0, 0, 0, 0, 0, 0]
12:36:59.794,[11, 4, 255, 255, 5, 220, 0, 0, 0, 0, 0, 0]
12:36:59.798,[11, 4, 255, 255, 5, 220, 0, 0, 0, 0, 0, 0]
12:36:59.802,[11, 4, 255, 255, 5, 220, 0, 0, 0, 0, 0, 0]
12:36:59.806,[11, 4, 255, 255, 5, 220, 0, 0, 0, 0, 0, 0]
12:36:59.811,[11, 4, 255, 255, 5, 220, 0, 0, 0, 0, 0, 0]
12:36:59.819,[11, 4, 255, 255, 5, 220, 0, 0, 0, 0, 0, 0]
12:36:59.825,[11, 4, 255, 255, 5, 220, 0, 0, 0, 0, 0, 0]
12:36:59.829,[11, 4, 255, 255, 5, 220, 0, 0, 0, 0, 0, 0]
12:36:59.833,[11, 4, 255, 255, 5, 220, 0, 0, 0, 0, 0, 0]
12:36:59.849,[11, 4, 255, 255, 5, 220, 0, 0, 0, 0, 0, 0]
12:36:59.854,[11, 4, 255, 255, 5, 220, 0, 0, 0, 0, 0, 0]
12:36:59.858,[11, 4, 255, 255, 5, 220, 0, 0, 0, 0, 0, 0]
12:36:59.862,[11, 4, 255, 255, 5, 220, 0, 0, 0, 0, 0, 0]
12:36:59.887,[11, 4, 255, 255, 5, 220, 0, 0, 0, 0, 0, 0]
12:36:59.894,[11, 4, 255, 255, 5, 220, 0, 0, 0, 0, 0, 0]
12:36:59.899,[11, 4, 255, 255, 5, 220, 0, 0, 0, 0, 0, 0]
12:36:59.903,[11, 4, 255, 255, 5, 220, 0, 0, 0, 0, 0, 0]
12:36:59.910,[11, 4, 255, 255, 5, 220, 0, 0, 0, 0, 0, 0]
12:36:59.915,[11, 4, 255, 255, 5, 220, 0, 0, 0, 0, 0, 0]
12:36:59.919,[11, 4, 255, 255, 5, 220, 0, 0, 0, 0, 0, 0]
12:36:59.923,[11, 4, 255, 255, 5, 220, 0, 0, 0, 0, 0, 0]
12:36:59.949,[11, 4, 255, 255, 5, 220, 0, 0, 0, 0, 0, 0]
12:36:59.954,[11, 4, 255, 255, 5, 220, 0, 0, 0, 0, 0, 0]
12:36:59.958,[11, 4, 255, 255, 5, 220, 0, 0, 0, 0, 0, 0]
12:36:59.962,[11, 4, 255, 255, 5, 220, 0, 0, 0, 0, 0, 0]
12:36:59.976,[11, 4, 255, 255, 5, 220, 0, 0, 0, 0, 0, 0]
12:36:59.980,[11, 4, 255, 255, 5, 220, 0, 0, 0, 0, 0, 0]
12:36:59.985,[11, 4, 255, 255, 5, 220, 0, 0, 0, 0, 0, 0]
12:36:59.989,[11, 4, 255, 255, 5, 220, 0, 0, 0, 0, 0, 0]
12:36:59.994,[11, 4, 255, 255, 5, 220, 0, 0, 0, 0, 0, 0]
12:36:59.998,[11, 4, 255, 255, 5, 220, 0, 0, 0, 0, 0, 0]
12:37:00.007,[11, 4, 255, 255, 5, 220, 0, 0, 0, 0, 0, 0]
12:37:00.011,[11, 4, 255, 255, 5, 220, 0, 0, 0, 0, 0, 0]
12:37:00.015,[11, 4, 255, 255, 5, 220, 0, 0, 0, 0, 0, 0]
12:37:00.019,[11, 4, 255, 255, 5, 220, 0, 0, 0, 0, 0, 0]
12:37:00.034,[11, 4, 255, 255, 5, 220, 0, 0, 0, 0, 0, 0]
12:37:00.038,[11, 4, 255, 255, 5, 220, 0, 0, 0, 0, 0, 0]
12:37:00.042,[11, 4, 255, 255, 5, 220, 0, 0, 0, 0, 0, 0]
12:37:00.046,[11, 4, 255, 255, 5, 220, 0, 0, 0, 0, 0, 0]
12:37:00.064,[11, 4, 255, 255, 5, 220, 0, 0, 0, 0, 0, 0]
12:37:00.068,[11, 4, 255, 255, 5, 220, 0, 0, 0, 0, 0, 0]
12:37:00.073,[11, 4, 255, 255, 5, 220, 0, 0, 0, 0, 0, 0]
12:37:00.077,[11, 4, 255, 255, 5, 220, 0, 0, 0, 0, 0, 0]
12:37:00.081,[11, 4, 255, 255, 5, 220, 0, 0, 0, 0, 0, 0]
12:37:00.085,[11, 4, 255, 255, 5, 220, 0, 0, 0, 0, 0, 0]
12:37:00.098,[11, 4, 255, 255, 5, 220, 0, 0, 0, 0, 0, 0]
12:37:00.102,[11, 4, 255, 255, 5, 220, 0, 0, 0, 0, 0, 0]
12:37:00.108,[11, 4, 255, 255, 5, 220, 0, 0, 0, 0, 0, 0]
12:37:00.112,[11, 4, 255, 255, 5, 220, 0, 0, 0, 0, 0, 0]
12:37:00.116,[11, 4, 255, 255, 5, 220, 0, 0, 0, 0, 0, 0]
12:37:00.125,[11, 4, 255, 255, 5, 220, 0, 0, 0, 0, 0, 0]
12:37:00.130,[11, 4, 255, 255, 5, 220, 0, 0, 0, 0, 0, 0]
12:37:00.134,[11, 4, 255, 255, 5, 220, 0, 0, 0, 0, 0, 0]
12:37:00.138,[11, 4, 255, 255, 5, 220, 0, 0, 0, 0, 0, 0]
12:37:00.156,[11, 4, 255, 255, 5, 220, 0, 0, 0, 0, 0, 0]
12:37:00.159,[11, 4, 255, 255, 5, 220, 0, 0, 0, 0, 0, 0]
12:37:00.169,[11, 4, 255, 255, 5, 220, 0, 0, 0, 0, 0, 0]
12:37:00.173,[11, 4, 255, 255, 5, 220, 0, 0, 0, 0, 0, 0]
12:37:00.186,[11, 4, 255, 255, 5, 220, 0, 0, 0, 0, 0, 0]
12:37:00.190,[11, 4, 255, 255, 5, 220, 0, 0, 0, 0, 0, 0]
12:37:00.194,[11, 4, 255, 255, 5, 220, 0, 0, 0, 0, 0, 0]
12:37:00.198,[11, 4, 255, 255, 5, 220, 0, 0, 0, 0, 0, 0]
12:37:00.222,[11, 4, 255, 255, 5, 220, 0, 0, 0, 0, 0, 0]
12:37:00.226,[11, 4, 255, 255, 5, 220, 0, 0, 0, 0, 0, 0]
12:37:00.230,[11, 4, 255, 255, 5, 220, 0, 0, 0, 0, 0, 0]
12:37:00.234,[11, 4, 255, 255, 5, 220, 0, 0, 0, 0, 0, 0]
12:37:00.254,[11, 4, 255, 255, 5, 220, 0, 0, 0, 0, 0, 0]
12:37:00.260,[11, 4, 255, 255, 5, 220, 0, 0, 0, 0, 0, 0]
12:37:00.264,[11, 4, 255, 255, 5, 220, 0, 0, 0, 0, 0, 0]
12:37:00.281,[11, 4, 255, 255, 5, 220, 0, 0, 0, 0, 0, 0]
12:37:00.285,[11, 4, 255, 255, 5, 220, 0, 0, 0, 0, 0, 0]
12:37:00.289,[11, 4, 255, 255, 5, 220, 0, 0, 0, 0, 0, 0]
12:37:00.294,[11, 4, 255, 255, 5, 220, 0, 0, 0, 0, 0, 0]
12:37:00.309,[11, 4, 255, 255, 5, 220, 0, 0, 0, 0, 0, 0]
12:37:00.313,[11, 4, 255, 255, 5, 220, 0, 0, 0, 0, 0, 0]
12:37:00.317,[11, 4, 255, 255, 5, 220, 0, 0, 0, 0, 0, 0]
12:37:00.320,[11, 4, 255, 255, 5, 220, 0, 0, 0, 0, 0, 0]
12:37:00.324,[11, 4, 255, 255, 5, 220, 0, 0, 0, 0, 0, 0]
12:37:00.339,[11, 4, 255, 255, 5, 220, 0, 0, 0, 0, 0, 0]
12:37:00.342,[11, 4, 255, 255, 5, 220, 0, 0, 0, 0, 0, 0]
12:37:00.347,[11, 4, 255, 255, 5, 220, 0, 0, 0, 0, 0, 0]
12:37:00.351,[11, 4, 255, 255, 5, 220, 0, 0, 0, 0, 0, 0]
12:37:00.354,[11, 4, 255, 255, 5, 220, 0, 0, 0, 0, 0, 0]
12:37:00.369,[11, 4, 255, 255, 5, 220, 0, 0, 0, 0, 0, 0]
12:37:00.375,[11, 4, 255, 255, 5, 220, 0, 0, 0, 0, 0, 0]
12:37:00.379,[11, 4, 255, 255, 5, 220, 0, 0, 0, 0, 0, 0]
12:37:00.383,[11, 4, 255, 255, 5, 220, 0, 0, 0, 0, 0, 0]
12:37:00.405,[11, 4, 255, 255, 5, 220, 0, 0, 0, 0, 0, 0]
12:37:00.409,[11, 4, 255, 255, 5, 220, 0, 0, 0, 0, 0, 0]
12:37:00.413,[11, 4, 255, 255, 5, 220, 0, 0, 0, 0, 0, 0]
12:37:00.431,[11, 4, 255, 255, 5, 220, 0, 0, 0, 0, 0, 0]
12:37:00.435,[11, 4, 255, 255, 5, 220, 0, 0, 0, 0, 0, 0]
12:37:00.439,[11, 4, 255, 255, 5, 220, 0, 0, 0, 0, 0, 0]
12:37:00.443,[11, 4, 255, 255, 5, 220, 0, 0, 0, 0, 0, 0]
12:37:00.448,[11, 4, 255, 255, 5, 220, 0, 0, 0, 0, 0, 0]
12:37:00.461,[11, 4, 255, 255, 5, 220, 0, 0, 0, 0, 0, 0]
