12:53:05.703,array('B', [1, 0, 0, 0, 0, 0, 0, 0, 0, 0, 0, 0, 0, 0, 0, 0, 0, 0, 0, 0, 0, 0, 0, 0, 0, 0, 0])
12:53:05.708,array('B', [1, 255, 189, 0, 42, 0, 6, 0, 0, 0, 0, 0, 0, 0, 0, 0, 0, 0, 0, 165, 165, 165, 165, 165, 165, 165, 165])
12:53:05.712,array('B', [1, 255, 202, 0, 24, 0, 12, 0, 0, 0, 0, 0, 0, 0, 0, 0, 0, 0, 0, 165, 165, 165, 165, 165, 165, 165, 165])
12:53:05.716,array('B', [1, 0, 12, 0, 0, 255, 250, 0, 0, 0, 0, 0, 0, 0, 0, 0, 0, 0, 0, 165, 165, 165, 165, 165, 165, 165, 165])
12:53:05.723,array('B', [17, 0, 30, 255, 232, 255, 250, 248, 34, 244, 166, 0, 0, 0, 0, 0, 0, 0, 0, 165, 165, 165, 165, 165, 165, 165, 165])
12:53:05.727,array('B', [1, 0, 67, 255, 232, 0, 6, 248, 33, 244, 165, 0, 0, 0, 0, 0, 0, 0, 0, 165, 165, 165, 165, 165, 165, 165, 165])
12:53:05.732,array('B', [1, 0, 73, 255, 226, 0, 18, 248, 32, 244, 165, 0, 0, 0, 0, 0, 0, 0, 0, 165, 165, 165, 165, 165, 165, 165, 165])
12:53:05.739,array('B', [17, 0, 97, 255, 214, 0, 12, 248, 32, 244, 165, 0, 0, 0, 0, 0, 0, 0, 0, 165, 165, 165, 165, 165, 165, 165, 165])
12:53:05.743,array('B', [1, 0, 79, 255, 214, 0, 6, 248, 32, 244, 165, 0, 0, 0, 0, 0, 0, 0, 0, 165, 165, 165, 165, 165, 165, 165, 165])
12:53:05.749,array('B', [17, 0, 67, 255, 226, 0, 24, 248, 31, 244, 165, 0, 0, 0, 0, 0, 0, 0, 0, 165, 165, 165, 165, 165, 165, 165, 165])
12:53:05.756,array('B', [17, 0, 30, 255, 232, 0, 6, 248, 31, 244, 165, 0, 0, 0, 0, 0, 0, 0, 0, 165, 165, 165, 165, 165, 165, 165, 165])
12:53:05.760,array('B', [1, 0, 6, 0, 12, 0, 12, 248, 31, 244, 165, 0, 0, 0, 0, 0, 0, 0, 0, 165, 165, 165, 165, 165, 165, 165, 165])
12:53:05.766,array('B', [17, 255, 226, 0, 12, 255, 250, 248, 30, 244, 165, 0, 0, 0, 0, 0, 0, 0, 0, 165, 165, 165, 165, 165, 165, 165, 165])
12:53:05.772,array('B', [17, 255, 238, 0, 12, 0, 0, 248, 30, 244, 165, 0, 0, 0, 0, 0, 0, 0, 0, 165, 165, 165, 165, 165, 165, 165, 165])
12:53:05.776,array('B', [1, 255, 226, 0, 12, 0, 6, 248, 29, 244, 165, 0, 0, 0, 0, 0, 0, 0, 0, 165, 165, 165, 165, 165, 165, 165, 165])
12:53:05.780,array('B', [1, 255, 226, 0, 24, 255, 250, 248, 28, 244, 165, 0, 0, 0, 0, 0, 0, 0, 0, 165, 165, 165, 165, 165, 165, 165, 165])
12:53:05.784,array('B', [1, 255, 220, 0, 24, 0, 0, 248, 28, 244, 165, 0, 0, 0, 0, 0, 0, 0, 0, 165, 165, 165, 165, 165, 165, 165, 165])
12:53:05.790,array('B', [17, 255, 244, 0, 18, 0, 0, 248, 27, 244, 165, 0, 0, 0, 0, 0, 0, 0, 0, 165, 165, 165, 165, 165, 165, 165, 165])
12:53:05.794,array('B', [1, 0, 0, 0, 12, 0, 18, 248, 26, 244, 164, 0, 0, 0, 0, 0, 0, 0, 0, 165, 165, 165, 165, 165, 165, 165, 165])
12:53:05.798,array('B', [1, 0, 24, 255, 250, 0, 18, 248, 26, 244, 164, 0, 0, 0, 0, 0, 0, 0, 0, 165, 165, 165, 165, 165, 165, 165, 165])
12:53:05.802,array('B', [1, 0, 36, 0, 0, 0, 6, 248, 25, 244, 164, 0, 0, 0, 0, 0, 0, 0, 0, 165, 165, 165, 165, 165, 165, 165, 165])
12:53:05.806,array('B', [1, 0, 42, 255, 238, 0, 6, 248, 25, 244, 164, 0, 0, 0, 0, 0, 0, 0, 0, 165, 165, 165, 165, 165, 165, 165, 165])
12:53:05.810,array('B', [1, 0, 12, 255, 250, 0, 12, 248, 24, 244, 164, 0, 0, 0, 0, 0, 0, 0, 0, 165, 165, 165, 165, 165, 165, 165, 165])
12:53:05.817,array('B', [17, 0, 12, 0, 0, 0, 18, 248, 24, 244, 164, 0, 0, 0, 0, 0, 0, 0, 0, 165, 165, 165, 165, 165, 165, 165, 165])
12:53:05.823,array('B', [17, 0, 6, 255, 244, 255, 250, 248, 23, 244, 163, 0, 0, 0, 0, 0, 0, 0, 0, 165, 165, 165, 165, 165, 165, 165, 165])
12:53:05.827,array('B', [1, 0, 6, 0, 6, 0, 18, 248, 23, 244, 163, 0, 0, 0, 0, 0, 0, 0, 0, 165, 165, 165, 165, 165, 165, 165, 165])
12:53:05.833,array('B', [17, 255, 244, 0, 0, 0, 0, 248, 22, 244, 163, 0, 0, 0, 0, 0, 0, 0, 0, 165, 165, 165, 165, 165, 165, 165, 165])
12:53:05.851,array('B', [1, 0, 6, 255, 250, 0, 0, 248, 22, 244, 163, 0, 0, 0, 0, 0, 0, 0, 0, 165, 165, 165, 165, 165, 165, 165, 165])
12:53:05.856,array('B', [1, 0, 6, 255, 238, 0, 0, 248, 21, 244, 163, 0, 0, 0, 0, 0, 0, 0, 0, 165, 165, 165, 165, 165, 165, 165, 165])
12:53:05.863,array('B', [17, 0, 30, 0, 0, 0, 6, 248, 20, 244, 163, 0, 0, 0, 0, 0, 0, 0, 0, 165, 165, 165, 165, 165, 165, 165, 165])
12:53:05.867,array('B', [1, 0, 18, 255, 238, 0, 6, 248, 20, 244, 163, 0, 0, 0, 0, 0, 0, 0, 0, 165, 165, 165, 165, 165, 165, 165, 165])
12:53:05.882,array('B', [17, 0, 24, 0, 0, 0, 18, 248, 19, 244, 163, 0, 0, 0, 0, 0, 0, 0, 0, 165, 165, 165, 165, 165, 165, 165, 165])
12:53:05.892,array('B', [33, 0, 0, 0, 0, 0, 0, 248, 18, 244, 162, 0, 0, 0, 0, 0, 0, 0, 0, 165, 165, 165, 165, 165, 165, 165, 165])
12:53:05.896,array('B', [1, 255, 226, 0, 30, 255, 250, 248, 17, 244, 162, 0, 0, 0, 0, 0, 0, 0, 0, 165, 165, 165, 165, 165, 165, 165, 165])
12:53:05.900,array('B', [1, 0, 18, 0, 12, 0, 6, 248, 16, 244, 162, 0, 0, 0, 0, 0, 0, 0, 0, 165, 165, 165, 165, 165, 165, 165, 165])
12:53:05.916,array('B', [1, 0, 36, 0, 6, 0, 6, 248, 16, 244, 162, 0, 0, 0, 0, 0, 0, 0, 0, 165, 165, 165, 165, 165, 165, 165, 165])
12:53:05.923,array('B', [17, 0, 30, 255, 232, 0, 6, 248, 14, 244, 161, 0, 0, 0, 0, 0, 0, 0, 0, 165, 165, 165, 165, 165, 165, 165, 165])
12:53:05.927,array('B', [1, 0, 54, 255, 244, 0, 6, 248, 13, 244, 161, 0, 0, 0, 0, 0, 0, 0, 0, 165, 165, 165, 165, 165, 165, 165, 165])
12:53:05.942,array('B', [17, 0, 18, 0, 0, 0, 6, 248, 12, 244, 161, 0, 0, 0, 0, 0, 0, 0, 0, 165, 165, 165, 165, 165, 165, 165, 165])
12:53:05.946,array('B', [1, 0, 30, 255, 250, 0, 18, 248, 11, 244, 161, 0, 0, 0, 0, 0, 0, 0, 0, 165, 165, 165, 165, 165, 165, 165, 165])
12:53:05.951,array('B', [1, 0, 6, 0, 6, 0, 12, 248, 10, 244, 161, 0, 0, 0, 0, 0, 0, 0, 0, 165, 165, 165, 165, 165, 165, 165, 165])
12:53:05.957,array('B', [17, 255, 232, 0, 18, 0, 6, 248, 10, 244, 161, 0, 0, 0, 0, 0, 0, 0, 0, 165, 165, 165, 165, 165, 165, 165, 165])
12:53:05.980,array('B', [33, 255, 244, 0, 12, 0, 6, 248, 10, 244, 161, 0, 0, 0, 0, 0, 0, 0, 0, 165, 165, 165, 165, 165, 165, 165, 165])
12:53:05.984,array('B', [1, 0, 12, 0, 6, 0, 6, 248, 8, 244, 160, 0, 0, 0, 0, 0, 0, 0, 0, 165, 165, 165, 165, 165, 165, 165, 165])
12:53:05.989,array('B', [1, 0, 6, 0, 12, 0, 6, 248, 8, 244, 160, 0, 0, 0, 0, 0, 0, 0, 0, 165, 165, 165, 165, 165, 165, 165, 165])
12:53:05.993,array('B', [1, 0, 6, 0, 24, 0, 12, 248, 7, 244, 160, 0, 0, 0, 0, 0, 0, 0, 0, 165, 165, 165, 165, 165, 165, 165, 165])
12:53:06.004,array('B', [17, 255, 244, 0, 6, 0, 6, 248, 6, 244, 160, 0, 0, 0, 0, 0, 0, 0, 0, 165, 165, 165, 165, 165, 165, 165, 165])
12:53:06.009,array('B', [1, 0, 6, 0, 12, 0, 12, 248, 4, 244, 159, 0, 0, 0, 0, 0, 0, 0, 0, 165, 165, 165, 165, 165, 165, 165, 165])
12:53:06.013,array('B', [1, 0, 24, 0, 6, 0, 18, 248, 3, 244, 159, 0, 0, 0, 0, 0, 0, 0, 0, 165, 165, 165, 165, 165, 165, 165, 165])
12:53:06.018,array('B', [1, 0, 30, 255, 244, 0, 12, 248, 3, 244, 159, 0, 0, 0, 0, 0, 0, 0, 0, 165, 165, 165, 165, 165, 165, 165, 165])
12:53:06.034,array('B', [1, 0, 36, 255, 250, 0, 6, 248, 2, 244, 159, 0, 0, 0, 0, 0, 0, 0, 0, 165, 165, 165, 165, 165, 165, 165, 165])
12:53:06.038,array('B', [1, 0, 36, 255, 232, 0, 6, 248, 1, 244, 159, 0, 0, 0, 0, 0, 0, 0, 0, 165, 165, 165, 165, 165, 165, 165, 165])
12:53:06.043,array('B', [1, 0, 18, 255, 244, 0, 0, 248, 1, 244, 158, 0, 0, 0, 0, 0, 0, 0, 0, 165, 165, 165, 165, 165, 165, 165, 165])
12:53:06.050,array('B', [17, 0, 54, 255, 250, 0, 6, 248, 1, 244, 158, 0, 0, 0, 0, 0, 0, 0, 0, 165, 165, 165, 165, 165, 165, 165, 165])
12:53:06.064,array('B', [1, 0, 30, 255, 238, 0, 0, 248, 0, 244, 158, 0, 0, 0, 0, 0, 0, 0, 0, 165, 165, 165, 165, 165, 165, 165, 165])
12:53:06.069,array('B', [1, 0, 18, 0, 6, 0, 6, 247, 255, 244, 158, 0, 0, 0, 0, 0, 0, 0, 0, 165, 165, 165, 165, 165, 165, 165, 165])
12:53:06.073,array('B', [1, 255, 195, 0, 48, 0, 0, 247, 255, 244, 158, 0, 0, 0, 0, 0, 0, 0, 0, 165, 165, 165, 165, 165, 165, 165, 165])
12:53:06.077,array('B', [1, 255, 208, 0, 30, 0, 12, 247, 254, 244, 158, 0, 0, 0, 0, 0, 0, 0, 0, 165, 165, 165, 165, 165, 165, 165, 165])
12:53:06.083,array('B', [17, 255, 214, 0, 36, 255, 250, 247, 254, 244, 158, 0, 0, 0, 0, 0, 0, 0, 0, 165, 165, 165, 165, 165, 165, 165, 165])
12:53:06.098,array('B', [1, 255, 226, 0, 18, 0, 6, 247, 252, 244, 157, 0, 0, 0, 0, 0, 0, 0, 0, 165, 165, 165, 165, 165, 165, 165, 165])
12:53:06.105,array('B', [17, 0, 91, 255, 232, 0, 6, 247, 251, 244, 157, 0, 0, 0, 0, 0, 0, 0, 0, 165, 165, 165, 165, 165, 165, 165, 165])
12:53:06.109,array('B', [1, 0, 85, 255, 214, 0, 6, 247, 250, 244, 157, 0, 0, 0, 0, 0, 0, 0, 0, 165, 165, 165, 165, 165, 165, 165, 165])
12:53:06.113,array('B', [1, 0, 115, 255, 226, 0, 6, 247, 250, 244, 157, 0, 0, 0, 0, 0, 0, 0, 0, 165, 165, 165, 165, 165, 165, 165, 165])
12:53:06.125,array('B', [1, 0, 79, 255, 220, 0, 0, 247, 249, 244, 156, 0, 0, 0, 0, 0, 0, 0, 0, 165, 165, 165, 165, 165, 165, 165, 165])
12:53:06.129,array('B', [1, 0, 36, 255, 250, 0, 18, 247, 248, 244, 157, 0, 0, 0, 0, 0, 0, 0, 0, 165, 165, 165, 165, 165, 165, 165, 165])
12:53:06.133,array('B', [1, 255, 214, 0, 36, 0, 0, 247, 248, 244, 157, 0, 0, 0, 0, 0, 0, 0, 0, 165, 165, 165, 165, 165, 165, 165, 165])
12:53:06.137,array('B', [1, 255, 202, 0, 24, 0, 0, 247, 248, 244, 157, 0, 0, 0, 0, 0, 0, 0, 0, 165, 165, 165, 165, 165, 165, 165, 165])
12:53:06.141,array('B', [1, 255, 195, 0, 42, 255, 250, 247, 248, 244, 157, 0, 0, 0, 0, 0, 0, 0, 0, 165, 165, 165, 165, 165, 165, 165, 165])
12:53:06.145,array('B', [1, 255, 202, 0, 42, 255, 250, 247, 247, 244, 156, 0, 0, 0, 0, 0, 0, 0, 0, 165, 165, 165, 165, 165, 165, 165, 165])
12:53:06.156,array('B', [1, 255, 220, 0, 24, 255, 250, 247, 246, 244, 156, 0, 0, 0, 0, 0, 0, 0, 0, 165, 165, 165, 165, 165, 165, 165, 165])
12:53:06.161,array('B', [1, 255, 232, 0, 18, 0, 0, 247, 245, 244, 156, 0, 0, 0, 0, 0, 0, 0, 0, 165, 165, 165, 165, 165, 165, 165, 165])
12:53:06.165,array('B', [1, 0, 24, 255, 232, 0, 0, 247, 245, 244, 156, 0, 0, 0, 0, 0, 0, 0, 0, 165, 165, 165, 165, 165, 165, 165, 165])
12:53:06.171,array('B', [17, 0, 42, 0, 6, 0, 24, 247, 244, 244, 155, 0, 0, 0, 0, 0, 0, 0, 0, 165, 165, 165, 165, 165, 165, 165, 165])
12:53:06.175,array('B', [1, 0, 42, 255, 238, 0, 6, 247, 243, 244, 155, 0, 0, 0, 0, 0, 0, 0, 0, 165, 165, 165, 165, 165, 165, 165, 165])
12:53:06.186,array('B', [1, 0, 73, 255, 232, 0, 18, 247, 242, 244, 155, 0, 0, 0, 0, 0, 0, 0, 0, 165, 165, 165, 165, 165, 165, 165, 165])
12:53:06.190,array('B', [1, 0, 54, 255, 214, 0, 18, 247, 242, 244, 155, 0, 0, 0, 0, 0, 0, 0, 0, 165, 165, 165, 165, 165, 165, 165, 165])
12:53:06.194,array('B', [1, 0, 12, 255, 238, 255, 250, 247, 242, 244, 155, 0, 0, 0, 0, 0, 0, 0, 0, 165, 165, 165, 165, 165, 165, 165, 165])
12:53:06.198,array('B', [1, 255, 220, 0, 6, 0, 12, 247, 242, 244, 155, 0, 0, 0, 0, 0, 0, 0, 0, 165, 165, 165, 165, 165, 165, 165, 165])
12:53:06.205,array('B', [17, 255, 226, 0, 24, 0, 0, 247, 241, 244, 155, 0, 0, 0, 0, 0, 0, 0, 0, 165, 165, 165, 165, 165, 165, 165, 165])
12:53:06.216,array('B', [1, 255, 208, 0, 12, 255, 250, 247, 241, 244, 155, 0, 0, 0, 0, 0, 0, 0, 0, 165, 165, 165, 165, 165, 165, 165, 165])
12:53:06.221,array('B', [1, 0, 0, 0, 24, 0, 0, 247, 240, 244, 155, 0, 0, 0, 0, 0, 0, 0, 0, 165, 165, 165, 165, 165, 165, 165, 165])
12:53:06.224,array('B', [1, 0, 30, 0, 0, 0, 18, 247, 240, 244, 155, 0, 0, 0, 0, 0, 0, 0, 0, 165, 165, 165, 165, 165, 165, 165, 165])
12:53:06.228,array('B', [1, 0, 6, 0, 0, 255, 250, 247, 239, 244, 155, 0, 0, 0, 0, 0, 0, 0, 0, 165, 165, 165, 165, 165, 165, 165, 165])
12:53:06.232,array('B', [1, 255, 250, 0, 18, 0, 12, 247, 238, 244, 154, 0, 0, 0, 0, 0, 0, 0, 0, 165, 165, 165, 165, 165, 165, 165, 165])
12:53:06.247,array('B', [17, 0, 6, 0, 0, 0, 18, 247, 237, 244, 154, 0, 0, 0, 0, 0, 0, 0, 0, 165, 165, 165, 165, 165, 165, 165, 165])
12:53:06.253,array('B', [1, 255, 250, 0, 0, 0, 6, 247, 237, 244, 154, 0, 0, 0, 0, 0, 0, 0, 0, 165, 165, 165, 165, 165, 165, 165, 165])
12:53:06.258,array('B', [1, 0, 6, 0, 12, 0, 18, 247, 237, 244, 154, 0, 0, 0, 0, 0, 0, 0, 0, 165, 165, 165, 165, 165, 165, 165, 165])
12:53:06.262,array('B', [1, 255, 250, 0, 12, 0, 12, 247, 236, 244, 154, 0, 0, 0, 0, 0, 0, 0, 0, 165, 165, 165, 165, 165, 165, 165, 165])
12:53:06.266,array('B', [1, 0, 6, 0, 12, 0, 12, 247, 236, 244, 154, 0, 0, 0, 0, 0, 0, 0, 0, 165, 165, 165, 165, 165, 165, 165, 165])
12:53:06.278,array('B', [1, 255, 238, 0, 18, 0, 12, 247, 235, 244, 153, 0, 0, 0, 0, 0, 0, 0, 0, 165, 165, 165, 165, 165, 165, 165, 165])
12:53:06.282,array('B', [1, 255, 232, 0, 24, 0, 0, 247, 234, 244, 153, 0, 0, 0, 0, 0, 0, 0, 0, 165, 165, 165, 165, 165, 165, 165, 165])
12:53:06.287,array('B', [1, 0, 6, 0, 0, 0, 12, 247, 234, 244, 153, 0, 0, 0, 0, 0, 0, 0, 0, 165, 165, 165, 165, 165, 165, 165, 165])
12:53:06.290,array('B', [1, 0, 12, 0, 12, 0, 0, 247, 233, 244, 153, 0, 0, 0, 0, 0, 0, 0, 0, 165, 165, 165, 165, 165, 165, 165, 165])
12:53:06.294,array('B', [1, 0, 18, 0, 0, 0, 12, 247, 233, 244, 153, 0, 0, 0, 0, 0, 0, 0, 0, 165, 165, 165, 165, 165, 165, 165, 165])
12:53:06.315,array('B', [1, 0, 24, 0, 0, 0, 6, 247, 231, 244, 152, 0, 0, 0, 0, 0, 0, 0, 0, 165, 165, 165, 165, 165, 165, 165, 165])
12:53:06.319,array('B', [1, 0, 30, 255, 244, 0, 12, 247, 231, 244, 152, 0, 0, 0, 0, 0, 0, 0, 0, 165, 165, 165, 165, 165, 165, 165, 165])
12:53:06.323,array('B', [1, 0, 48, 255, 238, 0, 6, 247, 231, 244, 152, 0, 0, 0, 0, 0, 0, 0, 0, 165, 165, 165, 165, 165, 165, 165, 165])
12:53:06.347,array('B', [17, 0, 30, 255, 238, 0, 0, 247, 230, 244, 152, 0, 0, 0, 0, 0, 0, 0, 0, 165, 165, 165, 165, 165, 165, 165, 165])
12:53:06.351,array('B', [1, 0, 12, 0, 0, 0, 6, 247, 230, 244, 152, 0, 0, 0, 0, 0, 0, 0, 0, 165, 165, 165, 165, 165, 165, 165, 165])
12:53:06.355,array('B', [1, 255, 220, 0, 36, 0, 12, 247, 229, 244, 152, 0, 0, 0, 0, 0, 0, 0, 0, 165, 165, 165, 165, 165, 165, 165, 165])
12:53:06.359,array('B', [1, 255, 232, 0, 18, 0, 0, 247, 229, 244, 152, 0, 0, 0, 0, 0, 0, 0, 0, 165, 165, 165, 165, 165, 165, 165, 165])
12:53:06.363,array('B', [1, 0, 0, 0, 6, 0, 12, 247, 228, 244, 152, 0, 0, 0, 0, 0, 0, 0, 0, 165, 165, 165, 165, 165, 165, 165, 165])
12:53:06.369,array('B', [1, 0, 24, 0, 0, 0, 12, 247, 225, 244, 151, 0, 0, 0, 0, 0, 0, 0, 0, 165, 165, 165, 165, 165, 165, 165, 165])
12:53:06.373,array('B', [1, 0, 42, 255, 232, 0, 6, 247, 225, 244, 151, 0, 0, 0, 0, 0, 0, 0, 0, 165, 165, 165, 165, 165, 165, 165, 165])
12:53:06.380,array('B', [17, 0, 42, 255, 244, 0, 6, 247, 224, 244, 150, 0, 0, 0, 0, 0, 0, 0, 0, 165, 165, 165, 165, 165, 165, 165, 165])
12:53:06.384,array('B', [1, 0, 42, 255, 250, 0, 12, 247, 224, 244, 150, 0, 0, 0, 0, 0, 0, 0, 0, 165, 165, 165, 165, 165, 165, 165, 165])
12:53:06.388,array('B', [1, 0, 42, 255, 250, 0, 24, 247, 224, 244, 150, 0, 0, 0, 0, 0, 0, 0, 0, 165, 165, 165, 165, 165, 165, 165, 165])
12:53:06.407,array('B', [1, 0, 79, 255, 238, 0, 18, 247, 224, 244, 150, 0, 0, 0, 0, 0, 0, 0, 0, 165, 165, 165, 165, 165, 165, 165, 165])
12:53:06.416,array('B', [33, 0, 128, 255, 202, 0, 30, 247, 223, 244, 150, 0, 0, 0, 0, 0, 0, 0, 0, 165, 165, 165, 165, 165, 165, 165, 165])
12:53:06.430,array('B', [1, 0, 201, 255, 189, 0, 54, 247, 223, 244, 150, 0, 0, 0, 0, 0, 0, 0, 0, 165, 165, 165, 165, 165, 165, 165, 165])
12:53:06.435,array('B', [1, 255, 244, 0, 67, 0, 36, 247, 223, 244, 150, 0, 0, 0, 0, 0, 0, 0, 0, 165, 165, 165, 165, 165, 165, 165, 165])
12:53:06.439,array('B', [1, 254, 213, 0, 219, 0, 0, 247, 223, 244, 150, 0, 0, 0, 0, 0, 0, 0, 0, 165, 165, 165, 165, 165, 165, 165, 165])
12:53:06.443,array('B', [1, 254, 183, 0, 244, 255, 250, 247, 225, 244, 151, 0, 0, 0, 0, 0, 0, 0, 0, 165, 165, 165, 165, 165, 165, 165, 165])
12:53:06.461,array('B', [17])
12:53:06.465,array('B', [1, 254, 183, 0, 219, 255, 238, 247, 221, 244, 148, 0, 0, 0, 0, 0, 0, 0, 0, 165, 165, 165, 165, 165, 165, 165, 165])
12:53:06.474,array('B', [33, 0, 79, 255, 238, 0, 36, 247, 220, 244, 147, 0, 0, 0, 0, 0, 0, 0, 0, 165, 165, 165, 165, 165, 165, 165, 165])
12:53:06.500,array('B', [1, 0, 152, 255, 195, 0, 30, 247, 218, 244, 146, 0, 0, 0, 0, 0, 0, 0, 0, 165, 165, 165, 165, 165, 165, 165, 165])
12:53:06.507,array('B', [17, 1, 73, 255, 104, 0, 42, 247, 216, 244, 145, 0, 0, 0, 0, 0, 0, 0, 0, 165, 165, 165, 165, 165, 165, 165, 165])
12:53:06.516,array('B', [33, 0, 48, 255, 244, 0, 18, 247, 213, 244, 143, 0, 0, 0, 0, 0, 0, 0, 0, 165, 165, 165, 165, 165, 165, 165, 165])
12:53:06.524,array('B', [33, 255, 110, 0, 79, 0, 6, 247, 213, 244, 143, 0, 0, 0, 0, 0, 0, 0, 0, 165, 165, 165, 165, 165, 165, 165, 165])
12:53:06.528,array('B', [1, 254, 232, 0, 189, 255, 244, 247, 215, 244, 144, 0, 0, 0, 0, 0, 0, 0, 0, 165, 165, 165, 165, 165, 165, 165, 165])
12:53:06.532,array('B', [1, 254, 189, 0, 177, 255, 220, 247, 219, 244, 146, 0, 0, 0, 0, 0, 0, 0, 0, 165, 165, 165, 165, 165, 165, 165, 165])
12:53:06.561,array('B', [33, 255, 6, 0, 152, 255, 238, 247, 218, 244, 146, 0, 0, 0, 0, 0, 0, 0, 0, 165, 165, 165, 165, 165, 165, 165, 165])
12:53:06.565,array('B', [1, 255, 92, 0, 115, 255, 238, 247, 215, 244, 144, 0, 0, 0, 0, 0, 0, 0, 0, 165, 165, 165, 165, 165, 165, 165, 165])
12:53:06.574,array('B', [33, 1, 79, 255, 104, 0, 67, 247, 212, 244, 143, 0, 0, 0, 0, 0, 0, 0, 0, 165, 165, 165, 165, 165, 165, 165, 165])
12:53:06.578,array('B', [1, 1, 79, 255, 67, 0, 36, 247, 211, 244, 142, 0, 0, 0, 0, 0, 0, 0, 0, 165, 165, 165, 165, 165, 165, 165, 165])
12:53:06.583,array('B', [1, 0, 238, 255, 141, 0, 24, 247, 210, 244, 142, 0, 0, 0, 0, 0, 0, 0, 0, 165, 165, 165, 165, 165, 165, 165, 165])
12:53:06.589,array('B', [17, 0, 122, 255, 195, 0, 24, 247, 210, 244, 142, 0, 0, 0, 0, 0, 0, 0, 0, 165, 165, 165, 165, 165, 165, 165, 165])
12:53:06.596,array('B', [17, 0, 24, 255, 250, 0, 12, 247, 211, 244, 143, 0, 0, 0, 0, 0, 0, 0, 0, 165, 165, 165, 165, 165, 165, 165, 165])
12:53:06.600,array('B', [1, 255, 79, 0, 97, 255, 232, 247, 212, 244, 144, 0, 0, 0, 0, 0, 0, 0, 0, 165, 165, 165, 165, 165, 165, 165, 165])
12:53:06.614,array('B', [17, 254, 207, 0, 164, 255, 226, 247, 212, 244, 144, 0, 0, 0, 0, 0, 0, 0, 0, 165, 165, 165, 165, 165, 165, 165, 165])
12:53:06.618,array('B', [1, 254, 165, 0, 201, 255, 220, 247, 212, 244, 144, 0, 0, 0, 0, 0, 0, 0, 0, 165, 165, 165, 165, 165, 165, 165, 165])
12:53:06.625,array('B', [17, 255, 92, 0, 103, 255, 238, 247, 211, 244, 143, 0, 0, 0, 0, 0, 0, 0, 0, 165, 165, 165, 165, 165, 165, 165, 165])
12:53:06.629,array('B', [1, 255, 208, 0, 24, 0, 0, 247, 209, 244, 142, 0, 0, 0, 0, 0, 0, 0, 0, 165, 165, 165, 165, 165, 165, 165, 165])
12:53:06.634,array('B', [1, 0, 183, 255, 171, 0, 30, 247, 207, 244, 142, 0, 0, 0, 0, 0, 0, 0, 0, 165, 165, 165, 165, 165, 165, 165, 165])
12:53:06.644,array('B', [17, 1, 12, 255, 116, 0, 30, 247, 203, 244, 140, 0, 0, 0, 0, 0, 0, 0, 0, 165, 165, 165, 165, 165, 165, 165, 165])
12:53:06.649,array('B', [1, 1, 79, 255, 73, 0, 54, 247, 202, 244, 140, 0, 0, 0, 0, 0, 0, 0, 0, 165, 165, 165, 165, 165, 165, 165, 165])
12:53:06.657,array('B', [33, 1, 36, 255, 110, 0, 36, 247, 202, 244, 140, 0, 0, 0, 0, 0, 0, 0, 0, 165, 165, 165, 165, 165, 165, 165, 165])
12:53:06.662,array('B', [1, 0, 201, 255, 147, 0, 24, 247, 203, 244, 140, 0, 0, 0, 0, 0, 0, 0, 0, 165, 165, 165, 165, 165, 165, 165, 165])
12:53:06.666,array('B', [1, 255, 202, 0, 48, 255, 250, 247, 204, 244, 141, 0, 0, 0, 0, 0, 0, 0, 0, 165, 165, 165, 165, 165, 165, 165, 165])
12:53:06.675,array('B', [33, 255, 116, 0, 85, 255, 238, 247, 206, 244, 142, 0, 0, 0, 0, 0, 0, 0, 0, 165, 165, 165, 165, 165, 165, 165, 165])
12:53:06.679,array('B', [1, 255, 43, 0, 115, 255, 250, 247, 206, 244, 142, 0, 0, 0, 0, 0, 0, 0, 0, 165, 165, 165, 165, 165, 165, 165, 165])
12:53:06.684,array('B', [1, 255, 49, 0, 103, 255, 226, 247, 206, 244, 142, 0, 0, 0, 0, 0, 0, 0, 0, 165, 165, 165, 165, 165, 165, 165, 165])
12:53:06.690,array('B', [17, 255, 104, 0, 103, 255, 238, 247, 205, 244, 142, 0, 0, 0, 0, 0, 0, 0, 0, 165, 165, 165, 165, 165, 165, 165, 165])
12:53:06.714,array('B', [17, 255, 165, 0, 54, 255, 232, 247, 204, 244, 141, 0, 0, 0, 0, 0, 0, 0, 0, 165, 165, 165, 165, 165, 165, 165, 165])
12:53:06.719,array('B', [1, 255, 232, 0, 30, 0, 12, 247, 202, 244, 140, 0, 0, 0, 0, 0, 0, 0, 0, 165, 165, 165, 165, 165, 165, 165, 165])
12:53:06.724,array('B', [1, 0, 140, 255, 202, 0, 30, 247, 200, 244, 140, 0, 0, 0, 0, 0, 0, 0, 0, 165, 165, 165, 165, 165, 165, 165, 165])
12:53:06.730,array('B', [17, 0, 122, 255, 195, 0, 24, 247, 199, 244, 140, 0, 0, 0, 0, 0, 0, 0, 0, 165, 165, 165, 165, 165, 165, 165, 165])
12:53:06.736,array('B', [1, 0, 128, 255, 214, 0, 18, 247, 199, 244, 139, 0, 0, 0, 0, 0, 0, 0, 0, 165, 165, 165, 165, 165, 165, 165, 165])
12:53:06.741,array('B', [1, 0, 85, 255, 214, 0, 6, 247, 198, 244, 139, 0, 0, 0, 0, 0, 0, 0, 0, 165, 165, 165, 165, 165, 165, 165, 165])
12:53:06.745,array('B', [1, 0, 42, 255, 244, 0, 0, 247, 199, 244, 140, 0, 0, 0, 0, 0, 0, 0, 0, 165, 165, 165, 165, 165, 165, 165, 165])
12:53:06.749,array('B', [1, 255, 232, 0, 12, 0, 6, 247, 199, 244, 140, 0, 0, 0, 0, 0, 0, 0, 0, 165, 165, 165, 165, 165, 165, 165, 165])
12:53:06.767,array('B', [33, 255, 214, 0, 36, 0, 6, 247, 199, 244, 140, 0, 0, 0, 0, 0, 0, 0, 0, 165, 165, 165, 165, 165, 165, 165, 165])
12:53:06.773,array('B', [17, 255, 195, 0, 42, 255, 250, 247, 199, 244, 140, 0, 0, 0, 0, 0, 0, 0, 0, 165, 165, 165, 165, 165, 165, 165, 165])
12:53:06.778,array('B', [1, 255, 110, 0, 91, 255, 244, 247, 198, 244, 140, 0, 0, 0, 0, 0, 0, 0, 0, 165, 165, 165, 165, 165, 165, 165, 165])
12:53:06.782,array('B', [1, 255, 159, 0, 48, 255, 244, 247, 198, 244, 140, 0, 0, 0, 0, 0, 0, 0, 0, 165, 165, 165, 165, 165, 165, 165, 165])
12:53:06.798,array('B', [33, 255, 232, 0, 24, 255, 250, 247, 197, 244, 139, 0, 0, 0, 0, 0, 0, 0, 0, 165, 165, 165, 165, 165, 165, 165, 165])
12:53:06.802,array('B', [1, 0, 42, 255, 244, 0, 6, 247, 194, 244, 138, 0, 0, 0, 0, 0, 0, 0, 0, 165, 165, 165, 165, 165, 165, 165, 165])
12:53:06.806,array('B', [1, 0, 238, 255, 134, 0, 36, 247, 192, 244, 138, 0, 0, 0, 0, 0, 0, 0, 0, 165, 165, 165, 165, 165, 165, 165, 165])
12:53:06.813,array('B', [17, 0, 231, 255, 147, 0, 30, 247, 192, 244, 137, 0, 0, 0, 0, 0, 0, 0, 0, 165, 165, 165, 165, 165, 165, 165, 165])
12:53:06.817,array('B', [1, 0, 201, 255, 141, 0, 24, 247, 192, 244, 137, 0, 0, 0, 0, 0, 0, 0, 0, 165, 165, 165, 165, 165, 165, 165, 165])
12:53:06.828,array('B', [17, 0, 91, 255, 226, 0, 18, 247, 192, 244, 138, 0, 0, 0, 0, 0, 0, 0, 0, 165, 165, 165, 165, 165, 165, 165, 165])
12:53:06.833,array('B', [1, 255, 250, 0, 0, 0, 0, 247, 193, 244, 138, 0, 0, 0, 0, 0, 0, 0, 0, 165, 165, 165, 165, 165, 165, 165, 165])
12:53:06.838,array('B', [1, 255, 18, 0, 134, 255, 232, 247, 193, 244, 139, 0, 0, 0, 0, 0, 0, 0, 0, 165, 165, 165, 165, 165, 165, 165, 165])
12:53:06.842,array('B', [1, 255, 12, 0, 152, 255, 226, 247, 194, 244, 139, 0, 0, 0, 0, 0, 0, 0, 0, 165, 165, 165, 165, 165, 165, 165, 165])
12:53:06.846,array('B', [1, 255, 31, 0, 122, 255, 226, 247, 193, 244, 139, 0, 0, 0, 0, 0, 0, 0, 0, 165, 165, 165, 165, 165, 165, 165, 165])
12:53:06.859,array('B', [1, 255, 92, 0, 109, 255, 232, 247, 191, 244, 138, 0, 0, 0, 0, 0, 0, 0, 0, 165, 165, 165, 165, 165, 165, 165, 165])
12:53:06.863,array('B', [1, 255, 159, 0, 73, 0, 12, 247, 190, 244, 137, 0, 0, 0, 0, 0, 0, 0, 0, 165, 165, 165, 165, 165, 165, 165, 165])
12:53:06.868,array('B', [1, 0, 170, 255, 183, 0, 18, 247, 188, 244, 137, 0, 0, 0, 0, 0, 0, 0, 0, 165, 165, 165, 165, 165, 165, 165, 165])
12:53:06.874,array('B', [17, 0, 195, 255, 153, 0, 42, 247, 187, 244, 136, 0, 0, 0, 0, 0, 0, 0, 0, 165, 165, 165, 165, 165, 165, 165, 165])
12:53:06.896,array('B', [1, 0, 244, 255, 147, 0, 30, 247, 187, 244, 136, 0, 0, 0, 0, 0, 0, 0, 0, 165, 165, 165, 165, 165, 165, 165, 165])
12:53:06.900,array('B', [1, 0, 183, 255, 147, 0, 24, 247, 186, 244, 136, 0, 0, 0, 0, 0, 0, 0, 0, 165, 165, 165, 165, 165, 165, 165, 165])
12:53:06.904,array('B', [1, 255, 128, 0, 61, 0, 0, 247, 187, 244, 136, 0, 0, 0, 0, 0, 0, 0, 0, 165, 165, 165, 165, 165, 165, 165, 165])
12:53:06.908,array('B', [1, 255, 110, 0, 109, 255, 250, 247, 188, 244, 137, 0, 0, 0, 0, 0, 0, 0, 0, 165, 165, 165, 165, 165, 165, 165, 165])
12:53:06.920,array('B', [1, 255, 79, 0, 91, 255, 238, 247, 188, 244, 137, 0, 0, 0, 0, 0, 0, 0, 0, 165, 165, 165, 165, 165, 165, 165, 165])
12:53:06.924,array('B', [1, 255, 92, 0, 91, 255, 244, 247, 187, 244, 137, 0, 0, 0, 0, 0, 0, 0, 0, 165, 165, 165, 165, 165, 165, 165, 165])
12:53:06.928,array('B', [1, 0, 0, 0, 0, 0, 6, 247, 186, 244, 136, 0, 0, 0, 0, 0, 0, 0, 0, 165, 165, 165, 165, 165, 165, 165, 165])
12:53:06.932,array('B', [1, 0, 61, 255, 238, 0, 0, 247, 185, 244, 136, 0, 0, 0, 0, 0, 0, 0, 0, 165, 165, 165, 165, 165, 165, 165, 165])
12:53:06.951,array('B', [33, 0, 85, 255, 226, 0, 24, 247, 184, 244, 136, 0, 0, 0, 0, 0, 0, 0, 0, 165, 165, 165, 165, 165, 165, 165, 165])
12:53:06.958,array('B', [17, 0, 85, 255, 214, 0, 24, 247, 182, 244, 135, 0, 0, 0, 0, 0, 0, 0, 0, 165, 165, 165, 165, 165, 165, 165, 165])
12:53:06.962,array('B', [1, 0, 36, 255, 244, 0, 6, 247, 182, 244, 135, 0, 0, 0, 0, 0, 0, 0, 0, 165, 165, 165, 165, 165, 165, 165, 165])
12:53:06.965,array('B', [1, 0, 6, 0, 12, 255, 250, 247, 182, 244, 135, 0, 0, 0, 0, 0, 0, 0, 0, 165, 165, 165, 165, 165, 165, 165, 165])
12:53:06.982,array('B', [33, 255, 232, 0, 12, 0, 12, 247, 182, 244, 135, 0, 0, 0, 0, 0, 0, 0, 0, 165, 165, 165, 165, 165, 165, 165, 165])
12:53:06.990,array('B', [33, 255, 238, 0, 30, 0, 12, 247, 182, 244, 135, 0, 0, 0, 0, 0, 0, 0, 0, 165, 165, 165, 165, 165, 165, 165, 165])
12:53:06.995,array('B', [1, 255, 232, 0, 36, 0, 6, 247, 182, 244, 135, 0, 0, 0, 0, 0, 0, 0, 0, 165, 165, 165, 165, 165, 165, 165, 165])
12:53:07.012,array('B', [1, 0, 0, 0, 12, 0, 0, 247, 182, 244, 135, 0, 0, 0, 0, 0, 0, 0, 0, 165, 165, 165, 165, 165, 165, 165, 165])
12:53:07.016,array('B', [1, 255, 238, 0, 0, 255, 250, 247, 181, 244, 135, 0, 0, 0, 0, 0, 0, 0, 0, 165, 165, 165, 165, 165, 165, 165, 165])
12:53:07.024,array('B', [17, 0, 12, 0, 18, 0, 6, 247, 180, 244, 134, 0, 0, 0, 0, 0, 0, 0, 0, 165, 165, 165, 165, 165, 165, 165, 165])
12:53:07.051,array('B', [1, 0, 36, 255, 244, 0, 0, 247, 179, 244, 134, 0, 0, 0, 0, 0, 0, 0, 0, 165, 165, 165, 165, 165, 165, 165, 165])
12:53:07.057,array('B', [17, 0, 91, 255, 226, 0, 18, 247, 178, 244, 134, 0, 0, 0, 0, 0, 0, 0, 0, 165, 165, 165, 165, 165, 165, 165, 165])
12:53:07.062,array('B', [1, 255, 183, 0, 24, 0, 0, 247, 177, 244, 133, 0, 0, 0, 0, 0, 0, 0, 0, 165, 165, 165, 165, 165, 165, 165, 165])
12:53:07.066,array('B', [1, 255, 141, 0, 79, 255, 238, 247, 177, 244, 133, 0, 0, 0, 0, 0, 0, 0, 0, 165, 165, 165, 165, 165, 165, 165, 165])
12:53:07.073,array('B', [1, 255, 104, 0, 73, 255, 244, 247, 177, 244, 133, 0, 0, 0, 0, 0, 0, 0, 0, 165, 165, 165, 165, 165, 165, 165, 165])
12:53:07.080,array('B', [1, 255, 110, 0, 85, 255, 238, 247, 176, 244, 133, 0, 0, 0, 0, 0, 0, 0, 0, 165, 165, 165, 165, 165, 165, 165, 165])
12:53:07.084,array('B', [1, 255, 147, 0, 67, 255, 250, 247, 175, 244, 133, 0, 0, 0, 0, 0, 0, 0, 0, 165, 165, 165, 165, 165, 165, 165, 165])
12:53:07.091,array('B', [17, 255, 250, 0, 6, 0, 0, 247, 174, 244, 133, 0, 0, 0, 0, 0, 0, 0, 0, 165, 165, 165, 165, 165, 165, 165, 165])
12:53:07.104,array('B', [1, 0, 73, 255, 226, 0, 0, 247, 174, 244, 132, 0, 0, 0, 0, 0, 0, 0, 0, 165, 165, 165, 165, 165, 165, 165, 165])
12:53:07.108,array('B', [1, 0, 189, 255, 159, 0, 30, 247, 172, 244, 132, 0, 0, 0, 0, 0, 0, 0, 0, 165, 165, 165, 165, 165, 165, 165, 165])
12:53:07.112,array('B', [1, 0, 195, 255, 165, 0, 24, 247, 171, 244, 132, 0, 0, 0, 0, 0, 0, 0, 0, 165, 165, 165, 165, 165, 165, 165, 165])
12:53:07.116,array('B', [1, 0, 109, 255, 202, 0, 30, 247, 171, 244, 132, 0, 0, 0, 0, 0, 0, 0, 0, 165, 165, 165, 165, 165, 165, 165, 165])
12:53:07.120,array('B', [1, 0, 42, 255, 244, 0, 6, 247, 172, 244, 132, 0, 0, 0, 0, 0, 0, 0, 0, 165, 165, 165, 165, 165, 165, 165, 165])
12:53:07.135,array('B', [1, 255, 195, 0, 24, 255, 244, 247, 173, 244, 133, 0, 0, 0, 0, 0, 0, 0, 0, 165, 165, 165, 165, 165, 165, 165, 165])
12:53:07.141,array('B', [17, 255, 141, 0, 54, 255, 250, 247, 174, 244, 133, 0, 0, 0, 0, 0, 0, 0, 0, 165, 165, 165, 165, 165, 165, 165, 165])
12:53:07.145,array('B', [1, 255, 92, 0, 97, 255, 238, 247, 173, 244, 133, 0, 0, 0, 0, 0, 0, 0, 0, 165, 165, 165, 165, 165, 165, 165, 165])
12:53:07.150,array('B', [1, 255, 165, 0, 48, 255, 238, 247, 173, 244, 133, 0, 0, 0, 0, 0, 0, 0, 0, 165, 165, 165, 165, 165, 165, 165, 165])
12:53:07.172,array('B', [1, 0, 6, 0, 6, 0, 18, 247, 172, 244, 133, 0, 0, 0, 0, 0, 0, 0, 0, 165, 165, 165, 165, 165, 165, 165, 165])
12:53:07.177,array('B', [1, 0, 79, 255, 214, 255, 244, 247, 169, 244, 131, 0, 0, 0, 0, 0, 0, 0, 0, 165, 165, 165, 165, 165, 165, 165, 165])
12:53:07.182,array('B', [1, 0, 91, 255, 214, 0, 6, 247, 168, 244, 131, 0, 0, 0, 0, 0, 0, 0, 0, 165, 165, 165, 165, 165, 165, 165, 165])
12:53:07.190,array('B', [33, 0, 6, 0, 12, 0, 6, 247, 168, 244, 131, 0, 0, 0, 0, 0, 0, 0, 0, 165, 165, 165, 165, 165, 165, 165, 165])
12:53:07.199,array('B', [1, 255, 165, 0, 42, 0, 12, 247, 167, 244, 131, 0, 0, 0, 0, 0, 0, 0, 0, 165, 165, 165, 165, 165, 165, 165, 165])
12:53:07.208,array('B', [33, 255, 122, 0, 61, 255, 244, 247, 169, 244, 132, 0, 0, 0, 0, 0, 0, 0, 0, 165, 165, 165, 165, 165, 165, 165, 165])
12:53:07.212,array('B', [1, 255, 153, 0, 67, 255, 250, 247, 169, 244, 132, 0, 0, 0, 0, 0, 0, 0, 0, 165, 165, 165, 165, 165, 165, 165, 165])
12:53:07.226,array('B', [1, 255, 250, 0, 12, 0, 0, 247, 168, 244, 132, 0, 0, 0, 0, 0, 0, 0, 0, 165, 165, 165, 165, 165, 165, 165, 165])
12:53:07.233,array('B', [17, 0, 30, 255, 244, 0, 0, 247, 165, 244, 131, 0, 0, 0, 0, 0, 0, 0, 0, 165, 165, 165, 165, 165, 165, 165, 165])
12:53:07.237,array('B', [1, 0, 140, 255, 183, 0, 30, 247, 165, 244, 131, 0, 0, 0, 0, 0, 0, 0, 0, 165, 165, 165, 165, 165, 165, 165, 165])
12:53:07.241,array('B', [1, 0, 109, 255, 208, 0, 18, 247, 164, 244, 130, 0, 0, 0, 0, 0, 0, 0, 0, 165, 165, 165, 165, 165, 165, 165, 165])
12:53:07.264,array('B', [1, 0, 67, 255, 244, 0, 18, 247, 163, 244, 130, 0, 0, 0, 0, 0, 0, 0, 0, 165, 165, 165, 165, 165, 165, 165, 165])
12:53:07.274,array('B', [33, 0, 24, 255, 250, 0, 18, 247, 164, 244, 131, 0, 0, 0, 0, 0, 0, 0, 0, 165, 165, 165, 165, 165, 165, 165, 165])
12:53:07.278,array('B', [1, 255, 202, 0, 48, 255, 250, 247, 164, 244, 131, 0, 0, 0, 0, 0, 0, 0, 0, 165, 165, 165, 165, 165, 165, 165, 165])
12:53:07.287,array('B', [1, 255, 226, 0, 12, 255, 250, 247, 164, 244, 131, 0, 0, 0, 0, 0, 0, 0, 0, 165, 165, 165, 165, 165, 165, 165, 165])
12:53:07.291,array('B', [1, 0, 0, 0, 6, 255, 250, 247, 164, 244, 131, 0, 0, 0, 0, 0, 0, 0, 0, 165, 165, 165, 165, 165, 165, 165, 165])
12:53:07.295,array('B', [1, 0, 36, 255, 250, 0, 6, 247, 161, 244, 130, 0, 0, 0, 0, 0, 0, 0, 0, 165, 165, 165, 165, 165, 165, 165, 165])
12:53:07.299,array('B', [1, 0, 48, 255, 244, 0, 12, 247, 160, 244, 130, 0, 0, 0, 0, 0, 0, 0, 0, 165, 165, 165, 165, 165, 165, 165, 165])
12:53:07.319,array('B', [33, 0, 67, 255, 226, 0, 24, 247, 160, 244, 130, 0, 0, 0, 0, 0, 0, 0, 0, 165, 165, 165, 165, 165, 165, 165, 165])
12:53:07.323,array('B', [1, 0, 85, 255, 226, 0, 6, 247, 159, 244, 129, 0, 0, 0, 0, 0, 0, 0, 0, 165, 165, 165, 165, 165, 165, 165, 165])
12:53:07.329,array('B', [17, 0, 18, 0, 6, 0, 6, 247, 159, 244, 129, 0, 0, 0, 0, 0, 0, 0, 0, 165, 165, 165, 165, 165, 165, 165, 165])
12:53:07.334,array('B', [1, 0, 12, 0, 0, 255, 250, 247, 159, 244, 129, 0, 0, 0, 0, 0, 0, 0, 0, 165, 165, 165, 165, 165, 165, 165, 165])
12:53:07.349,array('B', [17, 255, 232, 0, 6, 0, 0, 247, 159, 244, 130, 0, 0, 0, 0, 0, 0, 0, 0, 165, 165, 165, 165, 165, 165, 165, 165])
12:53:07.357,array('B', [33, 255, 238, 0, 18, 0, 0, 247, 159, 244, 130, 0, 0, 0, 0, 0, 0, 0, 0, 165, 165, 165, 165, 165, 165, 165, 165])
12:53:07.362,array('B', [1, 255, 202, 0, 30, 255, 244, 247, 158, 244, 130, 0, 0, 0, 0, 0, 0, 0, 0, 165, 165, 165, 165, 165, 165, 165, 165])
12:53:07.388,array('B', [1, 255, 250, 0, 12, 255, 250, 247, 158, 244, 130, 0, 0, 0, 0, 0, 0, 0, 0, 165, 165, 165, 165, 165, 165, 165, 165])
12:53:07.392,array('B', [1, 0, 6, 255, 238, 0, 0, 247, 158, 244, 129, 0, 0, 0, 0, 0, 0, 0, 0, 165, 165, 165, 165, 165, 165, 165, 165])
12:53:07.397,array('B', [1, 0, 54, 255, 244, 0, 12, 247, 156, 244, 129, 0, 0, 0, 0, 0, 0, 0, 0, 165, 165, 165, 165, 165, 165, 165, 165])
12:53:07.401,array('B', [1, 0, 36, 255, 226, 0, 6, 247, 155, 244, 129, 0, 0, 0, 0, 0, 0, 0, 0, 165, 165, 165, 165, 165, 165, 165, 165])
12:53:07.417,array('B', [17, 0, 30, 255, 244, 0, 12, 247, 155, 244, 129, 0, 0, 0, 0, 0, 0, 0, 0, 165, 165, 165, 165, 165, 165, 165, 165])
12:53:07.423,array('B', [17, 0, 30, 0, 0, 0, 12, 247, 154, 244, 129, 0, 0, 0, 0, 0, 0, 0, 0, 165, 165, 165, 165, 165, 165, 165, 165])
12:53:07.427,array('B', [1, 255, 238, 0, 18, 0, 0, 247, 154, 244, 129, 0, 0, 0, 0, 0, 0, 0, 0, 165, 165, 165, 165, 165, 165, 165, 165])
12:53:07.433,array('B', [17])
12:53:07.441,array('B', [33, 255, 202, 0, 30, 0, 0, 247, 154, 244, 129, 0, 0, 0, 0, 0, 0, 0, 0, 165, 165, 165, 165, 165, 165, 165, 165])
12:53:07.445,array('B', [1, 255, 208, 0, 30, 0, 0, 247, 153, 244, 128, 0, 0, 0, 0, 0, 0, 0, 0, 165, 165, 165, 165, 165, 165, 165, 165])
12:53:07.449,array('B', [1, 255, 244, 0, 24, 0, 12, 247, 152, 244, 128, 0, 0, 0, 0, 0, 0, 0, 0, 165, 165, 165, 165, 165, 165, 165, 165])
12:53:07.453,array('B', [1, 0, 0, 0, 24, 0, 0, 247, 152, 244, 128, 0, 0, 0, 0, 0, 0, 0, 0, 165, 165, 165, 165, 165, 165, 165, 165])
12:53:07.457,array('B', [1, 0, 12, 255, 244, 0, 12, 247, 151, 244, 128, 0, 0, 0, 0, 0, 0, 0, 0, 165, 165, 165, 165, 165, 165, 165, 165])
12:53:07.484,array('B', [17, 0, 48, 255, 250, 0, 18, 247, 151, 244, 128, 0, 0, 0, 0, 0, 0, 0, 0, 165, 165, 165, 165, 165, 165, 165, 165])
12:53:07.490,array('B', [17, 0, 61, 255, 244, 0, 24, 247, 150, 244, 127, 0, 0, 0, 0, 0, 0, 0, 0, 165, 165, 165, 165, 165, 165, 165, 165])
12:53:07.501,array('B', [33, 0, 36, 255, 244, 0, 12, 247, 150, 244, 127, 0, 0, 0, 0, 0, 0, 0, 0, 165, 165, 165, 165, 165, 165, 165, 165])
12:53:07.508,array('B', [17, 255, 244, 0, 36, 0, 0, 247, 150, 244, 127, 0, 0, 0, 0, 0, 0, 0, 0, 165, 165, 165, 165, 165, 165, 165, 165])
12:53:07.512,array('B', [1, 255, 153, 0, 67, 0, 6, 247, 150, 244, 128, 0, 0, 0, 0, 0, 0, 0, 0, 165, 165, 165, 165, 165, 165, 165, 165])
12:53:07.516,array('B', [1, 255, 165, 0, 67, 0, 0, 247, 150, 244, 128, 0, 0, 0, 0, 0, 0, 0, 0, 165, 165, 165, 165, 165, 165, 165, 165])
12:53:07.532,array('B', [33, 255, 208, 0, 48, 255, 244, 247, 150, 244, 127, 0, 0, 0, 0, 0, 0, 0, 0, 165, 165, 165, 165, 165, 165, 165, 165])
12:53:07.541,array('B', [33, 255, 214, 0, 18, 255, 250, 247, 148, 244, 127, 0, 0, 0, 0, 0, 0, 0, 0, 165, 165, 165, 165, 165, 165, 165, 165])
12:53:07.545,array('B', [1, 0, 128, 255, 208, 0, 24, 247, 147, 244, 126, 0, 0, 0, 0, 0, 0, 0, 0, 165, 165, 165, 165, 165, 165, 165, 165])
12:53:07.548,array('B', [1, 0, 103, 255, 208, 0, 18, 247, 147, 244, 126, 0, 0, 0, 0, 0, 0, 0, 0, 165, 165, 165, 165, 165, 165, 165, 165])
12:53:07.572,array('B', [33, 0, 85, 255, 220, 0, 24, 247, 146, 244, 126, 0, 0, 0, 0, 0, 0, 0, 0, 165, 165, 165, 165, 165, 165, 165, 165])
12:53:07.576,array('B', [1, 0, 61, 255, 232, 0, 12, 247, 146, 244, 126, 0, 0, 0, 0, 0, 0, 0, 0, 165, 165, 165, 165, 165, 165, 165, 165])
12:53:07.583,array('B', [17, 255, 165, 0, 48, 0, 0, 247, 147, 244, 127, 0, 0, 0, 0, 0, 0, 0, 0, 165, 165, 165, 165, 165, 165, 165, 165])
12:53:07.594,array('B', [17, 255, 189, 0, 73, 0, 0, 247, 147, 244, 127, 0, 0, 0, 0, 0, 0, 0, 0, 165, 165, 165, 165, 165, 165, 165, 165])
12:53:07.598,array('B', [1, 255, 195, 0, 12, 255, 244, 247, 147, 244, 127, 0, 0, 0, 0, 0, 0, 0, 0, 165, 165, 165, 165, 165, 165, 165, 165])
12:53:07.607,array('B', [33, 0, 54, 255, 250, 0, 6, 247, 144, 244, 126, 0, 0, 0, 0, 0, 0, 0, 0, 165, 165, 165, 165, 165, 165, 165, 165])
12:53:07.632,array('B', [1, 0, 54, 255, 226, 255, 250, 247, 144, 244, 126, 0, 0, 0, 0, 0, 0, 0, 0, 165, 165, 165, 165, 165, 165, 165, 165])
12:53:07.641,array('B', [33, 0, 91, 255, 238, 0, 24, 247, 143, 244, 125, 0, 0, 0, 0, 0, 0, 0, 0, 165, 165, 165, 165, 165, 165, 165, 165])
12:53:07.645,array('B', [1, 0, 12, 0, 6, 0, 18, 247, 142, 244, 125, 0, 0, 0, 0, 0, 0, 0, 0, 165, 165, 165, 165, 165, 165, 165, 165])
12:53:07.655,array('B', [1, 255, 195, 0, 48, 0, 0, 247, 142, 244, 125, 0, 0, 0, 0, 0, 0, 0, 0, 165, 165, 165, 165, 165, 165, 165, 165])
12:53:07.659,array('B', [1, 255, 195, 0, 54, 0, 0, 247, 142, 244, 125, 0, 0, 0, 0, 0, 0, 0, 0, 165, 165, 165, 165, 165, 165, 165, 165])
12:53:07.666,array('B', [17, 255, 220, 0, 30, 255, 250, 247, 142, 244, 126, 0, 0, 0, 0, 0, 0, 0, 0, 165, 165, 165, 165, 165, 165, 165, 165])
12:53:07.670,array('B', [1, 255, 214, 0, 30, 0, 18, 247, 141, 244, 125, 0, 0, 0, 0, 0, 0, 0, 0, 165, 165, 165, 165, 165, 165, 165, 165])
12:53:07.694,array('B', [1, 0, 0, 0, 30, 255, 250, 247, 141, 244, 125, 0, 0, 0, 0, 0, 0, 0, 0, 165, 165, 165, 165, 165, 165, 165, 165])
12:53:07.698,array('B', [1, 255, 244, 0, 6, 0, 0, 247, 140, 244, 125, 0, 0, 0, 0, 0, 0, 0, 0, 165, 165, 165, 165, 165, 165, 165, 165])
12:53:07.707,array('B', [33, 0, 73, 255, 208, 0, 12, 247, 139, 244, 124, 0, 0, 0, 0, 0, 0, 0, 0, 165, 165, 165, 165, 165, 165, 165, 165])
12:53:07.711,array('B', [1, 0, 79, 255, 226, 0, 24, 247, 139, 244, 124, 0, 0, 0, 0, 0, 0, 0, 0, 165, 165, 165, 165, 165, 165, 165, 165])
12:53:07.716,array('B', [1, 0, 48, 255, 232, 0, 6, 247, 138, 244, 124, 0, 0, 0, 0, 0, 0, 0, 0, 165, 165, 165, 165, 165, 165, 165, 165])
12:53:07.720,array('B', [1, 0, 48, 255, 250, 0, 6, 247, 138, 244, 124, 0, 0, 0, 0, 0, 0, 0, 0, 165, 165, 165, 165, 165, 165, 165, 165])
12:53:07.725,array('B', [1, 0, 0, 0, 12, 255, 250, 247, 138, 244, 124, 0, 0, 0, 0, 0, 0, 0, 0, 165, 165, 165, 165, 165, 165, 165, 165])
12:53:07.730,array('B', [1, 255, 232, 0, 30, 0, 0, 247, 138, 244, 125, 0, 0, 0, 0, 0, 0, 0, 0, 165, 165, 165, 165, 165, 165, 165, 165])
12:53:07.734,array('B', [1, 255, 165, 0, 42, 255, 238, 247, 138, 244, 125, 0, 0, 0, 0, 0, 0, 0, 0, 165, 165, 165, 165, 165, 165, 165, 165])
12:53:07.740,array('B', [17, 255, 147, 0, 73, 255, 250, 247, 138, 244, 125, 0, 0, 0, 0, 0, 0, 0, 0, 165, 165, 165, 165, 165, 165, 165, 165])
12:53:07.747,array('B', [1, 255, 128, 0, 67, 0, 0, 247, 138, 244, 124, 0, 0, 0, 0, 0, 0, 0, 0, 165, 165, 165, 165, 165, 165, 165, 165])
12:53:07.751,array('B', [1, 255, 171, 0, 54, 255, 244, 247, 137, 244, 124, 0, 0, 0, 0, 0, 0, 0, 0, 165, 165, 165, 165, 165, 165, 165, 165])
12:53:07.757,array('B', [17, 255, 232, 0, 12, 0, 0, 247, 136, 244, 124, 0, 0, 0, 0, 0, 0, 0, 0, 165, 165, 165, 165, 165, 165, 165, 165])
12:53:07.761,array('B', [1, 0, 12, 0, 0, 0, 6, 247, 136, 244, 124, 0, 0, 0, 0, 0, 0, 0, 0, 165, 165, 165, 165, 165, 165, 165, 165])
12:53:07.766,array('B', [1, 0, 73, 255, 220, 0, 24, 247, 135, 244, 123, 0, 0, 0, 0, 0, 0, 0, 0, 165, 165, 165, 165, 165, 165, 165, 165])
12:53:07.778,array('B', [1, 0, 109, 255, 202, 0, 18, 247, 134, 244, 123, 0, 0, 0, 0, 0, 0, 0, 0, 165, 165, 165, 165, 165, 165, 165, 165])
12:53:07.782,array('B', [1, 0, 134, 255, 214, 0, 30, 247, 134, 244, 123, 0, 0, 0, 0, 0, 0, 0, 0, 165, 165, 165, 165, 165, 165, 165, 165])
12:53:07.788,array('B', [17])
12:53:07.793,array('B', [1, 0, 42, 255, 226, 0, 0, 247, 134, 244, 123, 0, 0, 0, 0, 0, 0, 0, 0, 165, 165, 165, 165, 165, 165, 165, 165])
12:53:07.808,array('B', [17, 255, 232, 0, 24, 0, 0, 247, 134, 244, 123, 0, 0, 0, 0, 0, 0, 0, 0, 165, 165, 165, 165, 165, 165, 165, 165])
12:53:07.812,array('B', [1, 255, 189, 0, 30, 255, 250, 247, 135, 244, 124, 0, 0, 0, 0, 0, 0, 0, 0, 165, 165, 165, 165, 165, 165, 165, 165])
12:53:07.816,array('B', [1, 255, 183, 0, 54, 0, 0, 247, 135, 244, 124, 0, 0, 0, 0, 0, 0, 0, 0, 165, 165, 165, 165, 165, 165, 165, 165])
12:53:07.820,array('B', [1, 255, 202, 0, 24, 255, 244, 247, 134, 244, 124, 0, 0, 0, 0, 0, 0, 0, 0, 165, 165, 165, 165, 165, 165, 165, 165])
12:53:07.824,array('B', [1, 255, 226, 0, 0, 255, 238, 247, 134, 244, 123, 0, 0, 0, 0, 0, 0, 0, 0, 165, 165, 165, 165, 165, 165, 165, 165])
12:53:07.846,array('B', [1, 0, 12, 0, 0, 0, 12, 247, 132, 244, 123, 0, 0, 0, 0, 0, 0, 0, 0, 165, 165, 165, 165, 165, 165, 165, 165])
12:53:07.850,array('B', [1, 0, 36, 255, 244, 0, 0, 247, 131, 244, 123, 0, 0, 0, 0, 0, 0, 0, 0, 165, 165, 165, 165, 165, 165, 165, 165])
12:53:07.857,array('B', [17, 0, 109, 255, 183, 0, 12, 247, 131, 244, 122, 0, 0, 0, 0, 0, 0, 0, 0, 165, 165, 165, 165, 165, 165, 165, 165])
12:53:07.861,array('B', [1, 0, 61, 255, 214, 0, 6, 247, 130, 244, 122, 0, 0, 0, 0, 0, 0, 0, 0, 165, 165, 165, 165, 165, 165, 165, 165])
12:53:07.876,array('B', [1, 0, 0, 0, 12, 255, 250, 247, 130, 244, 122, 0, 0, 0, 0, 0, 0, 0, 0, 165, 165, 165, 165, 165, 165, 165, 165])
12:53:07.883,array('B', [17, 255, 177, 0, 24, 255, 250, 247, 131, 244, 123, 0, 0, 0, 0, 0, 0, 0, 0, 165, 165, 165, 165, 165, 165, 165, 165])
12:53:07.889,array('B', [17, 255, 183, 0, 61, 0, 0, 247, 131, 244, 123, 0, 0, 0, 0, 0, 0, 0, 0, 165, 165, 165, 165, 165, 165, 165, 165])
12:53:07.907,array('B', [17, 0, 0, 255, 250, 255, 250, 247, 131, 244, 123, 0, 0, 0, 0, 0, 0, 0, 0, 165, 165, 165, 165, 165, 165, 165, 165])
12:53:07.916,array('B', [33, 0, 73, 255, 238, 0, 12, 247, 130, 244, 123, 0, 0, 0, 0, 0, 0, 0, 0, 165, 165, 165, 165, 165, 165, 165, 165])
12:53:07.938,array('B', [17, 0, 79, 255, 208, 0, 18, 247, 128, 244, 122, 0, 0, 0, 0, 0, 0, 0, 0, 165, 165, 165, 165, 165, 165, 165, 165])
12:53:07.942,array('B', [1, 0, 42, 255, 244, 0, 0, 247, 127, 244, 122, 0, 0, 0, 0, 0, 0, 0, 0, 165, 165, 165, 165, 165, 165, 165, 165])
12:53:07.946,array('B', [1, 255, 189, 0, 36, 255, 244, 247, 127, 244, 122, 0, 0, 0, 0, 0, 0, 0, 0, 165, 165, 165, 165, 165, 165, 165, 165])
12:53:07.950,array('B', [1, 255, 208, 0, 36, 0, 0, 247, 128, 244, 123, 0, 0, 0, 0, 0, 0, 0, 0, 165, 165, 165, 165, 165, 165, 165, 165])
12:53:07.969,array('B', [17, 255, 220, 0, 6, 255, 244, 247, 128, 244, 123, 0, 0, 0, 0, 0, 0, 0, 0, 165, 165, 165, 165, 165, 165, 165, 165])
12:53:07.972,array('B', [1, 0, 12, 255, 238, 0, 12, 247, 126, 244, 122, 0, 0, 0, 0, 0, 0, 0, 0, 165, 165, 165, 165, 165, 165, 165, 165])
12:53:07.979,array('B', [17, 0, 91, 255, 189, 0, 12, 247, 125, 244, 122, 0, 0, 0, 0, 0, 0, 0, 0, 165, 165, 165, 165, 165, 165, 165, 165])
12:53:07.983,array('B', [1, 0, 79, 255, 208, 0, 12, 247, 125, 244, 122, 0, 0, 0, 0, 0, 0, 0, 0, 165, 165, 165, 165, 165, 165, 165, 165])
12:53:07.997,array('B', [1, 0, 30, 255, 238, 0, 0, 247, 125, 244, 122, 0, 0, 0, 0, 0, 0, 0, 0, 165, 165, 165, 165, 165, 165, 165, 165])
12:53:08.002,array('B', [1, 0, 12, 255, 244, 0, 0, 247, 125, 244, 123, 0, 0, 0, 0, 0, 0, 0, 0, 165, 165, 165, 165, 165, 165, 165, 165])
12:53:08.006,array('B', [1, 255, 220, 0, 30, 255, 250, 247, 125, 244, 123, 0, 0, 0, 0, 0, 0, 0, 0, 165, 165, 165, 165, 165, 165, 165, 165])
12:53:08.029,array('B', [17, 255, 202, 0, 18, 255, 244, 247, 125, 244, 123, 0, 0, 0, 0, 0, 0, 0, 0, 165, 165, 165, 165, 165, 165, 165, 165])
12:53:08.033,array('B', [1, 255, 202, 0, 24, 0, 6, 247, 125, 244, 123, 0, 0, 0, 0, 0, 0, 0, 0, 165, 165, 165, 165, 165, 165, 165, 165])
12:53:08.039,array('B', [17, 0, 42, 255, 238, 0, 12, 247, 124, 244, 123, 0, 0, 0, 0, 0, 0, 0, 0, 165, 165, 165, 165, 165, 165, 165, 165])
12:53:08.059,array('B', [17, 0, 30, 255, 232, 0, 12, 247, 123, 244, 123, 0, 0, 0, 0, 0, 0, 0, 0, 165, 165, 165, 165, 165, 165, 165, 165])
12:53:08.063,array('B', [1, 0, 54, 255, 226, 0, 12, 247, 123, 244, 122, 0, 0, 0, 0, 0, 0, 0, 0, 165, 165, 165, 165, 165, 165, 165, 165])
12:53:08.067,array('B', [1, 0, 12, 255, 250, 255, 244, 247, 121, 244, 122, 0, 0, 0, 0, 0, 0, 0, 0, 165, 165, 165, 165, 165, 165, 165, 165])
12:53:08.074,array('B', [17, 0, 0, 0, 18, 0, 6, 247, 121, 244, 122, 0, 0, 0, 0, 0, 0, 0, 0, 165, 165, 165, 165, 165, 165, 165, 165])
12:53:08.091,array('B', [1, 255, 220, 0, 12, 255, 244, 247, 121, 244, 122, 0, 0, 0, 0, 0, 0, 0, 0, 165, 165, 165, 165, 165, 165, 165, 165])
12:53:08.096,array('B', [1, 255, 226, 0, 18, 255, 250, 247, 121, 244, 123, 0, 0, 0, 0, 0, 0, 0, 0, 165, 165, 165, 165, 165, 165, 165, 165])
12:53:08.100,array('B', [1, 0, 0, 0, 6, 255, 244, 247, 121, 244, 123, 0, 0, 0, 0, 0, 0, 0, 0, 165, 165, 165, 165, 165, 165, 165, 165])
12:53:08.107,array('B', [17, 0, 0, 0, 6, 0, 0, 247, 121, 244, 123, 0, 0, 0, 0, 0, 0, 0, 0, 165, 165, 165, 165, 165, 165, 165, 165])
12:53:08.121,array('B', [33, 0, 30, 255, 244, 0, 6, 247, 120, 244, 122, 0, 0, 0, 0, 0, 0, 0, 0, 165, 165, 165, 165, 165, 165, 165, 165])
12:53:08.126,array('B', [1, 0, 61, 255, 226, 0, 6, 247, 119, 244, 122, 0, 0, 0, 0, 0, 0, 0, 0, 165, 165, 165, 165, 165, 165, 165, 165])
12:53:08.132,array('B', [17, 0, 48, 255, 244, 0, 0, 247, 118, 244, 122, 0, 0, 0, 0, 0, 0, 0, 0, 165, 165, 165, 165, 165, 165, 165, 165])
12:53:08.136,array('B', [1, 0, 0, 0, 0, 255, 250, 247, 118, 244, 122, 0, 0, 0, 0, 0, 0, 0, 0, 165, 165, 165, 165, 165, 165, 165, 165])
12:53:08.151,array('B', [1, 255, 250, 0, 12, 0, 12, 247, 118, 244, 122, 0, 0, 0, 0, 0, 0, 0, 0, 165, 165, 165, 165, 165, 165, 165, 165])
12:53:08.158,array('B', [17, 255, 226, 0, 6, 0, 0, 247, 118, 244, 123, 0, 0, 0, 0, 0, 0, 0, 0, 165, 165, 165, 165, 165, 165, 165, 165])
12:53:08.162,array('B', [1, 255, 232, 0, 12, 0, 0, 247, 118, 244, 123, 0, 0, 0, 0, 0, 0, 0, 0, 165, 165, 165, 165, 165, 165, 165, 165])
12:53:08.175,array('B', [1, 255, 238, 0, 6, 255, 250, 247, 118, 244, 122, 0, 0, 0, 0, 0, 0, 0, 0, 165, 165, 165, 165, 165, 165, 165, 165])
12:53:08.180,array('B', [1, 0, 0, 0, 12, 0, 12, 247, 117, 244, 122, 0, 0, 0, 0, 0, 0, 0, 0, 165, 165, 165, 165, 165, 165, 165, 165])
12:53:08.184,array('B', [1, 0, 30, 255, 238, 0, 24, 247, 116, 244, 122, 0, 0, 0, 0, 0, 0, 0, 0, 165, 165, 165, 165, 165, 165, 165, 165])
12:53:08.206,array('B', [17, 0, 54, 255, 220, 0, 6, 247, 116, 244, 122, 0, 0, 0, 0, 0, 0, 0, 0, 165, 165, 165, 165, 165, 165, 165, 165])
12:53:08.216,array('B', [33, 0, 73, 255, 226, 0, 12, 247, 116, 244, 122, 0, 0, 0, 0, 0, 0, 0, 0, 165, 165, 165, 165, 165, 165, 165, 165])
12:53:08.223,array('B', [17, 0, 6, 0, 12, 0, 24, 247, 115, 244, 122, 0, 0, 0, 0, 0, 0, 0, 0, 165, 165, 165, 165, 165, 165, 165, 165])
12:53:08.236,array('B', [17, 0, 6, 255, 250, 0, 0, 247, 115, 244, 122, 0, 0, 0, 0, 0, 0, 0, 0, 165, 165, 165, 165, 165, 165, 165, 165])
12:53:08.241,array('B', [1, 0, 30, 255, 244, 0, 6, 247, 115, 244, 122, 0, 0, 0, 0, 0, 0, 0, 0, 165, 165, 165, 165, 165, 165, 165, 165])
12:53:08.245,array('B', [1, 255, 208, 0, 30, 0, 0, 247, 114, 244, 122, 0, 0, 0, 0, 0, 0, 0, 0, 165, 165, 165, 165, 165, 165, 165, 165])
12:53:08.249,array('B', [1, 255, 232, 0, 36, 255, 244, 247, 114, 244, 122, 0, 0, 0, 0, 0, 0, 0, 0, 165, 165, 165, 165, 165, 165, 165, 165])
12:53:08.256,array('B', [17, 255, 214, 0, 18, 255, 238, 247, 114, 244, 122, 0, 0, 0, 0, 0, 0, 0, 0, 165, 165, 165, 165, 165, 165, 165, 165])
12:53:08.275,array('B', [17, 255, 208, 0, 18, 255, 238, 247, 113, 244, 122, 0, 0, 0, 0, 0, 0, 0, 0, 165, 165, 165, 165, 165, 165, 165, 165])
12:53:08.279,array('B', [1, 255, 232, 0, 24, 255, 250, 247, 113, 244, 122, 0, 0, 0, 0, 0, 0, 0, 0, 165, 165, 165, 165, 165, 165, 165, 165])
12:53:08.284,array('B', [1, 0, 140, 255, 202, 0, 6, 247, 112, 244, 122, 0, 0, 0, 0, 0, 0, 0, 0, 165, 165, 165, 165, 165, 165, 165, 165])
12:53:08.291,array('B', [17, 0, 140, 255, 171, 0, 6, 247, 112, 244, 122, 0, 0, 0, 0, 0, 0, 0, 0, 165, 165, 165, 165, 165, 165, 165, 165])
12:53:08.303,array('B', [1, 0, 146, 255, 189, 0, 24, 247, 111, 244, 121, 0, 0, 0, 0, 0, 0, 0, 0, 165, 165, 165, 165, 165, 165, 165, 165])
12:53:08.314,array('B', [49, 0, 67, 255, 220, 0, 6, 247, 111, 244, 122, 0, 0, 0, 0, 0, 0, 0, 0, 165, 165, 165, 165, 165, 165, 165, 165])
12:53:08.336,array('B', [33, 255, 195, 0, 30, 0, 6, 247, 112, 244, 122, 0, 0, 0, 0, 0, 0, 0, 0, 165, 165, 165, 165, 165, 165, 165, 165])
12:53:08.341,array('B', [1, 255, 110, 0, 67, 255, 244, 247, 112, 244, 122, 0, 0, 0, 0, 0, 0, 0, 0, 165, 165, 165, 165, 165, 165, 165, 165])
12:53:08.345,array('B', [1, 0, 97, 255, 238, 0, 30, 247, 112, 244, 122, 0, 0, 0, 0, 0, 0, 0, 0, 165, 165, 165, 165, 165, 165, 165, 165])
12:53:08.349,array('B', [1, 0, 134, 255, 183, 0, 12, 247, 111, 244, 122, 0, 0, 0, 0, 0, 0, 0, 0, 165, 165, 165, 165, 165, 165, 165, 165])
12:53:08.367,array('B', [33, 0, 146, 255, 159, 0, 6, 247, 110, 244, 122, 0, 0, 0, 0, 0, 0, 0, 0, 165, 165, 165, 165, 165, 165, 165, 165])
12:53:08.371,array('B', [1, 0, 219, 255, 165, 0, 54, 247, 107, 244, 121, 0, 0, 0, 0, 0, 0, 0, 0, 165, 165, 165, 165, 165, 165, 165, 165])
12:53:08.375,array('B', [1, 0, 18, 255, 250, 0, 18, 247, 108, 244, 121, 0, 0, 0, 0, 0, 0, 0, 0, 165, 165, 165, 165, 165, 165, 165, 165])
12:53:08.379,array('B', [1, 255, 214, 0, 48, 255, 250, 247, 108, 244, 121, 0, 0, 0, 0, 0, 0, 0, 0, 165, 165, 165, 165, 165, 165, 165, 165])
12:53:08.398,array('B', [1, 255, 134, 0, 61, 255, 244, 247, 109, 244, 121, 0, 0, 0, 0, 0, 0, 0, 0, 165, 165, 165, 165, 165, 165, 165, 165])
