21:59:02.476,
Inputs, 1, 4
21:59:06.030,[0.0, 0.0, 0.0, 0.0]
21:59:06.034,[0.0, 0.0, 0.0, 0.0]
21:59:06.039,[0.0, 0.0, 0.0, 0.0]
21:59:06.042,[0.0, 0.0, 0.0, 0.0]
21:59:06.044,[0.0, 0.0, 0.0, 0.0]
21:59:06.047,[0.0, 0.0, 0.0, 0.0]
21:59:06.051,[0.0, 0.0, 0.0, 0.0]
21:59:06.054,[0.0, 0.0, 0.0, 0.0]
21:59:06.057,[0.0, 0.0, 0.0, 0.0]
21:59:06.059,[0.0, 0.0, 0.0, 0.0]
21:59:06.062,[0.0, 0.0, 0.0, 0.0]
21:59:06.064,[0.0, 0.0, 0.0, 0.0]
21:59:06.067,[0.0, 0.0, 0.0, 0.0]
21:59:06.070,[0.0, 0.0, 0.0, 0.0]
21:59:06.073,[0.0, 0.0, 0.0, 0.0]
21:59:06.076,[0.0, 0.0, 0.0, 0.0]
21:59:06.093,[0.0, 0.0, 0.0, 0.0]
21:59:06.097,[0.0, 0.0, 0.0, 0.0]
21:59:06.101,[0.0, 0.0, 0.0, 0.0]
21:59:06.104,[0.0, 0.0, 0.0, 0.0]
21:59:06.108,[0.0, 0.0, 0.0, 0.0]
21:59:06.115,[0.0, 0.0, 0.0, 0.0]
21:59:06.131,[0.0, 0.0, 0.0, 0.0]
21:59:06.134,[0.0, 0.0, 0.0, 0.0]
21:59:06.137,[0.0, 0.0, 0.0, 0.0]
21:59:06.171,[0.0, 0.0, 0.0, 0.0]
21:59:06.183,[0.0, 0.0, 0.0, 0.0]
21:59:06.187,[0.0, 0.0, 0.0, 0.0]
21:59:06.190,[0.0, 0.0, 0.0, 0.0]
21:59:06.194,[0.0, 0.0, 0.0, 0.0]
21:59:06.196,[0.0, 0.0, 0.0, 0.0]
21:59:06.199,[0.0, 0.0, 0.0, 0.0]
21:59:06.203,[0.0, 0.0, 0.0, 0.0]
21:59:06.214,[0.0, 0.0, 0.0, 0.0]
21:59:06.223,[0.0, 0.0, 0.0, 0.0]
21:59:06.226,[0.0, 0.0, 0.0, 0.0]
21:59:06.228,[0.0, 0.0, 0.0, 0.0]
21:59:06.231,[0.0, 0.0, 0.0, 0.0]
21:59:06.239,[0.0, 0.0, 0.0, 0.0]
21:59:06.259,[0.0, 0.0, 0.0, 0.0]
21:59:06.275,[0.0, 0.0, 0.0, 0.0]
21:59:06.283,[0.0, 0.0, 0.0, 0.0]
21:59:06.286,[0.0, 0.0, 0.0, 0.0]
21:59:06.289,[0.0, 0.0, 0.0, 0.0]
21:59:06.292,[0.0, 0.0, 0.0, 0.0]
21:59:06.295,[0.0, 0.0, 0.0, 0.0]
21:59:06.298,[0.0, 0.0, 0.0, 0.0]
21:59:06.303,[0.0, 0.0, 0.0, 0.0]
21:59:06.306,[0.0, 0.0, 0.0, 0.0]
21:59:06.315,[0.0, 0.0, 0.0, 0.0]
21:59:06.319,[0.0, 0.0, 0.0, 0.0]
21:59:06.323,[0.0, 0.0, 0.0, 0.0]
21:59:06.327,[0.0, 0.0, 0.0, 0.0]
21:59:06.331,[0.0, 0.0, 0.0, 0.0]
21:59:06.335,[0.0, 0.0, 0.0, 0.0]
21:59:06.340,[0.0, 0.0, 0.0, 0.0]
21:59:06.343,[0.0, 0.0, 0.0, 0.0]
21:59:06.347,[0.0, 0.0, 0.0, 0.0]
21:59:06.352,[0.0, 0.0, 0.0, 0.0]
21:59:06.357,[0.0, 0.0, 0.0, 0.0]
21:59:06.360,[0.0, 0.0, 0.0, 0.0]
21:59:06.365,[0.0, 0.0, 0.0, 0.0]
21:59:06.370,[0.0, 0.0, 0.0, 0.0]
21:59:06.374,[0.0, 0.0, 0.0, 0.0]
21:59:06.378,[0.0, 0.0, 0.0, 0.0]
21:59:06.382,[0.0, 0.0, 0.0, 0.0]
21:59:06.386,[0.0, 0.0, 0.0, 0.0]
21:59:06.390,[0.0, 0.0, 0.0, 0.0]
21:59:06.395,[0.0, 0.0, 0.0, 0.0]
21:59:06.402,[0.0, 0.0, 0.0, 0.0]
21:59:06.407,[0.0, 0.0, 0.0, 0.0]
21:59:06.411,[0.0, 0.0, 0.0, 0.0]
21:59:06.415,[0.0, 0.0, 0.0, 0.0]
21:59:06.420,[0.0, 0.0, 0.0, 0.0]
21:59:06.426,[0.0, 0.0, 0.0, 0.0]
21:59:06.434,[0.0, 0.0, 0.0, 0.0]
21:59:06.438,[0.0, 0.0, 0.0, 0.0]
21:59:06.447,[0.0, 0.0, 0.0, 0.0]
21:59:06.452,[0.0, 0.0, 0.0, 0.0]
21:59:06.457,[0.0, 0.0, 0.0, 0.0]
21:59:06.464,[0.0, 0.0, 0.0, 0.0]
21:59:06.469,[0.0, 0.0, 0.0, 0.0]
21:59:06.473,[0.0, 0.0, 0.0, 0.0]
21:59:06.477,[0.0, 0.0, 0.0, 0.0]
21:59:06.481,[0.0, 0.0, 0.0, 0.0]
21:59:06.487,[0.0, 0.0, 0.0, 0.0]
21:59:06.493,[0.0, 0.0, 0.0, 0.0]
21:59:06.498,[0.0, 0.0, 0.0, 0.0]
21:59:06.503,[0.0, 0.0, 0.0, 0.0]
21:59:06.507,[0.0, 0.0, 0.0, 0.0]
21:59:06.511,[0.0, 0.0, 0.0, 0.0]
21:59:06.517,[0.0, 0.0, 0.0, 0.0]
21:59:06.523,[0.0, 0.0, 0.0, 0.0]
21:59:06.528,[0.0, 0.0, 0.0, 0.0]
21:59:06.537,[0.0, 0.0, 0.0, 0.0]
21:59:06.552,[0.0, 0.0, 0.0, 0.0]
21:59:06.557,[0.0, 0.0, 0.0, 0.0]
21:59:06.562,[0.0, 0.0, 0.0, 0.0]
21:59:06.566,[0.0, 0.0, 0.0, 0.0]
21:59:06.571,[0.0, 0.0, 0.0, 0.0]
21:59:06.575,[0.0, 0.0, 0.0, 0.0]
21:59:06.580,[0.0, 0.0, 0.0, 0.0]
21:59:06.584,[0.0, 0.0, 0.0, 0.0]
21:59:06.588,[0.0, 0.0, 0.0, 0.0]
21:59:06.592,[0.0, 0.0, 0.0, 0.0]
21:59:06.597,[0.0, 0.0, 0.0, 0.0]
21:59:06.602,[0.0, 0.0, 0.0, 0.0]
21:59:06.607,[0.0, 0.0, 0.0, 0.0]
21:59:06.615,[0.0, 0.0, 0.0, 0.0]
21:59:06.630,[0.0, 0.0, 0.0, 0.0]
21:59:06.633,[0.0, 0.0, 0.0, 0.0]
21:59:06.637,[0.0, 0.0, 0.0, 0.0]
21:59:06.640,[0.0, 0.0, 0.0, 0.0]
21:59:06.644,[0.0, 0.0, 0.0, 0.0]
21:59:06.646,[0.0, 0.0, 0.0, 0.0]
21:59:06.650,[0.0, 0.0, 0.0, 0.0]
21:59:06.652,[0.0, 0.0, 0.0, 0.0]
21:59:06.655,[0.0, 0.0, 0.0, 0.0]
21:59:06.659,[0.0, 0.0, 0.0, 0.0]
21:59:06.661,[0.0, 0.0, 0.0, 0.0]
21:59:06.665,[0.0, 0.0, 0.0, 0.0]
21:59:06.670,[0.0, 0.0, 0.0, 0.0]
21:59:06.676,[0.0, 0.0, 0.0, 0.0]
21:59:06.680,[0.0, 0.0, 0.0, 0.0]
21:59:06.684,[0.0, 0.0, 0.0, 0.0]
21:59:06.688,[0.0, 0.0, 0.0, 0.0]
21:59:06.692,[0.0, 0.0, 0.0, 0.0]
21:59:06.697,[0.0, 0.0, 0.0, 0.0]
21:59:06.703,[0.0, 0.0, 0.0, 0.0]
21:59:06.735,[0.0, 0.0, 0.0, 0.0]
21:59:06.741,[0.0, 0.0, 0.0, 0.0]
21:59:06.744,[0.0, 0.0, 0.0, 0.0]
21:59:06.747,[0.0, 0.0, 0.0, 0.0]
21:59:06.751,[0.0, 0.0, 0.0, 0.0]
21:59:06.754,[0.0, 0.0, 0.0, 0.0]
21:59:06.756,[0.0, 0.0, 0.0, 0.0]
21:59:06.758,[0.0, 0.0, 0.0, 0.0]
21:59:06.761,[0.0, 0.0, 0.0, 0.0]
21:59:06.766,[0.0, 0.0, 0.0, 0.0]
21:59:06.770,[0.0, 0.0, 0.0, 0.0]
21:59:06.773,[0.0, 0.0, 0.0, 0.0]
21:59:06.775,[0.0, 0.0, 0.0, 0.0]
21:59:06.778,[0.0, 0.0, 0.0, 0.0]
21:59:06.780,[0.0, 0.0, 0.0, 0.0]
21:59:06.783,[0.0, 0.0, 0.0, 0.0]
21:59:06.786,[0.0, 0.0, 0.0, 0.0]
21:59:06.823,[0.0, 0.0, 0.0, 0.0]
21:59:06.828,[0.0, 0.0, 0.0, 0.0]
21:59:06.835,[0.0, 0.0, 0.0, 0.0]
21:59:06.843,[0.0, 0.0, 0.0, 0.0]
21:59:06.847,[0.0, 0.0, 0.0, 0.0]
21:59:06.855,[0.0, 0.0, 0.0, 0.0]
21:59:06.860,[0.0, 0.0, 0.0, 0.0]
21:59:06.863,[0.0, 0.0, 0.0, 0.0]
21:59:06.867,[0.0, 0.0, 0.0, 0.0]
21:59:06.871,[0.0, 0.0, 0.0, 0.0]
21:59:06.873,[0.0, 0.0, 0.0, 0.0]
21:59:06.876,[0.0, 0.0, 0.0, 0.0]
21:59:06.878,[0.0, 0.0, 0.0, 0.0]
21:59:06.881,[0.0, 0.0, 0.0, 0.0]
21:59:06.884,[0.0, 0.0, 0.0, 0.0]
21:59:06.887,[0.0, 0.0, 0.0, 0.0]
21:59:06.890,[0.0, 0.0, 0.0, 0.0]
21:59:06.892,[0.0, 0.0, 0.0, 0.0]
21:59:06.896,[0.0, 0.0, 0.0, 0.0]
21:59:06.900,[0.0, 0.0, 0.0, 0.0]
21:59:06.904,[0.0, 0.0, 0.0, 0.0]
21:59:06.906,[0.0, 0.0, 0.0, 0.0]
21:59:06.910,[0.0, 0.0, 0.0, 0.0]
21:59:06.943,[0.0, 0.0, 0.0, 0.0]
21:59:06.951,[0.0, 0.0, 0.0, 0.0]
21:59:06.970,[0.0, 0.0, 0.0, 0.0]
21:59:06.973,[0.0, 0.0, 0.0, 0.0]
21:59:06.980,[0.0, 0.0, 0.0, 0.0]
21:59:06.999,[0.0, 0.0, 0.0, 0.0]
21:59:07.010,[0.0, 0.0, 0.0, 0.0]
21:59:07.015,[0.0, 0.0, 0.0, 0.0]
21:59:07.017,[0.0, 0.0, 0.0, 0.0]
21:59:07.020,[0.0, 0.0, 0.0, 0.0]
21:59:07.023,[0.0, 0.0, 0.0, 0.0]
21:59:07.026,[0.0, 0.0, 0.0, 0.0]
21:59:07.030,[0.0, 0.0, 0.0, 0.0]
21:59:07.036,[0.0, 0.0, 0.0, 0.0]
21:59:07.041,[0.0, 0.0, 0.0, 0.0]
21:59:07.043,[0.0, 0.0, 0.0, 0.0]
21:59:07.051,[0.0, 0.0, 0.0, 0.0]
21:59:07.063,[0.0, 0.0, 0.0, 0.0]
21:59:07.067,[0.0, 0.0, 0.0, 0.0]
21:59:07.072,[0.0, 0.0, 0.0, 0.0]
21:59:07.074,[0.0, 0.0, 0.0, 0.0]
21:59:07.077,[0.0, 0.0, 0.0, 0.0]
21:59:07.081,[0.0, 0.0, 0.0, 0.0]
21:59:07.085,[0.0, 0.0, 0.0, 0.0]
21:59:07.087,[0.0, 0.0, 0.0, 0.0]
21:59:07.089,[0.0, 0.0, 0.0, 0.0]
21:59:07.093,[0.0, 0.0, 0.0, 0.0]
21:59:07.097,[0.0, 0.0, 0.0, 0.0]
21:59:07.101,[0.0, 0.0, 0.0, 0.0]
21:59:07.103,[0.0, 0.0, 0.0, 0.0]
21:59:07.106,[0.0, 0.0, 0.0, 0.0]
21:59:07.110,[0.0, 0.0, 0.0, 0.0]
21:59:07.114,[0.0, 0.0, 0.0, 0.0]
21:59:07.118,[0.0, 0.0, 0.0, 0.0]
21:59:07.122,[0.0, 0.0, 0.0, 0.0]
21:59:07.125,[0.0, 0.0, 0.0, 0.0]
21:59:07.131,[0.0, 0.0, 0.0, 0.0]
21:59:07.138,[0.0, 0.0, 0.0, 0.0]
21:59:07.142,[0.0, 0.0, 0.0, 0.0]
21:59:07.147,[0.0, 0.0, 0.0, 0.0]
21:59:07.151,[0.0, 0.0, 0.0, 0.0]
21:59:07.157,[0.0, 0.0, 0.0, 0.0]
21:59:07.165,[0.0, 0.0, 0.0, 0.0]
21:59:07.169,[0.0, 0.0, 0.0, 0.0]
21:59:07.173,[0.0, 0.0, 0.0, 0.0]
21:59:07.176,[0.0, 0.0, 0.0, 0.0]
21:59:07.180,[0.0, 0.0, 0.0, 0.0]
21:59:07.184,[0.0, 0.0, 0.0, 0.0]
21:59:07.188,[0.0, 0.0, 0.0, 0.0]
21:59:07.193,[0.0, 0.0, 0.0, 0.0]
21:59:07.197,[0.0, 0.0, 0.0, 0.0]
21:59:07.214,[0.0, 0.0, 0.0, 0.0]
21:59:07.217,[0.0, 0.0, 0.0, 0.0]
21:59:07.222,[0.0, 0.0, 0.0, 0.0]
21:59:07.224,[0.0, 0.0, 0.0, 0.0]
21:59:07.227,[0.0, 0.0, 0.0, 0.0]
21:59:07.230,[0.0, 0.0, 0.0, 0.0]
21:59:07.233,[0.0, 0.0, 0.0, 0.0]
21:59:07.236,[0.0, 0.0, 0.0, 0.0]
21:59:07.239,[0.0, 0.0, 0.0, 0.0]
21:59:07.242,[0.0, 0.0, 0.0, 0.0]
21:59:07.247,[0.0, 0.0, 0.0, 0.0]
21:59:07.253,[0.0, 0.0, 0.0, 0.0]
21:59:07.257,[0.0, 0.0, 0.0, 0.0]
21:59:07.260,[0.0, 0.0, 0.0, 0.0]
21:59:07.265,[0.0, 0.0, 0.0, 0.0]
21:59:07.269,[0.0, 0.0, 0.0, 0.0]
21:59:07.273,[0.0, 0.0, 0.0, 0.0]
21:59:07.278,[0.0, 0.0, 0.0, 0.0]
21:59:07.284,[0.0, 0.0, 0.0, 0.0]
21:59:07.290,[0.0, 0.0, 0.0, 0.0]
21:59:07.296,[0.0, 0.0, 0.0, 0.0]
21:59:07.301,[0.0, 0.0, 0.0, 0.0]
21:59:07.305,[0.0, 0.0, 0.0, 0.0]
21:59:07.313,[0.0, 0.0, 0.0, 0.0]
21:59:07.331,[0.0, 0.0, 0.0, 0.0]
21:59:07.339,[0.0, 0.0, 0.0, 0.0]
21:59:07.343,[0.0, 0.0, 0.0, 0.0]
21:59:07.347,[0.0, 0.0, 0.0, 0.0]
21:59:07.351,[0.0, 0.0, 0.0, 0.0]
21:59:07.355,[0.0, 0.0, 0.0, 0.0]
21:59:07.358,[0.0, 0.0, 0.0, 0.0]
21:59:07.363,[0.0, 0.0, 0.0, 0.0]
21:59:07.379,[0.0, 0.0, 0.0, 0.0]
21:59:07.382,[0.0, 0.0, 0.0, 0.0]
21:59:07.385,[0.0, 0.0, 0.0, 0.0]
21:59:07.388,[0.0, 0.0, 0.0, 0.0]
21:59:07.391,[0.0, 0.0, 0.0, 0.0]
21:59:07.397,[0.0, 0.0, 0.0, 0.0]
21:59:07.402,[0.0, 0.0, 0.0, 0.0]
21:59:07.409,[0.0, 0.0, 0.0, 0.0]
21:59:07.414,[0.0, 0.0, 0.0, 0.0]
21:59:07.418,[0.0, 0.0, 0.0, 0.0]
21:59:07.422,[0.0, 0.0, 0.0, 0.0]
21:59:07.426,[0.0, 0.0, 0.0, 0.0]
21:59:07.430,[0.0, 0.0, 0.0, 0.0]
21:59:07.435,[0.0, 0.0, 0.0, 0.0]
21:59:07.441,[0.0, 0.0, 0.0, 0.0]
21:59:07.446,[0.0, 0.0, 0.0, 0.0]
21:59:07.451,[0.0, 0.0, 0.0, 0.0]
21:59:07.455,[0.0, 0.0, 0.0, 0.0]
21:59:07.459,[0.0, 0.0, 0.0, 0.0]
21:59:07.464,[0.0, 0.0, 0.0, 0.0]
21:59:07.470,[0.0, 0.0, 0.0, 0.0]
21:59:07.473,[0.0, 0.0, 0.0, 0.0]
21:59:07.477,[0.0, 0.0, 0.0, 0.0]
21:59:07.482,[0.0, 0.0, 0.0, 0.0]
21:59:07.486,[0.0, 0.0, 0.0, 0.0]
21:59:07.490,[0.0, 0.0, 0.0, 0.0]
21:59:07.495,[0.0, 0.0, 0.0, 0.0]
21:59:07.501,[0.0, 0.0, 0.0, 0.0]
21:59:07.505,[0.0, 0.0, 0.0, 0.0]
21:59:07.509,[0.0, 0.0, 0.0, 0.0]
21:59:07.515,[0.0, 0.0, 0.0, 0.0]
21:59:07.519,[0.0, 0.0, 0.0, 0.0]
21:59:07.551,[0.0, 0.0, 0.0, 0.0]
21:59:07.556,[0.0, 0.0, 0.0, 0.0]
21:59:07.587,[0.0, 0.0, 0.0, 0.0]
21:59:07.591,[0.0, 0.0, 0.0, 0.0]
21:59:07.594,[0.0, 0.0, 0.0, 0.0]
21:59:07.599,[0.0, 0.0, 0.0, 0.0]
21:59:07.603,[0.0, 0.0, 0.0, 0.0]
21:59:07.606,[0.0, 0.0, 0.0, 0.0]
21:59:07.608,[0.0, 0.0, 0.0, 0.0]
21:59:07.615,[0.0, 0.0, 0.0, 0.0]
21:59:07.621,[0.0, 0.0, 0.0, 0.0]
21:59:07.625,[0.0, 0.0, 0.0, 0.0]
21:59:07.632,[0.0, 0.0, 0.0, 0.0]
21:59:07.636,[0.0, 0.0, 0.0, 0.0]
21:59:07.640,[0.0, 0.0, 0.0, 0.0]
21:59:07.647,[0.0, 0.0, 0.0, 0.0]
21:59:07.651,[0.0, 0.0, 0.0, 0.0]
21:59:07.658,[0.0, 0.0, 0.0, 0.0]
21:59:07.663,[0.0, 0.0, 0.0, 0.0]
21:59:07.668,[0.0, 0.0, 0.0, 0.0]
21:59:07.672,[0.0, 0.0, 0.0, 0.0]
21:59:07.676,[0.0, 0.0, 0.0, 0.0]
21:59:07.683,[0.0, 0.0, 0.0, 0.0]
21:59:07.687,[0.0, 0.0, 0.0, 0.0]
21:59:07.689,[0.0, 0.0, 0.0, 0.0]
21:59:07.693,[0.0, 0.0, 0.0, 0.0]
21:59:07.697,[0.0, 0.0, 0.0, 0.0]
21:59:07.702,[0.0, 0.0, 0.0, 0.0]
21:59:07.706,[0.0, 0.0, 0.0, 0.0]
21:59:07.714,[0.0, 0.0, 0.0, 0.0]
21:59:07.723,[0.0, 0.0, 0.0, 0.0]
21:59:07.726,[0.0, 0.0, 0.0, 0.0]
21:59:07.729,[0.0, 0.0, 0.0, 0.0]
21:59:07.734,[0.0, 0.0, 0.0, 0.0]
21:59:07.740,[0.0, 0.0, 0.0, 0.0]
21:59:07.747,[0.0, 0.0, 0.0, 0.0]
21:59:07.752,[0.0, 0.0, 0.0, 0.0]
21:59:07.756,[0.0, 0.0, 0.0, 0.0]
21:59:07.761,[0.0, 0.0, 0.0, 0.0]
21:59:07.765,[0.0, 0.0, 0.0, 0.0]
21:59:07.771,[0.0, 0.0, 0.0, 0.0]
21:59:07.787,[0.0, 0.113372802734375, 0.0, 0.0]
21:59:07.798,[0.0, 0.237091064453125, 0.0, 0.0]
21:59:07.804,[0.0, 0.505126953125, 0.0, 0.0]
21:59:07.808,[0.0, 0.505126953125, 0.0, 0.0]
21:59:07.813,[0.0, 0.793792724609375, 0.0, 0.0]
21:59:07.816,[0.0, 0.793792724609375, 0.0, 0.0]
21:59:07.819,[0.0, 0.793792724609375, 0.0, 0.0]
21:59:07.821,[0.0, 0.999969482421875, 0.0, 0.0]
21:59:07.823,[0.0, 0.999969482421875, 0.0, 0.0]
21:59:07.826,[0.0, 0.999969482421875, 0.0, 0.0]
21:59:07.830,[0.0, 0.999969482421875, 0.0, 0.0]
21:59:07.834,[0.0, 0.999969482421875, 0.0, 0.0]
21:59:07.843,[0.0, 0.999969482421875, 0.0, 0.0]
21:59:07.848,[0.0, 0.999969482421875, 0.0, 0.0]
21:59:07.852,[0.0, 0.999969482421875, 0.0, 0.0]
21:59:07.856,[0.0, 0.999969482421875, 0.0, 0.0]
21:59:07.866,[0.0, 0.999969482421875, 0.0, 0.0]
21:59:07.869,[0.0, 0.999969482421875, 0.0, 0.0]
21:59:07.871,[0.0, 0.999969482421875, 0.0, 0.0]
21:59:07.873,[0.0, 0.999969482421875, 0.0, 0.0]
21:59:07.876,[0.0, 0.999969482421875, 0.0, 0.0]
21:59:07.880,[0.0, 0.999969482421875, 0.0, 0.0]
21:59:07.883,[0.0, 0.999969482421875, 0.0, 0.0]
21:59:07.885,[0.0, 0.999969482421875, 0.0, 0.0]
21:59:07.896,[0.0, 0.999969482421875, 0.0, 0.0]
21:59:07.903,[0.0, 0.999969482421875, 0.0, 0.0]
21:59:07.911,[0.0, 0.999969482421875, 0.0, 0.0]
21:59:07.919,[0.0, 0.999969482421875, 0.0, 0.0]
21:59:07.932,[0.0, 0.999969482421875, 0.0, 0.0]
21:59:07.939,[0.0, 0.999969482421875, 0.0, 0.0]
21:59:07.947,[0.0, 0.999969482421875, 0.0, 0.0721435546875]
21:59:07.952,[-0.01031494140625, 0.999969482421875, 0.0, 0.123687744140625]
21:59:07.959,[-0.01031494140625, 0.999969482421875, 0.0, 0.123687744140625]
21:59:07.963,[-0.0206298828125, 0.999969482421875, 0.0, 0.17523193359375]
21:59:07.968,[-0.0206298828125, 0.999969482421875, 0.0, 0.17523193359375]
21:59:07.972,[-0.01031494140625, 0.999969482421875, 0.0, 0.19586181640625]
21:59:07.987,[-0.01031494140625, 0.999969482421875, 0.0, 0.19586181640625]
21:59:08.015,[0.0, 0.999969482421875, 0.0, 0.19586181640625]
21:59:08.018,[0.0, 0.999969482421875, 0.030914306640625, 0.17523193359375]
21:59:08.021,[0.0, 0.999969482421875, 0.0721435546875, 0.134002685546875]
21:59:08.023,[0.0, 0.999969482421875, 0.0721435546875, 0.134002685546875]
21:59:08.026,[0.0, 0.999969482421875, 0.0721435546875, 0.134002685546875]
21:59:08.029,[0.0, 0.999969482421875, 0.0721435546875, 0.134002685546875]
21:59:08.035,[0.0, 0.999969482421875, 0.10308837890625, 0.051544189453125]
21:59:08.051,[0.0, 0.999969482421875, 0.10308837890625, 0.051544189453125]
21:59:08.055,[0.144317626953125, 0.999969482421875, 0.164947509765625, 0.0]
21:59:08.059,[0.144317626953125, 0.999969482421875, 0.164947509765625, 0.0]
21:59:08.064,[0.237091064453125, 0.999969482421875, 0.19586181640625, 0.0]
21:59:08.068,[0.237091064453125, 0.999969482421875, 0.19586181640625, 0.0]
21:59:08.079,[0.360809326171875, 0.999969482421875, 0.226776123046875, 0.0]
21:59:08.084,[0.505126953125, 0.938140869140625, 0.237091064453125, -0.092803955078125]
21:59:08.089,[0.505126953125, 0.938140869140625, 0.237091064453125, -0.092803955078125]
21:59:08.093,[0.62884521484375, 0.721649169921875, 0.257720947265625, -0.206207275390625]
21:59:08.097,[0.62884521484375, 0.721649169921875, 0.257720947265625, -0.206207275390625]
21:59:08.102,[0.773193359375, 0.474212646484375, 0.257720947265625, -0.329925537109375]
21:59:08.107,[0.773193359375, 0.474212646484375, 0.257720947265625, -0.329925537109375]
21:59:08.116,[0.907196044921875, 0.247406005859375, 0.257720947265625, -0.494873046875]
21:59:08.120,[0.907196044921875, 0.247406005859375, 0.257720947265625, -0.494873046875]
21:59:08.124,[0.999969482421875, 0.0, 0.247406005859375, -0.628875732421875]
21:59:08.128,[0.999969482421875, 0.0, 0.247406005859375, -0.628875732421875]
21:59:08.132,[0.999969482421875, 0.0, 0.268035888671875, -0.78350830078125]
21:59:08.136,[0.999969482421875, 0.0, 0.268035888671875, -0.78350830078125]
21:59:08.141,[0.999969482421875, 0.0, 0.32989501953125, -0.845367431640625]
21:59:08.147,[0.999969482421875, 0.0, 0.32989501953125, -0.845367431640625]
21:59:08.151,[0.999969482421875, 0.0, 0.3917236328125, -0.845367431640625]
21:59:08.155,[0.999969482421875, 0.0, 0.3917236328125, -0.845367431640625]
21:59:08.159,[0.999969482421875, 0.0, 0.3917236328125, -0.845367431640625]
21:59:08.164,[0.999969482421875, 0.0, 0.44329833984375, -0.82476806640625]
21:59:08.171,[0.999969482421875, 0.0, 0.44329833984375, -0.82476806640625]
21:59:08.181,[0.999969482421875, 0.0, 0.484527587890625, -0.78350830078125]
21:59:08.186,[0.999969482421875, 0.0, 0.494842529296875, -0.762908935546875]
21:59:08.190,[0.999969482421875, 0.0, 0.494842529296875, -0.762908935546875]
21:59:08.194,[0.999969482421875, 0.0, 0.494842529296875, -0.762908935546875]
21:59:08.198,[0.999969482421875, 0.0, 0.494842529296875, -0.762908935546875]
21:59:08.202,[0.999969482421875, 0.0, 0.484527587890625, -0.762908935546875]
21:59:08.207,[0.999969482421875, 0.0, 0.484527587890625, -0.762908935546875]
21:59:08.211,[0.999969482421875, 0.0, 0.484527587890625, -0.762908935546875]
21:59:08.215,[0.999969482421875, 0.0, 0.484527587890625, -0.762908935546875]
21:59:08.220,[0.999969482421875, 0.0, 0.484527587890625, -0.762908935546875]
21:59:08.224,[0.999969482421875, 0.0, 0.484527587890625, -0.752593994140625]
21:59:08.227,[0.999969482421875, 0.0, 0.484527587890625, -0.752593994140625]
21:59:08.232,[0.999969482421875, 0.0, 0.484527587890625, -0.752593994140625]
21:59:08.237,[0.999969482421875, 0.0, 0.484527587890625, -0.752593994140625]
21:59:08.241,[0.999969482421875, 0.0, 0.484527587890625, -0.7216796875]
21:59:08.246,[0.999969482421875, 0.0, 0.484527587890625, -0.7216796875]
21:59:08.251,[0.999969482421875, 0.0, 0.484527587890625, -0.7216796875]
21:59:08.256,[0.999969482421875, 0.0, 0.484527587890625, -0.680419921875]
21:59:08.259,[0.999969482421875, 0.0, 0.484527587890625, -0.680419921875]
21:59:08.264,[0.999969482421875, 0.0, 0.484527587890625, -0.639190673828125]
21:59:08.270,[0.999969482421875, 0.0, 0.484527587890625, -0.639190673828125]
21:59:08.275,[0.999969482421875, 0.0, 0.484527587890625, -0.628875732421875]
21:59:08.280,[0.999969482421875, 0.0, 0.484527587890625, -0.628875732421875]
21:59:08.285,[0.999969482421875, 0.0, 0.484527587890625, -0.6082763671875]
21:59:08.289,[0.999969482421875, 0.0, 0.484527587890625, -0.6082763671875]
21:59:08.297,[0.999969482421875, 0.0, 0.474212646484375, -0.6082763671875]
21:59:08.301,[0.999969482421875, 0.0, 0.474212646484375, -0.6082763671875]
21:59:08.304,[0.999969482421875, 0.0, 0.463897705078125, -0.6082763671875]
21:59:08.309,[0.999969482421875, 0.0, 0.463897705078125, -0.6082763671875]
21:59:08.314,[0.999969482421875, 0.0, 0.4329833984375, -0.628875732421875]
21:59:08.316,[0.999969482421875, 0.0, 0.4329833984375, -0.628875732421875]
21:59:08.319,[0.999969482421875, 0.0, 0.4329833984375, -0.628875732421875]
21:59:08.323,[0.999969482421875, 0.0, 0.3917236328125, -0.67010498046875]
21:59:08.331,[0.999969482421875, 0.0, 0.3917236328125, -0.67010498046875]
21:59:08.335,[0.999969482421875, 0.0, 0.350494384765625, -0.7216796875]
21:59:08.339,[0.999969482421875, 0.0, 0.350494384765625, -0.7216796875]
21:59:08.343,[0.999969482421875, 0.0, 0.28863525390625, -0.742279052734375]
21:59:08.347,[0.999969482421875, 0.0, 0.28863525390625, -0.742279052734375]
21:59:08.351,[0.999969482421875, 0.0, 0.28863525390625, -0.742279052734375]
21:59:08.355,[0.999969482421875, 0.0, 0.226776123046875, -0.742279052734375]
21:59:08.364,[0.999969482421875, 0.0, 0.226776123046875, -0.742279052734375]
21:59:08.369,[0.999969482421875, 0.0, 0.144317626953125, -0.67010498046875]
21:59:08.373,[0.96905517578125, 0.0927734375, 0.0721435546875, -0.55670166015625]
21:59:08.377,[0.96905517578125, 0.0927734375, 0.0721435546875, -0.55670166015625]
21:59:08.381,[0.711334228515625, 0.17523193359375, 0.0, -0.36083984375]
21:59:08.385,[0.711334228515625, 0.17523193359375, 0.0, -0.36083984375]
21:59:08.390,[0.711334228515625, 0.17523193359375, 0.0, -0.36083984375]
21:59:08.394,[0.505126953125, 0.319580078125, 0.0, -0.175262451171875]
21:59:08.398,[0.505126953125, 0.319580078125, 0.0, -0.175262451171875]
21:59:08.402,[0.21649169921875, 0.463897705078125, 0.0, 0.0]
21:59:08.406,[0.21649169921875, 0.463897705078125, 0.0, 0.0]
21:59:08.410,[0.21649169921875, 0.463897705078125, 0.0, 0.0]
21:59:08.416,[0.0, 0.608245849609375, -0.061859130859375, 0.0]
21:59:08.420,[0.0, 0.608245849609375, -0.061859130859375, 0.0]
21:59:08.424,[0.0, 0.7525634765625, -0.175262451171875, 0.030914306640625]
21:59:08.429,[0.0, 0.7525634765625, -0.175262451171875, 0.030914306640625]
21:59:08.434,[0.0, 0.8453369140625, -0.288665771484375, 0.051544189453125]
21:59:08.447,[0.0, 0.8453369140625, -0.288665771484375, 0.051544189453125]
21:59:08.463,[-0.14434814453125, 0.999969482421875, -0.3814697265625, 0.17523193359375]
21:59:08.467,[-0.226806640625, 0.999969482421875, -0.433013916015625, 0.257720947265625]
21:59:08.471,[-0.35052490234375, 0.999969482421875, -0.46392822265625, 0.381439208984375]
21:59:08.481,[-0.35052490234375, 0.999969482421875, -0.46392822265625, 0.381439208984375]
21:59:08.486,[-0.4742431640625, 0.999969482421875, -0.433013916015625, 0.6185302734375]
21:59:08.489,[-0.4742431640625, 0.999969482421875, -0.433013916015625, 0.6185302734375]
21:59:08.493,[-0.6082763671875, 0.999969482421875, -0.402069091796875, 0.804107666015625]
21:59:08.498,[-0.6082763671875, 0.999969482421875, -0.402069091796875, 0.804107666015625]
21:59:08.502,[-0.71136474609375, 0.999969482421875, -0.3814697265625, 0.9793701171875]
21:59:08.506,[-0.71136474609375, 0.999969482421875, -0.3814697265625, 0.9793701171875]
21:59:08.514,[-0.71136474609375, 0.999969482421875, -0.3814697265625, 0.9793701171875]
21:59:08.519,[-0.742279052734375, 0.999969482421875, -0.35052490234375, 0.999969482421875]
21:59:08.523,[-0.752593994140625, 0.999969482421875, -0.329925537109375, 0.999969482421875]
21:59:08.527,[-0.752593994140625, 0.999969482421875, -0.329925537109375, 0.999969482421875]
21:59:08.531,[-0.752593994140625, 0.999969482421875, -0.329925537109375, 0.999969482421875]
21:59:08.535,[-0.752593994140625, 0.999969482421875, -0.298980712890625, 0.98968505859375]
21:59:08.542,[-0.752593994140625, 0.999969482421875, -0.298980712890625, 0.98968505859375]
21:59:08.546,[-0.731964111328125, 0.999969482421875, -0.26806640625, 0.96905517578125]
21:59:08.552,[-0.731964111328125, 0.999969482421875, -0.26806640625, 0.96905517578125]
21:59:08.556,[-0.71136474609375, 0.999969482421875, -0.2474365234375, 0.938140869140625]
21:59:08.561,[-0.71136474609375, 0.999969482421875, -0.2474365234375, 0.938140869140625]
21:59:08.566,[-0.69073486328125, 0.999969482421875, -0.206207275390625, 0.907196044921875]
21:59:08.572,[-0.69073486328125, 0.999969482421875, -0.206207275390625, 0.907196044921875]
21:59:08.577,[-0.67010498046875, 0.999969482421875, -0.185577392578125, 0.896881103515625]
21:59:08.590,[-0.649505615234375, 0.999969482421875, -0.1546630859375, 0.896881103515625]
21:59:08.594,[-0.649505615234375, 0.999969482421875, -0.14434814453125, 0.907196044921875]
21:59:08.600,[-0.649505615234375, 0.999969482421875, -0.14434814453125, 0.907196044921875]
21:59:08.605,[-0.649505615234375, 0.999969482421875, -0.134033203125, 0.927825927734375]
21:59:08.609,[-0.649505615234375, 0.999969482421875, -0.134033203125, 0.927825927734375]
21:59:08.613,[-0.649505615234375, 0.999969482421875, -0.12371826171875, 0.94842529296875]
21:59:08.618,[-0.649505615234375, 0.999969482421875, -0.12371826171875, 0.94842529296875]
21:59:08.622,[-0.659820556640625, 0.999969482421875, -0.12371826171875, 0.9793701171875]
21:59:08.630,[-0.659820556640625, 0.999969482421875, -0.12371826171875, 0.9793701171875]
21:59:08.635,[-0.659820556640625, 0.999969482421875, -0.12371826171875, 0.999969482421875]
21:59:08.639,[-0.659820556640625, 0.999969482421875, -0.12371826171875, 0.999969482421875]
21:59:08.643,[-0.67010498046875, 0.999969482421875, -0.12371826171875, 0.999969482421875]
21:59:08.647,[-0.67010498046875, 0.999969482421875, -0.12371826171875, 0.999969482421875]
21:59:08.651,[-0.67010498046875, 0.999969482421875, -0.12371826171875, 0.999969482421875]
21:59:08.655,[-0.67010498046875, 0.999969482421875, -0.1134033203125, 0.999969482421875]
21:59:08.659,[-0.67010498046875, 0.999969482421875, -0.1134033203125, 0.999969482421875]
21:59:08.667,[-0.659820556640625, 0.999969482421875, -0.103118896484375, 0.999969482421875]
21:59:08.671,[-0.659820556640625, 0.999969482421875, -0.103118896484375, 0.999969482421875]
21:59:08.675,[-0.628875732421875, 0.999969482421875, -0.092803955078125, 0.999969482421875]
21:59:08.680,[-0.628875732421875, 0.999969482421875, -0.092803955078125, 0.999969482421875]
21:59:08.685,[-0.59796142578125, 0.999969482421875, -0.072174072265625, 0.999969482421875]
21:59:08.691,[-0.59796142578125, 0.999969482421875, -0.072174072265625, 0.999969482421875]
21:59:08.698,[-0.525787353515625, 0.865966796875, -0.061859130859375, 0.999969482421875]
21:59:08.702,[-0.412384033203125, 0.76287841796875, -0.0206298828125, 0.999969482421875]
21:59:08.706,[-0.412384033203125, 0.76287841796875, -0.0206298828125, 0.999969482421875]
21:59:08.710,[-0.412384033203125, 0.76287841796875, -0.0206298828125, 0.999969482421875]
21:59:08.714,[-0.288665771484375, 0.680389404296875, 0.0, 0.999969482421875]
21:59:08.720,[-0.288665771484375, 0.680389404296875, 0.0, 0.999969482421875]
21:59:08.726,[-0.082489013671875, 0.556671142578125, 0.0, 0.85565185546875]
21:59:08.732,[-0.082489013671875, 0.556671142578125, 0.0, 0.85565185546875]
21:59:08.736,[0.0, 0.44329833984375, 0.0, 0.597930908203125]
21:59:08.740,[0.0, 0.44329833984375, 0.0, 0.597930908203125]
21:59:08.744,[0.010284423828125, 0.268035888671875, 0.0, 0.371124267578125]
21:59:08.749,[0.010284423828125, 0.268035888671875, 0.0, 0.371124267578125]
21:59:08.755,[0.185546875, 0.0927734375, 0.0, 0.08245849609375]
21:59:08.759,[0.185546875, 0.0927734375, 0.0, 0.08245849609375]
21:59:08.763,[0.30926513671875, 0.0, 0.0, 0.0]
21:59:08.767,[0.30926513671875, 0.0, 0.0, 0.0]
21:59:08.771,[0.453582763671875, 0.0, 0.0, 0.0]
21:59:08.775,[0.453582763671875, 0.0, 0.0, 0.0]
21:59:08.781,[0.453582763671875, 0.0, 0.0, 0.0]
21:59:08.787,[0.566986083984375, 0.0, 0.0, -0.14434814453125]
21:59:08.791,[0.711334228515625, 0.0, 0.0, -0.2474365234375]
21:59:08.797,[0.711334228515625, 0.0, 0.0, -0.2474365234375]
21:59:08.802,[0.711334228515625, 0.0, 0.0, -0.2474365234375]
21:59:08.805,[0.83502197265625, -0.12371826171875, 0.020599365234375, -0.36083984375]
21:59:08.809,[0.83502197265625, -0.12371826171875, 0.020599365234375, -0.36083984375]
21:59:08.813,[0.927825927734375, -0.288665771484375, 0.08245849609375, -0.433013916015625]
21:59:08.819,[0.927825927734375, -0.288665771484375, 0.08245849609375, -0.433013916015625]
21:59:08.823,[0.999969482421875, -0.443328857421875, 0.134002685546875, -0.525787353515625]
21:59:08.827,[0.999969482421875, -0.443328857421875, 0.134002685546875, -0.525787353515625]
21:59:08.831,[0.999969482421875, -0.443328857421875, 0.134002685546875, -0.525787353515625]
21:59:08.835,[0.999969482421875, -0.587646484375, 0.21649169921875, -0.57733154296875]
21:59:08.839,[0.999969482421875, -0.587646484375, 0.21649169921875, -0.57733154296875]
21:59:08.844,[0.999969482421875, -0.742279052734375, 0.2783203125, -0.59796142578125]
21:59:08.849,[0.999969482421875, -0.742279052734375, 0.2783203125, -0.59796142578125]
21:59:08.854,[0.999969482421875, -0.82476806640625, 0.340179443359375, -0.6082763671875]
21:59:08.857,[0.999969482421875, -0.82476806640625, 0.340179443359375, -0.6082763671875]
21:59:08.863,[0.999969482421875, -0.89691162109375, 0.412353515625, -0.6082763671875]
21:59:08.868,[0.999969482421875, -0.89691162109375, 0.412353515625, -0.6082763671875]
21:59:08.872,[0.999969482421875, -0.91754150390625, 0.453582763671875, -0.6082763671875]
21:59:08.880,[0.999969482421875, -0.91754150390625, 0.453582763671875, -0.6082763671875]
21:59:08.885,[0.999969482421875, -0.91754150390625, 0.505126953125, -0.55670166015625]
21:59:08.889,[0.999969482421875, -0.91754150390625, 0.505126953125, -0.55670166015625]
21:59:08.893,[0.999969482421875, -0.876312255859375, 0.53607177734375, -0.494873046875]
21:59:08.897,[0.999969482421875, -0.876312255859375, 0.53607177734375, -0.494873046875]
21:59:08.901,[0.999969482421875, -0.876312255859375, 0.53607177734375, -0.494873046875]
21:59:08.906,[0.999969482421875, -0.80413818359375, 0.556671142578125, -0.433013916015625]
21:59:08.911,[0.999969482421875, -0.80413818359375, 0.556671142578125, -0.433013916015625]
21:59:08.915,[0.999969482421875, -0.680419921875, 0.566986083984375, -0.391754150390625]
21:59:08.919,[0.999969482421875, -0.680419921875, 0.566986083984375, -0.391754150390625]
21:59:08.923,[0.999969482421875, -0.649505615234375, 0.577301025390625, -0.35052490234375]
21:59:08.927,[0.999969482421875, -0.649505615234375, 0.577301025390625, -0.35052490234375]
21:59:08.933,[0.999969482421875, -0.639190673828125, 0.577301025390625, -0.309295654296875]
21:59:08.939,[0.999969482421875, -0.639190673828125, 0.577301025390625, -0.309295654296875]
21:59:08.944,[0.999969482421875, -0.639190673828125, 0.577301025390625, -0.26806640625]
21:59:08.963,[0.999969482421875, -0.639190673828125, 0.577301025390625, -0.26806640625]
21:59:08.975,[0.999969482421875, -0.680419921875, 0.577301025390625, -0.12371826171875]
21:59:09.003,[0.999969482421875, -0.7216796875, 0.494842529296875, 0.0]
21:59:09.008,[0.999969482421875, -0.7216796875, 0.494842529296875, 0.0]
21:59:09.014,[0.9793701171875, -0.731964111328125, 0.453582763671875, 0.030914306640625]
21:59:09.017,[0.9793701171875, -0.731964111328125, 0.453582763671875, 0.030914306640625]
21:59:09.021,[0.907196044921875, -0.731964111328125, 0.42266845703125, 0.0927734375]
21:59:09.026,[0.907196044921875, -0.731964111328125, 0.42266845703125, 0.0927734375]
21:59:09.033,[0.907196044921875, -0.731964111328125, 0.42266845703125, 0.0927734375]
21:59:09.039,[0.865966796875, -0.731964111328125, 0.3917236328125, 0.123687744140625]
21:59:09.046,[0.804107666015625, -0.71136474609375, 0.360809326171875, 0.164947509765625]
21:59:09.051,[0.804107666015625, -0.71136474609375, 0.360809326171875, 0.164947509765625]
21:59:09.053,[0.74224853515625, -0.67010498046875, 0.32989501953125, 0.226776123046875]
21:59:09.056,[0.74224853515625, -0.67010498046875, 0.32989501953125, 0.226776123046875]
21:59:09.062,[0.74224853515625, -0.67010498046875, 0.32989501953125, 0.226776123046875]
21:59:09.066,[0.670074462890625, -0.618560791015625, 0.2989501953125, 0.2989501953125]
21:59:09.069,[0.670074462890625, -0.618560791015625, 0.2989501953125, 0.2989501953125]
21:59:09.073,[0.577301025390625, -0.536102294921875, 0.268035888671875, 0.412353515625]
21:59:09.076,[0.577301025390625, -0.536102294921875, 0.268035888671875, 0.412353515625]
21:59:09.079,[0.577301025390625, -0.536102294921875, 0.268035888671875, 0.412353515625]
21:59:09.084,[0.494842529296875, -0.36083984375, 0.21649169921875, 0.54638671875]
21:59:09.087,[0.494842529296875, -0.36083984375, 0.21649169921875, 0.54638671875]
21:59:09.094,[0.360809326171875, -0.134033203125, 0.185546875, 0.73193359375]
21:59:09.099,[0.360809326171875, -0.134033203125, 0.185546875, 0.73193359375]
21:59:09.104,[0.247406005859375, 0.0, 0.154632568359375, 0.98968505859375]
21:59:09.108,[0.247406005859375, 0.0, 0.154632568359375, 0.98968505859375]
21:59:09.114,[0.10308837890625, 0.0, 0.113372802734375, 0.999969482421875]
21:59:09.118,[0.10308837890625, 0.0, 0.113372802734375, 0.999969482421875]
21:59:09.123,[0.0, 0.041229248046875, 0.0927734375, 0.999969482421875]
21:59:09.130,[0.0, 0.041229248046875, 0.0927734375, 0.999969482421875]
21:59:09.135,[0.0, 0.144317626953125, 0.0927734375, 0.999969482421875]
21:59:09.139,[0.0, 0.144317626953125, 0.0927734375, 0.999969482421875]
21:59:09.143,[0.0, 0.19586181640625, 0.10308837890625, 0.999969482421875]
21:59:09.147,[0.0, 0.19586181640625, 0.10308837890625, 0.999969482421875]
21:59:09.152,[0.0, 0.19586181640625, 0.10308837890625, 0.999969482421875]
21:59:09.157,[0.0, 0.21649169921875, 0.123687744140625, 0.999969482421875]
21:59:09.161,[0.0, 0.21649169921875, 0.123687744140625, 0.999969482421875]
21:59:09.166,[0.0, 0.237091064453125, 0.144317626953125, 0.999969482421875]
21:59:09.170,[0.0, 0.237091064453125, 0.144317626953125, 0.999969482421875]
21:59:09.174,[0.0, 0.257720947265625, 0.17523193359375, 0.999969482421875]
21:59:09.180,[0.0, 0.257720947265625, 0.17523193359375, 0.999969482421875]
21:59:09.187,[0.0, 0.28863525390625, 0.19586181640625, 0.999969482421875]
21:59:09.191,[0.0, 0.28863525390625, 0.19586181640625, 0.999969482421875]
21:59:09.197,[0.0, 0.32989501953125, 0.21649169921875, 0.999969482421875]
21:59:09.201,[0.0, 0.32989501953125, 0.21649169921875, 0.999969482421875]
21:59:09.205,[0.0, 0.412353515625, 0.247406005859375, 0.999969482421875]
21:59:09.209,[0.0, 0.412353515625, 0.247406005859375, 0.999969482421875]
21:59:09.215,[0.0, 0.587615966796875, 0.2783203125, 0.999969482421875]
21:59:09.222,[0.0, 0.608245849609375, 0.21649169921875, 0.999969482421875]
21:59:09.226,[0.0, 0.608245849609375, 0.21649169921875, 0.999969482421875]
21:59:09.230,[0.0, 0.608245849609375, 0.21649169921875, 0.999969482421875]
21:59:09.235,[0.0, 0.041229248046875, 0.0, 0.83502197265625]
21:59:09.239,[0.0, 0.041229248046875, 0.0, 0.83502197265625]
21:59:09.246,[0.0, 0.0, 0.0, -0.12371826171875]
21:59:09.251,[0.0, 0.0, 0.0, -0.12371826171875]
21:59:09.253,[0.0, 0.0, 0.0, 0.0]
21:59:09.256,[0.0, 0.0, 0.0, 0.0]
21:59:09.258,[0.0, 0.0, 0.0, 0.0]
21:59:09.261,[0.0, 0.0, 0.0, 0.0]
21:59:09.263,[0.0, 0.0, 0.0, 0.0]
21:59:09.266,[0.0, 0.0, 0.0, 0.0]
21:59:09.268,[0.0, 0.0, 0.0, 0.0]
21:59:09.271,[0.0, 0.0, 0.0, 0.0]
21:59:09.277,[0.0, 0.0, 0.0, 0.0]
21:59:09.280,[0.0, 0.0, 0.0, 0.0]
21:59:09.285,[0.0, 0.0, 0.0, 0.0]
21:59:09.289,[0.0, 0.0, 0.0, 0.0]
21:59:09.293,[0.0, 0.0, 0.0, 0.0]
21:59:09.297,[0.0, 0.0, 0.0, 0.0]
21:59:09.315,[0.0, 0.0, 0.0, 0.0]
21:59:09.330,[0.0, 0.0, 0.0, 0.0]
21:59:09.335,[0.0, 0.0, 0.0, 0.0]
21:59:09.339,[0.0, 0.0, 0.0, 0.0]
21:59:09.342,[0.0, 0.0, 0.0, 0.0]
21:59:09.346,[0.0, 0.0, 0.0, 0.0]
21:59:09.350,[0.0, 0.0, 0.0, 0.0]
21:59:09.354,[0.0, 0.0, 0.0, 0.0]
21:59:09.357,[0.0, 0.0, 0.0, 0.0]
21:59:09.361,[0.0, 0.0, 0.0, 0.0]
21:59:09.367,[0.0, 0.0, 0.0, 0.0]
21:59:09.372,[0.0, 0.0, 0.0, 0.0]
21:59:09.376,[0.0, 0.0, 0.0, 0.0]
21:59:09.381,[0.0, 0.0, 0.0, 0.0]
21:59:09.387,[0.0, 0.0, 0.0, 0.0]
21:59:09.391,[0.0, 0.0, 0.0, 0.0]
21:59:09.397,[0.0, 0.0, 0.0, 0.0]
21:59:09.403,[0.0, 0.0, 0.0, 0.0]
21:59:09.406,[0.0, 0.0, 0.0, 0.0]
21:59:09.408,[0.0, 0.0, 0.0, 0.0]
21:59:09.412,[0.0, 0.0, 0.0, 0.0]
21:59:09.417,[0.0, 0.0, 0.0, 0.0]
21:59:09.421,[0.0, 0.0, 0.0, 0.0]
21:59:09.423,[0.0, 0.0, 0.0, 0.0]
21:59:09.430,[0.0, 0.0, 0.0, 0.0]
21:59:09.433,[0.0, 0.0, 0.0, 0.0]
21:59:09.435,[0.0, 0.0, 0.0, 0.0]
21:59:09.437,[0.0, 0.0, 0.0, 0.0]
21:59:09.440,[0.0, 0.0, 0.0, 0.0]
21:59:09.442,[0.0, 0.0, 0.0, 0.0]
21:59:09.446,[0.0, 0.0, 0.0, 0.0]
21:59:09.451,[0.0, 0.0, 0.0, 0.0]
21:59:09.455,[0.0, 0.0, 0.0, 0.0]
21:59:09.465,[0.0, 0.0, 0.0, 0.0]
21:59:09.470,[0.0, 0.0, 0.0, 0.0]
21:59:09.473,[0.0, 0.0, 0.0, 0.0]
21:59:09.477,[0.0, 0.0, 0.0, 0.0]
21:59:09.481,[0.0, 0.0, 0.0, 0.0]
21:59:09.485,[0.0, 0.0, 0.0, 0.0]
21:59:09.489,[0.0, 0.0, 0.0, 0.0]
21:59:09.499,[0.0, 0.0, 0.0, 0.0]
21:59:09.503,[0.0, 0.0, 0.0, 0.0]
21:59:09.507,[0.0, 0.0, 0.0, 0.0]
21:59:09.511,[0.0, 0.0, 0.0, 0.0]
21:59:09.516,[0.0, 0.0, 0.0, 0.0]
21:59:09.521,[0.0, 0.0, 0.0, 0.0]
21:59:09.525,[0.0, 0.0, 0.0, 0.0]
21:59:09.530,[0.0, 0.0, 0.0, 0.0]
21:59:09.534,[0.0, 0.0, 0.0, 0.0]
21:59:09.538,[0.0, 0.0, 0.0, 0.0]
21:59:09.541,[0.0, 0.0, 0.0, 0.0]
21:59:09.547,[0.0, 0.0, 0.0, 0.0]
21:59:09.551,[0.0, 0.0, 0.0, 0.0]
21:59:09.556,[0.0, 0.0, 0.0, 0.0]
21:59:09.559,[0.0, 0.0, 0.0, 0.0]
21:59:09.571,[0.0, 0.0, 0.0, 0.0]
21:59:09.583,[0.0, 0.0, 0.0, 0.0]
21:59:09.587,[0.0, 0.0, 0.0, 0.0]
21:59:09.590,[0.0, 0.0, 0.0, 0.0]
21:59:09.593,[0.0, 0.0, 0.0, 0.0]
21:59:09.596,[0.0, 0.0, 0.0, 0.0]
21:59:09.600,[0.0, 0.0, 0.0, 0.0]
21:59:09.603,[0.0, 0.0, 0.0, 0.0]
21:59:09.606,[0.0, 0.0, 0.0, 0.0]
21:59:09.613,[0.0, 0.0, 0.0, 0.0]
21:59:09.617,[0.0, 0.0, 0.0, 0.0]
21:59:09.621,[0.0, 0.0, 0.0, 0.0]
21:59:09.624,[0.0, 0.0, 0.0, 0.0]
21:59:09.629,[0.0, 0.0, 0.0, 0.0]
21:59:09.634,[0.0, 0.0, 0.0, 0.0]
21:59:09.637,[0.0, 0.0, 0.0, 0.0]
21:59:09.640,[0.0, 0.0, 0.0, 0.0]
21:59:09.649,[0.0, 0.0, 0.0, 0.0]
21:59:09.653,[0.0, 0.0, 0.0, 0.0]
21:59:09.657,[0.0, 0.0, 0.0, 0.0]
21:59:09.661,[0.0, 0.0, 0.0, 0.0]
21:59:09.665,[0.0, 0.0, 0.0, 0.0]
21:59:09.671,[0.0, 0.0, 0.0, 0.0]
21:59:09.681,[0.0, 0.0, 0.0, 0.0]
21:59:09.686,[0.0, 0.0, 0.0, 0.0]
21:59:09.690,[0.0, 0.0, 0.0, 0.0]
21:59:09.693,[0.0, 0.0, 0.0, 0.0]
21:59:09.697,[0.0, 0.0, 0.0, 0.0]
21:59:09.701,[0.0, 0.0, 0.0, 0.0]
21:59:09.708,[0.0, 0.0, 0.0, 0.0]
21:59:09.714,[0.0, 0.0, 0.0, 0.0]
21:59:09.718,[0.0, 0.0, 0.0, 0.0]
21:59:09.722,[0.0, 0.0, 0.0, 0.0]
21:59:09.726,[0.0, 0.0, 0.0, 0.0]
21:59:09.730,[0.0, 0.0, 0.0, 0.0]
21:59:09.736,[0.0, 0.0, 0.0, 0.0]
21:59:09.740,[0.0, 0.0, 0.0, 0.0]
21:59:09.747,[0.0, 0.0, 0.0, 0.0]
21:59:09.751,[0.0, 0.0, 0.0, 0.0]
21:59:09.755,[0.0, 0.0, 0.0, 0.0]
21:59:09.758,[0.0, 0.0, 0.0, 0.0]
21:59:09.763,[0.0, 0.0, 0.0, 0.0]
21:59:09.768,[0.0, 0.0, 0.0, 0.0]
21:59:09.773,[0.0, 0.0, 0.0, 0.0]
21:59:09.776,[0.0, 0.0, 0.0, 0.0]
21:59:09.780,[0.0, 0.0, 0.0, 0.0]
21:59:09.784,[0.0, 0.0, 0.0, 0.0]
21:59:09.788,[0.0, 0.0, 0.0, 0.0]
21:59:09.792,[0.0, 0.0, 0.0, 0.0]
21:59:09.796,[0.0, 0.0, 0.0, 0.0]
21:59:09.800,[0.0, 0.0, 0.0, 0.0]
21:59:09.803,[0.0, 0.0, 0.0, 0.0]
21:59:09.806,[0.0, 0.0, 0.0, 0.0]
21:59:09.809,[0.0, 0.0, 0.0, 0.0]
21:59:09.811,[0.0, 0.0, 0.0, 0.0]
21:59:09.814,[0.0, 0.0, 0.0, 0.0]
21:59:09.816,[0.0, 0.0, 0.0, 0.0]
21:59:09.818,[0.0, 0.0, 0.0, 0.0]
21:59:09.835,[0.0, 0.0, 0.0, 0.0]
21:59:09.839,[0.0, 0.0, 0.0, 0.0]
21:59:09.843,[0.0, 0.0, 0.0, 0.0]
21:59:09.846,[0.0, 0.0, 0.0, 0.0]
21:59:09.850,[0.0, 0.0, 0.0, 0.0]
21:59:09.855,[0.0, 0.0, 0.0, 0.0]
21:59:09.863,[0.0, 0.0, 0.0, 0.0]
21:59:09.867,[0.0, 0.0, 0.0, 0.0]
21:59:09.871,[0.0, 0.0, 0.0, 0.0]
21:59:09.875,[0.0, 0.0, 0.0, 0.0]
21:59:09.879,[0.0, 0.0, 0.0, 0.0]
21:59:09.884,[0.0, 0.0, 0.0, 0.0]
21:59:09.891,[0.0, 0.0, 0.0, 0.0]
21:59:09.897,[0.0, 0.0, 0.0, 0.0]
21:59:09.900,[0.0, 0.0, 0.0, 0.0]
21:59:09.904,[0.0, 0.0, 0.0, 0.0]
21:59:09.908,[0.0, 0.0, 0.0, 0.0]
21:59:09.913,[0.0, 0.0, 0.0, 0.0]
21:59:09.917,[0.0, 0.0, 0.0, 0.0]
21:59:09.921,[0.0, 0.0, 0.0, 0.0]
21:59:09.924,[0.0, 0.0, 0.0, 0.0]
21:59:09.927,[0.0, 0.0, 0.0, 0.0]
21:59:09.930,[0.0, 0.0, 0.0, 0.0]
21:59:09.933,[0.0, 0.0, 0.0, 0.0]
21:59:09.935,[0.0, 0.0, 0.0, 0.0]
21:59:09.937,[0.0, 0.0, 0.0, 0.0]
21:59:09.940,[0.0, 0.0, 0.0, 0.0]
21:59:09.942,[0.0, 0.0, 0.0, 0.0]
21:59:09.947,[0.0, 0.0, 0.0, 0.0]
21:59:09.950,[0.0, 0.0, 0.0, 0.0]
21:59:09.953,[0.0, 0.0, 0.0, 0.0]
21:59:09.957,[0.0, 0.0, 0.0, 0.0]
21:59:09.961,[0.0, 0.0, 0.0, 0.0]
21:59:09.964,[0.0, 0.0, 0.0, 0.0]
21:59:09.968,[0.0, 0.0, 0.0, 0.0]
21:59:09.972,[0.0, 0.0, 0.0, 0.0]
21:59:09.977,[0.0, 0.0, 0.0, 0.0]
21:59:09.983,[0.0, 0.0, 0.0, 0.0]
21:59:09.990,[0.0, 0.0, 0.0, 0.0]
21:59:09.993,[0.0, 0.0, 0.0, 0.0]
21:59:09.997,[0.0, 0.0, 0.0, 0.0]
21:59:10.001,[0.0, 0.0, 0.0, 0.0]
21:59:10.006,[0.0, 0.0, 0.0, 0.0]
21:59:10.013,[0.0, 0.0, 0.0, 0.0]
21:59:10.017,[0.0, 0.0, 0.0, 0.0]
21:59:10.020,[0.0, 0.0, 0.0, 0.0]
21:59:10.024,[0.0, 0.0, 0.0, 0.0]
21:59:10.030,[0.0, 0.0, 0.0, 0.0]
21:59:10.034,[0.0, 0.0, 0.0, 0.0]
21:59:10.037,[0.0, 0.0, 0.0, 0.0]
21:59:10.042,[0.0, 0.0, 0.0, 0.0]
21:59:10.046,[0.0, 0.0, 0.0, 0.0]
21:59:10.050,[0.0, 0.0, 0.0, 0.0]
21:59:10.054,[0.0, 0.0, 0.0, 0.0]
21:59:10.058,[0.0, 0.0, 0.0, 0.0]
21:59:10.062,[0.0, 0.0, 0.0, 0.0]
21:59:10.066,[0.0, 0.0, 0.0, 0.0]
21:59:10.070,[0.0, 0.0, 0.0, 0.0]
21:59:10.074,[0.0, 0.0, 0.0, 0.0]
21:59:10.078,[0.0, 0.0, 0.0, 0.0]
21:59:10.081,[0.0, 0.0, 0.0, 0.0]
21:59:10.085,[0.0, 0.0, 0.0, 0.0]
21:59:10.089,[0.0, 0.0, 0.0, 0.0]
21:59:10.093,[0.0, 0.0, 0.0, 0.0]
21:59:10.097,[0.0, 0.0, 0.0, 0.0]
21:59:10.101,[0.0, 0.0, 0.0, 0.0]
21:59:10.104,[0.0, 0.0, 0.0, 0.0]
21:59:10.109,[0.0, 0.0, 0.0, 0.0]
21:59:10.113,[0.0, 0.0, 0.0, 0.0]
21:59:10.117,[0.0, 0.0, 0.0, 0.0]
21:59:10.121,[0.0, 0.0, 0.0, 0.0]
21:59:10.124,[0.0, 0.0, 0.0, 0.0]
21:59:10.130,[0.0, 0.0, 0.0, 0.0]
21:59:10.135,[0.0, 0.0, 0.0, 0.0]
21:59:10.139,[0.0, 0.0, 0.0, 0.0]
21:59:10.142,[0.0, 0.0, 0.0, 0.0]
21:59:10.147,[0.0, 0.0, 0.0, 0.0]
21:59:10.151,[0.0, 0.0, 0.0, 0.0]
21:59:10.154,[0.0, 0.0, 0.0, 0.0]
21:59:10.157,[0.0, 0.0, 0.0, 0.0]
21:59:10.159,[0.0, 0.0, 0.0, 0.0]
21:59:10.166,[0.0, 0.0, 0.0, 0.0]
21:59:10.170,[0.0, 0.0, 0.0, 0.0]
21:59:10.174,[0.0, 0.0, 0.0, 0.0]
21:59:10.177,[0.0, 0.0, 0.0, 0.0]
21:59:10.181,[0.0, 0.0, 0.0, 0.0]
21:59:10.185,[0.0, 0.0, 0.0, 0.0]
21:59:10.188,[0.0, 0.0, 0.0, 0.0]
21:59:10.192,[0.0, 0.0, 0.0, 0.0]
21:59:10.198,[0.0, 0.0, 0.0, 0.0]
21:59:10.202,[0.0, 0.0, 0.0, 0.0]
21:59:10.206,[0.0, 0.0, 0.0, 0.0]
21:59:10.210,[0.0, 0.0, 0.0, 0.0]
21:59:10.213,[0.0, 0.0, 0.0, 0.0]
21:59:10.217,[0.0, 0.0, 0.0, 0.0]
21:59:10.221,[0.0, 0.0, 0.0, 0.0]
21:59:10.224,[0.0, 0.0, 0.0, 0.0]
21:59:10.232,[0.0, 0.0, 0.0, 0.0]
21:59:10.236,[0.0, 0.0, 0.0, 0.0]
21:59:10.240,[0.0, 0.0, 0.0, 0.0]
21:59:10.243,[0.0, 0.0, 0.0, 0.0]
21:59:10.247,[0.0, 0.0, 0.0, 0.0]
21:59:10.251,[0.0, 0.0, 0.0, 0.0]
21:59:10.254,[0.0, 0.0, 0.0, 0.0]
21:59:10.259,[0.0, 0.0, 0.0, 0.0]
21:59:10.263,[0.0, 0.0, 0.0, 0.0]
21:59:10.267,[0.0, 0.0, 0.0, 0.0]
21:59:10.270,[0.0, 0.0, 0.0, 0.0]
21:59:10.274,[0.0, 0.0, 0.0, 0.0]
21:59:10.277,[0.0, 0.0, 0.0, 0.0]
21:59:10.281,[0.0, 0.0, 0.0, 0.0]
21:59:10.285,[0.0, 0.0, 0.0, 0.0]
21:59:10.288,[0.0, 0.0, 0.0, 0.0]
21:59:10.293,[0.0, 0.0, 0.0, 0.0]
21:59:10.296,[0.0, 0.0, 0.0, 0.0]
21:59:10.300,[0.0, 0.0, 0.0, 0.0]
21:59:10.304,[0.0, 0.0, 0.0, 0.0]
21:59:10.308,[0.0, 0.0, 0.0, 0.0]
21:59:10.311,[0.0, 0.0, 0.0, 0.0]
21:59:10.314,[0.0, 0.0, 0.0, 0.0]
21:59:10.319,[0.0, 0.0, 0.0, 0.0]
21:59:10.322,[0.0, 0.0, 0.0, 0.0]
21:59:10.326,[0.0, 0.0, 0.0, 0.0]
21:59:10.330,[0.0, 0.0, 0.0, 0.0]
21:59:10.334,[0.0, 0.0, 0.0, 0.0]
21:59:10.337,[0.0, 0.0, 0.0, 0.0]
21:59:10.341,[0.0, 0.0, 0.0, 0.0]
21:59:10.344,[0.0, 0.0, 0.0, 0.0]
21:59:10.349,[0.0, 0.0, 0.0, 0.0]
21:59:10.355,[0.0, 0.0, 0.0, 0.0]
21:59:10.358,[0.0, 0.0, 0.0, 0.0]
21:59:10.363,[0.0, 0.0, 0.0, 0.0]
21:59:10.367,[0.0, 0.0, 0.0, 0.0]
21:59:10.371,[0.0, 0.0, 0.0, 0.0]
21:59:10.374,[0.0, 0.0, 0.0, 0.0]
21:59:10.378,[0.0, 0.0, 0.0, 0.0]
21:59:10.383,[0.0, 0.0, 0.0, 0.0]
21:59:10.387,[0.0, 0.0, 0.0, 0.0]
21:59:10.391,[0.0, 0.0, 0.0, 0.0]
21:59:10.394,[0.0, 0.0, 0.0, 0.0]
21:59:10.398,[0.0, 0.0, 0.0, 0.0]
21:59:10.402,[0.0, 0.0, 0.0, 0.0]
21:59:10.405,[0.0, 0.0, 0.0, 0.0]
21:59:10.408,[0.0, 0.0, 0.0, 0.0]
21:59:10.415,[0.0, 0.0, 0.0, 0.0]
21:59:10.418,[0.0, 0.0, 0.0, 0.0]
21:59:10.422,[0.0, 0.0, 0.0, 0.0]
21:59:10.425,[0.0, 0.0, 0.0, 0.0]
21:59:10.430,[0.0, 0.0, 0.0, 0.0]
21:59:10.433,[0.0, 0.0, 0.0, 0.0]
21:59:10.437,[0.0, 0.0, 0.0, 0.0]
21:59:10.441,[0.0, 0.0, 0.0, 0.0]
21:59:10.445,[0.0, 0.0, 0.0, 0.0]
21:59:10.449,[0.0, 0.0, 0.0, 0.0]
21:59:10.453,[0.0, 0.0, 0.0, 0.0]
21:59:10.456,[0.0, 0.0, 0.0, 0.0]
21:59:10.460,[0.0, 0.0, 0.0, 0.0]
21:59:10.464,[0.0, 0.0, 0.0, 0.0]
21:59:10.468,[0.0, 0.0, 0.0, 0.0]
21:59:10.470,[0.0, 0.0, 0.0, 0.0]
21:59:10.474,[0.0, 0.0, 0.0, 0.0]
21:59:10.478,[0.0, 0.0, 0.0, 0.0]
21:59:10.482,[0.0, 0.0, 0.0, 0.0]
21:59:10.485,[0.0, 0.0, 0.0, 0.0]
21:59:10.489,[0.0, 0.0, 0.0, 0.0]
21:59:10.492,[0.0, 0.0, 0.0, 0.0]
21:59:10.497,[0.0, 0.0, 0.0, 0.0]
21:59:10.503,[0.0, 0.0, 0.0, 0.0]
21:59:10.506,[0.0, 0.0, 0.0, 0.0]
21:59:10.510,[0.0, 0.0, 0.0, 0.0]
21:59:10.513,[0.0, 0.0, 0.0, 0.0]
21:59:10.517,[0.0, 0.0, 0.0, 0.0]
21:59:10.521,[0.0, 0.0, 0.0, 0.0]
21:59:10.524,[0.0, 0.0, 0.0, 0.0]
21:59:10.528,[0.0, 0.0, 0.0, 0.0]
21:59:10.532,[0.0, 0.0, 0.0, 0.0]
21:59:10.537,[0.0, 0.0, 0.0, 0.0]
21:59:10.541,[0.0, 0.0, 0.0, 0.0]
21:59:10.545,[0.0, 0.0, 0.0, 0.0]
21:59:10.548,[0.0, 0.0, 0.0, 0.0]
21:59:10.552,[0.0, 0.0, 0.0, 0.0]
21:59:10.556,[0.0, 0.0, 0.0, 0.0]
21:59:10.559,[0.0, 0.0, 0.0, 0.0]
21:59:10.566,[0.0, 0.0, 0.0, 0.0]
21:59:10.570,[0.0, 0.0, 0.0, 0.0]
21:59:10.574,[0.0, 0.0, 0.0, 0.0]
21:59:10.581,[0.0, 0.0, 0.0, 0.0]
21:59:10.587,[0.0, 0.0, 0.0, 0.0]
21:59:10.590,[0.0, 0.0, 0.0, 0.0]
21:59:10.595,[0.0, 0.0, 0.0, 0.0]
21:59:10.600,[0.0, 0.0, 0.0, 0.0]
21:59:10.604,[0.0, 0.0, 0.0, 0.0]
21:59:10.607,[0.0, 0.0, 0.0, 0.0]
21:59:10.610,[0.0, 0.0, 0.0, 0.0]
21:59:10.612,[0.0, 0.0, 0.0, 0.0]
21:59:10.617,[0.0, 0.0, 0.0, 0.0]
21:59:10.621,[0.0, 0.0, 0.0, 0.0]
21:59:10.625,[0.0, 0.0, 0.0, 0.0]
21:59:10.628,[0.0, 0.0, 0.0, 0.0]
21:59:10.631,[0.0, 0.0, 0.0, 0.0]
21:59:10.635,[0.0, 0.0, 0.0, 0.0]
21:59:10.639,[0.0, 0.0, 0.0, 0.0]
21:59:10.642,[0.0, 0.0, 0.0, 0.0]
21:59:10.648,[0.0, 0.0, 0.0, 0.0]
21:59:10.654,[0.0, 0.0, 0.0, 0.0]
21:59:10.659,[0.0, 0.0, 0.0, 0.0]
21:59:10.665,[0.0, 0.0, 0.0, 0.0]
21:59:10.669,[0.0, 0.0, 0.0, 0.0]
21:59:10.672,[0.0, 0.0, 0.0, 0.0]
21:59:10.676,[0.0, 0.0, 0.0, 0.0]
21:59:10.681,[0.0, 0.0, 0.0, 0.0]
21:59:10.688,[0.0, 0.0, 0.0, 0.0]
21:59:10.692,[0.0, 0.0, 0.0, 0.0]
21:59:10.698,[0.0, 0.0, 0.0, 0.0]
21:59:10.702,[0.0, 0.0, 0.0, 0.0]
21:59:10.706,[0.0, 0.0, 0.0, 0.0]
21:59:10.711,[0.0, 0.0, 0.0, 0.0]
21:59:10.716,[0.0, 0.0, 0.0, 0.0]
21:59:10.720,[0.0, 0.0, 0.0, 0.0]
21:59:10.724,[0.0, 0.0, 0.0, 0.0]
21:59:10.727,[0.0, 0.0, 0.0, 0.0]
21:59:10.732,[0.0, 0.0, 0.0, 0.0]
21:59:10.735,[0.0, 0.0, 0.0, 0.0]
21:59:10.739,[0.0, 0.0, 0.0, 0.0]
21:59:10.744,[0.0, 0.0, 0.0, 0.0]
21:59:10.748,[0.0, 0.0, 0.0, 0.0]
21:59:10.752,[0.0, 0.0, 0.0, 0.0]
21:59:10.756,[0.0, 0.0, 0.0, 0.0]
21:59:10.759,[0.0, 0.0, 0.0, 0.0]
21:59:10.761,[0.0, 0.0, 0.0, 0.0]
21:59:10.765,[0.0, 0.0, 0.0, 0.0]
21:59:10.767,[0.0, 0.0, 0.0, 0.0]
21:59:10.770,[0.0, 0.0, 0.0, 0.0]
21:59:10.774,[0.0, 0.0, 0.0, 0.0]
21:59:10.778,[0.0, 0.0, 0.0, 0.0]
21:59:10.782,[0.0, 0.0, 0.0, 0.0]
21:59:10.786,[0.0, 0.0, 0.0, 0.0]
21:59:10.789,[0.0, 0.0, 0.0, 0.0]
21:59:10.793,[0.0, 0.0, 0.0, 0.0]
21:59:10.797,[0.0, 0.0, 0.0, 0.0]
21:59:10.802,[0.0, 0.0, 0.0, 0.0]
21:59:10.807,[0.0, 0.0, 0.0, 0.0]
21:59:10.813,[0.0, 0.0, 0.0, 0.0]
21:59:10.818,[0.0, 0.0, 0.0, 0.0]
21:59:10.822,[0.0, 0.0, 0.0, 0.0]
21:59:10.826,[0.0, 0.0, 0.0, 0.0]
21:59:10.832,[0.0, 0.0, 0.0, 0.0]
21:59:10.837,[0.0, 0.0, 0.0, 0.0]
21:59:10.842,[0.0, 0.0, 0.0, 0.0]
21:59:10.845,[0.0, 0.0, 0.0, 0.0]
21:59:10.849,[0.0, 0.0, 0.0, 0.0]
21:59:10.853,[0.0, 0.0, 0.0, 0.0]
21:59:10.857,[0.0, 0.0, 0.0, 0.0]
21:59:10.860,[0.0, 0.0, 0.0, 0.0]
21:59:10.866,[0.0, 0.0, 0.0, 0.0]
21:59:10.873,[0.0, 0.0, 0.0, 0.0]
21:59:10.877,[0.0, 0.0, 0.0, 0.0]
21:59:10.881,[0.0, 0.0, 0.0, 0.0]
21:59:10.885,[0.0, 0.0, 0.0, 0.0]
21:59:10.889,[0.0, 0.0, 0.0, 0.0]
21:59:10.892,[0.0, 0.0, 0.0, 0.0]
21:59:10.899,[0.0, 0.0, 0.0, 0.0]
21:59:10.902,[0.0, 0.0, 0.0, 0.0]
21:59:10.906,[0.0, 0.0, 0.0, 0.0]
21:59:10.910,[0.0, 0.0, 0.0, 0.0]
21:59:10.913,[0.0, 0.0, 0.0, 0.0]
21:59:10.916,[0.0, 0.0, 0.0, 0.0]
21:59:10.918,[0.0, 0.0, 0.0, 0.0]
21:59:10.921,[0.0, 0.0, 0.0, 0.0]
21:59:10.923,[0.0, 0.0, 0.0, 0.0]
21:59:10.927,[0.0, 0.0, 0.0, 0.0]
21:59:10.932,[0.0, 0.0, 0.0, 0.0]
21:59:10.935,[0.0, 0.0, 0.0, 0.0]
21:59:10.938,[0.0, 0.0, 0.0, 0.0]
21:59:10.941,[0.0, 0.0, 0.0, 0.0]
21:59:10.945,[0.0, 0.0, 0.0, 0.0]
21:59:10.949,[0.0, 0.0, 0.0, 0.0]
21:59:10.953,[0.0, 0.0, 0.0, 0.0]
21:59:10.956,[0.0, 0.0, 0.0, 0.0]
21:59:10.960,[0.0, 0.0, 0.0, 0.0]
21:59:10.967,[0.0, 0.0, 0.0, 0.0]
21:59:10.971,[0.0, 0.0, 0.0, 0.0]
21:59:10.975,[0.0, 0.0, 0.0, 0.0]
21:59:10.979,[0.0, 0.0, 0.0, 0.0]
21:59:10.982,[0.0, 0.0, 0.0, 0.0]
21:59:10.986,[0.0, 0.0, 0.0, 0.0]
21:59:10.990,[0.0, 0.0, 0.0, 0.0]
21:59:10.994,[0.0, 0.0, 0.0, 0.0]
21:59:10.999,[0.0, 0.0, 0.0, 0.0]
21:59:11.003,[0.0, 0.0, 0.0, 0.0]
21:59:11.006,[0.0, 0.0, 0.0, 0.0]
21:59:11.010,[0.0, 0.0, 0.0, 0.0]
21:59:11.016,[0.0, 0.0, 0.0, 0.0]
21:59:11.019,[0.0, 0.0, 0.0, 0.0]
21:59:11.022,[0.0, 0.0, 0.0, 0.0]
21:59:11.026,[0.0, 0.0, 0.0, 0.0]
21:59:11.030,[0.0, 0.0, 0.0, 0.0]
21:59:11.033,[0.0, 0.0, 0.0, 0.0]
21:59:11.037,[0.0, 0.0, 0.0, 0.0]
21:59:11.041,[0.0, 0.0, 0.0, 0.0]
21:59:11.044,[0.0, 0.0, 0.0, 0.0]
21:59:11.049,[0.0, 0.0, 0.0, 0.0]
21:59:11.054,[0.0, 0.0, 0.0, 0.0]
21:59:11.058,[0.0, 0.0, 0.0, 0.0]
21:59:11.062,[0.0, 0.0, 0.0, 0.0]
21:59:11.065,[0.0, 0.0, 0.0, 0.0]
21:59:11.069,[0.0, 0.0, 0.0, 0.0]
21:59:11.073,[0.0, 0.0, 0.0, 0.0]
21:59:11.076,[0.0, 0.0, 0.0, 0.0]
21:59:11.082,[0.0, 0.0, 0.0, 0.0]
21:59:11.087,[0.0, 0.0, 0.0, 0.0]
21:59:11.091,[0.0, 0.0, 0.0, 0.0]
21:59:11.094,[0.0, 0.0, 0.0, 0.0]
21:59:11.098,[0.0, 0.0, 0.0, 0.0]
21:59:11.102,[0.0, 0.0, 0.0, 0.0]
21:59:11.106,[0.0, 0.0, 0.0, 0.0]
21:59:11.109,[0.0, 0.0, 0.0, 0.0]
21:59:11.113,[0.0, 0.0, 0.0, 0.0]
21:59:11.119,[0.0, 0.0, 0.0, 0.0]
21:59:11.123,[0.0, 0.0, 0.0, 0.0]
21:59:11.126,[0.0, 0.0, 0.0, 0.0]
21:59:11.130,[0.0, 0.0, 0.0, 0.0]
21:59:11.133,[0.0, 0.0, 0.0, 0.0]
21:59:11.137,[0.0, 0.0, 0.0, 0.0]
21:59:11.141,[0.0, 0.0, 0.0, 0.0]
21:59:11.144,[0.0, 0.0, 0.0, 0.0]
21:59:11.152,[0.0, 0.0, 0.0, 0.0]
21:59:11.155,[0.0, 0.0, 0.0, 0.0]
21:59:11.159,[0.0, 0.0, 0.0, 0.0]
21:59:11.163,[0.0, 0.0, 0.0, 0.0]
21:59:11.166,[0.0, 0.0, 0.0, 0.0]
21:59:11.170,[0.0, 0.0, 0.0, 0.0]
21:59:11.173,[0.0, 0.0, 0.0, 0.0]
21:59:11.178,[0.0, 0.0, 0.0, 0.0]
21:59:11.182,[0.0, 0.0, 0.0, 0.0]
21:59:11.186,[0.0, 0.0, 0.0, 0.0]
21:59:11.190,[0.0, 0.0, 0.0, 0.0]
21:59:11.193,[0.0, 0.0, 0.0, 0.0]
21:59:11.197,[0.0, 0.0, 0.0, 0.0]
21:59:11.201,[0.0, 0.0, 0.0, 0.0]
21:59:11.205,[0.0, 0.0, 0.0, 0.0]
21:59:11.208,[0.0, 0.0, 0.0, 0.0]
21:59:11.216,[0.0, 0.0, 0.0, 0.0]
21:59:11.221,[0.0, 0.0, 0.0, 0.0]
21:59:11.224,[0.0, 0.0, 0.0, 0.0]
21:59:11.228,[0.0, 0.0, 0.0, 0.0]
21:59:11.232,[0.0, 0.0, 0.0, 0.0]
21:59:11.236,[0.0, 0.0, 0.0, 0.0]
21:59:11.241,[0.0, 0.0, 0.0, 0.0]
21:59:11.245,[0.0, 0.0, 0.0, 0.0]
21:59:11.249,[0.0, 0.0, 0.0, 0.0]
21:59:11.253,[0.0, 0.0, 0.0, 0.0]
21:59:11.257,[0.0, 0.0, 0.0, 0.0]
21:59:11.260,[0.0, 0.0, 0.0, 0.0]
21:59:11.266,[0.0, 0.0, 0.0, 0.0]
21:59:11.270,[0.0, 0.0, 0.0, 0.0]
21:59:11.275,[0.0, 0.0, 0.0, 0.0]
21:59:11.278,[0.0, 0.0, 0.0, 0.0]
21:59:11.283,[0.0, 0.0, 0.0, 0.0]
21:59:11.287,[0.0, 0.0, 0.0, 0.0]
21:59:11.290,[0.0, 0.0, 0.0, 0.0]
21:59:11.294,[0.0, 0.0, 0.0, 0.0]
21:59:11.297,[0.0, 0.0, 0.0, 0.0]
21:59:11.303,[0.0, 0.0, 0.0, 0.0]
21:59:11.307,[0.0, 0.0, 0.0, 0.0]
21:59:11.310,[0.0, 0.0, 0.0, 0.0]
21:59:11.314,[0.0, 0.0, 0.0, 0.0]
21:59:11.317,[0.0, 0.0, 0.0, 0.0]
21:59:11.321,[0.0, 0.0, 0.0, 0.0]
21:59:11.325,[0.0, 0.0, 0.0, 0.0]
21:59:11.328,[0.0, 0.0, 0.0, 0.0]
21:59:11.333,[0.0, 0.0, 0.0, 0.0]
21:59:11.338,[0.0, 0.0, 0.0, 0.0]
21:59:11.341,[0.0, 0.0, 0.0, 0.0]
21:59:11.345,[0.0, 0.0, 0.0, 0.0]
21:59:11.350,[0.0, 0.0, 0.0, 0.0]
21:59:11.354,[0.0, 0.0, 0.0, 0.0]
21:59:11.356,[0.0, 0.0, 0.0, 0.0]
21:59:11.362,[0.0, 0.0, 0.0, 0.0]
21:59:11.366,[0.0, 0.0, 0.0, 0.0]
21:59:11.370,[0.0, 0.0, 0.0, 0.0]
21:59:11.373,[0.0, 0.0, 0.0, 0.0]
21:59:11.377,[0.0, 0.0, 0.0, 0.0]
21:59:11.380,[0.0, 0.0, 0.0, 0.0]
21:59:11.384,[0.0, 0.0, 0.0, 0.0]
21:59:11.388,[0.0, 0.0, 0.0, 0.0]
21:59:11.392,[0.0, 0.0, 0.0, 0.0]
21:59:11.397,[0.0, 0.0, 0.0, 0.0]
21:59:11.401,[0.0, 0.0, 0.0, 0.0]
21:59:11.405,[0.0, 0.0, 0.0, 0.0]
21:59:11.409,[0.0, 0.0, 0.0, 0.0]
21:59:11.413,[0.0, 0.0, 0.0, 0.0]
21:59:11.417,[0.0, 0.0, 0.0, 0.0]
21:59:11.422,[0.0, 0.0, 0.0, 0.0]
21:59:11.427,[0.0, 0.0, 0.0, 0.0]
21:59:11.430,[0.0, 0.0, 0.0, 0.0]
21:59:11.434,[0.0, 0.0, 0.0, 0.0]
21:59:11.438,[0.0, 0.0, 0.0, 0.0]
21:59:11.441,[0.0, 0.0, 0.0, 0.0]
21:59:11.443,[0.0, 0.0, 0.0, 0.0]
21:59:11.447,[0.0, 0.0, 0.0, 0.0]
21:59:11.450,[0.0, 0.0, 0.0, 0.0]
21:59:11.452,[0.0, 0.0, 0.0, 0.0]
21:59:11.457,[0.0, 0.0, 0.0, 0.0]
21:59:11.459,[0.0, 0.0, 0.0, 0.0]
21:59:11.482,[0.0, 0.0, 0.0, 0.0]
21:59:11.485,[0.0, 0.0, 0.0, 0.0]
21:59:11.490,[0.0, 0.0, 0.0, 0.0]
21:59:11.493,[0.0, 0.0, 0.0, 0.0]
21:59:11.496,[0.0, 0.0, 0.0, 0.0]
21:59:11.499,[0.0, 0.0, 0.0, 0.0]
21:59:11.502,[0.0, 0.0, 0.0, 0.0]
21:59:11.505,[0.0, 0.0, 0.0, 0.0]
21:59:11.509,[0.0, 0.0, 0.0, 0.0]
21:59:11.514,[0.0, 0.0, 0.0, 0.0]
21:59:11.518,[0.0, 0.0, 0.0, 0.0]
21:59:11.521,[0.0, 0.0, 0.0, 0.0]
21:59:11.524,[0.0, 0.0, 0.0, 0.0]
21:59:11.527,[0.0, 0.0, 0.0, 0.0]
21:59:11.549,[0.0, 0.0, 0.0, 0.0]
21:59:11.553,[0.0, 0.0, 0.0, 0.0]
21:59:11.557,[0.0, 0.0, 0.0, 0.0]
21:59:11.562,[0.0, 0.0, 0.0, 0.0]
21:59:11.569,[0.0, 0.0, 0.0, 0.0]
21:59:11.573,[0.0, 0.0, 0.0, 0.0]
21:59:11.583,[0.0, 0.0, 0.0, 0.0]
21:59:11.589,[0.0, 0.0, 0.0, 0.0]
21:59:11.592,[0.0, 0.0, 0.0, 0.0]
21:59:11.596,[0.0, 0.0, 0.0, 0.0]
21:59:11.612,[0.0, 0.0, 0.0, 0.0]
21:59:11.615,[0.0, 0.0, 0.0, 0.0]
21:59:11.619,[0.0, 0.0, 0.0, 0.0]
21:59:11.624,[0.0, 0.0, 0.0, 0.0]
21:59:11.626,[0.0, 0.0, 0.0, 0.0]
21:59:11.629,[0.0, 0.0, 0.0, 0.0]
21:59:11.632,[0.0, 0.0, 0.0, 0.0]
21:59:11.636,[0.0, 0.0, 0.0, 0.0]
21:59:11.641,[0.0, 0.0, 0.0, 0.0]
21:59:11.643,[0.0, 0.0, 0.0, 0.0]
21:59:11.646,[0.0, 0.0, 0.0, 0.0]
21:59:11.648,[0.0, 0.0, 0.0, 0.0]
21:59:11.655,[0.0, 0.0, 0.0, 0.0]
21:59:11.658,[0.0, 0.0, 0.0, 0.0]
21:59:11.663,[0.0, 0.0, 0.0, 0.0]
21:59:11.671,[0.0, 0.0, 0.0, 0.0]
21:59:11.675,[0.0, 0.0, 0.0, 0.0]
21:59:11.678,[0.0, 0.0, 0.0, 0.0]
21:59:11.681,[0.0, 0.0, 0.0, 0.0]
21:59:11.685,[0.0, 0.0, 0.0, 0.0]
21:59:11.687,[0.0, 0.0, 0.0, 0.0]
21:59:11.691,[0.0, 0.0, 0.0, 0.0]
21:59:11.696,[0.0, 0.0, 0.0, 0.0]
21:59:11.704,[0.0, 0.0, 0.0, 0.0]
21:59:11.710,[0.0, 0.0, 0.0, 0.0]
21:59:11.719,[0.0, 0.0, 0.0, 0.0]
21:59:11.725,[0.0, 0.0, 0.0, 0.0]
21:59:11.731,[0.0, 0.0, 0.0, 0.0]
21:59:11.736,[0.0, 0.0, 0.0, 0.0]
21:59:11.741,[0.0, 0.0, 0.0, 0.0]
21:59:11.747,[0.0, 0.0, 0.0, 0.0]
21:59:11.753,[0.0, 0.0, 0.0, 0.0]
21:59:11.761,[0.0, 0.0, 0.0, 0.0]
21:59:11.765,[0.0, 0.0, 0.0, 0.0]
21:59:11.768,[0.0, 0.0, 0.0, 0.0]
21:59:11.773,[0.0, 0.0, 0.0, 0.0]
21:59:11.778,[0.0, 0.0, 0.0, 0.0]
21:59:11.786,[0.0, 0.0, 0.0, 0.0]
21:59:11.791,[0.0, 0.0, 0.0, 0.0]
21:59:11.794,[0.0, 0.0, 0.0, 0.0]
21:59:11.796,[0.0, 0.0, 0.0, 0.0]
21:59:11.798,[0.0, 0.0, 0.0, 0.0]
21:59:11.802,[0.0, 0.0, 0.0, 0.0]
21:59:11.804,[0.0, 0.0, 0.0, 0.0]
21:59:11.806,[0.0, 0.0, 0.0, 0.0]
21:59:11.809,[0.0, 0.0, 0.0, 0.0]
21:59:11.811,[0.0, 0.0, 0.0, 0.0]
21:59:11.814,[0.0, 0.0, 0.0, 0.0]
21:59:11.822,[0.0, 0.0, 0.0, 0.0]
21:59:11.827,[0.0, 0.0, 0.0, 0.0]
21:59:11.831,[0.0, 0.0, 0.0, 0.0]
21:59:11.835,[0.0, 0.0, 0.0, 0.0]
21:59:11.840,[0.0, 0.0, 0.0, 0.0]
21:59:11.846,[0.0, 0.0, 0.0, 0.0]
21:59:11.853,[0.0, 0.0, 0.0, 0.0]
21:59:11.856,[0.0, 0.0, 0.0, 0.0]
21:59:11.860,[0.0, 0.0, 0.0, 0.0]
21:59:11.864,[0.0, 0.0, 0.0, 0.0]
21:59:11.868,[0.0, 0.0, 0.0, 0.0]
21:59:11.873,[0.0, 0.0, 0.0, 0.0]
21:59:11.876,[0.0, 0.0, 0.0, 0.0]
21:59:11.881,[0.0, 0.0, 0.0, 0.0]
21:59:11.886,[0.0, 0.0, 0.0, 0.0]
21:59:11.889,[0.0, 0.0, 0.0, 0.0]
21:59:11.893,[0.0, 0.0, 0.0, 0.0]
21:59:11.900,[0.0, 0.0, 0.0, 0.0]
21:59:11.903,[0.0, 0.0, 0.0, 0.0]
21:59:11.907,[0.0, 0.0, 0.0, 0.0]
21:59:11.912,[0.0, 0.0, 0.0, 0.0]
21:59:11.917,[0.0, 0.0, 0.0, 0.0]
21:59:11.921,[0.0, 0.0, 0.0, 0.0]
21:59:11.924,[0.0, 0.0, 0.0, 0.0]
21:59:11.927,[0.0, 0.0, 0.0, 0.0]
21:59:11.929,[0.0, 0.0, 0.0, 0.0]
21:59:11.932,[0.0, 0.0, 0.0, 0.0]
21:59:11.935,[0.0, 0.0, 0.0, 0.0]
21:59:11.940,[0.0, 0.0, 0.0, 0.0]
21:59:11.942,[0.0, 0.0, 0.0, 0.0]
21:59:11.945,[0.0, 0.0, 0.0, 0.0]
21:59:11.948,[0.0, 0.0, 0.0, 0.0]
21:59:11.951,[0.0, 0.0, 0.0, 0.0]
21:59:11.954,[0.0, 0.0, 0.0, 0.0]
21:59:11.957,[0.0, 0.0, 0.0, 0.0]
21:59:11.960,[0.0, 0.0, 0.0, 0.0]
21:59:11.963,[0.0, 0.0, 0.0, 0.0]
21:59:11.965,[0.0, 0.0, 0.0, 0.0]
21:59:11.968,[0.0, 0.0, 0.0, 0.0]
21:59:11.983,[0.0, 0.0, 0.0, 0.0]
21:59:11.986,[0.0, 0.0, 0.0, 0.0]
21:59:11.990,[0.0, 0.0, 0.0, 0.0]
21:59:11.994,[0.0, 0.0, 0.0, 0.0]
21:59:11.998,[0.0, 0.0, 0.0, 0.0]
21:59:12.002,[0.0, 0.0, 0.0, 0.0]
21:59:12.004,[0.0, 0.0, 0.0, 0.0]
21:59:12.007,[0.0, 0.0, 0.0, 0.0]
21:59:12.010,[0.0, 0.0, 0.0, 0.0]
21:59:12.013,[0.0, 0.0, 0.0, 0.0]
21:59:12.018,[0.0, 0.0, 0.0, 0.0]
21:59:12.022,[0.0, 0.0, 0.0, 0.0]
21:59:12.025,[0.0, 0.0, 0.0, 0.0]
21:59:12.030,[0.0, 0.0, 0.0, 0.0]
21:59:12.035,[0.0, 0.0, 0.0, 0.0]
21:59:12.039,[0.0, 0.0, 0.0, 0.0]
21:59:12.043,[0.0, 0.0, 0.0, 0.0]
21:59:12.047,[0.0, 0.0, 0.0, 0.0]
21:59:12.052,[0.0, 0.0, 0.0, 0.0]
21:59:12.055,[0.0, 0.0, 0.0, 0.0]
21:59:12.058,[0.0, 0.0, 0.0, 0.0]
21:59:12.062,[0.0, 0.0, 0.0, 0.0]
21:59:12.080,[0.0, 0.0, 0.0, 0.0]
21:59:12.085,[0.0, 0.0, 0.0, 0.0]
21:59:12.091,[0.0, 0.0, 0.0, 0.0]
21:59:12.093,[0.0, 0.0, 0.0, 0.0]
21:59:12.097,[0.0, 0.0, 0.0, 0.0]
21:59:12.101,[0.0, 0.0, 0.0, 0.0]
21:59:12.104,[0.0, 0.0, 0.0, 0.0]
21:59:12.107,[0.0, 0.0, 0.0, 0.0]
21:59:12.111,[0.0, 0.0, 0.0, 0.0]
21:59:12.115,[0.0, 0.0, 0.0, 0.0]
21:59:12.119,[0.0, 0.0, 0.0, 0.0]
21:59:12.124,[0.0, 0.0, 0.0, 0.0]
21:59:12.128,[0.0, 0.0, 0.0, 0.0]
21:59:12.131,[0.0, 0.0, 0.0, 0.0]
21:59:12.135,[0.0, 0.0, 0.0, 0.0]
21:59:12.137,[0.0, 0.0, 0.0, 0.0]
21:59:12.140,[0.0, 0.0, 0.0, 0.0]
21:59:12.143,[0.0, 0.0, 0.0, 0.0]
21:59:12.147,[0.0, 0.0, 0.0, 0.0]
21:59:12.151,[0.0, 0.0, 0.0, 0.0]
21:59:12.154,[0.0, 0.0, 0.0, 0.0]
21:59:12.158,[0.0, 0.0, 0.0, 0.0]
21:59:12.161,[0.0, 0.0, 0.0, 0.0]
21:59:12.164,[0.0, 0.0, 0.0, 0.0]
21:59:12.168,[0.0, 0.0, 0.0, 0.0]
21:59:12.171,[0.0, 0.0, 0.0, 0.0]
21:59:12.174,[0.0, 0.0, 0.0, 0.0]
21:59:12.178,[0.0, 0.0, 0.0, 0.0]
21:59:12.183,[0.0, 0.0, 0.0, 0.0]
21:59:12.189,[0.0, 0.0, 0.0, 0.0]
21:59:12.193,[0.0, 0.0, 0.0, 0.0]
21:59:12.197,[0.0, 0.0, 0.0, 0.0]
21:59:12.202,[0.0, 0.0, 0.0, 0.0]
21:59:12.205,[0.0, 0.0, 0.0, 0.0]
21:59:12.209,[0.0, 0.0, 0.0, 0.0]
21:59:12.215,[0.0, 0.0, 0.0, 0.0]
21:59:12.220,[0.0, 0.0, 0.0, 0.0]
21:59:12.225,[0.0, 0.0, 0.0, 0.0]
21:59:12.229,[0.0, 0.0, 0.0, 0.0]
21:59:12.233,[0.0, 0.0, 0.0, 0.0]
21:59:12.236,[0.0, 0.0, 0.0, 0.0]
21:59:12.240,[0.0, 0.0, 0.0, 0.0]
21:59:12.246,[0.0, 0.0, 0.0, 0.0]
21:59:12.254,[0.0, 0.0, 0.0, 0.0]
21:59:12.258,[0.0, 0.0, 0.0, 0.0]
21:59:12.262,[0.0, 0.0, 0.0, 0.0]
21:59:12.266,[0.0, 0.0, 0.0, 0.0]
21:59:12.270,[0.0, 0.0, 0.0, 0.0]
21:59:12.276,[0.0, 0.0, 0.0, 0.0]
21:59:12.285,[0.0, 0.0, 0.0, 0.0]
21:59:12.289,[0.0, 0.0, 0.0, 0.0]
21:59:12.293,[0.0, 0.0, 0.0, 0.0]
21:59:12.297,[0.0, 0.0, 0.0, 0.0]
21:59:12.302,[0.0, 0.0, 0.0, 0.0]
21:59:12.306,[0.0, 0.0, 0.0, 0.0]
21:59:12.313,[0.0, 0.0, 0.0, 0.0]
21:59:12.319,[0.0, 0.0, 0.0, 0.0]
21:59:12.322,[0.0, 0.0, 0.0, 0.0]
21:59:12.326,[0.0, 0.0, 0.0, 0.0]
21:59:12.330,[0.0, 0.0, 0.0, 0.0]
21:59:12.335,[0.0, 0.0, 0.0, 0.0]
21:59:12.340,[0.0, 0.0, 0.0, 0.0]
21:59:12.344,[0.0, 0.0, 0.0, 0.0]
21:59:12.348,[0.0, 0.0, 0.0, 0.0]
21:59:12.352,[0.0, 0.0, 0.0, 0.0]
21:59:12.355,[0.0, 0.0, 0.0, 0.0]
21:59:12.359,[0.0, 0.0, 0.0, 0.0]
21:59:12.363,[0.0, 0.0, 0.0, 0.0]
21:59:12.368,[0.0, 0.0, 0.0, 0.0]
21:59:12.373,[0.0, 0.0, 0.0, 0.0]
21:59:12.377,[0.0, 0.0, 0.0, 0.0]
21:59:12.381,[0.0, 0.0, 0.0, 0.0]
21:59:12.385,[0.0, 0.0, 0.0, 0.0]
21:59:12.389,[0.0, 0.0, 0.0, 0.0]
21:59:12.393,[0.0, 0.0, 0.0, 0.0]
21:59:12.396,[0.0, 0.0, 0.0, 0.0]
21:59:12.402,[0.0, 0.0, 0.0, 0.0]
21:59:12.406,[0.0, 0.0, 0.0, 0.0]
21:59:12.408,[0.0, 0.0, 0.0, 0.0]
21:59:12.410,[0.0, 0.0, 0.0, 0.0]
21:59:12.413,[0.0, 0.0, 0.0, 0.0]
21:59:12.415,[0.0, 0.0, 0.0, 0.0]
21:59:12.418,[0.0, 0.0, 0.0, 0.0]
21:59:12.420,[0.0, 0.0, 0.0, 0.0]
21:59:12.423,[0.0, 0.0, 0.0, 0.0]
21:59:12.434,[0.0, 0.0, 0.0, 0.0]
21:59:12.437,[0.0, 0.0, 0.0, 0.0]
21:59:12.440,[0.0, 0.0, 0.0, 0.0]
21:59:12.443,[0.0, 0.0, 0.0, 0.0]
21:59:12.461,[0.0, 0.0, 0.0, 0.0]
21:59:12.466,[0.0, 0.0, 0.0, 0.0]
21:59:12.472,[0.0, 0.0, 0.0, 0.0]
21:59:12.476,[0.0, 0.0, 0.0, 0.0]
21:59:12.479,[0.0, 0.0, 0.0, 0.0]
21:59:12.481,[0.0, 0.0, 0.0, 0.0]
21:59:12.485,[0.0, 0.0, 0.0, 0.0]
21:59:12.489,[0.0, 0.0, 0.0, 0.0]
21:59:12.495,[0.0, 0.0, 0.0, 0.0]
21:59:12.499,[0.0, 0.0, 0.0, 0.0]
21:59:12.503,[0.0, 0.0, 0.0, 0.0]
21:59:12.507,[0.0, 0.0, 0.0, 0.0]
21:59:12.511,[0.0, 0.0, 0.0, 0.0]
21:59:12.514,[0.0, 0.0, 0.0, 0.0]
21:59:12.519,[0.0, 0.0, 0.0, 0.0]
21:59:12.525,[0.0, 0.0, 0.0, 0.0]
21:59:12.530,[0.0, 0.0, 0.0, 0.0]
21:59:12.533,[0.0, 0.0, 0.0, 0.0]
21:59:12.535,[0.0, 0.0, 0.0, 0.0]
21:59:12.552,[0.0, 0.0, 0.0, 0.0]
21:59:12.556,[0.0, 0.0, 0.0, 0.0]
21:59:12.561,[0.0, 0.0, 0.0, 0.0]
21:59:12.563,[0.0, 0.0, 0.0, 0.0]
21:59:12.566,[0.0, 0.0, 0.0, 0.0]
21:59:12.568,[0.0, 0.0, 0.0, 0.0]
21:59:12.571,[0.0, 0.0, 0.0, 0.0]
21:59:12.574,[0.0, 0.0, 0.0, 0.0]
21:59:12.579,[0.0, 0.0, 0.0, 0.0]
21:59:12.585,[0.0, 0.0, 0.0, 0.0]
21:59:12.589,[0.0, 0.0, 0.0, 0.0]
21:59:12.593,[0.0, 0.0, 0.0, 0.0]
21:59:12.597,[0.0, 0.0, 0.0, 0.0]
21:59:12.601,[0.0, 0.0, 0.0, 0.0]
21:59:12.604,[0.0, 0.0, 0.0, 0.0]
21:59:12.608,[0.0, 0.0, 0.0, 0.0]
21:59:12.611,[0.0, 0.0, 0.0, 0.0]
21:59:12.619,[0.0, 0.0, 0.0, 0.0]
21:59:12.622,[0.0, 0.0, 0.0, 0.0]
21:59:12.624,[0.0, 0.0, 0.0, 0.0]
21:59:12.628,[0.0, 0.0, 0.0, 0.0]
21:59:12.631,[0.0, 0.0, 0.0, 0.0]
21:59:12.633,[0.0, 0.0, 0.0, 0.0]
21:59:12.636,[0.0, 0.0, 0.0, 0.0]
21:59:12.638,[0.0, 0.0, 0.0, 0.0]
21:59:12.641,[0.0, 0.0, 0.0, 0.0]
21:59:12.648,[0.0, 0.0, 0.0, 0.0]
21:59:12.651,[0.0, 0.0, 0.0, 0.0]
21:59:12.654,[0.0, 0.0, 0.0, 0.0]
21:59:12.658,[0.0, 0.0, 0.0, 0.0]
21:59:12.662,[0.0, 0.0, 0.0, 0.0]
21:59:12.666,[0.0, 0.0, 0.0, 0.0]
21:59:12.670,[0.0, 0.0, 0.0, 0.0]
21:59:12.674,[0.0, 0.0, 0.0, 0.0]
21:59:12.679,[0.0, 0.0, 0.0, 0.0]
21:59:12.684,[0.0, 0.0, 0.0, 0.0]
21:59:12.688,[0.0, 0.0, 0.0, 0.0]
21:59:12.691,[0.0, 0.0, 0.0, 0.0]
21:59:12.695,[0.0, 0.0, 0.0, 0.0]
21:59:12.699,[0.0, 0.0, 0.0, 0.0]
21:59:12.702,[0.0, 0.0, 0.0, 0.0]
21:59:12.705,[0.0, 0.0, 0.0, 0.0]
21:59:12.711,[0.0, 0.0, 0.0, 0.0]
21:59:12.715,[0.0, 0.0, 0.0, 0.0]
21:59:12.719,[0.0, 0.0, 0.0, 0.0]
21:59:12.723,[0.0, 0.0, 0.0, 0.0]
21:59:12.726,[0.0, 0.0, 0.0, 0.0]
21:59:12.730,[0.0, 0.0, 0.0, 0.0]
21:59:12.733,[0.0, 0.0, 0.0, 0.0]
21:59:12.738,[0.0, 0.0, 0.0, 0.0]
21:59:12.743,[0.0, 0.0, 0.0, 0.0]
21:59:12.746,[0.0, 0.0, 0.0, 0.0]
21:59:12.750,[0.0, 0.0, 0.0, 0.0]
21:59:12.754,[0.0, 0.0, 0.0, 0.0]
21:59:12.757,[0.0, 0.0, 0.0, 0.0]
21:59:12.762,[0.0, 0.0, 0.0, 0.0]
21:59:12.767,[0.0, 0.0, 0.0, 0.0]
21:59:12.769,[0.0, 0.0, 0.0, 0.0]
21:59:12.774,[0.0, 0.0, 0.0, 0.0]
21:59:12.779,[0.0, 0.0, 0.0, 0.0]
21:59:12.783,[0.0, 0.0, 0.0, 0.0]
21:59:12.787,[0.0, 0.0, 0.0, 0.0]
21:59:12.790,[0.0, 0.0, 0.0, 0.0]
21:59:12.795,[0.0, 0.0, 0.0, 0.0]
21:59:12.800,[0.0, 0.0, 0.0, 0.0]
21:59:12.804,[0.0, 0.0, 0.0, 0.0]
21:59:12.807,[0.0, 0.0, 0.0, 0.0]
21:59:12.813,[0.0, 0.0, 0.0, 0.0]
21:59:12.817,[0.0, 0.0, 0.0, 0.0]
21:59:12.822,[0.0, 0.0, 0.0, 0.0]
21:59:12.824,[0.0, 0.0, 0.0, 0.0]
21:59:12.829,[0.0, 0.0, 0.0, 0.0]
21:59:12.834,[0.0, 0.0, 0.0, 0.0]
21:59:12.838,[0.0, 0.0, 0.0, 0.0]
21:59:12.841,[0.0, 0.0, 0.0, 0.0]
21:59:12.846,[0.0, 0.0, 0.0, 0.0]
21:59:12.850,[0.0, 0.0, 0.0, 0.0]
21:59:12.854,[0.0, 0.0, 0.0, 0.0]
21:59:12.857,[0.0, 0.0, 0.0, 0.0]
21:59:12.878,[0.0, 0.0, 0.0, 0.0]
21:59:12.880,[0.0, 0.0, 0.0, 0.0]
21:59:12.887,[0.0, 0.0, 0.0, 0.0]
21:59:12.890,[0.0, 0.0, 0.0, 0.0]
21:59:12.893,[0.0, 0.0, 0.0, 0.0]
21:59:12.898,[0.0, 0.0, 0.0, 0.0]
21:59:12.903,[0.0, 0.0, 0.0, 0.0]
21:59:12.908,[0.0, 0.0, 0.0, 0.0]
21:59:12.916,[0.0, 0.0, 0.0, 0.0]
21:59:12.922,[0.0, 0.0, 0.0, 0.0]
21:59:12.927,[0.0, 0.0, 0.0, 0.0]
21:59:12.932,[0.0, 0.0, 0.0, 0.0]
21:59:12.941,[0.0, 0.0, 0.0, 0.0]
21:59:12.946,[0.0, 0.0, 0.0, 0.0]
21:59:12.952,[0.0, 0.0, 0.0, 0.0]
21:59:12.961,[0.0, 0.0, 0.0, 0.0]
21:59:12.967,[0.0, 0.0, 0.0, 0.0]
21:59:12.972,[0.0, 0.0, 0.0, 0.0]
21:59:12.978,[0.0, 0.0, 0.0, 0.0]
21:59:12.986,[0.0, 0.0, 0.0, 0.0]
21:59:12.989,[0.0, 0.0, 0.0, 0.0]
21:59:12.992,[0.0, 0.0, 0.0, 0.0]
21:59:13.003,[0.0, 0.0, 0.0, 0.0]
21:59:13.008,[0.0, 0.0, 0.0, 0.0]
21:59:13.020,[0.0, 0.0, 0.0, 0.0]
21:59:13.024,[0.0, 0.0, 0.0, 0.0]
21:59:13.027,[0.0, 0.0, 0.0, 0.0]
21:59:13.030,[0.0, 0.0, 0.0, 0.0]
21:59:13.036,[0.0, 0.0, 0.0, 0.0]
21:59:13.044,[0.0, 0.0, 0.0, 0.0]
21:59:13.050,[0.0, 0.0, 0.0, 0.0]
21:59:13.056,[0.0, 0.0, 0.0, 0.0]
21:59:13.060,[0.0, 0.0, 0.0, 0.0]
21:59:13.064,[0.0, 0.0, 0.0, 0.0]
21:59:13.072,[0.0, 0.0, 0.0, 0.0]
21:59:13.076,[0.0, 0.0, 0.0, 0.0]
21:59:13.079,[0.0, 0.0, 0.0, 0.0]
21:59:13.083,[0.0, 0.0, 0.0, 0.0]
21:59:13.087,[0.0, 0.0, 0.0, 0.0]
21:59:13.091,[0.0, 0.0, 0.0, 0.0]
21:59:13.095,[0.0, 0.0, 0.0, 0.0]
21:59:13.097,[0.0, 0.0, 0.0, 0.0]
21:59:13.100,[0.0, 0.0, 0.0, 0.0]
21:59:13.105,[0.0, 0.0, 0.0, 0.0]
21:59:13.108,[0.0, 0.0, 0.0, 0.0]
21:59:13.112,[0.0, 0.0, 0.0, 0.0]
21:59:13.115,[0.0, 0.0, 0.0, 0.0]
21:59:13.120,[0.0, 0.0, 0.0, 0.0]
21:59:13.124,[0.0, 0.0, 0.0, 0.0]
21:59:13.128,[0.0, 0.0, 0.0, 0.0]
21:59:13.132,[0.0, 0.0, 0.0, 0.0]
21:59:13.134,[0.0, 0.0, 0.0, 0.0]
21:59:13.140,[0.0, 0.0, 0.0, 0.0]
21:59:13.143,[0.0, 0.0, 0.0, 0.0]
21:59:13.147,[0.0, 0.0, 0.0, 0.0]
21:59:13.150,[0.0, 0.0, 0.0, 0.0]
21:59:13.154,[0.0, 0.0, 0.0, 0.0]
21:59:13.159,[0.0, 0.0, 0.0, 0.0]
21:59:13.163,[0.0, 0.0, 0.0, 0.0]
21:59:13.167,[0.0, 0.0, 0.0, 0.0]
21:59:13.171,[0.0, 0.0, 0.0, 0.0]
21:59:13.175,[0.0, 0.0, 0.0, 0.0]
21:59:13.179,[0.0, 0.0, 0.0, 0.0]
21:59:13.182,[0.0, 0.0, 0.0, 0.0]
21:59:13.187,[0.0, 0.0, 0.0, 0.0]
21:59:13.191,[0.0, 0.0, 0.0, 0.0]
21:59:13.195,[0.0, 0.0, 0.0, 0.0]
21:59:13.198,[0.0, 0.0, 0.0, 0.0]
21:59:13.204,[0.0, 0.0, 0.0, 0.0]
21:59:13.207,[0.0, 0.0, 0.0, 0.0]
21:59:13.210,[0.0, 0.0, 0.0, 0.0]
21:59:13.214,[0.0, 0.0, 0.0, 0.0]
21:59:13.217,[0.0, 0.0, 0.0, 0.0]
21:59:13.222,[0.0, 0.0, 0.0, 0.0]
21:59:13.225,[0.0, 0.0, 0.0, 0.0]
21:59:13.230,[0.0, 0.0, 0.0, 0.0]
21:59:13.233,[0.0, 0.0, 0.0, 0.0]
21:59:13.237,[0.0, 0.0, 0.0, 0.0]
21:59:13.241,[0.0, 0.0, 0.0, 0.0]
21:59:13.245,[0.0, 0.0, 0.0, 0.0]
21:59:13.248,[0.0, 0.0, 0.0, 0.0]
21:59:13.254,[0.0, 0.0, 0.0, 0.0]
21:59:13.258,[0.0, 0.0, 0.0, 0.0]
21:59:13.264,[0.0, 0.0, 0.0, 0.0]
21:59:13.268,[0.0, 0.0, 0.0, 0.0]
21:59:13.272,[0.0, 0.0, 0.0, 0.0]
21:59:13.276,[0.0, 0.0, 0.0, 0.0]
21:59:13.280,[0.0, 0.0, 0.0, 0.0]
21:59:13.284,[0.0, 0.0, 0.0, 0.0]
21:59:13.290,[0.0, 0.0, 0.0, 0.0]
21:59:13.293,[0.0, 0.0, 0.0, 0.0]
21:59:13.297,[0.0, 0.0, 0.0, 0.0]
21:59:13.301,[0.0, 0.0, 0.0, 0.0]
21:59:13.304,[0.0, 0.0, 0.0, 0.0]
21:59:13.308,[0.0, 0.0, 0.0, 0.0]
21:59:13.312,[0.0, 0.0, 0.0, 0.0]
21:59:13.316,[0.0, 0.0, 0.0, 0.0]
21:59:13.322,[0.0, 0.0, 0.0, 0.0]
21:59:13.326,[0.0, 0.0, 0.0, 0.0]
21:59:13.329,[0.0, 0.0, 0.0, 0.0]
21:59:13.333,[0.0, 0.0, 0.0, 0.0]
21:59:13.337,[0.0, 0.0, 0.0, 0.0]
21:59:13.341,[0.0, 0.0, 0.0, 0.0]
21:59:13.345,[0.0, 0.0, 0.0, 0.0]
21:59:13.349,[0.0, 0.0, 0.0, 0.0]
21:59:13.355,[0.0, 0.0, 0.0, 0.0]
21:59:13.359,[0.0, 0.0, 0.0, 0.0]
21:59:13.362,[0.0, 0.0, 0.0, 0.0]
21:59:13.366,[0.0, 0.0, 0.0, 0.0]
21:59:13.371,[0.0, 0.0, 0.0, 0.0]
21:59:13.374,[0.0, 0.0, 0.0, 0.0]
21:59:13.376,[0.0, 0.0, 0.0, 0.0]
21:59:13.381,[0.0, 0.0, 0.0, 0.0]
21:59:13.384,[0.0, 0.0, 0.0, 0.0]
21:59:13.387,[0.0, 0.0, 0.0, 0.0]
21:59:13.390,[0.0, 0.0, 0.0, 0.0]
21:59:13.392,[0.0, 0.0, 0.0, 0.0]
21:59:13.394,[0.0, 0.0, 0.0, 0.0]
21:59:13.397,[0.0, 0.0, 0.0, 0.0]
21:59:13.400,[0.0, 0.0, 0.0, 0.0]
21:59:13.414,[0.0, 0.0, 0.0, 0.0]
21:59:13.417,[0.0, 0.0, 0.0, 0.0]
21:59:13.421,[0.0, 0.0, 0.0, 0.0]
21:59:13.425,[0.0, 0.0, 0.0, 0.0]
21:59:13.429,[0.0, 0.0, 0.0, 0.0]
21:59:13.432,[0.0, 0.0, 0.0, 0.0]
21:59:13.437,[0.0, 0.0, 0.0, 0.0]
21:59:13.443,[0.0, 0.0, 0.0, 0.0]
21:59:13.447,[0.0, 0.0, 0.0, 0.0]
21:59:13.451,[0.0, 0.0, 0.0, 0.0]
21:59:13.455,[0.0, 0.0, 0.0, 0.0]
21:59:13.458,[0.0, 0.0, 0.0, 0.0]
21:59:13.462,[0.0, 0.0, 0.0, 0.0]
21:59:13.466,[0.0, 0.0, 0.0, 0.0]
21:59:13.471,[0.0, 0.0, 0.0, 0.0]
21:59:13.476,[0.0, 0.0, 0.0, 0.0]
21:59:13.480,[0.0, 0.0, 0.0, 0.0]
21:59:13.484,[0.0, 0.0, 0.0, 0.0]
21:59:13.488,[0.0, 0.0, 0.0, 0.0]
21:59:13.492,[0.0, 0.0, 0.0, 0.0]
21:59:13.495,[0.0, 0.0, 0.0, 0.0]
21:59:13.499,[0.0, 0.0, 0.0, 0.0]
21:59:13.506,[0.0, 0.0, 0.0, 0.0]
21:59:13.510,[0.0, 0.0, 0.0, 0.0]
21:59:13.514,[0.0, 0.0, 0.0, 0.0]
21:59:13.517,[0.0, 0.0, 0.0, 0.0]
21:59:13.521,[0.0, 0.0, 0.0, 0.0]
21:59:13.525,[0.0, 0.0, 0.0, 0.0]
21:59:13.529,[0.0, 0.0, 0.0, 0.0]
21:59:13.532,[0.0, 0.0, 0.0, 0.0]
21:59:13.539,[0.0, 0.0, 0.0, 0.0]
21:59:13.543,[0.0, 0.0, 0.0, 0.0]
21:59:13.547,[0.0, 0.0, 0.0, 0.0]
21:59:13.550,[0.0, 0.0, 0.0, 0.0]
21:59:13.554,[0.0, 0.0, 0.0, 0.0]
21:59:13.558,[0.0, 0.0, 0.0, 0.0]
21:59:13.562,[0.0, 0.0, 0.0, 0.0]
21:59:13.567,[0.0, 0.0, 0.0, 0.0]
21:59:13.571,[0.0, 0.0, 0.0, 0.0]
21:59:13.575,[0.0, 0.0, 0.0, 0.0]
21:59:13.579,[0.0, 0.0, 0.0, 0.0]
21:59:13.583,[0.0, 0.0, 0.0, 0.0]
21:59:13.588,[0.0, 0.0, 0.0, 0.0]
21:59:13.592,[0.0, 0.0, 0.0, 0.0]
21:59:13.596,[0.0, 0.0, 0.0, 0.0]
21:59:13.600,[0.0, 0.0, 0.0, 0.0]
21:59:13.605,[0.0, 0.0, 0.0, 0.0]
21:59:13.609,[0.0, 0.0, 0.0, 0.0]
21:59:13.613,[0.0, 0.0, 0.0, 0.0]
21:59:13.616,[0.0, 0.0, 0.0, 0.0]
21:59:13.621,[0.0, 0.0, 0.0, 0.0]
21:59:13.627,[0.0, 0.0, 0.0, 0.0]
21:59:13.631,[0.0, 0.0, 0.0, 0.0]
21:59:13.635,[0.0, 0.0, 0.0, 0.0]
21:59:13.638,[0.0, 0.0, 0.0, 0.0]
21:59:13.642,[0.0, 0.0, 0.0, 0.0]
21:59:13.646,[0.0, 0.0, 0.0, 0.0]
21:59:13.649,[0.0, 0.0, 0.0, 0.0]
21:59:13.651,[0.0, 0.0, 0.0, 0.0]
21:59:13.657,[0.0, 0.0, 0.0, 0.0]
21:59:13.661,[0.0, 0.0, 0.0, 0.0]
