12:59:38.782,[0.0, 0.0, 0.0, 0.0]
12:59:38.783,[0.0, 0.0, 0.0, 0.0]
12:59:38.785,[0.0, 0.0, 0.0, 0.0]
12:59:38.785,[0.0, 0.0, 0.0, 0.0]
12:59:38.786,[0.0, 0.0, 0.0, 0.0]
12:59:38.786,[0.0, 0.0, 0.0, 0.0]
12:59:38.786,[0.0, 0.0, 0.0, 0.0]
12:59:38.786,[0.0, 0.0, 0.0, 0.0]
12:59:38.788,[0.0, 0.0, 0.0, 0.0]
12:59:38.788,[0.0, 0.0, 0.0, 0.0]
12:59:38.788,[0.0, 0.0, 0.0, 0.0]
12:59:38.789,[0.0, 0.0, 0.0, 0.0]
12:59:38.789,[0.0, 0.0, 0.0, 0.0]
12:59:38.789,[0.0, 0.0, 0.0, 0.0]
12:59:38.789,[0.0, 0.0, 0.0, 0.0]
12:59:38.789,[0.0, 0.0, 0.0, 0.0]
12:59:38.790,[0.0, 0.0, 0.0, 0.0]
12:59:38.792,[0.0, 0.0, 0.0, 0.0]
12:59:38.792,[0.0, 0.0, 0.0, 0.0]
12:59:38.792,[0.0, 0.0, 0.0, 0.0]
12:59:38.792,[0.0, 0.0, 0.0, 0.0]
12:59:38.792,[0.0, 0.0, 0.0, 0.0]
12:59:38.793,[0.0, 0.0, 0.0, 0.0]
12:59:38.793,[0.0, 0.0, 0.0, 0.0]
12:59:38.795,[0.0, 0.0, 0.0, 0.0]
12:59:38.795,[0.0, 0.0, 0.0, 0.0]
12:59:38.796,[0.0, 0.0, 0.0, 0.0]
12:59:38.796,[0.0, 0.0, 0.0, 0.0]
12:59:38.799,[0.0, 0.0, 0.0, 0.0]
12:59:38.799,[0.0, 0.0, 0.0, 0.0]
12:59:38.802,[0.0, 0.0, 0.0, 0.0]
12:59:38.803,[0.0, 0.0, 0.0, 0.0]
12:59:38.805,[0.0, 0.0, 0.0, 0.0]
12:59:38.809,[0.0, 0.0, 0.0, 0.0]
12:59:38.812,[0.0, 0.0, 0.0, 0.0]
12:59:38.815,[0.0, 0.0, 0.0, 0.0]
12:59:38.819,[0.0, 0.0, 0.0, 0.0]
12:59:38.823,[0.0, 0.0, 0.0, 0.0]
12:59:38.828,[0.0, 0.0, 0.0, 0.0]
12:59:38.831,[0.0, 0.0, 0.0, 0.0]
12:59:38.832,[0.0, 0.0, 0.0, 0.0]
12:59:38.835,[0.0, 0.0, 0.0, 0.0]
12:59:38.835,[0.0, 0.0, 0.0, 0.0]
12:59:38.836,[0.0, 0.0, 0.0, 0.0]
12:59:38.838,[0.0, 0.0, 0.0, 0.0]
12:59:38.839,[0.0, 0.0, 0.0, 0.0]
12:59:38.842,[0.0, 0.0, 0.0, 0.0]
12:59:38.845,[0.0, 0.0, 0.0, 0.0]
12:59:38.848,[0.0, 0.0, 0.0, 0.0]
12:59:38.852,[0.0, 0.0, 0.0, 0.0]
12:59:38.855,[0.0, 0.0, 0.0, 0.0]
12:59:38.858,[0.0, 0.0, 0.0, 0.0]
12:59:38.861,[0.0, 0.0, 0.0, 0.0]
12:59:38.865,[0.0, 0.0, 0.0, 0.0]
12:59:38.868,[0.0, 0.0, 0.0, 0.0]
12:59:38.871,[0.0, 0.0, 0.0, 0.0]
12:59:38.872,[0.0, 0.0, 0.0, 0.0]
12:59:38.874,[0.0, 0.0, 0.0, 0.0]
12:59:38.875,[0.0, 0.0, 0.0, 0.0]
12:59:38.878,[0.0, 0.0, 0.0, 0.0]
12:59:38.880,[0.0, 0.0, 0.0, 0.0]
12:59:38.882,[0.0, 0.0, 0.0, 0.0]
12:59:38.885,[0.0, 0.0, 0.0, 0.0]
12:59:38.888,[0.0, 0.0, 0.0, 0.0]
12:59:38.891,[0.0, 0.0, 0.0, 0.0]
12:59:38.894,[0.0, 0.0, 0.0, 0.0]
12:59:38.898,[0.0, 0.0, 0.0, 0.0]
12:59:38.904,[0.0, 0.0, 0.0, 0.0]
12:59:38.907,[0.0, 0.0, 0.0, 0.0]
12:59:38.910,[0.0, 0.0, 0.0, 0.0]
12:59:38.911,[0.0, 0.0, 0.0, 0.0]
12:59:38.914,[0.0, 0.0, 0.0, 0.0]
12:59:38.917,[0.0, 0.0, 0.0, 0.0]
12:59:38.921,[0.0, 0.0, 0.0, 0.0]
12:59:38.924,[0.0, 0.0, 0.0, 0.0]
12:59:38.927,[0.0, 0.0, 0.0, 0.0]
12:59:38.930,[0.0, 0.0, 0.0, 0.0]
12:59:38.931,[0.0, 0.0, 0.0, 0.0]
12:59:38.934,[0.0, 0.0, 0.0, 0.0]
12:59:38.937,[0.0, 0.0, 0.0, 0.0]
12:59:38.938,[0.0, 0.0, 0.0, 0.0]
12:59:38.941,[0.0, 0.0, 0.0, 0.0]
12:59:38.944,[0.0, 0.0, 0.0, 0.0]
12:59:38.946,[0.0, 0.0, 0.0, 0.0]
12:59:38.948,[0.0, 0.0, 0.0, 0.0]
12:59:38.951,[0.0, 0.0, 0.0, 0.0]
12:59:38.956,[0.0, 0.0, 0.0, 0.0]
12:59:38.960,[0.0, 0.0, 0.0, 0.0]
12:59:38.963,[0.0, 0.0, 0.0, 0.0]
12:59:38.967,[0.0, 0.0, 0.0, 0.0]
12:59:38.970,[0.0, 0.0, 0.0, 0.0]
12:59:38.973,[0.0, 0.0, 0.0, 0.0]
12:59:38.976,[0.0, 0.0, 0.0, 0.0]
12:59:38.979,[0.0, 0.0, 0.0, 0.0]
12:59:38.980,[0.0, 0.0, 0.0, 0.0]
12:59:38.982,[0.0, 0.0, 0.0, 0.0]
12:59:38.983,[0.0, 0.0, 0.0, 0.0]
12:59:38.986,[0.0, 0.0, 0.0, 0.0]
12:59:38.990,[0.0, 0.0, 0.0, 0.0]
12:59:38.993,[0.0, 0.0, 0.0, 0.0]
12:59:38.994,[0.0, 0.0, 0.0, 0.0]
12:59:38.997,[0.0, 0.0, 0.0, 0.0]
12:59:39.002,[0.0, 0.0, 0.0, 0.0]
12:59:39.006,[0.0, 0.0, 0.0, 0.0]
12:59:39.009,[0.0, 0.0, 0.0, 0.0]
12:59:39.012,[0.0, 0.0, 0.0, 0.0]
12:59:39.013,[0.0, 0.0, 0.0, 0.0]
12:59:39.016,[0.0, 0.0, 0.0, 0.0]
12:59:39.017,[0.0, 0.0, 0.0, 0.0]
12:59:39.019,[0.0, 0.0, 0.0, 0.0]
12:59:39.022,[0.0, 0.0, 0.0, 0.0]
12:59:39.026,[0.0, 0.0, 0.0, 0.0]
12:59:39.028,[0.0, 0.0, 0.0, 0.0]
12:59:39.032,[0.0, 0.0, 0.0, 0.0]
12:59:39.033,[0.0, 0.0, 0.0, 0.0]
12:59:39.035,[0.0, 0.0, 0.0, 0.0]
12:59:39.036,[0.0, 0.0, 0.0, 0.0]
12:59:39.039,[0.0, 0.0, 0.0, 0.0]
12:59:39.042,[0.0, 0.0, 0.0, 0.0]
12:59:39.043,[0.0, 0.0, 0.0, 0.0]
12:59:39.048,[0.0, 0.0, 0.0, 0.0]
12:59:39.052,[0.0, 0.0, 0.0, 0.0]
12:59:39.058,[0.0, 0.0, 0.0, 0.0]
12:59:39.061,[0.0, 0.0, 0.0, 0.0]
12:59:39.063,[0.0, 0.0, 0.0, 0.0]
12:59:39.065,[0.0, 0.0, 0.0, 0.0]
12:59:39.066,[0.0, 0.0, 0.0, 0.0]
12:59:39.069,[0.0, 0.0, 0.0, 0.0]
12:59:39.069,[0.0, 0.0, 0.0, 0.0]
12:59:39.072,[0.0, 0.0, 0.0, 0.0]
12:59:39.076,[0.0, 0.0, 0.0, 0.0]
12:59:39.079,[0.0, 0.0, 0.0, 0.0]
12:59:39.082,[0.0, 0.0, 0.0, 0.0]
12:59:39.084,[0.0, 0.0, 0.0, 0.0]
12:59:39.085,[0.0, 0.0, 0.0, 0.0]
12:59:39.088,[0.0, 0.0, 0.0, 0.0]
12:59:39.091,[0.0, 0.0, 0.0, 0.0]
12:59:39.095,[0.0, 0.0, 0.0, 0.0]
12:59:39.096,[0.0, 0.0, 0.0, 0.0]
12:59:39.098,[0.0, 0.0, 0.0, 0.0]
12:59:39.099,[0.0, 0.0, 0.0, 0.0]
12:59:39.102,[0.0, 0.0, 0.0, 0.0]
12:59:39.105,[0.0, 0.0, 0.0, 0.0]
12:59:39.108,[0.0, 0.0, 0.0, 0.0]
12:59:39.109,[0.0, 0.0, 0.0, 0.0]
12:59:39.112,[0.0, 0.0, 0.0, 0.0]
12:59:39.115,[0.0, 0.0, 0.0, 0.0]
12:59:39.118,[0.0, 0.0, 0.0, 0.0]
12:59:39.119,[0.0, 0.0, 0.0, 0.0]
12:59:39.122,[0.0, 0.0, 0.0, 0.0]
12:59:39.125,[0.0, 0.0, 0.0, 0.0]
12:59:39.128,[0.0, 0.0, 0.0, 0.0]
12:59:39.132,[0.0, 0.0, 0.0, 0.0]
12:59:39.137,[0.0, 0.0, 0.0, 0.0]
12:59:39.140,[0.0, 0.0, 0.0, 0.0]
12:59:39.142,[0.0, 0.0, 0.0, 0.0]
12:59:39.144,[0.0, 0.0, 0.0, 0.0]
12:59:39.147,[0.0, 0.0, 0.0, 0.0]
12:59:39.148,[0.0, 0.0, 0.0, 0.0]
12:59:39.151,[0.0, 0.0, 0.0, 0.0]
12:59:39.154,[0.0, 0.0, 0.0, 0.0]
12:59:39.158,[0.0, 0.0, 0.0, 0.0]
12:59:39.163,[0.0, 0.0, 0.0, 0.0]
12:59:39.165,[0.0, 0.0, 0.0, 0.0]
12:59:39.170,[0.0, 0.0, 0.0, 0.0]
12:59:39.173,[0.0, 0.0, 0.0, 0.0]
12:59:39.174,[0.0, 0.0, 0.0, 0.0]
12:59:39.177,[0.0, 0.0, 0.0, 0.0]
12:59:39.180,[0.0, 0.0, 0.0, 0.0]
12:59:39.183,[0.0, 0.0, 0.0, 0.0]
12:59:39.187,[0.0, 0.0, 0.0, 0.0]
12:59:39.190,[0.0, 0.0, 0.0, 0.0]
12:59:39.196,[0.0, 0.0, 0.0, 0.0]
12:59:39.198,[0.0, 0.0, 0.0, 0.0]
12:59:39.200,[0.0, 0.0, 0.0, 0.0]
12:59:39.203,[0.0, 0.0, 0.0, 0.0]
12:59:39.206,[0.0, 0.0, 0.0, 0.0]
12:59:39.210,[0.0, 0.0, 0.0, 0.0]
12:59:39.213,[0.0, 0.0, 0.0, 0.0]
12:59:39.216,[0.0, 0.0, 0.0, 0.0]
12:59:39.217,[0.0, 0.0, 0.0, 0.0]
12:59:39.220,[0.0, 0.0, 0.0, 0.0]
12:59:39.221,[0.0, 0.0, 0.0, 0.0]
12:59:39.224,[0.0, 0.0, 0.0, 0.0]
12:59:39.227,[0.0, 0.0, 0.0, 0.0]
12:59:39.230,[0.0, 0.0, 0.0, 0.0]
12:59:39.233,[0.0, 0.0, 0.0, 0.0]
12:59:39.239,[0.0, 0.0, 0.0, 0.0]
12:59:39.242,[0.0, 0.0, 0.0, 0.0]
12:59:39.246,[0.0, 0.0, 0.0, 0.0]
12:59:39.249,[0.0, 0.0, 0.0, 0.0]
12:59:39.252,[0.0, 0.0, 0.0, 0.0]
12:59:39.256,[0.0, 0.0, 0.0, 0.0]
12:59:39.259,[0.0, 0.0, 0.0, 0.0]
12:59:39.262,[0.0, 0.0, 0.0, 0.0]
12:59:39.263,[0.0, 0.0, 0.0, 0.0]
12:59:39.266,[0.0, 0.0, 0.0, 0.0]
12:59:39.267,[0.0, 0.0, 0.0, 0.0]
12:59:39.269,[0.0, 0.0, 0.0, 0.0]
12:59:39.270,[0.0, 0.0, 0.0, 0.0]
12:59:39.273,[0.0, 0.0, 0.0, 0.0]
12:59:39.273,[0.0, 0.0, 0.0, 0.0]
12:59:39.278,[0.0, 0.0, 0.0, 0.0]
12:59:39.280,[0.0, 0.0, 0.0, 0.0]
12:59:39.285,[0.0, 0.0, 0.0, 0.0]
12:59:39.286,[0.0, 0.0, 0.0, 0.0]
12:59:39.289,[0.0, 0.0, 0.0, 0.0]
12:59:39.292,[0.0, 0.0, 0.0, 0.0]
12:59:39.296,[0.0, 0.0, 0.0, 0.0]
12:59:39.299,[0.0, 0.0, 0.0, 0.0]
12:59:39.302,[0.0, 0.0, 0.0, 0.0]
12:59:39.303,[0.0, 0.0, 0.0, 0.0]
12:59:39.305,[0.0, 0.0, 0.0, 0.0]
12:59:39.308,[0.0, 0.0, 0.0, 0.0]
12:59:39.309,[0.0, 0.0, 0.0, 0.0]
12:59:39.312,[0.0, 0.0, 0.0, 0.0]
12:59:39.318,[0.0, 0.0, 0.0, 0.0]
12:59:39.322,[0.0, 0.0, 0.0, 0.0]
12:59:39.325,[0.0, 0.0, 0.0, 0.0]
12:59:39.329,[0.0, 0.0, 0.0, 0.0]
12:59:39.332,[0.0, 0.0, 0.0, 0.0]
12:59:39.335,[0.0, 0.0, 0.0, 0.0]
12:59:39.339,[0.0, 0.0, 0.0, 0.0]
12:59:39.342,[0.0, 0.0, 0.0, 0.0]
12:59:39.345,[0.0, 0.0, 0.0, 0.0]
12:59:39.348,[0.0, 0.0, 0.0, 0.0]
12:59:39.349,[0.0, 0.0, 0.0, 0.0]
12:59:39.351,[0.0, 0.0, 0.0, 0.0]
12:59:39.355,[0.0, 0.0, 0.0, 0.0]
12:59:39.357,[0.0, 0.0, 0.0, 0.0]
12:59:39.358,[0.0, 0.0, 0.0, 0.0]
12:59:39.359,[0.0, 0.0, 0.0, 0.0]
12:59:39.361,[0.0, 0.0, 0.0, 0.0]
12:59:39.364,[0.0, 0.0, 0.0, 0.0]
12:59:39.367,[0.0, 0.0, 0.0, 0.0]
12:59:39.368,[0.0, 0.0, 0.0, 0.0]
12:59:39.369,[0.0, 0.0, 0.0, 0.0]
12:59:39.371,[0.0, 0.0, 0.0, 0.0]
12:59:39.372,[0.0, 0.0, 0.0, 0.0]
12:59:39.375,[0.0, 0.0, 0.0, 0.0]
12:59:39.377,[0.0, 0.0, 0.0, 0.0]
12:59:39.378,[0.0, 0.0, 0.0, 0.0]
12:59:39.380,[0.0, 0.0, 0.0, 0.0]
12:59:39.382,[0.0, 0.0, 0.0, 0.0]
12:59:39.384,[0.0, 0.0, 0.0, 0.0]
12:59:39.387,[0.0, 0.0, 0.0, 0.0]
12:59:39.390,[0.0, 0.0, 0.0, 0.0]
12:59:39.391,[0.0, 0.0, 0.0, 0.0]
12:59:39.394,[0.0, 0.0, 0.0, 0.0]
12:59:39.398,[0.0, 0.0, 0.0, 0.0]
12:59:39.403,[0.0, 0.0, 0.0, 0.0]
12:59:39.407,[0.0, 0.0, 0.0, 0.0]
12:59:39.408,[0.0, 0.0, 0.0, 0.0]
12:59:39.411,[0.0, 0.0, 0.0, 0.0]
12:59:39.413,[0.0, 0.0, 0.0, 0.0]
12:59:39.414,[0.0, 0.0, 0.0, 0.0]
12:59:39.417,[0.0, 0.0, 0.0, 0.0]
12:59:39.418,[0.0, 0.0, 0.0, 0.0]
12:59:39.421,[0.0, 0.0, 0.0, 0.0]
12:59:39.424,[0.0, 0.0, 0.0, 0.0]
12:59:39.426,[0.0, 0.0, 0.0, 0.0]
12:59:39.427,[0.0, 0.0, 0.0, 0.0]
12:59:39.428,[0.0, 0.0, 0.0, 0.0]
12:59:39.430,[0.0, 0.0, 0.0, 0.0]
12:59:39.433,[0.0, 0.0, 0.0, 0.0]
12:59:39.434,[0.0, 0.0, 0.0, 0.0]
12:59:39.436,[0.0, 0.0, 0.0, 0.0]
12:59:39.437,[0.0, 0.0, 0.0, 0.0]
12:59:39.440,[0.0, 0.0, 0.0, 0.0]
12:59:39.444,[0.0, 0.0, 0.0, 0.0]
12:59:39.447,[0.0, 0.0, 0.0, 0.0]
12:59:39.450,[0.0, 0.0, 0.0, 0.0]
12:59:39.456,[0.0, 0.0, 0.0, 0.0]
12:59:39.459,[0.0, 0.0, 0.0, 0.0]
12:59:39.461,[0.0, 0.0, 0.0, 0.0]
12:59:39.467,[0.0, 0.0, 0.0, 0.0]
12:59:39.470,[0.0, 0.0, 0.0, 0.0]
12:59:39.471,[0.0, 0.0, 0.0, 0.0]
12:59:39.474,[0.0, 0.0, 0.0, 0.0]
12:59:39.476,[0.0, 0.0, 0.0, 0.0]
12:59:39.479,[0.0, 0.0, 0.0, 0.0]
12:59:39.482,[0.0, 0.0, 0.0, 0.0]
12:59:39.483,[0.0, 0.0, 0.0, 0.0]
12:59:39.486,[0.0, 0.0, 0.0, 0.0]
12:59:39.487,[0.0, 0.0, 0.0, 0.0]
12:59:39.490,[0.0, 0.0, 0.0, 0.0]
12:59:39.490,[0.0, 0.0, 0.0, 0.0]
12:59:39.493,[0.0, 0.0, 0.0, 0.0]
12:59:39.493,[0.0, 0.0, 0.0, 0.0]
12:59:39.496,[0.0, 0.0, 0.0, 0.0]
12:59:39.497,[0.0, 0.0, 0.0, 0.0]
12:59:39.500,[0.0, 0.0, 0.0, 0.0]
12:59:39.503,[0.0, 0.0, 0.0, 0.0]
12:59:39.505,[0.0, 0.0, 0.0, 0.0]
12:59:39.506,[0.0, 0.0, 0.0, 0.0]
12:59:39.507,[0.0, 0.0, 0.0, 0.0]
12:59:39.509,[0.0, 0.0, 0.0, 0.0]
12:59:39.510,[0.0, 0.0, 0.0, 0.0]
12:59:39.513,[0.0, 0.0, 0.0, 0.0]
12:59:39.515,[0.0, 0.0, 0.0, 0.0]
12:59:39.517,[0.0, 0.0, 0.0, 0.0]
12:59:39.522,[0.0, 0.0, 0.0, 0.0]
12:59:39.526,[0.0, 0.0, 0.0, 0.0]
12:59:39.529,[0.0, 0.0, 0.0, 0.0]
12:59:39.532,[0.0, 0.0, 0.0, 0.0]
12:59:39.535,[0.0, 0.0, 0.0, 0.0]
12:59:39.536,[0.0, 0.0, 0.0, 0.0]
12:59:39.538,[0.0, 0.0, 0.0, 0.0]
12:59:39.539,[0.0, 0.0, 0.0, 0.0]
12:59:39.542,[0.0, 0.0, 0.0, 0.0]
12:59:39.545,[0.0, 0.0, 0.0, 0.0]
12:59:39.546,[0.0, 0.0, 0.0, 0.0]
12:59:39.549,[0.0, 0.0, 0.0, 0.0]
12:59:39.549,[0.0, 0.0, 0.0, 0.0]
12:59:39.552,[0.0, 0.0, 0.0, 0.0]
12:59:39.553,[0.0, 0.0, 0.0, 0.0]
12:59:39.558,[0.0, 0.0, 0.0, 0.0]
12:59:39.561,[0.0, 0.0, 0.0, 0.0]
12:59:39.565,[0.0, 0.0, 0.0, 0.0]
12:59:39.568,[0.0, 0.0, 0.0, 0.0]
12:59:39.571,[0.0, 0.0, 0.0, 0.0]
12:59:39.572,[0.0, 0.0, 0.0, 0.0]
12:59:39.575,[0.0, 0.0, 0.0, 0.0]
12:59:39.578,[0.0, 0.0, 0.0, 0.0]
12:59:39.582,[0.0, 0.0, 0.0, 0.0]
12:59:39.585,[0.0, 0.0, 0.0, 0.0]
12:59:39.588,[0.0, 0.0, 0.0, 0.0]
12:59:39.591,[0.0, 0.0, 0.0, 0.0]
12:59:39.594,[0.0, 0.0, 0.0, 0.0]
12:59:39.598,[0.0, 0.0, 0.0, 0.0]
12:59:39.601,[0.0, 0.0, 0.0, 0.0]
12:59:39.605,[0.0, 0.0, 0.0, 0.0]
12:59:39.607,[0.0, 0.0, 0.0, 0.0]
12:59:39.608,[0.0, 0.0, 0.0, 0.0]
12:59:39.611,[0.0, 0.0, 0.0, 0.0]
12:59:39.614,[0.0, 0.0, 0.0, 0.0]
12:59:39.617,[0.0, 0.0, 0.0, 0.0]
12:59:39.621,[0.0, 0.0, 0.0, 0.0]
12:59:39.625,[0.0, 0.0, 0.0, 0.0]
12:59:39.628,[0.0, 0.0, 0.0, 0.0]
12:59:39.631,[0.0, 0.0, 0.0, 0.0]
12:59:39.632,[0.0, 0.0, 0.0, 0.0]
12:59:39.634,[0.0, 0.0, 0.0, 0.0]
12:59:39.634,[0.0, 0.0, 0.0, 0.0]
12:59:39.637,[0.0, 0.0, 0.0, 0.0]
12:59:39.638,[0.0, 0.0, 0.0, 0.0]
12:59:39.640,[0.0, 0.0, 0.0, 0.0]
12:59:39.641,[0.0, 0.0, 0.0, 0.0]
12:59:39.644,[0.0, 0.0, 0.0, 0.0]
12:59:39.648,[0.0, 0.0, 0.0, 0.0]
12:59:39.653,[0.0, 0.0, 0.0, 0.0]
12:59:39.654,[0.0, 0.0, 0.0, 0.0]
12:59:39.657,[0.0, 0.0, 0.0, 0.0]
12:59:39.661,[0.0, 0.0, 0.0, 0.0]
12:59:39.665,[0.0, 0.0, 0.0, 0.0]
12:59:39.668,[0.0, 0.0, 0.0, 0.0]
12:59:39.671,[0.0, 0.0, 0.0, 0.0]
12:59:39.673,[0.0, 0.0, 0.0, 0.0]
12:59:39.674,[0.0, 0.0, 0.0, 0.0]
12:59:39.677,[0.0, 0.0, 0.0, 0.0]
12:59:39.678,[0.0, 0.0, 0.0, 0.0]
12:59:39.681,[0.0, 0.0, 0.0, 0.0]
12:59:39.684,[0.0, 0.0, 0.0, 0.0]
12:59:39.687,[0.0, 0.0, 0.0, 0.0]
12:59:39.688,[0.0, 0.0, 0.0, 0.0]
12:59:39.690,[0.0, 0.0, 0.0, 0.0]
12:59:39.691,[0.0, 0.0, 0.0, 0.0]
12:59:39.694,[0.0, 0.0, 0.0, 0.0]
12:59:39.694,[0.0, 0.0, 0.0, 0.0]
12:59:39.697,[0.0, 0.0, 0.0, 0.0]
12:59:39.698,[0.0, 0.0, 0.0, 0.0]
12:59:39.701,[0.0, 0.0, 0.0, 0.0]
12:59:39.704,[0.0, 0.0, 0.0, 0.0]
12:59:39.707,[0.0, 0.0, 0.0, 0.0]
12:59:39.709,[0.0, 0.0, 0.0, 0.0]
12:59:39.710,[0.0, 0.0, 0.0, 0.0]
12:59:39.713,[0.0, 0.0, 0.0, 0.0]
12:59:39.713,[0.0, 0.0, 0.0, 0.0]
12:59:39.716,[0.0, 0.0, 0.0, 0.0]
12:59:39.717,[0.0, 0.0, 0.0, 0.0]
12:59:39.720,[0.0, 0.0, 0.0, 0.0]
12:59:39.723,[0.0, 0.0, 0.0, 0.0]
12:59:39.724,[0.0, 0.0, 0.0, 0.0]
12:59:39.726,[0.0, 0.0, 0.0, 0.0]
12:59:39.729,[0.0, 0.0, 0.0, 0.0]
12:59:39.730,[0.0, 0.0, 0.0, 0.0]
12:59:39.732,[0.0, 0.0, 0.0, 0.0]
12:59:39.733,[0.0, 0.0, 0.0, 0.0]
12:59:39.736,[0.0, 0.0, 0.0, 0.0]
12:59:39.736,[0.0, 0.0, 0.0, 0.0]
12:59:39.740,[0.0, 0.0, 0.0, 0.0]
12:59:39.743,[0.0, 0.0, 0.0, 0.0]
12:59:39.744,[0.0, 0.0, 0.0, 0.0]
12:59:39.746,[0.0, 0.0, 0.0, 0.0]
12:59:39.747,[0.0, 0.0, 0.0, 0.0]
12:59:39.750,[0.0, 0.0, 0.0, 0.0]
12:59:39.750,[0.0, 0.0, 0.0, 0.0]
12:59:39.753,[0.0, 0.0, 0.0, 0.0]
12:59:39.753,[0.0, 0.0, 0.0, 0.0]
12:59:39.756,[0.0, 0.0, 0.0, 0.0]
12:59:39.760,[0.0, 0.0, 0.0, 0.0]
12:59:39.765,[0.0, 0.0, 0.0, 0.0]
12:59:39.767,[0.0, 0.0, 0.0, 0.0]
12:59:39.770,[0.0, 0.0, 0.0, 0.0]
12:59:39.773,[0.0, 0.0, 0.0, 0.0]
12:59:39.778,[0.0, 0.0, 0.0, 0.0]
12:59:39.779,[0.0, 0.0, 0.0, 0.0]
12:59:39.782,[0.0, 0.0, 0.0, 0.0]
12:59:39.783,[0.0, 0.0, 0.0, 0.0]
12:59:39.786,[0.0, 0.0, 0.0, 0.0]
12:59:39.789,[0.0, 0.0, 0.0, 0.0]
12:59:39.790,[0.0, 0.0, 0.0, 0.0]
12:59:39.792,[0.0, 0.0, 0.0, 0.0]
12:59:39.793,[0.0, 0.0, 0.0, 0.0]
12:59:39.796,[0.0, 0.0, 0.0, 0.0]
12:59:39.798,[0.0, 0.0, 0.0, 0.0]
12:59:39.801,[0.0, 0.0, 0.0, 0.0]
12:59:39.802,[0.0, 0.0, 0.0, 0.0]
12:59:39.803,[0.0, 0.0, 0.0, 0.0]
12:59:39.805,[0.0, 0.0, 0.0, 0.0]
12:59:39.806,[0.0, 0.0, 0.0, 0.0]
12:59:39.809,[0.0, 0.0, 0.0, 0.0]
12:59:39.812,[0.0, 0.0, 0.0, 0.0]
12:59:39.813,[0.0, 0.0, 0.0, 0.0]
12:59:39.815,[0.0, 0.0, 0.0, 0.0]
12:59:39.818,[0.0, 0.0, 0.0, 0.0]
12:59:39.821,[0.0, 0.0, 0.0, 0.0]
12:59:39.822,[0.0, 0.0, 0.0, 0.0]
12:59:39.825,[0.0, 0.0, 0.0, 0.0]
12:59:39.829,[0.0, 0.0, 0.0, 0.0]
12:59:39.834,[0.0, 0.0, 0.0, 0.0]
12:59:39.836,[0.0, 0.0, 0.0, 0.0]
12:59:39.839,[0.0, 0.0, 0.0, 0.0]
12:59:39.844,[0.0, 0.0, 0.0, 0.0]
12:59:39.845,[0.0, 0.0, 0.0, 0.0]
12:59:39.848,[0.0, 0.0, 0.0, 0.0]
12:59:39.849,[0.0, 0.0, 0.0, 0.0]
12:59:39.851,[0.0, 0.0, 0.0, 0.0]
12:59:39.854,[0.0, 0.0, 0.0, 0.0]
12:59:39.857,[0.0, 0.0, 0.0, 0.0]
12:59:39.861,[0.0, 0.0, 0.0, 0.0]
12:59:39.865,[0.0, 0.0, 0.0, 0.0]
12:59:39.868,[0.0, 0.0, 0.0, 0.0]
12:59:39.871,[0.0, 0.0, 0.0, 0.0]
12:59:39.874,[0.0, 0.0, 0.0, 0.0]
12:59:39.875,[0.0, 0.0, 0.0, 0.0]
12:59:39.878,[0.0, 0.0, 0.0, 0.0]
12:59:39.881,[0.0, 0.0, 0.0, 0.0]
12:59:39.882,[0.0, 0.0, 0.0, 0.0]
12:59:39.884,[0.0, 0.0, 0.0, 0.0]
12:59:39.887,[0.0, 0.0, 0.0, 0.0]
12:59:39.888,[0.0, 0.0, 0.0, 0.0]
12:59:39.890,[0.0, 0.0, 0.0, 0.0]
12:59:39.892,[0.0, 0.0, 0.0, 0.0]
12:59:39.895,[0.0, 0.0, 0.0, 0.0]
12:59:39.898,[0.0, 0.0, 0.0, 0.0]
12:59:39.900,[0.0, 0.0, 0.0, 0.0]
12:59:39.901,[0.0, 0.0, 0.0, 0.0]
12:59:39.904,[0.0, 0.0, 0.0, 0.0]
12:59:39.905,[0.0, 0.0, 0.0, 0.0]
12:59:39.907,[0.0, 0.0, 0.0, 0.0]
12:59:39.911,[0.0, 0.0, 0.0, 0.0]
12:59:39.914,[0.0, 0.0, 0.0, 0.0]
12:59:39.917,[0.0, 0.0, 0.0, 0.0]
12:59:39.920,[0.0, 0.0, 0.0, 0.0]
12:59:39.924,[0.0, 0.0, 0.0, 0.0]
12:59:39.927,[0.0, 0.0, 0.0, 0.0]
12:59:39.933,[0.0, 0.0, 0.0, 0.0]
12:59:39.936,[0.0, 0.0, 0.0, 0.0]
12:59:39.937,[0.0, 0.0, 0.0, 0.0]
12:59:39.940,[0.0, 0.0, 0.0, 0.0]
12:59:39.943,[0.0, 0.0, 0.0, 0.0]
12:59:39.944,[0.0, 0.0, 0.0, 0.0]
12:59:39.947,[0.0, 0.0, 0.0, 0.0]
12:59:39.948,[0.0, 0.0, 0.0, 0.0]
12:59:39.951,[0.0, 0.0, 0.0, 0.0]
12:59:39.953,[0.0, 0.0, 0.0, 0.0]
12:59:39.956,[0.0, 0.0, 0.0, 0.0]
12:59:39.959,[0.0, 0.0, 0.0, 0.0]
12:59:39.961,[0.0, 0.0, 0.0, 0.0]
12:59:39.966,[0.0, 0.0, 0.0, 0.0]
12:59:39.969,[0.0, 0.0, 0.0, 0.0]
12:59:39.971,[0.0, 0.0, 0.0, 0.0]
12:59:39.973,[0.0, 0.0, 0.0, 0.0]
12:59:39.976,[0.0, 0.0, 0.0, 0.0]
12:59:39.980,[0.0, 0.0, 0.0, 0.0]
12:59:39.983,[0.0, 0.0, 0.0, 0.0]
12:59:39.986,[0.0, 0.0, 0.0, 0.0]
12:59:39.989,[0.0, 0.0, 0.0, 0.0]
12:59:39.990,[0.0, 0.0, 0.0, 0.0]
12:59:39.993,[0.0, 0.0, 0.0, 0.0]
12:59:39.993,[0.0, 0.0, 0.0, 0.0]
12:59:39.996,[0.0, 0.0, 0.0, 0.0]
12:59:40.000,[0.0, 0.0, 0.0, 0.0]
12:59:40.005,[0.0, 0.0, 0.0, 0.0]
12:59:40.007,[0.0, 0.0, 0.0, 0.0]
12:59:40.010,[0.0, 0.0, 0.0, 0.0]
12:59:40.013,[0.0, 0.0, 0.0, 0.0]
12:59:40.016,[0.0, 0.0, 0.0, 0.0]
12:59:40.020,[0.0, 0.0, 0.0, 0.0]
12:59:40.025,[0.0, 0.0, 0.0, 0.0]
12:59:40.028,[0.0, 0.0, 0.0, 0.0]
12:59:40.030,[0.0, 0.0, 0.0, 0.0]
12:59:40.033,[0.0, 0.0, 0.0, 0.0]
12:59:40.035,[0.0, 0.0, 0.0, 0.0]
12:59:40.036,[0.0, 0.0, 0.0, 0.0]
